
 Running default procedure: HF-SCF000
1PROGRAM * ALASKA (Gradient of the energy)     Author: R. Lindh

 Orbitals from record         2100.2

 Number of closed-shell orbitals:  1 (  1  0  0  0  0  0  0 )
 Number of occupied orbitals:      1 (  1  0  0  0  0  0  0 )

 Number of electrons=  2     Singlet     Space symmetry=1      Wavefunction type: CLOSED          


 SCF GRADIENT FOR STATE 1.1

 Atom          dE/dx               dE/dy               dE/dz

   1         0.000000000         0.000000000         0.006247152
   2         0.000000000         0.000000000        -0.006247152

 Nuclear force contribution to virial =        -0.008736001
 Reading points  1 to  1 from record 700.2,  wavefunction type=HF-SCF000       

 Making model hessian for Z-matrix coordinates
 No hessian update for point  1

 Quadratic Steepest Descent - Minimum Search

 Optimization point 1

 Variable                      Last           Current        Next           Gradient       Hessian

 E(HF-SCF000) / Hartree      0.00000000    -1.12877828     0.00000000
 D / ANG                     0.00000000     0.74000000     0.74839148    -0.01180541     1.40683292
 Convergence:                0.00000000  (line search)     0.01585759     0.00624715  (total)

 Geometry written to block  2 of record 700


 Recomputing integrals since geometry changed

1PROGRAM * SEWARD (Integral evaluation for generally contracted gaussian basis sets)     Author: Roland Lindh, 1990

 Geometry written to block  2 of record 700

 Orientation using atomic masses  
 Molecule type: Linear
 Symmetry elements: X,Y,Z
 Rotational constants:    1790.4196471   1790.4196471      0.0000000 GHz  (calculated with average atomic masses)

 Point group  D2h 



 ATOMIC COORDINATES

 NR  ATOM    CHARGE       X              Y              Z

   1  H1      1.00    0.000000000    0.000000000   -0.707127466
   2  H2      1.00    0.000000000    0.000000000    0.707127466

 Bond lengths in Bohr (Angstrom)

 1-2  1.414254931
     ( 0.748391477)

 NUCLEAR CHARGE:                    2
 NUMBER OF PRIMITIVE AOS:          22
 NUMBER OF SYMMETRY AOS:           22
 NUMBER OF CONTRACTIONS:           18   (   5Ag  +   2B3u +   2B2u +   0B1g +   5B1u +   2B2g +   2B3g +   0Au  )
 NUMBER OF CORE ORBITALS:           0   (   0Ag  +   0B3u +   0B2u +   0B1g +   0B1u +   0B2g +   0B3g +   0Au  )
 NUMBER OF VALENCE ORBITALS:        2   (   1Ag  +   0B3u +   0B2u +   0B1g +   1B1u +   0B2g +   0B3g +   0Au  )


 NUCLEAR REPULSION ENERGY    0.70708610


 Eigenvalues of metric

         1 0.782E-01 0.170E+00 0.799E+00 0.141E+01 0.474E+01
         2 0.818E+00 0.253E+01
         3 0.818E+00 0.253E+01
         5 0.290E-03 0.194E-01 0.202E-01 0.458E+00 0.230E+01
         6 0.108E+00 0.540E+00
         7 0.108E+00 0.540E+00


 Contracted 2-electron integrals neglected if value below      1.0D-11
 AO integral compression algorithm  1   Integral accuracy      1.0D-11

     0.262 MB (compressed) written to integral file (100.0%)


 NUMBER OF SORTED TWO-ELECTRON INTEGRALS:       2829.     BUFFER LENGTH:  32768
 NUMBER OF SEGMENTS:   1  SEGMENT LENGTH:       2829      RECORD LENGTH: 524288

 Memory used in sort:       0.56 MW

 SORT1 READ        8184. AND WROTE        2829. INTEGRALS IN      1 RECORDS. CPU TIME:     0.00 SEC, REAL TIME:     0.01 SEC
 SORT2 READ        2829. AND WROTE        2829. INTEGRALS IN      1 RECORDS. CPU TIME:     0.03 SEC, REAL TIME:     0.03 SEC

 FILE SIZES:   FILE 1:     2.8 MBYTE,  FILE 4:     4.2 MBYTE,   TOTAL:      7.0 MBYTE

 OPERATOR DM      FOR CENTER  0  COORDINATES:    0.000000    0.000000    0.000000
1PROGRAM * RHF-SCF (CLOSED SHELL)       Authors: W. Meyer, H.-J. Werner


 NUMBER OF ELECTRONS:       1+    1-
 CONVERGENCE THRESHOLDS:    1.00E-06 (Density)    1.00E-08 (Energy)
 MAX. NUMBER OF ITERATIONS:       60
 INTERPOLATION TYPE:            DIIS
 INTERPOLATION STEPS:              2 (START)      1 (STEP)
 LEVEL SHIFTS:                  0.00 (CLOSED)  0.00 (OPEN) 

 Number of closed-shell orbitals:    1 (   1   0   0   0   0   0   0 )


 Molecular orbitals read from record     2100.2  Type=RHF/CANONICAL (state 1.1)

 Molecular orbital dump at record        2100.2

 ITERATION    DDIFF          GRAD             ENERGY        2-EL.EN.            DIPOLE MOMENTS         DIIS
    1      0.000D+00      0.000D+00        -1.12881534      1.313817    0.00000    0.00000    0.00000    0
    2      0.000D+00      0.716D-03        -1.12882550      1.311325    0.00000    0.00000    0.00000    1
    3      0.247D-02      0.123D-03        -1.12882584      1.310808    0.00000    0.00000    0.00000    2
    4      0.535D-03      0.770D-05        -1.12882584      1.310795    0.00000    0.00000    0.00000    3
    5      0.188D-04      0.366D-06        -1.12882584      1.310794    0.00000    0.00000    0.00000    4
    6      0.116D-05      0.187D-08        -1.12882584      1.310794    0.00000    0.00000    0.00000    4
    7      0.750D-08      0.443D-09        -1.12882584      1.310794    0.00000    0.00000    0.00000    0

 Final occupancy:   1   0   0   0   0   0   0

 !RHF STATE 1.1 Energy                 -1.128825837400
 Nuclear energy                         0.70708610
 One-electron energy                   -2.49130914
 Two-electron energy                    0.65539720
 Virial quotient                       -1.03645234
 !RHF STATE 1.1 Dipole moment           0.00000000     0.00000000     0.00000000
 Dipole moment /Debye                   0.00000000     0.00000000     0.00000000

 Orbital energies:

         1.1          2.1          3.1
     -0.590257     0.067087     0.416533

         1.2          2.2
      0.284743     1.604271

         1.3          2.3
      0.284743     1.604271

         1.5          2.5
      0.061386     0.231046

         1.6          2.6
      0.458229     2.238522

         1.7          2.7
      0.458229     2.238522


 **********************************************************************************************************************************
 DATASETS  * FILE   NREC   LENGTH (MB)   RECORD NAMES
              1      19        2.57       500      610      700      900      950      970     1000      129      960     1100   
                                          VAR    BASINP    GEOM    SYMINP    ZMAT    AOBASIS   BASIS     P2S    ABASIS      S 
                                         1400     1410     1200     1210     1080     1600     1650     1300     1700   
                                           T        V       H0       H01     AOSYM     SMH    MOLCAS    ERIS     OPER   

              2       3        0.26       700     1000     2100   
                                         GEOM     BASIS     RHF  

 PROGRAMS   *        TOTAL        HF        HF       INT
 CPU TIMES  *         1.78      0.10      0.01      0.10
 REAL TIME  *         2.21 SEC
 DISK USED  *         7.52 MB      
 **********************************************************************************************************************************

 PROGRESS OF GEOMETRY OPTIMIZATION.    TOTAL CPU:         1.2 SEC

 ITER.   ENERGY(OLD)    ENERGY(NEW)      DE          GRADMAX     GRADNORM    GRADRMS     STEPMAX     STEPLEN     STEPRMS
   1    -1.12877828    -1.12882584    -0.00004756  0.00624715  0.00624715  0.00624715  0.01585759  0.01585759  0.01585759

 **********************************************************************************************************************************

 Current geometry (xyz format, in Angstrom)

    2
 HF-SCF000/AUG-CC-PVDZ  ENERGY=-1.12882584
 H          0.0000000000        0.0000000000       -0.3741957387
 H          0.0000000000        0.0000000000        0.3741957387

 **********************************************************************************************************************************
1PROGRAM * ALASKA (Gradient of the energy)     Author: R. Lindh

 Orbitals from record         2100.2

 Number of closed-shell orbitals:  1 (  1  0  0  0  0  0  0 )
 Number of occupied orbitals:      1 (  1  0  0  0  0  0  0 )

 Number of electrons=  2     Singlet     Space symmetry=1      Wavefunction type: CLOSED          


 SCF GRADIENT FOR STATE 1.1

 Atom          dE/dx               dE/dy               dE/dz

   1         0.000000000         0.000000000        -0.000192704
   2         0.000000000         0.000000000         0.000192704

 Nuclear force contribution to virial =         0.000272533
 Reading points  1 to  2 from record 700.2,  wavefunction type=HF-SCF000       

 Making model hessian for Z-matrix coordinates
 BFGS update of hessian using  1 points

 Quadratic Steepest Descent - Minimum Search

 Optimization point 2

 Variable                      Last           Current        Next           Gradient       Hessian

 E(HF-SCF000) / Hartree     -1.12877828    -1.12882584     0.00000000
 D / ANG                     0.74000000     0.74839148     0.74814037     0.00036416     1.45022909
 Convergence:                0.00000000  (line search)     0.00047452     0.00019270  (total)

 Geometry written to block  3 of record 700


 Recomputing integrals since geometry changed

1PROGRAM * SEWARD (Integral evaluation for generally contracted gaussian basis sets)     Author: Roland Lindh, 1990

 Geometry written to block  3 of record 700

 Orientation using atomic masses  
 Molecule type: Linear
 Symmetry elements: X,Y,Z
 Rotational constants:    1791.6217119   1791.6217119      0.0000000 GHz  (calculated with average atomic masses)

 Point group  D2h 



 ATOMIC COORDINATES

 NR  ATOM    CHARGE       X              Y              Z

   1  H1      1.00    0.000000000    0.000000000   -0.706890207
   2  H2      1.00    0.000000000    0.000000000    0.706890207

 Bond lengths in Bohr (Angstrom)

 1-2  1.413780414
     ( 0.748140374)

 NUCLEAR CHARGE:                    2
 NUMBER OF PRIMITIVE AOS:          22
 NUMBER OF SYMMETRY AOS:           22
 NUMBER OF CONTRACTIONS:           18   (   5Ag  +   2B3u +   2B2u +   0B1g +   5B1u +   2B2g +   2B3g +   0Au  )
 NUMBER OF CORE ORBITALS:           0   (   0Ag  +   0B3u +   0B2u +   0B1g +   0B1u +   0B2g +   0B3g +   0Au  )
 NUMBER OF VALENCE ORBITALS:        2   (   1Ag  +   0B3u +   0B2u +   0B1g +   1B1u +   0B2g +   0B3g +   0Au  )


 NUCLEAR REPULSION ENERGY    0.70732342


 Eigenvalues of metric

         1 0.782E-01 0.169E+00 0.799E+00 0.141E+01 0.474E+01
         2 0.818E+00 0.253E+01
         3 0.818E+00 0.253E+01
         5 0.290E-03 0.194E-01 0.202E-01 0.458E+00 0.230E+01
         6 0.108E+00 0.540E+00
         7 0.108E+00 0.540E+00


 Contracted 2-electron integrals neglected if value below      1.0D-11
 AO integral compression algorithm  1   Integral accuracy      1.0D-11

     0.262 MB (compressed) written to integral file (100.0%)


 NUMBER OF SORTED TWO-ELECTRON INTEGRALS:       2829.     BUFFER LENGTH:  32768
 NUMBER OF SEGMENTS:   1  SEGMENT LENGTH:       2829      RECORD LENGTH: 524288

 Memory used in sort:       0.56 MW

 SORT1 READ        8184. AND WROTE        2829. INTEGRALS IN      1 RECORDS. CPU TIME:     0.00 SEC, REAL TIME:     0.00 SEC
 SORT2 READ        2829. AND WROTE        2829. INTEGRALS IN      1 RECORDS. CPU TIME:     0.02 SEC, REAL TIME:     0.02 SEC

 FILE SIZES:   FILE 1:     2.8 MBYTE,  FILE 4:     4.2 MBYTE,   TOTAL:      7.0 MBYTE

 OPERATOR DM      FOR CENTER  0  COORDINATES:    0.000000    0.000000    0.000000
1PROGRAM * RHF-SCF (CLOSED SHELL)       Authors: W. Meyer, H.-J. Werner


 NUMBER OF ELECTRONS:       1+    1-
 CONVERGENCE THRESHOLDS:    1.00E-07 (Density)    1.00E-08 (Energy)
 MAX. NUMBER OF ITERATIONS:       60
 INTERPOLATION TYPE:            DIIS
 INTERPOLATION STEPS:              2 (START)      1 (STEP)
 LEVEL SHIFTS:                  0.00 (CLOSED)  0.00 (OPEN) 

 Number of closed-shell orbitals:    1 (   1   0   0   0   0   0   0 )


 Molecular orbitals read from record     2100.2  Type=RHF/CANONICAL (state 1.1)

 Molecular orbital dump at record        2100.2

 ITERATION    DDIFF          GRAD             ENERGY        2-EL.EN.            DIPOLE MOMENTS         DIIS
    1      0.000D+00      0.000D+00        -1.12882587      1.310877    0.00000    0.00000    0.00000    0
    2      0.000D+00      0.213D-04        -1.12882588      1.310952    0.00000    0.00000    0.00000    1
    3      0.734D-04      0.365D-05        -1.12882588      1.310967    0.00000    0.00000    0.00000    2
    4      0.159D-04      0.229D-06        -1.12882588      1.310968    0.00000    0.00000    0.00000    3
    5      0.560D-06      0.109D-07        -1.12882588      1.310968    0.00000    0.00000    0.00000    4
    6      0.346D-07      0.545D-10        -1.12882588      1.310968    0.00000    0.00000    0.00000    0

 Final occupancy:   1   0   0   0   0   0   0

 !RHF STATE 1.1 Energy                 -1.128825884276
 Nuclear energy                         0.70732342
 One-electron energy                   -2.49163308
 Two-electron energy                    0.65548377
 Virial quotient                       -1.03623707
 !RHF STATE 1.1 Dipole moment           0.00000000     0.00000000     0.00000000
 Dipole moment /Debye                   0.00000000     0.00000000     0.00000000

 Orbital energies:

         1.1          2.1          3.1
     -0.590333     0.067083     0.416535

         1.2          2.2
      0.284755     1.604279

         1.3          2.3
      0.284755     1.604279

         1.5          2.5
      0.061389     0.231062

         1.6          2.6
      0.458244     2.238683

         1.7          2.7
      0.458244     2.238683


 **********************************************************************************************************************************
 DATASETS  * FILE   NREC   LENGTH (MB)   RECORD NAMES
              1      19        2.57       500      610      700      900      950      970     1000      129      960     1100   
                                          VAR    BASINP    GEOM    SYMINP    ZMAT    AOBASIS   BASIS     P2S    ABASIS      S 
                                         1400     1410     1200     1210     1080     1600     1650     1300     1700   
                                           T        V       H0       H01     AOSYM     SMH    MOLCAS    ERIS     OPER   

              2       3        0.26       700     1000     2100   
                                         GEOM     BASIS     RHF  

 PROGRAMS   *        TOTAL        HF        HF       INT
 CPU TIMES  *         2.92      0.10      0.01      0.10
 REAL TIME  *         3.38 SEC
 DISK USED  *         7.52 MB      
 **********************************************************************************************************************************

 PROGRESS OF GEOMETRY OPTIMIZATION.    TOTAL CPU:         2.4 SEC

 ITER.   ENERGY(OLD)    ENERGY(NEW)      DE          GRADMAX     GRADNORM    GRADRMS     STEPMAX     STEPLEN     STEPRMS
   1    -1.12877828    -1.12882584    -0.00004756  0.00624715  0.00624715  0.00624715  0.01585759  0.01585759  0.01585759
   2    -1.12882584    -1.12882588    -0.00000005  0.00019270  0.00019270  0.00019270  0.00047452  0.00047452  0.00047452

 **********************************************************************************************************************************

 Current geometry (xyz format, in Angstrom)

    2
 HF-SCF000/AUG-CC-PVDZ  ENERGY=-1.12882588
 H          0.0000000000        0.0000000000       -0.3740701868
 H          0.0000000000        0.0000000000        0.3740701868

 **********************************************************************************************************************************
 Cartesian Coordinates are in [bohr]
 Creating new Variables:
 H1X1              0.00000000
 H1Y1              0.00000000
 H1Z1             -0.70689021
 H2X2              0.00000000
 H2Y2              0.00000000
 H2Z2              0.70689021
 Task   1   Incrementing variable H1X1  by   0.010 BOH (Skipping negative increment due to symmetry).
 Task   2   Incrementing variable H1Y1  by   0.010 BOH (Skipping negative increment due to symmetry).
 Task   3   Incrementing variable H1Z1  by   0.010 BOH
 Task   4   Incrementing variable H1Z1  by  -0.010 BOH
 Starting task   1.  CPU=     0.00 sec, Elapsed=     0.00 sec
 Incrementing variable H1X1             by  0.010000 BOH   to    0.010000 BOH


 Recomputing integrals since geometry and symmetry changed


 Using spherical harmonics

 Library entry H      S aug-cc-pVDZ          selected for orbital group  1
 Library entry H      P aug-cc-pVDZ          selected for orbital group  1

1PROGRAM * SEWARD (Integral evaluation for generally contracted gaussian basis sets)     Author: Roland Lindh, 1990

 Geometry written to block  1 of record 702


 Point group  C1  



 ATOMIC COORDINATES

 NR  ATOM    CHARGE       X              Y              Z

   1  H1      1.00    0.010000000    0.000000000   -0.706890207
   2  H2      1.00    0.000000000    0.000000000    0.706890207

 Bond lengths in Bohr (Angstrom)

 1-2  1.413815780
     ( 0.748159088)

 NUCLEAR CHARGE:                    2
 NUMBER OF PRIMITIVE AOS:          22
 NUMBER OF SYMMETRY AOS:           22
 NUMBER OF CONTRACTIONS:           18   (  18A   )
 NUMBER OF CORE ORBITALS:           0   (   0A   )
 NUMBER OF VALENCE ORBITALS:        2   (   2A   )

 SYMMETRY CHANGED: INITIALIZING OCCUPATION


 NUCLEAR REPULSION ENERGY    0.70730573

 EXTRA SYMMETRY OF AOS IN SYMMETRY 1:   1 1 1 1 2 1 1 2 1 1   1 1 1 2 1 1 2 1

 Eigenvalues of metric

         1 0.290E-03 0.194E-01 0.202E-01 0.782E-01 0.108E+00 0.108E+00 0.169E+00 0.458E+00


 Contracted 2-electron integrals neglected if value below      1.0D-11
 AO integral compression algorithm  1   Integral accuracy      1.0D-11

     0.262 MB (compressed) written to integral file ( 77.5%)


 NUMBER OF SORTED TWO-ELECTRON INTEGRALS:      14706.     BUFFER LENGTH:  32768
 NUMBER OF SEGMENTS:   1  SEGMENT LENGTH:      14706      RECORD LENGTH: 524288

 Memory used in sort:       0.57 MW

 SORT1 READ       26487. AND WROTE        7490. INTEGRALS IN      1 RECORDS. CPU TIME:     0.00 SEC, REAL TIME:     0.00 SEC
 SORT2 READ        7490. AND WROTE       14706. INTEGRALS IN      1 RECORDS. CPU TIME:     0.03 SEC, REAL TIME:     0.03 SEC

 FILE SIZES:   FILE 1:     3.0 MBYTE,  FILE 4:     4.2 MBYTE,   TOTAL:      7.2 MBYTE

 OPERATOR DM      FOR CENTER  0  COORDINATES:    0.000000    0.000000    0.000000
1PROGRAM * RHF-SCF (CLOSED SHELL)       Authors: W. Meyer, H.-J. Werner


 NUMBER OF ELECTRONS:       1+    1-    SPACE SYMMETRY=1    SPIN SYMMETRY: Singlet 
 CONVERGENCE THRESHOLDS:    1.00E-07 (Density)    1.00E-08 (Energy)
 MAX. NUMBER OF ITERATIONS:       60
 INTERPOLATION TYPE:            DIIS
 INTERPOLATION STEPS:              2 (START)      1 (STEP)
 LEVEL SHIFTS:                  0.00 (CLOSED)  0.00 (OPEN) 



 Molecular orbitals read from record     2100.2  Type=RHF/CANONICAL (state 1.1)

 Present basis size:      18
 Previous basis size:      5   2   2   0   5   2   2
 Previous occupation:      1   0   0   0   0   0   0
 Previous closed-shells:   1   0   0   0   0   0   0
 Present occupation:       1
 Present closed-shells:    1
 Wavefunction symmetry:    1   Singlet 

 Orbital overlap <old|new>:  < 1.1| 1.1> = 1.000000

 Molecular orbital dump at record        2100.1

 ITERATION    DDIFF          GRAD             ENERGY        2-EL.EN.            DIPOLE MOMENTS         DIIS
    1      0.000D+00      0.000D+00        -1.12879389      1.310968    0.00996    0.00000   -0.00000    0
    2      0.000D+00      0.807D-03        -1.12882493      1.310955    0.00222    0.00000   -0.00000    1
    3      0.361D-03      0.124D-03        -1.12882587      1.310955    0.00026    0.00000    0.00000    2
    4      0.802D-04      0.925D-05        -1.12882588      1.310955    0.00000   -0.00000   -0.00000    3
    5      0.173D-04      0.188D-06        -1.12882588      1.310955    0.00000   -0.00000    0.00000    4
    6      0.374D-06      0.153D-07        -1.12882588      1.310955    0.00000   -0.00000    0.00000    4
    7      0.442D-07      0.386D-08        -1.12882588      1.310955    0.00000   -0.00000   -0.00000    0

 Final occupancy:   1

 !RHF STATE 1.1 Energy                 -1.128825883857
 Nuclear energy                         0.70730573
 One-electron energy                   -2.49160893
 Two-electron energy                    0.65547732
 Virial quotient                       -1.03625311
 !RHF STATE 1.1 Dipole moment           0.00000000    -0.00000000    -0.00000000
 Dipole moment /Debye                   0.00000001    -0.00000000    -0.00000000

 Orbital energies:

         1.1          2.1          3.1
     -0.590327     0.061389     0.067084


 **********************************************************************************************************************************
 DATASETS  * FILE   NREC   LENGTH (MB)   RECORD NAMES
              1      21        2.84       500      610      700      702      900      950      970     1001      129      960   
                                          VAR    BASINP    GEOM     GEOM    SYMINP    ZMAT    AOBASIS   BASIS     P2S    ABASIS    
                                         1100     1400     1410     1200     1210     1080     1600     1650     1300     1700   
                                           S        T        V       H0       H01     AOSYM     SMH    MOLCAS    ERIS     OPER   
                                         2100   
                                          RHF  

              2       7        0.68       700     1000     2100      701     5500      702     1001   
                                         GEOM     BASIS     RHF     GEOM     HINFO    GEOM     BASIS   

 PROGRAMS   *        TOTAL        HF      OPTG        HF       INT
 CPU TIMES  *         3.08      0.13      2.35      0.01      0.10
 REAL TIME  *         3.56 SEC
 DISK USED  *         8.54 MB      
 **********************************************************************************************************************************
1PROGRAM * ALASKA (Gradient of the energy)     Author: R. Lindh

 Orbitals from record         2100.1

 Number of closed-shell orbitals:  1 (  1 )
 Number of occupied orbitals:      1 (  1 )

 Number of electrons=  2     Singlet     Space symmetry=1      Wavefunction type: CLOSED          


 SCF GRADIENT FOR STATE 1.1

 Atom          dE/dx               dE/dy               dE/dz

   1         0.000000133         0.000000000        -0.000018833
   2        -0.000000133        -0.000000000         0.000018833

 Nuclear force contribution to virial =         0.000026626
 Starting task   2.  CPU=     1.21 sec, Elapsed=     1.21 sec
 Incrementing variable H1Y1             by  0.010000 BOH   to    0.010000 BOH


 Recomputing integrals since geometry changed

1PROGRAM * SEWARD (Integral evaluation for generally contracted gaussian basis sets)     Author: Roland Lindh, 1990

 Geometry written to block  1 of record 702


 Point group  C1  



 ATOMIC COORDINATES

 NR  ATOM    CHARGE       X              Y              Z

   1  H1      1.00    0.000000000    0.010000000   -0.706890207
   2  H2      1.00    0.000000000    0.000000000    0.706890207

 Bond lengths in Bohr (Angstrom)

 1-2  1.413815780
     ( 0.748159088)

 NUCLEAR CHARGE:                    2
 NUMBER OF PRIMITIVE AOS:          22
 NUMBER OF SYMMETRY AOS:           22
 NUMBER OF CONTRACTIONS:           18   (  18A   )
 NUMBER OF CORE ORBITALS:           0   (   0A   )
 NUMBER OF VALENCE ORBITALS:        2   (   2A   )


 NUCLEAR REPULSION ENERGY    0.70730573

 EXTRA SYMMETRY OF AOS IN SYMMETRY 1:   1 1 1 2 1 1 2 1 1 1   1 1 2 1 1 2 1 1

 Eigenvalues of metric

         1 0.290E-03 0.194E-01 0.202E-01 0.782E-01 0.108E+00 0.108E+00 0.169E+00 0.458E+00


 Contracted 2-electron integrals neglected if value below      1.0D-11
 AO integral compression algorithm  1   Integral accuracy      1.0D-11

     0.262 MB (compressed) written to integral file ( 77.5%)


 NUMBER OF SORTED TWO-ELECTRON INTEGRALS:      14706.     BUFFER LENGTH:  32768
 NUMBER OF SEGMENTS:   1  SEGMENT LENGTH:      14706      RECORD LENGTH: 524288

 Memory used in sort:       0.57 MW

 SORT1 READ       26487. AND WROTE        7490. INTEGRALS IN      1 RECORDS. CPU TIME:     0.00 SEC, REAL TIME:     0.00 SEC
 SORT2 READ        7490. AND WROTE       14706. INTEGRALS IN      1 RECORDS. CPU TIME:     0.03 SEC, REAL TIME:     0.03 SEC

 FILE SIZES:   FILE 1:     3.0 MBYTE,  FILE 4:     4.2 MBYTE,   TOTAL:      7.2 MBYTE

 OPERATOR DM      FOR CENTER  0  COORDINATES:    0.000000    0.000000    0.000000
1PROGRAM * RHF-SCF (CLOSED SHELL)       Authors: W. Meyer, H.-J. Werner


 NUMBER OF ELECTRONS:       1+    1-    SPACE SYMMETRY=1    SPIN SYMMETRY: Singlet 
 CONVERGENCE THRESHOLDS:    1.00E-07 (Density)    1.00E-08 (Energy)
 MAX. NUMBER OF ITERATIONS:       60
 INTERPOLATION TYPE:            DIIS
 INTERPOLATION STEPS:              2 (START)      1 (STEP)
 LEVEL SHIFTS:                  0.00 (CLOSED)  0.00 (OPEN) 

 Number of closed-shell orbitals:    1 (   1 )


 Molecular orbitals read from record     2100.2  Type=RHF/CANONICAL (state 1.1)

 Present basis size:      18
 Previous basis size:      5   2   2   0   5   2   2
 Previous occupation:      1   0   0   0   0   0   0
 Previous closed-shells:   1   0   0   0   0   0   0
 Present occupation:       1
 Present closed-shells:    1
 Wavefunction symmetry:    1   Singlet 

 Orbital overlap <old|new>:  < 1.1| 1.1> = 1.000000

 Molecular orbital dump at record        2100.1

 ITERATION    DDIFF          GRAD             ENERGY        2-EL.EN.            DIPOLE MOMENTS         DIIS
    1      0.000D+00      0.000D+00        -1.12879389      1.310968    0.00000    0.00996   -0.00000    0
    2      0.000D+00      0.807D-03        -1.12882493      1.310955    0.00000    0.00222   -0.00000    1
    3      0.361D-03      0.124D-03        -1.12882587      1.310955    0.00000    0.00026    0.00000    2
    4      0.802D-04      0.925D-05        -1.12882588      1.310955    0.00000    0.00000   -0.00000    3
    5      0.173D-04      0.188D-06        -1.12882588      1.310955   -0.00000    0.00000    0.00000    4
    6      0.374D-06      0.153D-07        -1.12882588      1.310955   -0.00000    0.00000    0.00000    4
    7      0.442D-07      0.386D-08        -1.12882588      1.310955   -0.00000    0.00000   -0.00000    0

 Final occupancy:   1

 !RHF STATE 1.1 Energy                 -1.128825883857
 Nuclear energy                         0.70730573
 One-electron energy                   -2.49160893
 Two-electron energy                    0.65547732
 Virial quotient                       -1.03625311
 !RHF STATE 1.1 Dipole moment          -0.00000000     0.00000000    -0.00000000
 Dipole moment /Debye                  -0.00000000     0.00000001    -0.00000000

 Orbital energies:

         1.1          2.1          3.1
     -0.590327     0.061389     0.067084


 **********************************************************************************************************************************
 DATASETS  * FILE   NREC   LENGTH (MB)   RECORD NAMES
              1      21        2.84       500      610      700      702      900      950      970     1001      129      960   
                                          VAR    BASINP    GEOM     GEOM    SYMINP    ZMAT    AOBASIS   BASIS     P2S    ABASIS    
                                         1100     1400     1410     1200     1210     1080     1600     1650     1300     1700   
                                           S        T        V       H0       H01     AOSYM     SMH    MOLCAS    ERIS     OPER   
                                         2100   
                                          RHF  

              2       7        0.68       700     1000     2100      701     5500      702     1001   
                                         GEOM     BASIS     RHF     GEOM     HINFO    GEOM     BASIS   

 PROGRAMS   *        TOTAL        HF      OPTG        HF       INT
 CPU TIMES  *         4.24      0.10      2.35      0.01      0.10
 REAL TIME  *         4.74 SEC
 DISK USED  *         8.54 MB      
 **********************************************************************************************************************************
1PROGRAM * ALASKA (Gradient of the energy)     Author: R. Lindh

 Orbitals from record         2100.1

 Number of closed-shell orbitals:  1 (  1 )
 Number of occupied orbitals:      1 (  1 )

 Number of electrons=  2     Singlet     Space symmetry=1      Wavefunction type: CLOSED          


 SCF GRADIENT FOR STATE 1.1

 Atom          dE/dx               dE/dy               dE/dz

   1        -0.000000000         0.000000133        -0.000018833
   2         0.000000000        -0.000000133         0.000018833

 Nuclear force contribution to virial =         0.000026626
 Starting task   3.  CPU=     2.38 sec, Elapsed=     2.39 sec
 Incrementing variable H1Z1             by  0.010000 BOH   to   -0.696890 BOH


 Recomputing integrals since geometry changed

1PROGRAM * SEWARD (Integral evaluation for generally contracted gaussian basis sets)     Author: Roland Lindh, 1990

 Geometry written to block  1 of record 702


 Point group  C1  



 ATOMIC COORDINATES

 NR  ATOM    CHARGE       X              Y              Z

   1  H1      1.00    0.000000000    0.000000000   -0.696890207
   2  H2      1.00    0.000000000    0.000000000    0.706890207

 Bond lengths in Bohr (Angstrom)

 1-2  1.403780414
     ( 0.742848602)

 NUCLEAR CHARGE:                    2
 NUMBER OF PRIMITIVE AOS:          22
 NUMBER OF SYMMETRY AOS:           22
 NUMBER OF CONTRACTIONS:           18   (  18A   )
 NUMBER OF CORE ORBITALS:           0   (   0A   )
 NUMBER OF VALENCE ORBITALS:        2   (   2A   )


 NUCLEAR REPULSION ENERGY    0.71236213

 EXTRA SYMMETRY OF AOS IN SYMMETRY 1:   1 1 1 2 3 1 2 3 1 1   1 1 2 3 1 2 3 1

 Eigenvalues of metric

         1 0.285E-03 0.191E-01 0.196E-01 0.783E-01 0.106E+00 0.106E+00 0.168E+00 0.463E+00


 Contracted 2-electron integrals neglected if value below      1.0D-11
 AO integral compression algorithm  1   Integral accuracy      1.0D-11

     0.262 MB (compressed) written to integral file ( 56.4%)


 NUMBER OF SORTED TWO-ELECTRON INTEGRALS:      14706.     BUFFER LENGTH:  32768
 NUMBER OF SEGMENTS:   1  SEGMENT LENGTH:      14706      RECORD LENGTH: 524288

 Memory used in sort:       0.57 MW

 SORT1 READ       26487. AND WROTE        4350. INTEGRALS IN      1 RECORDS. CPU TIME:     0.00 SEC, REAL TIME:     0.00 SEC
 SORT2 READ        4350. AND WROTE       14706. INTEGRALS IN      1 RECORDS. CPU TIME:     0.03 SEC, REAL TIME:     0.03 SEC

 FILE SIZES:   FILE 1:     3.0 MBYTE,  FILE 4:     4.2 MBYTE,   TOTAL:      7.2 MBYTE

 OPERATOR DM      FOR CENTER  0  COORDINATES:    0.000000    0.000000    0.000000
1PROGRAM * RHF-SCF (CLOSED SHELL)       Authors: W. Meyer, H.-J. Werner


 NUMBER OF ELECTRONS:       1+    1-    SPACE SYMMETRY=1    SPIN SYMMETRY: Singlet 
 CONVERGENCE THRESHOLDS:    1.00E-07 (Density)    1.00E-08 (Energy)
 MAX. NUMBER OF ITERATIONS:       60
 INTERPOLATION TYPE:            DIIS
 INTERPOLATION STEPS:              2 (START)      1 (STEP)
 LEVEL SHIFTS:                  0.00 (CLOSED)  0.00 (OPEN) 

 Number of closed-shell orbitals:    1 (   1 )


 Molecular orbitals read from record     2100.2  Type=RHF/CANONICAL (state 1.1)

 Present basis size:      18
 Previous basis size:      5   2   2   0   5   2   2
 Previous occupation:      1   0   0   0   0   0   0
 Previous closed-shells:   1   0   0   0   0   0   0
 Present occupation:       1
 Present closed-shells:    1
 Wavefunction symmetry:    1   Singlet 

 Orbital overlap <old|new>:  < 1.1| 1.1> = 1.000000

 Molecular orbital dump at record        2100.1

 ITERATION    DDIFF          GRAD             ENERGY        2-EL.EN.            DIPOLE MOMENTS         DIIS
    1      0.000D+00      0.000D+00        -1.12876713      1.311018    0.00000    0.00000    0.00995    0
    2      0.000D+00      0.877D-03        -1.12880503      1.314082    0.00000    0.00000    0.00192    1
    3      0.719D-03      0.121D-03        -1.12880589      1.314610    0.00000    0.00000    0.00022    2
    4      0.238D-03      0.781D-05        -1.12880590      1.314627    0.00000    0.00000    0.00001    3
    5      0.426D-04      0.438D-06        -1.12880590      1.314627    0.00000    0.00000    0.00000    4
    6      0.126D-04      0.361D-07        -1.12880590      1.314627    0.00000    0.00000    0.00000    4
    7      0.101D-05      0.574D-08        -1.12880590      1.314627    0.00000    0.00000    0.00000    4
    8      0.550D-07      0.660D-09        -1.12880590      1.314627    0.00000    0.00000    0.00000    0

 Final occupancy:   1

 !RHF STATE 1.1 Energy                 -1.128805901387
 Nuclear energy                         0.71236213
 One-electron energy                   -2.49848132
 Two-electron energy                    0.65731329
 Virial quotient                       -1.03167896
 !RHF STATE 1.1 Dipole moment           0.00000000     0.00000000     0.00000000
 Dipole moment /Debye                   0.00000000     0.00000000     0.00000001

 Orbital energies:

         1.1          2.1          3.1
     -0.591927     0.061458     0.067002


 **********************************************************************************************************************************
 DATASETS  * FILE   NREC   LENGTH (MB)   RECORD NAMES
              1      21        2.83       500      610      700      702      900      950      970     1001      129      960   
                                          VAR    BASINP    GEOM     GEOM    SYMINP    ZMAT    AOBASIS   BASIS     P2S    ABASIS    
                                         1100     1400     1410     1200     1210     1080     1600     1650     1300     1700   
                                           S        T        V       H0       H01     AOSYM     SMH    MOLCAS    ERIS     OPER   
                                         2100   
                                          RHF  

              2       7        0.68       700     1000     2100      701     5500      702     1001   
                                         GEOM     BASIS     RHF     GEOM     HINFO    GEOM     BASIS   

 PROGRAMS   *        TOTAL        HF      OPTG        HF       INT
 CPU TIMES  *         5.40      0.11      2.35      0.01      0.10
 REAL TIME  *         5.92 SEC
 DISK USED  *         8.54 MB      
 **********************************************************************************************************************************
1PROGRAM * ALASKA (Gradient of the energy)     Author: R. Lindh

 Orbitals from record         2100.1

 Number of closed-shell orbitals:  1 (  1 )
 Number of occupied orbitals:      1 (  1 )

 Number of electrons=  2     Singlet     Space symmetry=1      Wavefunction type: CLOSED          


 SCF GRADIENT FOR STATE 1.1

 Atom          dE/dx               dE/dy               dE/dz

   1        -0.000000000         0.000000000         0.004023410
   2         0.000000000        -0.000000000        -0.004023410

 Nuclear force contribution to virial =        -0.005647984
 Starting task   4.  CPU=     3.53 sec, Elapsed=     3.56 sec
 Incrementing variable H1Z1             by -0.010000 BOH   to   -0.716890 BOH


 Recomputing integrals since geometry changed

1PROGRAM * SEWARD (Integral evaluation for generally contracted gaussian basis sets)     Author: Roland Lindh, 1990

 Geometry written to block  1 of record 702


 Point group  C1  



 ATOMIC COORDINATES

 NR  ATOM    CHARGE       X              Y              Z

   1  H1      1.00    0.000000000    0.000000000   -0.716890207
   2  H2      1.00    0.000000000    0.000000000    0.706890207

 Bond lengths in Bohr (Angstrom)

 1-2  1.423780414
     ( 0.753432146)

 NUCLEAR CHARGE:                    2
 NUMBER OF PRIMITIVE AOS:          22
 NUMBER OF SYMMETRY AOS:           22
 NUMBER OF CONTRACTIONS:           18   (  18A   )
 NUMBER OF CORE ORBITALS:           0   (   0A   )
 NUMBER OF VALENCE ORBITALS:        2   (   2A   )


 NUCLEAR REPULSION ENERGY    0.70235550

 EXTRA SYMMETRY OF AOS IN SYMMETRY 1:   1 1 1 2 3 1 2 3 1 1   1 1 2 3 1 2 3 1

 Eigenvalues of metric

         1 0.295E-03 0.197E-01 0.208E-01 0.781E-01 0.109E+00 0.109E+00 0.171E+00 0.454E+00


 Contracted 2-electron integrals neglected if value below      1.0D-11
 AO integral compression algorithm  1   Integral accuracy      1.0D-11

     0.262 MB (compressed) written to integral file ( 56.4%)


 NUMBER OF SORTED TWO-ELECTRON INTEGRALS:      14706.     BUFFER LENGTH:  32768
 NUMBER OF SEGMENTS:   1  SEGMENT LENGTH:      14706      RECORD LENGTH: 524288

 Memory used in sort:       0.57 MW

 SORT1 READ       26487. AND WROTE        4350. INTEGRALS IN      1 RECORDS. CPU TIME:     0.00 SEC, REAL TIME:     0.00 SEC
 SORT2 READ        4350. AND WROTE       14706. INTEGRALS IN      1 RECORDS. CPU TIME:     0.03 SEC, REAL TIME:     0.03 SEC

 FILE SIZES:   FILE 1:     3.0 MBYTE,  FILE 4:     4.2 MBYTE,   TOTAL:      7.2 MBYTE

 OPERATOR DM      FOR CENTER  0  COORDINATES:    0.000000    0.000000    0.000000
1PROGRAM * RHF-SCF (CLOSED SHELL)       Authors: W. Meyer, H.-J. Werner


 NUMBER OF ELECTRONS:       1+    1-    SPACE SYMMETRY=1    SPIN SYMMETRY: Singlet 
 CONVERGENCE THRESHOLDS:    1.00E-07 (Density)    1.00E-08 (Energy)
 MAX. NUMBER OF ITERATIONS:       60
 INTERPOLATION TYPE:            DIIS
 INTERPOLATION STEPS:              2 (START)      1 (STEP)
 LEVEL SHIFTS:                  0.00 (CLOSED)  0.00 (OPEN) 

 Number of closed-shell orbitals:    1 (   1 )


 Molecular orbitals read from record     2100.2  Type=RHF/CANONICAL (state 1.1)

 Present basis size:      18
 Previous basis size:      5   2   2   0   5   2   2
 Previous occupation:      1   0   0   0   0   0   0
 Previous closed-shells:   1   0   0   0   0   0   0
 Present occupation:       1
 Present closed-shells:    1
 Wavefunction symmetry:    1   Singlet 

 Orbital overlap <old|new>:  < 1.1| 1.1> = 1.000000

 Molecular orbital dump at record        2100.1

 ITERATION    DDIFF          GRAD             ENERGY        2-EL.EN.            DIPOLE MOMENTS         DIIS
    1      0.000D+00      0.000D+00        -1.12876789      1.310914   -0.00000   -0.00000   -0.00995    0
    2      0.000D+00      0.868D-03        -1.12880538      1.307866   -0.00000   -0.00000   -0.00193    1
    3      0.721D-03      0.120D-03        -1.12880623      1.307345   -0.00000   -0.00000   -0.00021    2
    4      0.223D-03      0.777D-05        -1.12880624      1.307328    0.00000   -0.00000   -0.00001    3
    5      0.403D-04      0.435D-06        -1.12880624      1.307328    0.00000   -0.00000   -0.00000    4
    6      0.123D-04      0.330D-07        -1.12880624      1.307328    0.00000   -0.00000   -0.00000    4
    7      0.762D-06      0.600D-08        -1.12880624      1.307328    0.00000   -0.00000   -0.00000    4
    8      0.730D-07      0.701D-09        -1.12880624      1.307328    0.00000   -0.00000   -0.00000    0

 Final occupancy:   1

 !RHF STATE 1.1 Energy                 -1.128806237986
 Nuclear energy                         0.70235550
 One-electron energy                   -2.48482581
 Two-electron energy                    0.65366407
 Virial quotient                       -1.04075425
 !RHF STATE 1.1 Dipole moment           0.00000000    -0.00000000    -0.00000000
 Dipole moment /Debye                   0.00000000    -0.00000000    -0.00000001

 Orbital energies:

         1.1          2.1          3.1
     -0.588749     0.061319     0.067165


 **********************************************************************************************************************************
 DATASETS  * FILE   NREC   LENGTH (MB)   RECORD NAMES
              1      21        2.83       500      610      700      702      900      950      970     1001      129      960   
                                          VAR    BASINP    GEOM     GEOM    SYMINP    ZMAT    AOBASIS   BASIS     P2S    ABASIS    
                                         1100     1400     1410     1200     1210     1080     1600     1650     1300     1700   
                                           S        T        V       H0       H01     AOSYM     SMH    MOLCAS    ERIS     OPER   
                                         2100   
                                          RHF  

              2       7        0.68       700     1000     2100      701     5500      702     1001   
                                         GEOM     BASIS     RHF     GEOM     HINFO    GEOM     BASIS   

 PROGRAMS   *        TOTAL        HF      OPTG        HF       INT
 CPU TIMES  *         6.54      0.11      2.35      0.01      0.10
 REAL TIME  *         7.10 SEC
 DISK USED  *         8.54 MB      
 **********************************************************************************************************************************
1PROGRAM * ALASKA (Gradient of the energy)     Author: R. Lindh

 Orbitals from record         2100.1

 Number of closed-shell orbitals:  1 (  1 )
 Number of occupied orbitals:      1 (  1 )

 Number of electrons=  2     Singlet     Space symmetry=1      Wavefunction type: CLOSED          


 SCF GRADIENT FOR STATE 1.1

 Atom          dE/dx               dE/dy               dE/dz

   1        -0.000000000         0.000000000        -0.003903145
   2         0.000000000        -0.000000000         0.003903145

 Nuclear force contribution to virial =         0.005557221

 Numerical HF-SCF000 hessian completed. CPU-time:     4.71 sec, Elapsed:     4.75 sec

 Recomputing wavefunction at initial geometry


 Recomputing integrals since geometry and symmetry changed


 Using spherical harmonics

 Library entry H      S aug-cc-pVDZ          selected for orbital group  1
 Library entry H      P aug-cc-pVDZ          selected for orbital group  1

1PROGRAM * SEWARD (Integral evaluation for generally contracted gaussian basis sets)     Author: Roland Lindh, 1990

 Geometry written to block  1 of record 700

 Orientation using atomic masses  
 Molecule type: Linear
 Symmetry elements: X,Y,Z
 Rotational constants:    1791.6217119   1791.6217119      0.0000000 GHz  (calculated with average atomic masses)

 Point group  D2h 



 ATOMIC COORDINATES

 NR  ATOM    CHARGE       X              Y              Z

   1  H1      1.00    0.000000000    0.000000000   -0.706890207
   2  H2      1.00    0.000000000    0.000000000    0.706890207

 Bond lengths in Bohr (Angstrom)

 1-2  1.413780414
     ( 0.748140374)

 NUCLEAR CHARGE:                    2
 NUMBER OF PRIMITIVE AOS:          22
 NUMBER OF SYMMETRY AOS:           22
 NUMBER OF CONTRACTIONS:           18   (   5Ag  +   2B3u +   2B2u +   0B1g +   5B1u +   2B2g +   2B3g +   0Au  )
 NUMBER OF CORE ORBITALS:           0   (   0Ag  +   0B3u +   0B2u +   0B1g +   0B1u +   0B2g +   0B3g +   0Au  )
 NUMBER OF VALENCE ORBITALS:        2   (   1Ag  +   0B3u +   0B2u +   0B1g +   1B1u +   0B2g +   0B3g +   0Au  )

 SYMMETRY CHANGED: INITIALIZING OCCUPATION


 NUCLEAR REPULSION ENERGY    0.70732342


 Eigenvalues of metric

         1 0.782E-01 0.169E+00 0.799E+00 0.141E+01 0.474E+01
         2 0.818E+00 0.253E+01
         3 0.818E+00 0.253E+01
         5 0.290E-03 0.194E-01 0.202E-01 0.458E+00 0.230E+01
         6 0.108E+00 0.540E+00
         7 0.108E+00 0.540E+00


 Contracted 2-electron integrals neglected if value below      1.0D-11
 AO integral compression algorithm  1   Integral accuracy      1.0D-11

     0.262 MB (compressed) written to integral file (100.0%)


 NUMBER OF SORTED TWO-ELECTRON INTEGRALS:       2829.     BUFFER LENGTH:  32768
 NUMBER OF SEGMENTS:   1  SEGMENT LENGTH:       2829      RECORD LENGTH: 524288

 Memory used in sort:       0.56 MW

 SORT1 READ        8184. AND WROTE        2829. INTEGRALS IN      1 RECORDS. CPU TIME:     0.00 SEC, REAL TIME:     0.00 SEC
 SORT2 READ        2829. AND WROTE        2829. INTEGRALS IN      1 RECORDS. CPU TIME:     0.02 SEC, REAL TIME:     0.03 SEC

 FILE SIZES:   FILE 1:     2.8 MBYTE,  FILE 4:     4.2 MBYTE,   TOTAL:      7.0 MBYTE

 OPERATOR DM      FOR CENTER  0  COORDINATES:    0.000000    0.000000    0.000000
1PROGRAM * RHF-SCF (CLOSED SHELL)       Authors: W. Meyer, H.-J. Werner


 NUMBER OF ELECTRONS:       1+    1-
 CONVERGENCE THRESHOLDS:    1.00E-07 (Density)    1.00E-08 (Energy)
 MAX. NUMBER OF ITERATIONS:       60
 INTERPOLATION TYPE:            DIIS
 INTERPOLATION STEPS:              2 (START)      1 (STEP)
 LEVEL SHIFTS:                  0.00 (CLOSED)  0.00 (OPEN) 



 Molecular orbitals read from record     2100.2  Type=RHF/CANONICAL (state 1.1)

 Molecular orbital dump at record        2100.2

 ITERATION    DDIFF          GRAD             ENERGY        2-EL.EN.            DIPOLE MOMENTS         DIIS
    1      0.000D+00      0.000D+00        -1.12882588      1.310968    0.00000    0.00000    0.00000    0
    2      0.000D+00      0.289D-10        -1.12882588      1.310968    0.00000    0.00000    0.00000    0

 Final occupancy:   1   0   0   0   0   0   0

 !RHF STATE 1.1 Energy                 -1.128825884276
 Nuclear energy                         0.70732342
 One-electron energy                   -2.49163308
 Two-electron energy                    0.65548377
 Virial quotient                       -1.03623707
 !RHF STATE 1.1 Dipole moment           0.00000000     0.00000000     0.00000000
 Dipole moment /Debye                   0.00000000     0.00000000     0.00000000

 Orbital energies:

         1.1          2.1          3.1
     -0.590333     0.067083     0.416535

         1.2          2.2
      0.284755     1.604279

         1.3          2.3
      0.284755     1.604279

         1.5          2.5
      0.061389     0.231062

         1.6          2.6
      0.458244     2.238683

         1.7          2.7
      0.458244     2.238683


 **********************************************************************************************************************************
 DATASETS  * FILE   NREC   LENGTH (MB)   RECORD NAMES
              1      19        2.57       500      610      700      900      950      970     1000      129      960     1100   
                                          VAR    BASINP    GEOM    SYMINP    ZMAT    AOBASIS   BASIS     P2S    ABASIS      S 
                                         1400     1410     1200     1210     1080     1600     1650     1300     1700   
                                           T        V       H0       H01     AOSYM     SMH    MOLCAS    ERIS     OPER   

              2       6        0.27       700     1000     2100     5300     5400     5450   
                                         GEOM     BASIS     RHF     HESS     FREQ     NMOD   

 PROGRAMS   *        TOTAL        HF      OPTG        HF       INT
 CPU TIMES  *         7.69      0.10      2.35      0.01      0.10
 REAL TIME  *         8.28 SEC
 DISK USED  *         8.54 MB      
 **********************************************************************************************************************************
