
 Running default procedure: HF-SCF000
1PROGRAM * ALASKA (Gradient of the energy)     Author: R. Lindh

 Orbitals from record         2100.2

 Number of closed-shell orbitals:  1 (  1  0  0  0  0 )
 Number of occupied orbitals:      1 (  1  0  0  0  0 )

 Number of electrons=  2     Singlet     Space symmetry=1      Wavefunction type: CLOSED          


 SCF GRADIENT FOR STATE 1.1

 Atom          dE/dx               dE/dy               dE/dz

   1         0.000000000         0.000000000        -0.027679603
   2         0.000000000         0.000000000         0.027679603

 Nuclear force contribution to virial =         0.038707083
 Reading points  1 to  1 from record 700.2,  wavefunction type=HF-SCF000       

 Making model hessian for Z-matrix coordinates
 No hessian update for point  1

 Quadratic Steepest Descent - Minimum Search

 Optimization point 1

 Variable                      Last           Current        Next           Gradient       Hessian

 E(HF-SCF000) / Hartree      0.00000000    -1.11675931     0.00000000
 D / ANG                     0.00000000     0.74000000     0.70281942     0.05230687     1.40683292
 Convergence:                0.00000000  (line search)     0.07026112     0.02767960  (total)

 Geometry written to block  2 of record 700


 Recomputing integrals since geometry changed

1PROGRAM * SEWARD (Integral evaluation for generally contracted gaussian basis sets)     Author: Roland Lindh, 1990

 Geometry written to block  2 of record 700

 Orientation using atomic masses  
 Molecule type: Linear
 Symmetry elements: X,Y,Z
 Rotational constants:    2030.1353782   2030.1353782      0.0000000 GHz  (calculated with average atomic masses)

 Point group  D2h 



 ATOMIC COORDINATES

 NR  ATOM    CHARGE       X              Y              Z

   1  H1      1.00    0.000000000    0.000000000   -0.664068108
   2  H2      1.00    0.000000000    0.000000000    0.664068108

 Bond lengths in Bohr (Angstrom)

 1-2  1.328136216
     ( 0.702819416)

 NUCLEAR CHARGE:                    2
 NUMBER OF PRIMITIVE AOS:           6
 NUMBER OF SYMMETRY AOS:            6
 NUMBER OF CONTRACTIONS:            2   (   1Ag  +   0B3u +   0B2u +   0B1g +   1B1u +   0B2g +   0B3g +   0Au  )
 NUMBER OF CORE ORBITALS:           0   (   0Ag  +   0B3u +   0B2u +   0B1g +   0B1u +   0B2g +   0B3g +   0Au  )
 NUMBER OF VALENCE ORBITALS:        2   (   1Ag  +   0B3u +   0B2u +   0B1g +   1B1u +   0B2g +   0B3g +   0Au  )


 NUCLEAR REPULSION ENERGY    0.75293482


 Eigenvalues of metric

         1 0.168E+01
         5 0.316E+00


 Contracted 2-electron integrals neglected if value below      1.0D-11
 AO integral compression algorithm  1   Integral accuracy      1.0D-11

     0.262 MB (compressed) written to integral file (100.0%)


 NUMBER OF SORTED TWO-ELECTRON INTEGRALS:          5.     BUFFER LENGTH:  32768
 NUMBER OF SEGMENTS:   1  SEGMENT LENGTH:          5      RECORD LENGTH: 524288

 Memory used in sort:       0.56 MW

 SORT1 READ           8. AND WROTE           5. INTEGRALS IN      1 RECORDS. CPU TIME:     0.00 SEC, REAL TIME:     0.00 SEC
 SORT2 READ           5. AND WROTE           5. INTEGRALS IN      1 RECORDS. CPU TIME:     0.00 SEC, REAL TIME:     0.01 SEC

 FILE SIZES:   FILE 1:     2.8 MBYTE,  FILE 4:     4.2 MBYTE,   TOTAL:      7.0 MBYTE

 OPERATOR DM      FOR CENTER  0  COORDINATES:    0.000000    0.000000    0.000000
1PROGRAM * RHF-SCF (CLOSED SHELL)       Authors: W. Meyer, H.-J. Werner


 NUMBER OF ELECTRONS:       1+    1-
 CONVERGENCE THRESHOLDS:    1.00E-06 (Density)    1.00E-08 (Energy)
 MAX. NUMBER OF ITERATIONS:       60
 INTERPOLATION TYPE:            DIIS
 INTERPOLATION STEPS:              2 (START)      1 (STEP)
 LEVEL SHIFTS:                  0.00 (CLOSED)  0.00 (OPEN) 

 Number of closed-shell orbitals:    1 (   1   0   0   0   0 )


 Molecular orbitals read from record     2100.2  Type=RHF/CANONICAL (state 1.1)

 Molecular orbital dump at record        2100.2

 ITERATION    DDIFF          GRAD             ENERGY        2-EL.EN.            DIPOLE MOMENTS         DIIS
    1      0.000D+00      0.000D+00        -1.11741355      1.363703    0.00000    0.00000    0.00000    0
    2      0.000D+00      0.000D+00        -1.11741355      1.363703    0.00000    0.00000    0.00000    0

 Final occupancy:   1   0   0   0   0

 !RHF STATE 1.1 Energy                 -1.117413550020
 Nuclear energy                         0.75293482
 One-electron energy                   -2.55220009
 Two-electron energy                    0.68185172
 Virial quotient                       -0.92274163
 !RHF STATE 1.1 Dipole moment           0.00000000     0.00000000     0.00000000
 Dipole moment /Debye                   0.00000000     0.00000000     0.00000000

 Orbital energies:

         1.1
     -0.594248

         1.5
      0.711019


 **********************************************************************************************************************************
 DATASETS  * FILE   NREC   LENGTH (MB)   RECORD NAMES
              1      19        2.53       500      610      700      900      950      970     1000      129      960     1100   
                                          VAR    BASINP    GEOM    SYMINP    ZMAT    AOBASIS   BASIS     P2S    ABASIS      S 
                                         1400     1410     1200     1210     1080     1600     1650     1300     1700   
                                           T        V       H0       H01     AOSYM     SMH    MOLCAS    ERIS     OPER   

              2       3        0.26       700     1000     2100   
                                         GEOM     BASIS     RHF  

 PROGRAMS   *        TOTAL        HF        HF       INT
 CPU TIMES  *         1.79      0.08      0.05      0.12
 REAL TIME  *         2.21 SEC
 DISK USED  *         7.50 MB      
 **********************************************************************************************************************************

 PROGRESS OF GEOMETRY OPTIMIZATION.    TOTAL CPU:         1.2 SEC

 ITER.   ENERGY(OLD)    ENERGY(NEW)      DE          GRADMAX     GRADNORM    GRADRMS     STEPMAX     STEPLEN     STEPRMS
   1    -1.11675931    -1.11741355    -0.00065424  0.02767960  0.02767960  0.02767960  0.07026112  0.07026112  0.07026112

 **********************************************************************************************************************************

 Current geometry (xyz format, in Angstrom)

    2
 HF-SCF000/STO-3G  ENERGY=-1.11741355
 H          0.0000000000        0.0000000000       -0.3514097081
 H          0.0000000000        0.0000000000        0.3514097081

 **********************************************************************************************************************************
1PROGRAM * ALASKA (Gradient of the energy)     Author: R. Lindh

 Orbitals from record         2100.2

 Number of closed-shell orbitals:  1 (  1  0  0  0  0 )
 Number of occupied orbitals:      1 (  1  0  0  0  0 )

 Number of electrons=  2     Singlet     Space symmetry=1      Wavefunction type: CLOSED          


 SCF GRADIENT FOR STATE 1.1

 Atom          dE/dx               dE/dy               dE/dz

   1         0.000000000         0.000000000         0.010483978
   2         0.000000000         0.000000000        -0.010483978

 Nuclear force contribution to virial =        -0.013924150
 Reading points  1 to  2 from record 700.2,  wavefunction type=HF-SCF000       

 Making model hessian for Z-matrix coordinates
 BFGS update of hessian using  1 points

 Quadratic Steepest Descent - Minimum Search

 Optimization point 2

 Variable                      Last           Current        Next           Gradient       Hessian

 E(HF-SCF000) / Hartree     -1.11675931    -1.11741355     0.00000000
 D / ANG                     0.74000000     0.70281942     0.71303335    -0.01981185     1.93968755
 Convergence:                0.00000000  (line search)     0.01930154     0.01048398  (total)

 Geometry written to block  3 of record 700


 Recomputing integrals since geometry changed

1PROGRAM * SEWARD (Integral evaluation for generally contracted gaussian basis sets)     Author: Roland Lindh, 1990

 Geometry written to block  3 of record 700

 Orientation using atomic masses  
 Molecule type: Linear
 Symmetry elements: X,Y,Z
 Rotational constants:    1972.3900871   1972.3900871      0.0000000 GHz  (calculated with average atomic masses)

 Point group  D2h 



 ATOMIC COORDINATES

 NR  ATOM    CHARGE       X              Y              Z

   1  H1      1.00    0.000000000    0.000000000   -0.673718880
   2  H2      1.00    0.000000000    0.000000000    0.673718880

 Bond lengths in Bohr (Angstrom)

 1-2  1.347437760
     ( 0.713033353)

 NUCLEAR CHARGE:                    2
 NUMBER OF PRIMITIVE AOS:           6
 NUMBER OF SYMMETRY AOS:            6
 NUMBER OF CONTRACTIONS:            2   (   1Ag  +   0B3u +   0B2u +   0B1g +   1B1u +   0B2g +   0B3g +   0Au  )
 NUMBER OF CORE ORBITALS:           0   (   0Ag  +   0B3u +   0B2u +   0B1g +   0B1u +   0B2g +   0B3g +   0Au  )
 NUMBER OF VALENCE ORBITALS:        2   (   1Ag  +   0B3u +   0B2u +   0B1g +   1B1u +   0B2g +   0B3g +   0Au  )


 NUCLEAR REPULSION ENERGY    0.74214931


 Eigenvalues of metric

         1 0.168E+01
         5 0.322E+00


 Contracted 2-electron integrals neglected if value below      1.0D-11
 AO integral compression algorithm  1   Integral accuracy      1.0D-11

     0.262 MB (compressed) written to integral file (100.0%)


 NUMBER OF SORTED TWO-ELECTRON INTEGRALS:          5.     BUFFER LENGTH:  32768
 NUMBER OF SEGMENTS:   1  SEGMENT LENGTH:          5      RECORD LENGTH: 524288

 Memory used in sort:       0.56 MW

 SORT1 READ           8. AND WROTE           5. INTEGRALS IN      1 RECORDS. CPU TIME:     0.00 SEC, REAL TIME:     0.01 SEC
 SORT2 READ           5. AND WROTE           5. INTEGRALS IN      1 RECORDS. CPU TIME:     0.00 SEC, REAL TIME:     0.00 SEC

 FILE SIZES:   FILE 1:     2.8 MBYTE,  FILE 4:     4.2 MBYTE,   TOTAL:      7.0 MBYTE

 OPERATOR DM      FOR CENTER  0  COORDINATES:    0.000000    0.000000    0.000000
1PROGRAM * RHF-SCF (CLOSED SHELL)       Authors: W. Meyer, H.-J. Werner


 NUMBER OF ELECTRONS:       1+    1-
 CONVERGENCE THRESHOLDS:    1.00E-06 (Density)    1.00E-08 (Energy)
 MAX. NUMBER OF ITERATIONS:       60
 INTERPOLATION TYPE:            DIIS
 INTERPOLATION STEPS:              2 (START)      1 (STEP)
 LEVEL SHIFTS:                  0.00 (CLOSED)  0.00 (OPEN) 

 Number of closed-shell orbitals:    1 (   1   0   0   0   0 )


 Molecular orbitals read from record     2100.2  Type=RHF/CANONICAL (state 1.1)

 Molecular orbital dump at record        2100.2

 ITERATION    DDIFF          GRAD             ENERGY        2-EL.EN.            DIPOLE MOMENTS         DIIS
    1      0.000D+00      0.000D+00        -1.11750523      1.359806    0.00000    0.00000    0.00000    0
    2      0.000D+00      0.000D+00        -1.11750523      1.359806    0.00000    0.00000    0.00000    0

 Final occupancy:   1   0   0   0   0

 !RHF STATE 1.1 Energy                 -1.117505225738
 Nuclear energy                         0.74214931
 One-electron energy                   -2.53955735
 Two-electron energy                    0.67990282
 Virial quotient                       -0.92493623
 !RHF STATE 1.1 Dipole moment           0.00000000     0.00000000     0.00000000
 Dipole moment /Debye                   0.00000000     0.00000000     0.00000000

 Orbital energies:

         1.1
     -0.589876

         1.5
      0.699769


 **********************************************************************************************************************************
 DATASETS  * FILE   NREC   LENGTH (MB)   RECORD NAMES
              1      19        2.53       500      610      700      900      950      970     1000      129      960     1100   
                                          VAR    BASINP    GEOM    SYMINP    ZMAT    AOBASIS   BASIS     P2S    ABASIS      S 
                                         1400     1410     1200     1210     1080     1600     1650     1300     1700   
                                           T        V       H0       H01     AOSYM     SMH    MOLCAS    ERIS     OPER   

              2       3        0.26       700     1000     2100   
                                         GEOM     BASIS     RHF  

 PROGRAMS   *        TOTAL        HF        HF       INT
 CPU TIMES  *         2.93      0.08      0.05      0.12
 REAL TIME  *         3.37 SEC
 DISK USED  *         7.50 MB      
 **********************************************************************************************************************************

 PROGRESS OF GEOMETRY OPTIMIZATION.    TOTAL CPU:         2.3 SEC

 ITER.   ENERGY(OLD)    ENERGY(NEW)      DE          GRADMAX     GRADNORM    GRADRMS     STEPMAX     STEPLEN     STEPRMS
   1    -1.11675931    -1.11741355    -0.00065424  0.02767960  0.02767960  0.02767960  0.07026112  0.07026112  0.07026112
   2    -1.11741355    -1.11750523    -0.00009168  0.01048398  0.01048398  0.01048398  0.01930154  0.01930154  0.01930154

 **********************************************************************************************************************************

 Current geometry (xyz format, in Angstrom)

    2
 HF-SCF000/STO-3G  ENERGY=-1.11750523
 H          0.0000000000        0.0000000000       -0.3565166765
 H          0.0000000000        0.0000000000        0.3565166765

 **********************************************************************************************************************************
1PROGRAM * ALASKA (Gradient of the energy)     Author: R. Lindh

 Orbitals from record         2100.2

 Number of closed-shell orbitals:  1 (  1  0  0  0  0 )
 Number of occupied orbitals:      1 (  1  0  0  0  0 )

 Number of electrons=  2     Singlet     Space symmetry=1      Wavefunction type: CLOSED          


 SCF GRADIENT FOR STATE 1.1

 Atom          dE/dx               dE/dy               dE/dz

   1         0.000000000         0.000000000        -0.000867833
   2         0.000000000         0.000000000         0.000867833

 Nuclear force contribution to virial =         0.001169351
 Reading points  1 to  3 from record 700.2,  wavefunction type=HF-SCF000       

 Making model hessian for Z-matrix coordinates
 BFGS update of hessian using  2 points

 Quadratic Steepest Descent - Minimum Search

 Optimization point 3

 Variable                      Last           Current        Next           Gradient       Hessian

 E(HF-SCF000) / Hartree     -1.11741355    -1.11750523     0.00000000
 D / ANG                     0.70281942     0.71303335     0.71225251     0.00163997     2.10024926
 Convergence:                0.00000000  (line search)     0.00147558     0.00086783  (total)

 Geometry written to block  4 of record 700


 Recomputing integrals since geometry changed

1PROGRAM * SEWARD (Integral evaluation for generally contracted gaussian basis sets)     Author: Roland Lindh, 1990

 Geometry written to block  4 of record 700

 Orientation using atomic masses  
 Molecule type: Linear
 Symmetry elements: X,Y,Z
 Rotational constants:    1976.7171292   1976.7171292      0.0000000 GHz  (calculated with average atomic masses)

 Point group  D2h 



 ATOMIC COORDINATES

 NR  ATOM    CHARGE       X              Y              Z

   1  H1      1.00    0.000000000    0.000000000   -0.672981089
   2  H2      1.00    0.000000000    0.000000000    0.672981089

 Bond lengths in Bohr (Angstrom)

 1-2  1.345962178
     ( 0.712252509)

 NUCLEAR CHARGE:                    2
 NUMBER OF PRIMITIVE AOS:           6
 NUMBER OF SYMMETRY AOS:            6
 NUMBER OF CONTRACTIONS:            2   (   1Ag  +   0B3u +   0B2u +   0B1g +   1B1u +   0B2g +   0B3g +   0Au  )
 NUMBER OF CORE ORBITALS:           0   (   0Ag  +   0B3u +   0B2u +   0B1g +   0B1u +   0B2g +   0B3g +   0Au  )
 NUMBER OF VALENCE ORBITALS:        2   (   1Ag  +   0B3u +   0B2u +   0B1g +   1B1u +   0B2g +   0B3g +   0Au  )


 NUCLEAR REPULSION ENERGY    0.74296293


 Eigenvalues of metric

         1 0.168E+01
         5 0.322E+00


 Contracted 2-electron integrals neglected if value below      1.0D-11
 AO integral compression algorithm  1   Integral accuracy      1.0D-11

     0.262 MB (compressed) written to integral file (100.0%)


 NUMBER OF SORTED TWO-ELECTRON INTEGRALS:          5.     BUFFER LENGTH:  32768
 NUMBER OF SEGMENTS:   1  SEGMENT LENGTH:          5      RECORD LENGTH: 524288

 Memory used in sort:       0.56 MW

 SORT1 READ           8. AND WROTE           5. INTEGRALS IN      1 RECORDS. CPU TIME:     0.00 SEC, REAL TIME:     0.00 SEC
 SORT2 READ           5. AND WROTE           5. INTEGRALS IN      1 RECORDS. CPU TIME:     0.00 SEC, REAL TIME:     0.00 SEC

 FILE SIZES:   FILE 1:     2.8 MBYTE,  FILE 4:     4.2 MBYTE,   TOTAL:      7.0 MBYTE

 OPERATOR DM      FOR CENTER  0  COORDINATES:    0.000000    0.000000    0.000000
1PROGRAM * RHF-SCF (CLOSED SHELL)       Authors: W. Meyer, H.-J. Werner


 NUMBER OF ELECTRONS:       1+    1-
 CONVERGENCE THRESHOLDS:    3.16E-07 (Density)    1.00E-08 (Energy)
 MAX. NUMBER OF ITERATIONS:       60
 INTERPOLATION TYPE:            DIIS
 INTERPOLATION STEPS:              2 (START)      1 (STEP)
 LEVEL SHIFTS:                  0.00 (CLOSED)  0.00 (OPEN) 

 Number of closed-shell orbitals:    1 (   1   0   0   0   0 )


 Molecular orbitals read from record     2100.2  Type=RHF/CANONICAL (state 1.1)

 Molecular orbital dump at record        2100.2

 ITERATION    DDIFF          GRAD             ENERGY        2-EL.EN.            DIPOLE MOMENTS         DIIS
    1      0.000D+00      0.000D+00        -1.11750588      1.360104    0.00000    0.00000    0.00000    0
    2      0.000D+00      0.000D+00        -1.11750588      1.360104    0.00000    0.00000    0.00000    0

 Final occupancy:   1   0   0   0   0

 !RHF STATE 1.1 Energy                 -1.117505884605
 Nuclear energy                         0.74296293
 One-electron energy                   -2.54052065
 Two-electron energy                    0.68005184
 Virial quotient                       -0.92477679
 !RHF STATE 1.1 Dipole moment           0.00000000     0.00000000     0.00000000
 Dipole moment /Debye                   0.00000000     0.00000000     0.00000000

 Orbital energies:

         1.1
     -0.590208

         1.5
      0.700621


 **********************************************************************************************************************************
 DATASETS  * FILE   NREC   LENGTH (MB)   RECORD NAMES
              1      19        2.53       500      610      700      900      950      970     1000      129      960     1100   
                                          VAR    BASINP    GEOM    SYMINP    ZMAT    AOBASIS   BASIS     P2S    ABASIS      S 
                                         1400     1410     1200     1210     1080     1600     1650     1300     1700   
                                           T        V       H0       H01     AOSYM     SMH    MOLCAS    ERIS     OPER   

              2       3        0.26       700     1000     2100   
                                         GEOM     BASIS     RHF  

 PROGRAMS   *        TOTAL        HF        HF       INT
 CPU TIMES  *         4.07      0.09      0.05      0.12
 REAL TIME  *         4.53 SEC
 DISK USED  *         7.50 MB      
 **********************************************************************************************************************************

 PROGRESS OF GEOMETRY OPTIMIZATION.    TOTAL CPU:         3.5 SEC

 ITER.   ENERGY(OLD)    ENERGY(NEW)      DE          GRADMAX     GRADNORM    GRADRMS     STEPMAX     STEPLEN     STEPRMS
   1    -1.11675931    -1.11741355    -0.00065424  0.02767960  0.02767960  0.02767960  0.07026112  0.07026112  0.07026112
   2    -1.11741355    -1.11750523    -0.00009168  0.01048398  0.01048398  0.01048398  0.01930154  0.01930154  0.01930154
   3    -1.11750523    -1.11750588    -0.00000066  0.00086783  0.00086783  0.00086783  0.00147558  0.00147558  0.00147558

 **********************************************************************************************************************************

 Current geometry (xyz format, in Angstrom)

    2
 HF-SCF000/STO-3G  ENERGY=-1.11750588
 H          0.0000000000        0.0000000000       -0.3561262545
 H          0.0000000000        0.0000000000        0.3561262545

 **********************************************************************************************************************************
1PROGRAM * ALASKA (Gradient of the energy)     Author: R. Lindh

 Orbitals from record         2100.2

 Number of closed-shell orbitals:  1 (  1  0  0  0  0 )
 Number of occupied orbitals:      1 (  1  0  0  0  0 )

 Number of electrons=  2     Singlet     Space symmetry=1      Wavefunction type: CLOSED          


 SCF GRADIENT FOR STATE 1.1

 Atom          dE/dx               dE/dy               dE/dz

   1         0.000000000         0.000000000        -0.000024529
   2         0.000000000         0.000000000         0.000024529

 Nuclear force contribution to virial =         0.000033016
 Reading points  1 to  4 from record 700.2,  wavefunction type=HF-SCF000       

 Making model hessian for Z-matrix coordinates
 BFGS update of hessian using  3 points

 Quadratic Steepest Descent - Minimum Search

 Optimization point 4

 Variable                      Last           Current        Next           Gradient       Hessian

 E(HF-SCF000) / Hartree     -1.11750523    -1.11750588     0.00000000
 D / ANG                     0.71303335     0.71225251     0.71222980     0.00004635     2.04088530
 Convergence:                0.00000000  (line search)     0.00004292     0.00002453  (total)

 Geometry written to block  5 of record 700


 Recomputing integrals since geometry changed

1PROGRAM * SEWARD (Integral evaluation for generally contracted gaussian basis sets)     Author: Roland Lindh, 1990

 Geometry written to block  5 of record 700

 Orientation using atomic masses  
 Molecule type: Linear
 Symmetry elements: X,Y,Z
 Rotational constants:    1976.8432045   1976.8432045      0.0000000 GHz  (calculated with average atomic masses)

 Point group  D2h 



 ATOMIC COORDINATES

 NR  ATOM    CHARGE       X              Y              Z

   1  H1      1.00    0.000000000    0.000000000   -0.672959629
   2  H2      1.00    0.000000000    0.000000000    0.672959629

 Bond lengths in Bohr (Angstrom)

 1-2  1.345919258
     ( 0.712229796)

 NUCLEAR CHARGE:                    2
 NUMBER OF PRIMITIVE AOS:           6
 NUMBER OF SYMMETRY AOS:            6
 NUMBER OF CONTRACTIONS:            2   (   1Ag  +   0B3u +   0B2u +   0B1g +   1B1u +   0B2g +   0B3g +   0Au  )
 NUMBER OF CORE ORBITALS:           0   (   0Ag  +   0B3u +   0B2u +   0B1g +   0B1u +   0B2g +   0B3g +   0Au  )
 NUMBER OF VALENCE ORBITALS:        2   (   1Ag  +   0B3u +   0B2u +   0B1g +   1B1u +   0B2g +   0B3g +   0Au  )


 NUCLEAR REPULSION ENERGY    0.74298662


 Eigenvalues of metric

         1 0.168E+01
         5 0.322E+00


 Contracted 2-electron integrals neglected if value below      1.0D-11
 AO integral compression algorithm  1   Integral accuracy      1.0D-11

     0.262 MB (compressed) written to integral file (100.0%)


 NUMBER OF SORTED TWO-ELECTRON INTEGRALS:          5.     BUFFER LENGTH:  32768
 NUMBER OF SEGMENTS:   1  SEGMENT LENGTH:          5      RECORD LENGTH: 524288

 Memory used in sort:       0.56 MW

 SORT1 READ           8. AND WROTE           5. INTEGRALS IN      1 RECORDS. CPU TIME:     0.00 SEC, REAL TIME:     0.00 SEC
 SORT2 READ           5. AND WROTE           5. INTEGRALS IN      1 RECORDS. CPU TIME:     0.00 SEC, REAL TIME:     0.01 SEC

 FILE SIZES:   FILE 1:     2.8 MBYTE,  FILE 4:     4.2 MBYTE,   TOTAL:      7.0 MBYTE

 OPERATOR DM      FOR CENTER  0  COORDINATES:    0.000000    0.000000    0.000000
1PROGRAM * RHF-SCF (CLOSED SHELL)       Authors: W. Meyer, H.-J. Werner


 NUMBER OF ELECTRONS:       1+    1-
 CONVERGENCE THRESHOLDS:    1.00E-07 (Density)    1.00E-08 (Energy)
 MAX. NUMBER OF ITERATIONS:       60
 INTERPOLATION TYPE:            DIIS
 INTERPOLATION STEPS:              2 (START)      1 (STEP)
 LEVEL SHIFTS:                  0.00 (CLOSED)  0.00 (OPEN) 

 Number of closed-shell orbitals:    1 (   1   0   0   0   0 )


 Molecular orbitals read from record     2100.2  Type=RHF/CANONICAL (state 1.1)

 Molecular orbital dump at record        2100.2

 ITERATION    DDIFF          GRAD             ENERGY        2-EL.EN.            DIPOLE MOMENTS         DIIS
    1      0.000D+00      0.000D+00        -1.11750589      1.360112    0.00000    0.00000    0.00000    0
    2      0.000D+00      0.000D+00        -1.11750589      1.360112    0.00000    0.00000    0.00000    0

 Final occupancy:   1   0   0   0   0

 !RHF STATE 1.1 Energy                 -1.117505885129
 Nuclear energy                         0.74298662
 One-electron energy                   -2.54054868
 Two-electron energy                    0.68005617
 Virial quotient                       -0.92477213
 !RHF STATE 1.1 Dipole moment           0.00000000     0.00000000     0.00000000
 Dipole moment /Debye                   0.00000000     0.00000000     0.00000000

 Orbital energies:

         1.1
     -0.590218

         1.5
      0.700646


 **********************************************************************************************************************************
 DATASETS  * FILE   NREC   LENGTH (MB)   RECORD NAMES
              1      19        2.53       500      610      700      900      950      970     1000      129      960     1100   
                                          VAR    BASINP    GEOM    SYMINP    ZMAT    AOBASIS   BASIS     P2S    ABASIS      S 
                                         1400     1410     1200     1210     1080     1600     1650     1300     1700   
                                           T        V       H0       H01     AOSYM     SMH    MOLCAS    ERIS     OPER   

              2       3        0.26       700     1000     2100   
                                         GEOM     BASIS     RHF  

 PROGRAMS   *        TOTAL        HF        HF       INT
 CPU TIMES  *         5.18      0.08      0.05      0.12
 REAL TIME  *         5.68 SEC
 DISK USED  *         7.50 MB      
 **********************************************************************************************************************************

 PROGRESS OF GEOMETRY OPTIMIZATION.    TOTAL CPU:         4.6 SEC

 ITER.   ENERGY(OLD)    ENERGY(NEW)      DE          GRADMAX     GRADNORM    GRADRMS     STEPMAX     STEPLEN     STEPRMS
   1    -1.11675931    -1.11741355    -0.00065424  0.02767960  0.02767960  0.02767960  0.07026112  0.07026112  0.07026112
   2    -1.11741355    -1.11750523    -0.00009168  0.01048398  0.01048398  0.01048398  0.01930154  0.01930154  0.01930154
   3    -1.11750523    -1.11750588    -0.00000066  0.00086783  0.00086783  0.00086783  0.00147558  0.00147558  0.00147558
   4    -1.11750588    -1.11750589    -0.00000000  0.00002453  0.00002453  0.00002453  0.00004292  0.00004292  0.00004292

 **********************************************************************************************************************************

 Current geometry (xyz format, in Angstrom)

    2
 HF-SCF000/STO-3G  ENERGY=-1.11750589
 H          0.0000000000        0.0000000000       -0.3561148982
 H          0.0000000000        0.0000000000        0.3561148982

 **********************************************************************************************************************************
 Cartesian Coordinates are in [bohr]
 Creating new Variables:
 H1X1              0.00000000
 H1Y1              0.00000000
 H1Z1             -0.67295963
 H2X2              0.00000000
 H2Y2              0.00000000
 H2Z2              0.67295963
 Task   1   Incrementing variable H1X1  by   0.010 BOH (Skipping negative increment due to symmetry).
 Task   2   Incrementing variable H1Y1  by   0.010 BOH (Skipping negative increment due to symmetry).
 Task   3   Incrementing variable H1Z1  by   0.010 BOH
 Task   4   Incrementing variable H1Z1  by  -0.010 BOH
 Starting task   1.  CPU=     0.00 sec, Elapsed=     0.00 sec
 Incrementing variable H1X1             by  0.010000 BOH   to    0.010000 BOH


 Recomputing integrals since geometry and symmetry changed


 Using spherical harmonics

 Library entry H      S STO-3G               selected for orbital group  1

1PROGRAM * SEWARD (Integral evaluation for generally contracted gaussian basis sets)     Author: Roland Lindh, 1990

 Geometry written to block  1 of record 702


 Point group  C1  



 ATOMIC COORDINATES

 NR  ATOM    CHARGE       X              Y              Z

   1  H1      1.00    0.010000000    0.000000000   -0.672959629
   2  H2      1.00    0.000000000    0.000000000    0.672959629

 Bond lengths in Bohr (Angstrom)

 1-2  1.345956407
     ( 0.712249455)

 NUCLEAR CHARGE:                    2
 NUMBER OF PRIMITIVE AOS:           6
 NUMBER OF SYMMETRY AOS:            6
 NUMBER OF CONTRACTIONS:            2   (   2A   )
 NUMBER OF CORE ORBITALS:           0   (   0A   )
 NUMBER OF VALENCE ORBITALS:        2   (   2A   )

 SYMMETRY CHANGED: INITIALIZING OCCUPATION


 NUCLEAR REPULSION ENERGY    0.74296611


 Eigenvalues of metric

         1 0.322E+00 0.168E+01


 Contracted 2-electron integrals neglected if value below      1.0D-11
 AO integral compression algorithm  1   Integral accuracy      1.0D-11

     0.262 MB (compressed) written to integral file (100.0%)


 NUMBER OF SORTED TWO-ELECTRON INTEGRALS:          6.     BUFFER LENGTH:  32768
 NUMBER OF SEGMENTS:   1  SEGMENT LENGTH:          6      RECORD LENGTH: 524288

 Memory used in sort:       0.56 MW

 SORT1 READ           7. AND WROTE           6. INTEGRALS IN      1 RECORDS. CPU TIME:     0.00 SEC, REAL TIME:     0.00 SEC
 SORT2 READ           6. AND WROTE           6. INTEGRALS IN      1 RECORDS. CPU TIME:     0.00 SEC, REAL TIME:     0.00 SEC

 FILE SIZES:   FILE 1:     3.0 MBYTE,  FILE 4:     4.2 MBYTE,   TOTAL:      7.2 MBYTE

 OPERATOR DM      FOR CENTER  0  COORDINATES:    0.000000    0.000000    0.000000
1PROGRAM * RHF-SCF (CLOSED SHELL)       Authors: W. Meyer, H.-J. Werner


 NUMBER OF ELECTRONS:       1+    1-    SPACE SYMMETRY=1    SPIN SYMMETRY: Singlet 
 CONVERGENCE THRESHOLDS:    1.00E-07 (Density)    1.00E-08 (Energy)
 MAX. NUMBER OF ITERATIONS:       60
 INTERPOLATION TYPE:            DIIS
 INTERPOLATION STEPS:              2 (START)      1 (STEP)
 LEVEL SHIFTS:                  0.00 (CLOSED)  0.00 (OPEN) 



 Molecular orbitals read from record     2100.2  Type=RHF/CANONICAL (state 1.1)

 Present basis size:       2
 Previous basis size:      1   0   0   0   1
 Previous occupation:      1   0   0   0   0
 Previous closed-shells:   1   0   0   0   0
 Present occupation:       1
 Present closed-shells:    1
 Wavefunction symmetry:    1   Singlet 

 Orbital overlap <old|new>:  < 1.1| 1.1> = 0.999992

 Molecular orbital dump at record        2100.1

 ITERATION    DDIFF          GRAD             ENERGY        2-EL.EN.            DIPOLE MOMENTS         DIIS
    1      0.000D+00      0.000D+00        -1.11750588      1.360105    0.00000    0.00000   -0.00010    0
    2      0.000D+00      0.349D-04        -1.11750588      1.360105    0.00000    0.00000   -0.00001    1
    3      0.520D-04      0.350D-05        -1.11750588      1.360105   -0.00000    0.00000    0.00000    2
    4      0.580D-05      0.128D-15        -1.11750588      1.360105   -0.00000    0.00000   -0.00000    2
    5      0.453D-15      0.333D-15        -1.11750588      1.360105   -0.00000    0.00000   -0.00000    0

 Final occupancy:   1

 !RHF STATE 1.1 Energy                 -1.117505884736
 Nuclear energy                         0.74296611
 One-electron energy                   -2.54052442
 Two-electron energy                    0.68005242
 Virial quotient                       -0.92477617
 !RHF STATE 1.1 Dipole moment          -0.00000000     0.00000000    -0.00000000
 Dipole moment /Debye                  -0.00000000     0.00000000    -0.00000000

 Orbital energies:

         1.1          2.1
     -0.590210     0.700625


 **********************************************************************************************************************************
 DATASETS  * FILE   NREC   LENGTH (MB)   RECORD NAMES
              1      21        2.76       500      610      700      702      900      950      970     1001      129      960   
                                          VAR    BASINP    GEOM     GEOM    SYMINP    ZMAT    AOBASIS   BASIS     P2S    ABASIS    
                                         1100     1400     1410     1200     1210     1080     1600     1650     1300     1700   
                                           S        T        V       H0       H01     AOSYM     SMH    MOLCAS    ERIS     OPER   
                                         2100   
                                          RHF  

              2       7        0.67       700     1000     2100      701     5500      702     1001   
                                         GEOM     BASIS     RHF     GEOM     HINFO    GEOM     BASIS   

 PROGRAMS   *        TOTAL        HF      OPTG        HF       INT
 CPU TIMES  *         5.34      0.12      4.59      0.05      0.12
 REAL TIME  *         5.86 SEC
 DISK USED  *         8.52 MB      
 **********************************************************************************************************************************
1PROGRAM * ALASKA (Gradient of the energy)     Author: R. Lindh

 Orbitals from record         2100.1

 Number of closed-shell orbitals:  1 (  1 )
 Number of occupied orbitals:      1 (  1 )

 Number of electrons=  2     Singlet     Space symmetry=1      Wavefunction type: CLOSED          


 SCF GRADIENT FOR STATE 1.1

 Atom          dE/dx               dE/dy               dE/dz

   1         0.000000158         0.000000000        -0.000021222
   2        -0.000000158         0.000000000         0.000021222

 Nuclear force contribution to virial =         0.000028565
 Starting task   2.  CPU=     1.19 sec, Elapsed=     1.21 sec
 Incrementing variable H1Y1             by  0.010000 BOH   to    0.010000 BOH


 Recomputing integrals since geometry changed

1PROGRAM * SEWARD (Integral evaluation for generally contracted gaussian basis sets)     Author: Roland Lindh, 1990

 Geometry written to block  1 of record 702


 Point group  C1  



 ATOMIC COORDINATES

 NR  ATOM    CHARGE       X              Y              Z

   1  H1      1.00    0.000000000    0.010000000   -0.672959629
   2  H2      1.00    0.000000000    0.000000000    0.672959629

 Bond lengths in Bohr (Angstrom)

 1-2  1.345956407
     ( 0.712249455)

 NUCLEAR CHARGE:                    2
 NUMBER OF PRIMITIVE AOS:           6
 NUMBER OF SYMMETRY AOS:            6
 NUMBER OF CONTRACTIONS:            2   (   2A   )
 NUMBER OF CORE ORBITALS:           0   (   0A   )
 NUMBER OF VALENCE ORBITALS:        2   (   2A   )


 NUCLEAR REPULSION ENERGY    0.74296611


 Eigenvalues of metric

         1 0.322E+00 0.168E+01


 Contracted 2-electron integrals neglected if value below      1.0D-11
 AO integral compression algorithm  1   Integral accuracy      1.0D-11

     0.262 MB (compressed) written to integral file (100.0%)


 NUMBER OF SORTED TWO-ELECTRON INTEGRALS:          6.     BUFFER LENGTH:  32768
 NUMBER OF SEGMENTS:   1  SEGMENT LENGTH:          6      RECORD LENGTH: 524288

 Memory used in sort:       0.56 MW

 SORT1 READ           7. AND WROTE           6. INTEGRALS IN      1 RECORDS. CPU TIME:     0.00 SEC, REAL TIME:     0.01 SEC
 SORT2 READ           6. AND WROTE           6. INTEGRALS IN      1 RECORDS. CPU TIME:     0.00 SEC, REAL TIME:     0.00 SEC

 FILE SIZES:   FILE 1:     3.0 MBYTE,  FILE 4:     4.2 MBYTE,   TOTAL:      7.2 MBYTE

 OPERATOR DM      FOR CENTER  0  COORDINATES:    0.000000    0.000000    0.000000
1PROGRAM * RHF-SCF (CLOSED SHELL)       Authors: W. Meyer, H.-J. Werner


 NUMBER OF ELECTRONS:       1+    1-    SPACE SYMMETRY=1    SPIN SYMMETRY: Singlet 
 CONVERGENCE THRESHOLDS:    1.00E-07 (Density)    1.00E-08 (Energy)
 MAX. NUMBER OF ITERATIONS:       60
 INTERPOLATION TYPE:            DIIS
 INTERPOLATION STEPS:              2 (START)      1 (STEP)
 LEVEL SHIFTS:                  0.00 (CLOSED)  0.00 (OPEN) 

 Number of closed-shell orbitals:    1 (   1 )


 Molecular orbitals read from record     2100.2  Type=RHF/CANONICAL (state 1.1)

 Present basis size:       2
 Previous basis size:      1   0   0   0   1
 Previous occupation:      1   0   0   0   0
 Previous closed-shells:   1   0   0   0   0
 Present occupation:       1
 Present closed-shells:    1
 Wavefunction symmetry:    1   Singlet 

 Orbital overlap <old|new>:  < 1.1| 1.1> = 0.999992

 Molecular orbital dump at record        2100.1

 ITERATION    DDIFF          GRAD             ENERGY        2-EL.EN.            DIPOLE MOMENTS         DIIS
    1      0.000D+00      0.000D+00        -1.11750588      1.360105    0.00000    0.00000   -0.00010    0
    2      0.000D+00      0.349D-04        -1.11750588      1.360105    0.00000    0.00000   -0.00001    1
    3      0.520D-04      0.350D-05        -1.11750588      1.360105    0.00000   -0.00000    0.00000    2
    4      0.580D-05      0.128D-15        -1.11750588      1.360105    0.00000   -0.00000   -0.00000    2
    5      0.453D-15      0.333D-15        -1.11750588      1.360105    0.00000   -0.00000   -0.00000    0

 Final occupancy:   1

 !RHF STATE 1.1 Energy                 -1.117505884736
 Nuclear energy                         0.74296611
 One-electron energy                   -2.54052442
 Two-electron energy                    0.68005242
 Virial quotient                       -0.92477617
 !RHF STATE 1.1 Dipole moment           0.00000000    -0.00000000    -0.00000000
 Dipole moment /Debye                   0.00000000    -0.00000000    -0.00000000

 Orbital energies:

         1.1          2.1
     -0.590210     0.700625


 **********************************************************************************************************************************
 DATASETS  * FILE   NREC   LENGTH (MB)   RECORD NAMES
              1      21        2.76       500      610      700      702      900      950      970     1001      129      960   
                                          VAR    BASINP    GEOM     GEOM    SYMINP    ZMAT    AOBASIS   BASIS     P2S    ABASIS    
                                         1100     1400     1410     1200     1210     1080     1600     1650     1300     1700   
                                           S        T        V       H0       H01     AOSYM     SMH    MOLCAS    ERIS     OPER   
                                         2100   
                                          RHF  

              2       7        0.67       700     1000     2100      701     5500      702     1001   
                                         GEOM     BASIS     RHF     GEOM     HINFO    GEOM     BASIS   

 PROGRAMS   *        TOTAL        HF      OPTG        HF       INT
 CPU TIMES  *         6.46      0.07      4.59      0.05      0.12
 REAL TIME  *         7.03 SEC
 DISK USED  *         8.52 MB      
 **********************************************************************************************************************************
1PROGRAM * ALASKA (Gradient of the energy)     Author: R. Lindh

 Orbitals from record         2100.1

 Number of closed-shell orbitals:  1 (  1 )
 Number of occupied orbitals:      1 (  1 )

 Number of electrons=  2     Singlet     Space symmetry=1      Wavefunction type: CLOSED          


 SCF GRADIENT FOR STATE 1.1

 Atom          dE/dx               dE/dy               dE/dz

   1         0.000000000         0.000000158        -0.000021222
   2         0.000000000        -0.000000158         0.000021222

 Nuclear force contribution to virial =         0.000028565
 Starting task   3.  CPU=     2.37 sec, Elapsed=     2.47 sec
 Incrementing variable H1Z1             by  0.010000 BOH   to   -0.662960 BOH


 Recomputing integrals since geometry changed

1PROGRAM * SEWARD (Integral evaluation for generally contracted gaussian basis sets)     Author: Roland Lindh, 1990

 Geometry written to block  1 of record 702


 Point group  C1  



 ATOMIC COORDINATES

 NR  ATOM    CHARGE       X              Y              Z

   1  H1      1.00    0.000000000    0.000000000   -0.662959629
   2  H2      1.00    0.000000000    0.000000000    0.672959629

 Bond lengths in Bohr (Angstrom)

 1-2  1.335919258
     ( 0.706938024)

 NUCLEAR CHARGE:                    2
 NUMBER OF PRIMITIVE AOS:           6
 NUMBER OF SYMMETRY AOS:            6
 NUMBER OF CONTRACTIONS:            2   (   2A   )
 NUMBER OF CORE ORBITALS:           0   (   0A   )
 NUMBER OF VALENCE ORBITALS:        2   (   2A   )


 NUCLEAR REPULSION ENERGY    0.74854823


 Eigenvalues of metric

         1 0.318E+00 0.168E+01


 Contracted 2-electron integrals neglected if value below      1.0D-11
 AO integral compression algorithm  1   Integral accuracy      1.0D-11

     0.262 MB (compressed) written to integral file (100.0%)


 NUMBER OF SORTED TWO-ELECTRON INTEGRALS:          6.     BUFFER LENGTH:  32768
 NUMBER OF SEGMENTS:   1  SEGMENT LENGTH:          6      RECORD LENGTH: 524288

 Memory used in sort:       0.56 MW

 SORT1 READ           7. AND WROTE           6. INTEGRALS IN      1 RECORDS. CPU TIME:     0.00 SEC, REAL TIME:     0.00 SEC
 SORT2 READ           6. AND WROTE           6. INTEGRALS IN      1 RECORDS. CPU TIME:     0.00 SEC, REAL TIME:     0.00 SEC

 FILE SIZES:   FILE 1:     3.0 MBYTE,  FILE 4:     4.2 MBYTE,   TOTAL:      7.2 MBYTE

 OPERATOR DM      FOR CENTER  0  COORDINATES:    0.000000    0.000000    0.000000
1PROGRAM * RHF-SCF (CLOSED SHELL)       Authors: W. Meyer, H.-J. Werner


 NUMBER OF ELECTRONS:       1+    1-    SPACE SYMMETRY=1    SPIN SYMMETRY: Singlet 
 CONVERGENCE THRESHOLDS:    1.00E-07 (Density)    1.00E-08 (Energy)
 MAX. NUMBER OF ITERATIONS:       60
 INTERPOLATION TYPE:            DIIS
 INTERPOLATION STEPS:              2 (START)      1 (STEP)
 LEVEL SHIFTS:                  0.00 (CLOSED)  0.00 (OPEN) 

 Number of closed-shell orbitals:    1 (   1 )


 Molecular orbitals read from record     2100.2  Type=RHF/CANONICAL (state 1.1)

 Present basis size:       2
 Previous basis size:      1   0   0   0   1
 Previous occupation:      1   0   0   0   0
 Previous closed-shells:   1   0   0   0   0
 Present occupation:       1
 Present closed-shells:    1
 Wavefunction symmetry:    1   Singlet 

 Orbital overlap <old|new>:  < 1.1| 1.1> = 0.999996

 Molecular orbital dump at record        2100.1

 ITERATION    DDIFF          GRAD             ENERGY        2-EL.EN.            DIPOLE MOMENTS         DIIS
    1      0.000D+00      0.000D+00        -1.11746396      1.362140    0.00000    0.00000    0.00860    0
    2      0.000D+00      0.318D-02        -1.11747680      1.362132    0.00000    0.00000    0.00087    1
    3      0.473D-02      0.321D-03        -1.11747693      1.362132    0.00000    0.00000   -0.00000    2
    4      0.532D-03      0.114D-09        -1.11747693      1.362132    0.00000    0.00000   -0.00000    2
    5      0.189D-09      0.000D+00        -1.11747693      1.362132    0.00000    0.00000   -0.00000    0

 Final occupancy:   1

 !RHF STATE 1.1 Energy                 -1.117476929885
 Nuclear energy                         0.74854823
 One-electron energy                   -2.54709111
 Two-electron energy                    0.68106595
 Virial quotient                       -0.92365520
 !RHF STATE 1.1 Dipole moment           0.00000000     0.00000000    -0.00000000
 Dipole moment /Debye                   0.00000000     0.00000000    -0.00000000

 Orbital energies:

         1.1          2.1
     -0.592480     0.706455


 **********************************************************************************************************************************
 DATASETS  * FILE   NREC   LENGTH (MB)   RECORD NAMES
              1      21        2.76       500      610      700      702      900      950      970     1001      129      960   
                                          VAR    BASINP    GEOM     GEOM    SYMINP    ZMAT    AOBASIS   BASIS     P2S    ABASIS    
                                         1100     1400     1410     1200     1210     1080     1600     1650     1300     1700   
                                           S        T        V       H0       H01     AOSYM     SMH    MOLCAS    ERIS     OPER   
                                         2100   
                                          RHF  

              2       7        0.67       700     1000     2100      701     5500      702     1001   
                                         GEOM     BASIS     RHF     GEOM     HINFO    GEOM     BASIS   

 PROGRAMS   *        TOTAL        HF      OPTG        HF       INT
 CPU TIMES  *         7.64      0.09      4.59      0.05      0.12
 REAL TIME  *         8.30 SEC
 DISK USED  *         8.52 MB      
 **********************************************************************************************************************************
1PROGRAM * ALASKA (Gradient of the energy)     Author: R. Lindh

 Orbitals from record         2100.1

 Number of closed-shell orbitals:  1 (  1 )
 Number of occupied orbitals:      1 (  1 )

 Number of electrons=  2     Singlet     Space symmetry=1      Wavefunction type: CLOSED          


 SCF GRADIENT FOR STATE 1.1

 Atom          dE/dx               dE/dy               dE/dz

   1         0.000000000         0.000000000         0.005822031
   2         0.000000000         0.000000000        -0.005822031

 Nuclear force contribution to virial =        -0.007777764
 Starting task   4.  CPU=     3.53 sec, Elapsed=     3.66 sec
 Incrementing variable H1Z1             by -0.010000 BOH   to   -0.682960 BOH


 Recomputing integrals since geometry changed

1PROGRAM * SEWARD (Integral evaluation for generally contracted gaussian basis sets)     Author: Roland Lindh, 1990

 Geometry written to block  1 of record 702


 Point group  C1  



 ATOMIC COORDINATES

 NR  ATOM    CHARGE       X              Y              Z

   1  H1      1.00    0.000000000    0.000000000   -0.682959629
   2  H2      1.00    0.000000000    0.000000000    0.672959629

 Bond lengths in Bohr (Angstrom)

 1-2  1.355919258
     ( 0.717521568)

 NUCLEAR CHARGE:                    2
 NUMBER OF PRIMITIVE AOS:           6
 NUMBER OF SYMMETRY AOS:            6
 NUMBER OF CONTRACTIONS:            2   (   2A   )
 NUMBER OF CORE ORBITALS:           0   (   0A   )
 NUMBER OF VALENCE ORBITALS:        2   (   2A   )


 NUCLEAR REPULSION ENERGY    0.73750704


 Eigenvalues of metric

         1 0.325E+00 0.167E+01


 Contracted 2-electron integrals neglected if value below      1.0D-11
 AO integral compression algorithm  1   Integral accuracy      1.0D-11

     0.262 MB (compressed) written to integral file (100.0%)


 NUMBER OF SORTED TWO-ELECTRON INTEGRALS:          6.     BUFFER LENGTH:  32768
 NUMBER OF SEGMENTS:   1  SEGMENT LENGTH:          6      RECORD LENGTH: 524288

 Memory used in sort:       0.56 MW

 SORT1 READ           7. AND WROTE           6. INTEGRALS IN      1 RECORDS. CPU TIME:     0.00 SEC, REAL TIME:     0.01 SEC
 SORT2 READ           6. AND WROTE           6. INTEGRALS IN      1 RECORDS. CPU TIME:     0.00 SEC, REAL TIME:     0.00 SEC

 FILE SIZES:   FILE 1:     3.0 MBYTE,  FILE 4:     4.2 MBYTE,   TOTAL:      7.2 MBYTE

 OPERATOR DM      FOR CENTER  0  COORDINATES:    0.000000    0.000000    0.000000
1PROGRAM * RHF-SCF (CLOSED SHELL)       Authors: W. Meyer, H.-J. Werner


 NUMBER OF ELECTRONS:       1+    1-    SPACE SYMMETRY=1    SPIN SYMMETRY: Singlet 
 CONVERGENCE THRESHOLDS:    1.00E-07 (Density)    1.00E-08 (Energy)
 MAX. NUMBER OF ITERATIONS:       60
 INTERPOLATION TYPE:            DIIS
 INTERPOLATION STEPS:              2 (START)      1 (STEP)
 LEVEL SHIFTS:                  0.00 (CLOSED)  0.00 (OPEN) 

 Number of closed-shell orbitals:    1 (   1 )


 Molecular orbitals read from record     2100.2  Type=RHF/CANONICAL (state 1.1)

 Present basis size:       2
 Previous basis size:      1   0   0   0   1
 Previous occupation:      1   0   0   0   0
 Previous closed-shells:   1   0   0   0   0
 Present occupation:       1
 Present closed-shells:    1
 Wavefunction symmetry:    1   Singlet 

 Orbital overlap <old|new>:  < 1.1| 1.1> = 0.999996

 Molecular orbital dump at record        2100.1

 ITERATION    DDIFF          GRAD             ENERGY        2-EL.EN.            DIPOLE MOMENTS         DIIS
    1      0.000D+00      0.000D+00        -1.11746462      1.358100    0.00000    0.00000   -0.00869    0
    2      0.000D+00      0.315D-02        -1.11747741      1.358093    0.00000    0.00000   -0.00087    1
    3      0.471D-02      0.314D-03        -1.11747754      1.358092    0.00000    0.00000    0.00000    2
    4      0.521D-03      0.112D-09        -1.11747754      1.358092    0.00000    0.00000    0.00000    2
    5      0.186D-09      0.333D-15        -1.11747754      1.358092    0.00000    0.00000    0.00000    0

 Final occupancy:   1

 !RHF STATE 1.1 Energy                 -1.117477541993
 Nuclear energy                         0.73750704
 One-electron energy                   -2.53403082
 Two-electron energy                    0.67904624
 Virial quotient                       -0.92582638
 !RHF STATE 1.1 Dipole moment           0.00000000     0.00000000     0.00000000
 Dipole moment /Debye                   0.00000000     0.00000000     0.00000000

 Orbital energies:

         1.1          2.1
     -0.587969     0.694898


 **********************************************************************************************************************************
 DATASETS  * FILE   NREC   LENGTH (MB)   RECORD NAMES
              1      21        2.76       500      610      700      702      900      950      970     1001      129      960   
                                          VAR    BASINP    GEOM     GEOM    SYMINP    ZMAT    AOBASIS   BASIS     P2S    ABASIS    
                                         1100     1400     1410     1200     1210     1080     1600     1650     1300     1700   
                                           S        T        V       H0       H01     AOSYM     SMH    MOLCAS    ERIS     OPER   
                                         2100   
                                          RHF  

              2       7        0.67       700     1000     2100      701     5500      702     1001   
                                         GEOM     BASIS     RHF     GEOM     HINFO    GEOM     BASIS   

 PROGRAMS   *        TOTAL        HF      OPTG        HF       INT
 CPU TIMES  *         8.78      0.08      4.59      0.05      0.12
 REAL TIME  *         9.49 SEC
 DISK USED  *         8.52 MB      
 **********************************************************************************************************************************
1PROGRAM * ALASKA (Gradient of the energy)     Author: R. Lindh

 Orbitals from record         2100.1

 Number of closed-shell orbitals:  1 (  1 )
 Number of occupied orbitals:      1 (  1 )

 Number of electrons=  2     Singlet     Space symmetry=1      Wavefunction type: CLOSED          


 SCF GRADIENT FOR STATE 1.1

 Atom          dE/dx               dE/dy               dE/dz

   1         0.000000000         0.000000000        -0.005638631
   2         0.000000000         0.000000000         0.005638631

 Nuclear force contribution to virial =         0.007645528

 Numerical HF-SCF000 hessian completed. CPU-time:     4.70 sec, Elapsed:     4.85 sec

 Recomputing wavefunction at initial geometry


 Recomputing integrals since geometry and symmetry changed


 Using spherical harmonics

 Library entry H      S STO-3G               selected for orbital group  1

1PROGRAM * SEWARD (Integral evaluation for generally contracted gaussian basis sets)     Author: Roland Lindh, 1990

 Geometry written to block  1 of record 700

 Orientation using atomic masses  
 Molecule type: Linear
 Symmetry elements: X,Y,Z
 Rotational constants:    1976.8432045   1976.8432045      0.0000000 GHz  (calculated with average atomic masses)

 Point group  D2h 



 ATOMIC COORDINATES

 NR  ATOM    CHARGE       X              Y              Z

   1  H1      1.00    0.000000000    0.000000000   -0.672959629
   2  H2      1.00    0.000000000    0.000000000    0.672959629

 Bond lengths in Bohr (Angstrom)

 1-2  1.345919258
     ( 0.712229796)

 NUCLEAR CHARGE:                    2
 NUMBER OF PRIMITIVE AOS:           6
 NUMBER OF SYMMETRY AOS:            6
 NUMBER OF CONTRACTIONS:            2   (   1Ag  +   0B3u +   0B2u +   0B1g +   1B1u +   0B2g +   0B3g +   0Au  )
 NUMBER OF CORE ORBITALS:           0   (   0Ag  +   0B3u +   0B2u +   0B1g +   0B1u +   0B2g +   0B3g +   0Au  )
 NUMBER OF VALENCE ORBITALS:        2   (   1Ag  +   0B3u +   0B2u +   0B1g +   1B1u +   0B2g +   0B3g +   0Au  )

 SYMMETRY CHANGED: INITIALIZING OCCUPATION


 NUCLEAR REPULSION ENERGY    0.74298662


 Eigenvalues of metric

         1 0.168E+01
         5 0.322E+00


 Contracted 2-electron integrals neglected if value below      1.0D-11
 AO integral compression algorithm  1   Integral accuracy      1.0D-11

     0.262 MB (compressed) written to integral file (100.0%)


 NUMBER OF SORTED TWO-ELECTRON INTEGRALS:          5.     BUFFER LENGTH:  32768
 NUMBER OF SEGMENTS:   1  SEGMENT LENGTH:          5      RECORD LENGTH: 524288

 Memory used in sort:       0.56 MW

 SORT1 READ           8. AND WROTE           5. INTEGRALS IN      1 RECORDS. CPU TIME:     0.00 SEC, REAL TIME:     0.01 SEC
 SORT2 READ           5. AND WROTE           5. INTEGRALS IN      1 RECORDS. CPU TIME:     0.00 SEC, REAL TIME:     0.00 SEC

 FILE SIZES:   FILE 1:     2.8 MBYTE,  FILE 4:     4.2 MBYTE,   TOTAL:      7.0 MBYTE

 OPERATOR DM      FOR CENTER  0  COORDINATES:    0.000000    0.000000    0.000000
1PROGRAM * RHF-SCF (CLOSED SHELL)       Authors: W. Meyer, H.-J. Werner


 NUMBER OF ELECTRONS:       1+    1-
 CONVERGENCE THRESHOLDS:    1.00E-07 (Density)    1.00E-08 (Energy)
 MAX. NUMBER OF ITERATIONS:       60
 INTERPOLATION TYPE:            DIIS
 INTERPOLATION STEPS:              2 (START)      1 (STEP)
 LEVEL SHIFTS:                  0.00 (CLOSED)  0.00 (OPEN) 



 Molecular orbitals read from record     2100.2  Type=RHF/CANONICAL (state 1.1)

 Molecular orbital dump at record        2100.2

 ITERATION    DDIFF          GRAD             ENERGY        2-EL.EN.            DIPOLE MOMENTS         DIIS
    1      0.000D+00      0.000D+00        -1.11750589      1.360112    0.00000    0.00000    0.00000    0
    2      0.000D+00      0.000D+00        -1.11750589      1.360112    0.00000    0.00000    0.00000    0

 Final occupancy:   1   0   0   0   0

 !RHF STATE 1.1 Energy                 -1.117505885129
 Nuclear energy                         0.74298662
 One-electron energy                   -2.54054868
 Two-electron energy                    0.68005617
 Virial quotient                       -0.92477213
 !RHF STATE 1.1 Dipole moment           0.00000000     0.00000000     0.00000000
 Dipole moment /Debye                   0.00000000     0.00000000     0.00000000

 Orbital energies:

         1.1
     -0.590218

         1.5
      0.700646


 **********************************************************************************************************************************
 DATASETS  * FILE   NREC   LENGTH (MB)   RECORD NAMES
              1      19        2.53       500      610      700      900      950      970     1000      129      960     1100   
                                          VAR    BASINP    GEOM    SYMINP    ZMAT    AOBASIS   BASIS     P2S    ABASIS      S 
                                         1400     1410     1200     1210     1080     1600     1650     1300     1700   
                                           T        V       H0       H01     AOSYM     SMH    MOLCAS    ERIS     OPER   

              2       6        0.26       700     1000     2100     5300     5400     5450   
                                         GEOM     BASIS     RHF     HESS     FREQ     NMOD   

 PROGRAMS   *        TOTAL        HF      OPTG        HF       INT
 CPU TIMES  *         9.98      0.13      4.59      0.05      0.12
 REAL TIME  *        10.71 SEC
 DISK USED  *         8.52 MB      
 **********************************************************************************************************************************
