
 Running default procedure: KS-SCF000
1PROGRAM * ALASKA (Gradient of the energy)     Author: R. Lindh

 Orbitals from record         2100.2

 Number of closed-shell orbitals:  1 (  1  0  0  0  0  0  0 )
 Number of occupied orbitals:      1 (  1  0  0  0  0  0  0 )

 Number of electrons=  2     Singlet     Space symmetry=1      Wavefunction type: CLOSED          


 DFT GRADIENT, EXFAC=     0.200

 RKS GRADIENT FOR STATE 1.1

 Atom          dE/dx               dE/dy               dE/dz

   1         0.000000000         0.000000000         0.015234464
   2        -0.000000000        -0.000000000        -0.015234464

 Nuclear force contribution to virial =        -0.021303833
 Reading points  1 to  1 from record 700.2,  wavefunction type=KS-SCF000       

 Making model hessian for Z-matrix coordinates
 No hessian update for point  1

 Quadratic Steepest Descent - Minimum Search

 Optimization point 1

 Variable                      Last           Current        Next           Gradient       Hessian

 E(KS-SCF000) / Hartree      0.00000000    -1.17373159     0.00000000
 D / ANG                     0.00000000     0.74000000     0.76046367    -0.02878896     1.40683292
 Convergence:                0.00000000  (line search)     0.03867073     0.01523446  (total)

 Geometry written to block  2 of record 700


 Recomputing integrals since geometry changed

1PROGRAM * SEWARD (Integral evaluation for generally contracted gaussian basis sets)     Author: Roland Lindh, 1990

 Geometry written to block  2 of record 700

 Orientation using atomic masses  
 Molecule type: Linear
 Symmetry elements: X,Y,Z
 Rotational constants:    1734.0258182   1734.0258182      0.0000000 GHz  (calculated with average atomic masses)

 Point group  D2h 



 ATOMIC COORDINATES

 NR  ATOM    CHARGE       X              Y              Z

   1  H1      1.00    0.000000000    0.000000000   -0.718534034
   2  H2      1.00    0.000000000    0.000000000    0.718534034

 Bond lengths in Bohr (Angstrom)

 1-2  1.437068068
     ( 0.760463670)

 NUCLEAR CHARGE:                    2
 NUMBER OF PRIMITIVE AOS:          22
 NUMBER OF SYMMETRY AOS:           22
 NUMBER OF CONTRACTIONS:           18   (   5Ag  +   2B3u +   2B2u +   0B1g +   5B1u +   2B2g +   2B3g +   0Au  )
 NUMBER OF CORE ORBITALS:           0   (   0Ag  +   0B3u +   0B2u +   0B1g +   0B1u +   0B2g +   0B3g +   0Au  )
 NUMBER OF VALENCE ORBITALS:        2   (   1Ag  +   0B3u +   0B2u +   0B1g +   1B1u +   0B2g +   0B3g +   0Au  )


 NUCLEAR REPULSION ENERGY    0.69586126


 Eigenvalues of metric

         1 0.781E-01 0.174E+00 0.802E+00 0.143E+01 0.474E+01
         2 0.812E+00 0.252E+01
         3 0.812E+00 0.252E+01
         5 0.302E-03 0.200E-01 0.217E-01 0.449E+00 0.229E+01
         6 0.111E+00 0.552E+00
         7 0.111E+00 0.552E+00


 Contracted 2-electron integrals neglected if value below      1.0D-11
 AO integral compression algorithm  1   Integral accuracy      1.0D-11

     0.262 MB (compressed) written to integral file (100.0%)


 NUMBER OF SORTED TWO-ELECTRON INTEGRALS:       2829.     BUFFER LENGTH:  32768
 NUMBER OF SEGMENTS:   1  SEGMENT LENGTH:       2829      RECORD LENGTH: 524288

 Memory used in sort:       0.56 MW

 SORT1 READ        8184. AND WROTE        2829. INTEGRALS IN      1 RECORDS. CPU TIME:     0.01 SEC, REAL TIME:     0.02 SEC
 SORT2 READ        2829. AND WROTE        2829. INTEGRALS IN      1 RECORDS. CPU TIME:     0.02 SEC, REAL TIME:     0.06 SEC

 FILE SIZES:   FILE 1:     2.8 MBYTE,  FILE 4:     4.2 MBYTE,   TOTAL:      7.0 MBYTE

 OPERATOR DM      FOR CENTER  0  COORDINATES:    0.000000    0.000000    0.000000
 Density functional group B3LYP3=B88+DIRAC+LYP+VWN3
 Functional: B88(Automatically generated B88)                                  Gradient terms: 1
 Functional: DIRAC(Automatically generated DIRAC)                              Gradient terms: 0
 Functional: LYP(Lee-Yang-Parr gradient-corrected correlation energy (1988))   Gradient terms: 1
 Functional: VWN3(Automatically generated VWN3)                                Gradient terms: 0
 Use grid at  1800.2


 Exact exchange will be calculated, factor:  0.2000

 Functional: B88                       Factor:  0.7200
 Functional: DIRAC                     Factor:  0.0800
 Functional: LYP                       Factor:  0.8100
 Functional: VWN3                      Factor:  0.1900

 Generated new metagrid on record  1800.2 with target accuracy 1.0D-06 and 676 points in CPU time    0.0
 Computed new grid on record 1800.1 in CPU time    0.0
   18068 words reserved for DFT integration

 PROGRAM * RKS-SCF (Restricted closed shell Kohn-Sham)     Authors: W. Meyer, H.-J. Werner, P.J. Knowles, 1993

 NUMBER OF ELECTRONS:       1+    1-
 CONVERGENCE THRESHOLDS:    1.00E-05 (Density)    1.00E-07 (Energy)
 MAX. NUMBER OF ITERATIONS:       60
 INTERPOLATION TYPE:            DIIS
 INTERPOLATION STEPS:              2 (START)      1 (STEP)
 LEVEL SHIFTS:                  0.00 (CLOSED)  0.00 (OPEN) 

 Number of closed-shell orbitals:    1 (   1   0   0   0   0   0   0 )


 Use fine grid record 1800.2 for energy threshold 1.0D-06
 Molecular orbitals read from record     2100.2  Type=RKS/CANONICAL (state 1.1)

 Molecular orbital dump at record        2100.2

 ITERATION    DDIFF          GRAD             ENERGY        2-EL.EN.            DIPOLE MOMENTS         DIIS
    1      0.000D+00      0.000D+00        -1.17397566      2.353440    0.00000    0.00000    0.00000    0
    2      0.000D+00      0.162D-02        -1.17402431      2.339332    0.00000    0.00000    0.00000    1
    3      0.747D-02      0.308D-03        -1.17402622      2.341793    0.00000    0.00000    0.00000    2
    4      0.101D-02      0.104D-04        -1.17402622      2.341755    0.00000    0.00000    0.00000    3
    5      0.446D-04      0.101D-06        -1.17402622      2.341755    0.00000    0.00000    0.00000    4
    6      0.217D-06      0.154D-08        -1.17402622      2.341755    0.00000    0.00000    0.00000    0

 Final occupancy:   1   0   0   0   0   0   0

 !RKS STATE 1.1 Energy                 -1.174026217815
 Nuclear energy                         0.69586126
 One-electron energy                   -2.47465117
 Two-electron energy                    1.17087755
 SCF exchange energy                   -0.65048753     Factor=0.2000
 Density functional                    -0.56611386     B88=-0.64695931 DIRAC=-0.56009426 LYP=-0.03803273 VWN3=-0.12994263
 Virial quotient                       -1.08194886
 !RKS STATE 1.1 Dipole moment           0.00000000     0.00000000     0.00000000
 Dipole moment /Debye                   0.00000000     0.00000000     0.00000000

 Orbital energies:

         1.1          2.1          3.1
     -0.428028     0.025559     0.313417

         1.2          2.2
      0.167792     1.358766

         1.3          2.3
      0.167792     1.358766

         1.5          2.5
      0.015123     0.130485

         1.6          2.6
      0.355528     1.966859

         1.7          2.7
      0.355528     1.966859


 **********************************************************************************************************************************
 DATASETS  * FILE   NREC   LENGTH (MB)   RECORD NAMES
              1      20        2.59       500      610      700      900      950      970     1000      129      960     1100   
                                          VAR    BASINP    GEOM    SYMINP    ZMAT    AOBASIS   BASIS     P2S    ABASIS      S 
                                         1400     1410     1200     1210     1080     1600     1650     1300     1700     1800   
                                           T        V       H0       H01     AOSYM     SMH    MOLCAS    ERIS     OPER     GRID   

              2       4        0.26       700     1000     1800     2100   
                                         GEOM     BASIS    GRID      RKS  

 PROGRAMS   *        TOTAL        KS        KS       INT
 CPU TIMES  *         2.20      0.24      0.18      0.08
 REAL TIME  *         3.58 SEC
 DISK USED  *         7.52 MB      
 **********************************************************************************************************************************

 PROGRESS OF GEOMETRY OPTIMIZATION.    TOTAL CPU:         1.5 SEC

 ITER.   ENERGY(OLD)    ENERGY(NEW)      DE          GRADMAX     GRADNORM    GRADRMS     STEPMAX     STEPLEN     STEPRMS
   1    -1.17373159    -1.17402622    -0.00029462  0.01523446  0.01523446  0.01523446  0.03867073  0.03867073  0.03867073

 **********************************************************************************************************************************

 Current geometry (xyz format, in Angstrom)

    2
 KS-SCF000/AUG-CC-PVDZ  ENERGY=-1.17402622
 H          0.0000000000        0.0000000000       -0.3802318348
 H          0.0000000000        0.0000000000        0.3802318348

 **********************************************************************************************************************************
1PROGRAM * ALASKA (Gradient of the energy)     Author: R. Lindh

 Orbitals from record         2100.2

 Number of closed-shell orbitals:  1 (  1  0  0  0  0  0  0 )
 Number of occupied orbitals:      1 (  1  0  0  0  0  0  0 )

 Number of electrons=  2     Singlet     Space symmetry=1      Wavefunction type: CLOSED          


 DFT GRADIENT, EXFAC=     0.200

 RKS GRADIENT FOR STATE 1.1

 Atom          dE/dx               dE/dy               dE/dz

   1         0.000000000         0.000000000         0.000251014
   2        -0.000000000        -0.000000000        -0.000251014

 Nuclear force contribution to virial =        -0.000360725
 Reading points  1 to  2 from record 700.2,  wavefunction type=KS-SCF000       

 Making model hessian for Z-matrix coordinates
 BFGS update of hessian using  1 points

 Quadratic Steepest Descent - Minimum Search

 Optimization point 2

 Variable                      Last           Current        Next           Gradient       Hessian

 E(KS-SCF000) / Hartree     -1.17373159    -1.17402622     0.00000000
 D / ANG                     0.74000000     0.76046367     0.76080649    -0.00047435     1.38365289
 Convergence:                0.00000000  (line search)     0.00064784     0.00025101  (total)

 Geometry written to block  3 of record 700


 Recomputing integrals since geometry changed

1PROGRAM * SEWARD (Integral evaluation for generally contracted gaussian basis sets)     Author: Roland Lindh, 1990

 Geometry written to block  3 of record 700

 Orientation using atomic masses  
 Molecule type: Linear
 Symmetry elements: X,Y,Z
 Rotational constants:    1732.4634486   1732.4634486      0.0000000 GHz  (calculated with average atomic masses)

 Point group  D2h 



 ATOMIC COORDINATES

 NR  ATOM    CHARGE       X              Y              Z

   1  H1      1.00    0.000000000    0.000000000   -0.718857955
   2  H2      1.00    0.000000000    0.000000000    0.718857955

 Bond lengths in Bohr (Angstrom)

 1-2  1.437715910
     ( 0.760806493)

 NUCLEAR CHARGE:                    2
 NUMBER OF PRIMITIVE AOS:          22
 NUMBER OF SYMMETRY AOS:           22
 NUMBER OF CONTRACTIONS:           18   (   5Ag  +   2B3u +   2B2u +   0B1g +   5B1u +   2B2g +   2B3g +   0Au  )
 NUMBER OF CORE ORBITALS:           0   (   0Ag  +   0B3u +   0B2u +   0B1g +   0B1u +   0B2g +   0B3g +   0Au  )
 NUMBER OF VALENCE ORBITALS:        2   (   1Ag  +   0B3u +   0B2u +   0B1g +   1B1u +   0B2g +   0B3g +   0Au  )


 NUCLEAR REPULSION ENERGY    0.69554770


 Eigenvalues of metric

         1 0.781E-01 0.174E+00 0.802E+00 0.143E+01 0.474E+01
         2 0.812E+00 0.252E+01
         3 0.812E+00 0.252E+01
         5 0.302E-03 0.201E-01 0.218E-01 0.449E+00 0.229E+01
         6 0.111E+00 0.553E+00
         7 0.111E+00 0.553E+00


 Contracted 2-electron integrals neglected if value below      1.0D-11
 AO integral compression algorithm  1   Integral accuracy      1.0D-11

     0.262 MB (compressed) written to integral file (100.0%)


 NUMBER OF SORTED TWO-ELECTRON INTEGRALS:       2829.     BUFFER LENGTH:  32768
 NUMBER OF SEGMENTS:   1  SEGMENT LENGTH:       2829      RECORD LENGTH: 524288

 Memory used in sort:       0.56 MW

 SORT1 READ        8184. AND WROTE        2829. INTEGRALS IN      1 RECORDS. CPU TIME:     0.00 SEC, REAL TIME:     0.02 SEC
 SORT2 READ        2829. AND WROTE        2829. INTEGRALS IN      1 RECORDS. CPU TIME:     0.02 SEC, REAL TIME:     0.03 SEC

 FILE SIZES:   FILE 1:     2.8 MBYTE,  FILE 4:     4.2 MBYTE,   TOTAL:      7.0 MBYTE

 OPERATOR DM      FOR CENTER  0  COORDINATES:    0.000000    0.000000    0.000000
 Density functional group B3LYP3=B88+DIRAC+LYP+VWN3
 Functional: B88(Automatically generated B88)                                  Gradient terms: 1
 Functional: DIRAC(Automatically generated DIRAC)                              Gradient terms: 0
 Functional: LYP(Lee-Yang-Parr gradient-corrected correlation energy (1988))   Gradient terms: 1
 Functional: VWN3(Automatically generated VWN3)                                Gradient terms: 0
 Use grid at  1800.2


 Exact exchange will be calculated, factor:  0.2000

 Functional: B88                       Factor:  0.7200
 Functional: DIRAC                     Factor:  0.0800
 Functional: LYP                       Factor:  0.8100
 Functional: VWN3                      Factor:  0.1900

 Generated new metagrid on record  1800.2 with target accuracy 1.0D-06 and 676 points in CPU time    0.0
 Computed new grid on record 1800.1 in CPU time    0.0
   18068 words reserved for DFT integration

 PROGRAM * RKS-SCF (Restricted closed shell Kohn-Sham)     Authors: W. Meyer, H.-J. Werner, P.J. Knowles, 1993

 NUMBER OF ELECTRONS:       1+    1-
 CONVERGENCE THRESHOLDS:    1.00E-05 (Density)    1.00E-07 (Energy)
 MAX. NUMBER OF ITERATIONS:       60
 INTERPOLATION TYPE:            DIIS
 INTERPOLATION STEPS:              2 (START)      1 (STEP)
 LEVEL SHIFTS:                  0.00 (CLOSED)  0.00 (OPEN) 

 Number of closed-shell orbitals:    1 (   1   0   0   0   0   0   0 )


 Use fine grid record 1800.2 for energy threshold 1.0D-06
 Molecular orbitals read from record     2100.2  Type=RKS/CANONICAL (state 1.1)

 Molecular orbital dump at record        2100.2

 ITERATION    DDIFF          GRAD             ENERGY        2-EL.EN.            DIPOLE MOMENTS         DIIS
    1      0.000D+00      0.000D+00        -1.17402629      2.341545    0.00000    0.00000    0.00000    0
    2      0.000D+00      0.266D-04        -1.17402630      2.341312    0.00000    0.00000    0.00000    1
    3      0.123D-03      0.509D-05        -1.17402630      2.341352    0.00000    0.00000    0.00000    2
    4      0.166D-04      0.165D-06        -1.17402630      2.341352    0.00000    0.00000    0.00000    3
    5      0.710D-06      0.316D-08        -1.17402630      2.341352    0.00000    0.00000    0.00000    0

 Final occupancy:   1   0   0   0   0   0   0

 !RKS STATE 1.1 Energy                 -1.174026304358
 Nuclear energy                         0.69554770
 One-electron energy                   -2.47421923
 Two-electron energy                    1.17067585
 SCF exchange energy                   -0.65037547     Factor=0.2000
 Density functional                    -0.56603063     B88=-0.64685864 DIRAC=-0.56000388 LYP=-0.03803012 VWN3=-0.12993530
 Virial quotient                       -1.08222624
 !RKS STATE 1.1 Dipole moment           0.00000000     0.00000000     0.00000000
 Dipole moment /Debye                   0.00000000     0.00000000     0.00000000

 Orbital energies:

         1.1          2.1          3.1
     -0.427960     0.025561     0.313409

         1.2          2.2
      0.167777     1.358771

         1.3          2.3
      0.167777     1.358771

         1.5          2.5
      0.015095     0.130440

         1.6          2.6
      0.355501     1.966647

         1.7          2.7
      0.355501     1.966647


 **********************************************************************************************************************************
 DATASETS  * FILE   NREC   LENGTH (MB)   RECORD NAMES
              1      20        2.59       500      610      700      900      950      970     1000      129      960     1100   
                                          VAR    BASINP    GEOM    SYMINP    ZMAT    AOBASIS   BASIS     P2S    ABASIS      S 
                                         1400     1410     1200     1210     1080     1600     1650     1300     1700     1800   
                                           T        V       H0       H01     AOSYM     SMH    MOLCAS    ERIS     OPER     GRID   

              2       4        0.26       700     1000     1800     2100   
                                         GEOM     BASIS    GRID      RKS  

 PROGRAMS   *        TOTAL        KS        KS       INT
 CPU TIMES  *         3.47      0.22      0.18      0.08
 REAL TIME  *         4.99 SEC
 DISK USED  *         7.52 MB      
 **********************************************************************************************************************************

 PROGRESS OF GEOMETRY OPTIMIZATION.    TOTAL CPU:         2.8 SEC

 ITER.   ENERGY(OLD)    ENERGY(NEW)      DE          GRADMAX     GRADNORM    GRADRMS     STEPMAX     STEPLEN     STEPRMS
   1    -1.17373159    -1.17402622    -0.00029462  0.01523446  0.01523446  0.01523446  0.03867073  0.03867073  0.03867073
   2    -1.17402622    -1.17402630    -0.00000009  0.00025101  0.00025101  0.00025101  0.00064784  0.00064784  0.00064784

 **********************************************************************************************************************************

 Current geometry (xyz format, in Angstrom)

    2
 KS-SCF000/AUG-CC-PVDZ  ENERGY=-1.17402630
 H          0.0000000000        0.0000000000       -0.3804032464
 H          0.0000000000        0.0000000000        0.3804032464

 **********************************************************************************************************************************
 Cartesian Coordinates are in [bohr]
 Creating new Variables:
 H1X1              0.00000000
 H1Y1              0.00000000
 H1Z1             -0.71885796
 H2X2              0.00000000
 H2Y2              0.00000000
 H2Z2              0.71885796


 Recomputing integrals since symmetry changed


 Using spherical harmonics

 Library entry H      S aug-cc-pVDZ          selected for orbital group  1
 Library entry H      P aug-cc-pVDZ          selected for orbital group  1

1PROGRAM * SEWARD (Integral evaluation for generally contracted gaussian basis sets)     Author: Roland Lindh, 1990

 Geometry written to block  1 of record 702


 Point group  C1  



 ATOMIC COORDINATES

 NR  ATOM    CHARGE       X              Y              Z

   1  H1      1.00    0.000000000    0.000000000   -0.718857955
   2  H2      1.00    0.000000000    0.000000000    0.718857955

 Bond lengths in Bohr (Angstrom)

 1-2  1.437715910
     ( 0.760806493)

 NUCLEAR CHARGE:                    2
 NUMBER OF PRIMITIVE AOS:          22
 NUMBER OF SYMMETRY AOS:           22
 NUMBER OF CONTRACTIONS:           18   (  18A   )
 NUMBER OF CORE ORBITALS:           0   (   0A   )
 NUMBER OF VALENCE ORBITALS:        2   (   2A   )

 SYMMETRY CHANGED: INITIALIZING OCCUPATION


 NUCLEAR REPULSION ENERGY    0.69554770

 EXTRA SYMMETRY OF AOS IN SYMMETRY 1:   1 1 1 2 3 1 2 3 1 1   1 1 2 3 1 2 3 1

 Eigenvalues of metric

         1 0.302E-03 0.201E-01 0.218E-01 0.781E-01 0.111E+00 0.111E+00 0.174E+00 0.449E+00


 Contracted 2-electron integrals neglected if value below      1.0D-11
 AO integral compression algorithm  1   Integral accuracy      1.0D-11

     0.262 MB (compressed) written to integral file ( 56.4%)


 NUMBER OF SORTED TWO-ELECTRON INTEGRALS:      14706.     BUFFER LENGTH:  32768
 NUMBER OF SEGMENTS:   1  SEGMENT LENGTH:      14706      RECORD LENGTH: 524288

 Memory used in sort:       0.57 MW

 SORT1 READ       26487. AND WROTE        4350. INTEGRALS IN      1 RECORDS. CPU TIME:     0.00 SEC, REAL TIME:     0.00 SEC
 SORT2 READ        4350. AND WROTE       14706. INTEGRALS IN      1 RECORDS. CPU TIME:     0.03 SEC, REAL TIME:     0.04 SEC

 FILE SIZES:   FILE 1:     3.0 MBYTE,  FILE 4:     4.2 MBYTE,   TOTAL:      7.2 MBYTE

 OPERATOR DM      FOR CENTER  0  COORDINATES:    0.000000    0.000000    0.000000


 **********************************************************************************************************************************
 DATASETS  * FILE   NREC   LENGTH (MB)   RECORD NAMES
              1      20        2.79       500      610      700      702      900      950      970     1001      129      960   
                                          VAR    BASINP    GEOM     GEOM    SYMINP    ZMAT    AOBASIS   BASIS     P2S    ABASIS    
                                         1100     1400     1410     1200     1210     1080     1600     1650     1300     1700   
                                           S        T        V       H0       H01     AOSYM     SMH    MOLCAS    ERIS     OPER   

              2       7        0.67       700     1000     1800     2100      701      702     1001   
                                         GEOM     BASIS    GRID      RKS     GEOM     GEOM     BASIS   

 PROGRAMS   *        TOTAL       INT      OPTG        KS       INT
 CPU TIMES  *         3.61      0.12      2.75      0.18      0.08
 REAL TIME  *         5.18 SEC
 DISK USED  *         8.54 MB      
 **********************************************************************************************************************************

 Density functional group B3LYP3=B88+DIRAC+LYP+VWN3
 Functional: B88(Automatically generated B88)                                  Gradient terms: 1
 Functional: DIRAC(Automatically generated DIRAC)                              Gradient terms: 0
 Functional: LYP(Lee-Yang-Parr gradient-corrected correlation energy (1988))   Gradient terms: 1
 Functional: VWN3(Automatically generated VWN3)                                Gradient terms: 0
 Use grid at  1800.2


 Exact exchange will be calculated, factor:  0.2000

 Functional: B88                       Factor:  0.7200
 Functional: DIRAC                     Factor:  0.0800
 Functional: LYP                       Factor:  0.8100
 Functional: VWN3                      Factor:  0.1900

 Warning: extending grid record  1800.2 from   129 to   181 words
 Generated new metagrid on record  1800.2 with target accuracy 1.0D-06 and 4244 points in CPU time    0.0
 Computed new grid on record 1800.1 in CPU time    0.0
   17984 words reserved for DFT integration

 PROGRAM * RKS-SCF (Restricted closed shell Kohn-Sham)     Authors: W. Meyer, H.-J. Werner, P.J. Knowles, 1993

 NUMBER OF ELECTRONS:       1+    1-    SPACE SYMMETRY=1    SPIN SYMMETRY: Singlet 
 CONVERGENCE THRESHOLDS:    1.00E-05 (Density)    1.00E-06 (Energy)
 MAX. NUMBER OF ITERATIONS:       60
 INTERPOLATION TYPE:            DIIS
 INTERPOLATION STEPS:              2 (START)      1 (STEP)
 LEVEL SHIFTS:                  0.00 (CLOSED)  0.00 (OPEN) 



 Use fine grid record 1800.2 for energy threshold 1.0D-06
 Molecular orbitals read from record     2100.2  Type=RKS/CANONICAL (state 1.1)

 Present basis size:      18
 Previous basis size:      5   2   2   0   5   2   2
 Previous occupation:      1   0   0   0   0   0   0
 Previous closed-shells:   1   0   0   0   0   0   0
 Present occupation:       1
 Present closed-shells:    1
 Wavefunction symmetry:    1   Singlet 

 Orbital overlap <old|new>:  < 1.1| 1.1> = 1.000000

 Molecular orbital dump at record        2101.2

 ITERATION    DDIFF          GRAD             ENERGY        2-EL.EN.            DIPOLE MOMENTS         DIIS
    1      0.000D+00      0.000D+00        -1.17402630      2.341352    0.00000    0.00000   -0.00000    0
    2      0.000D+00      0.744D-09        -1.17402630      2.341352   -0.00000   -0.00000    0.00000    0

 Final occupancy:   1

 !RKS STATE 1.1 Energy                 -1.174026304358
 Nuclear energy                         0.69554770
 One-electron energy                   -2.47421923
 Two-electron energy                    1.17067585
 SCF exchange energy                   -0.65037547     Factor=0.2000
 Density functional                    -0.56603063     B88=-0.64685864 DIRAC=-0.56000388 LYP=-0.03803012 VWN3=-0.12993530
 Virial quotient                       -1.08222624
 !RKS STATE 1.1 Dipole moment          -0.00000000    -0.00000000     0.00000000
 Dipole moment /Debye                  -0.00000000    -0.00000000     0.00000000

 Orbital energies:

         1.1          2.1          3.1
     -0.427960     0.015095     0.025561


 **********************************************************************************************************************************
 DATASETS  * FILE   NREC   LENGTH (MB)   RECORD NAMES
              1      21        2.93       500      610      700      702      900      950      970     1001      129      960   
                                          VAR    BASINP    GEOM     GEOM    SYMINP    ZMAT    AOBASIS   BASIS     P2S    ABASIS    
                                         1100     1400     1410     1200     1210     1080     1600     1650     1300     1700   
                                           S        T        V       H0       H01     AOSYM     SMH    MOLCAS    ERIS     OPER   
                                         1800   
                                         GRID   

              2       9        0.71       700     1000     1800     2100      701      702     1001     1800(1)  2101   
                                         GEOM     BASIS    GRID      RKS     GEOM     GEOM     BASIS    GRID      RKS  

 PROGRAMS   *        TOTAL        KS       INT      OPTG        KS       INT
 CPU TIMES  *         3.83      0.21      0.12      2.75      0.18      0.08
 REAL TIME  *         5.43 SEC
 DISK USED  *         8.54 MB      
 **********************************************************************************************************************************

 Freezing grid
 Task   1   Incrementing variable H1X1  by   0.010 BOH (Skipping negative increment due to symmetry).
 Task   2   Incrementing variable H1Y1  by   0.010 BOH (Skipping negative increment due to symmetry).
 Task   3   Incrementing variable H1Z1  by   0.010 BOH
 Task   4   Incrementing variable H1Z1  by  -0.010 BOH
 Starting task   1.  CPU=     0.00 sec, Elapsed=     0.00 sec
 Incrementing variable H1X1             by  0.010000 BOH   to    0.010000 BOH


 Recomputing integrals since geometry changed

1PROGRAM * SEWARD (Integral evaluation for generally contracted gaussian basis sets)     Author: Roland Lindh, 1990

 Geometry written to block  1 of record 702


 Point group  C1  



 ATOMIC COORDINATES

 NR  ATOM    CHARGE       X              Y              Z

   1  H1      1.00    0.010000000    0.000000000   -0.718857955
   2  H2      1.00    0.000000000    0.000000000    0.718857955

 Bond lengths in Bohr (Angstrom)

 1-2  1.437750687
     ( 0.760824896)

 NUCLEAR CHARGE:                    2
 NUMBER OF PRIMITIVE AOS:          22
 NUMBER OF SYMMETRY AOS:           22
 NUMBER OF CONTRACTIONS:           18   (  18A   )
 NUMBER OF CORE ORBITALS:           0   (   0A   )
 NUMBER OF VALENCE ORBITALS:        2   (   2A   )


 NUCLEAR REPULSION ENERGY    0.69553088

 EXTRA SYMMETRY OF AOS IN SYMMETRY 1:   1 1 1 1 2 1 1 2 1 1   1 1 1 2 1 1 2 1

 Eigenvalues of metric

         1 0.302E-03 0.201E-01 0.218E-01 0.781E-01 0.111E+00 0.111E+00 0.174E+00 0.449E+00


 Contracted 2-electron integrals neglected if value below      1.0D-11
 AO integral compression algorithm  1   Integral accuracy      1.0D-11

     0.262 MB (compressed) written to integral file ( 77.5%)


 NUMBER OF SORTED TWO-ELECTRON INTEGRALS:      14706.     BUFFER LENGTH:  32768
 NUMBER OF SEGMENTS:   1  SEGMENT LENGTH:      14706      RECORD LENGTH: 524288

 Memory used in sort:       0.57 MW

 SORT1 READ       26487. AND WROTE        7490. INTEGRALS IN      1 RECORDS. CPU TIME:     0.00 SEC, REAL TIME:     0.01 SEC
 SORT2 READ        7490. AND WROTE       14706. INTEGRALS IN      1 RECORDS. CPU TIME:     0.03 SEC, REAL TIME:     0.03 SEC

 FILE SIZES:   FILE 1:     3.0 MBYTE,  FILE 4:     4.2 MBYTE,   TOTAL:      7.2 MBYTE

 OPERATOR DM      FOR CENTER  0  COORDINATES:    0.000000    0.000000    0.000000
 Density functional group B3LYP3=B88+DIRAC+LYP+VWN3
 Functional: B88(Automatically generated B88)                                  Gradient terms: 1
 Functional: DIRAC(Automatically generated DIRAC)                              Gradient terms: 0
 Functional: LYP(Lee-Yang-Parr gradient-corrected correlation energy (1988))   Gradient terms: 1
 Functional: VWN3(Automatically generated VWN3)                                Gradient terms: 0
 Use grid at  1800.2


 Exact exchange will be calculated, factor:  0.2000

 Functional: B88                       Factor:  0.7200
 Functional: DIRAC                     Factor:  0.0800
 Functional: LYP                       Factor:  0.8100
 Functional: VWN3                      Factor:  0.1900

 Computed new grid on record 1800.1 in CPU time    0.0
   17984 words reserved for DFT integration

 PROGRAM * RKS-SCF (Restricted closed shell Kohn-Sham)     Authors: W. Meyer, H.-J. Werner, P.J. Knowles, 1993

 NUMBER OF ELECTRONS:       1+    1-    SPACE SYMMETRY=1    SPIN SYMMETRY: Singlet 
 CONVERGENCE THRESHOLDS:    1.00E-07 (Density)    1.00E-07 (Energy)
 MAX. NUMBER OF ITERATIONS:       60
 INTERPOLATION TYPE:            DIIS
 INTERPOLATION STEPS:              2 (START)      1 (STEP)
 LEVEL SHIFTS:                  0.00 (CLOSED)  0.00 (OPEN) 

 Number of closed-shell orbitals:    1 (   1 )


 Use fine grid record 1800.2 for energy threshold 1.0D-06
 Molecular orbitals read from record     2101.2  Type=RKS/CANONICAL (state 1.1)

 Molecular orbital dump at record        2101.1

 ITERATION    DDIFF          GRAD             ENERGY        2-EL.EN.            DIPOLE MOMENTS         DIIS
    1      0.000D+00      0.000D+00        -1.17402623      2.341339   -0.00000   -0.00000    0.00000    0
    2      0.000D+00      0.423D-04        -1.17402630      2.341328   -0.00000    0.00000   -0.00000    1
    3      0.303D-04      0.249D-05        -1.17402630      2.341331   -0.00000    0.00000    0.00000    2
    4      0.176D-05      0.356D-07        -1.17402630      2.341330   -0.00000   -0.00000   -0.00000    3
    5      0.119D-06      0.370D-08        -1.17402630      2.341330   -0.00000   -0.00000    0.00000    4
    6      0.128D-07      0.453D-11        -1.17402630      2.341330   -0.00000    0.00000   -0.00000    0

 Final occupancy:   1

 !RKS STATE 1.1 Energy                 -1.174026301797
 Nuclear energy                         0.69553088
 One-electron energy                   -2.47419605
 Two-electron energy                    1.17066503
 SCF exchange energy                   -0.65036946     Factor=0.2000
 Density functional                    -0.56602617     B88=-0.64685324 DIRAC=-0.55999903 LYP=-0.03802998 VWN3=-0.12993490
 Virial quotient                       -1.08224112
 !RKS STATE 1.1 Dipole moment          -0.00000000     0.00000000    -0.00000000
 Dipole moment /Debye                  -0.00000000     0.00000000    -0.00000000

 Orbital energies:

         1.1          2.1          3.1
     -0.427956     0.015093     0.025561


 **********************************************************************************************************************************
 DATASETS  * FILE   NREC   LENGTH (MB)   RECORD NAMES
              1      22        2.98       500      610      700      702      900      950      970     1001      129      960   
                                          VAR    BASINP    GEOM     GEOM    SYMINP    ZMAT    AOBASIS   BASIS     P2S    ABASIS    
                                         1100     1400     1410     1200     1210     1080     1600     1650     1300     1700   
                                           S        T        V       H0       H01     AOSYM     SMH    MOLCAS    ERIS     OPER   
                                         1800     2101   
                                         GRID      RKS  

              2      10        0.73       700     1000     1800     2100      701      702     1001     1800(1)  2101     5500   
                                         GEOM     BASIS    GRID      RKS     GEOM     GEOM     BASIS    GRID      RKS     HINFO   

 PROGRAMS   *        TOTAL        KS        KS       INT      OPTG        KS       INT
 CPU TIMES  *         4.38      0.54      0.21      0.12      2.75      0.18      0.08
 REAL TIME  *         6.12 SEC
 DISK USED  *         8.60 MB      
 **********************************************************************************************************************************
1PROGRAM * ALASKA (Gradient of the energy)     Author: R. Lindh

 Orbitals from record         2101.1

 Number of closed-shell orbitals:  1 (  1 )
 Number of occupied orbitals:      1 (  1 )

 Number of electrons=  2     Singlet     Space symmetry=1      Wavefunction type: CLOSED          


 DFT GRADIENT, EXFAC=     0.200

 RKS GRADIENT FOR STATE 1.1

 Atom          dE/dx               dE/dy               dE/dz

   1         0.000000555        -0.000000000         0.000003645
   2        -0.000000555        -0.000000000        -0.000003645

 Nuclear force contribution to virial =        -0.000005236
 Starting task   2.  CPU=     1.67 sec, Elapsed=     1.84 sec
 Incrementing variable H1Y1             by  0.010000 BOH   to    0.010000 BOH


 Recomputing integrals since geometry changed

1PROGRAM * SEWARD (Integral evaluation for generally contracted gaussian basis sets)     Author: Roland Lindh, 1990

 Geometry written to block  1 of record 702


 Point group  C1  



 ATOMIC COORDINATES

 NR  ATOM    CHARGE       X              Y              Z

   1  H1      1.00    0.000000000    0.010000000   -0.718857955
   2  H2      1.00    0.000000000    0.000000000    0.718857955

 Bond lengths in Bohr (Angstrom)

 1-2  1.437750687
     ( 0.760824896)

 NUCLEAR CHARGE:                    2
 NUMBER OF PRIMITIVE AOS:          22
 NUMBER OF SYMMETRY AOS:           22
 NUMBER OF CONTRACTIONS:           18   (  18A   )
 NUMBER OF CORE ORBITALS:           0   (   0A   )
 NUMBER OF VALENCE ORBITALS:        2   (   2A   )


 NUCLEAR REPULSION ENERGY    0.69553088

 EXTRA SYMMETRY OF AOS IN SYMMETRY 1:   1 1 1 2 1 1 2 1 1 1   1 1 2 1 1 2 1 1

 Eigenvalues of metric

         1 0.302E-03 0.201E-01 0.218E-01 0.781E-01 0.111E+00 0.111E+00 0.174E+00 0.449E+00


 Contracted 2-electron integrals neglected if value below      1.0D-11
 AO integral compression algorithm  1   Integral accuracy      1.0D-11

     0.262 MB (compressed) written to integral file ( 77.5%)


 NUMBER OF SORTED TWO-ELECTRON INTEGRALS:      14706.     BUFFER LENGTH:  32768
 NUMBER OF SEGMENTS:   1  SEGMENT LENGTH:      14706      RECORD LENGTH: 524288

 Memory used in sort:       0.57 MW

 SORT1 READ       26487. AND WROTE        7490. INTEGRALS IN      1 RECORDS. CPU TIME:     0.00 SEC, REAL TIME:     0.00 SEC
 SORT2 READ        7490. AND WROTE       14706. INTEGRALS IN      1 RECORDS. CPU TIME:     0.03 SEC, REAL TIME:     0.03 SEC

 FILE SIZES:   FILE 1:     3.0 MBYTE,  FILE 4:     4.2 MBYTE,   TOTAL:      7.2 MBYTE

 OPERATOR DM      FOR CENTER  0  COORDINATES:    0.000000    0.000000    0.000000
 Density functional group B3LYP3=B88+DIRAC+LYP+VWN3
 Functional: B88(Automatically generated B88)                                  Gradient terms: 1
 Functional: DIRAC(Automatically generated DIRAC)                              Gradient terms: 0
 Functional: LYP(Lee-Yang-Parr gradient-corrected correlation energy (1988))   Gradient terms: 1
 Functional: VWN3(Automatically generated VWN3)                                Gradient terms: 0
 Use grid at  1800.2


 Exact exchange will be calculated, factor:  0.2000

 Functional: B88                       Factor:  0.7200
 Functional: DIRAC                     Factor:  0.0800
 Functional: LYP                       Factor:  0.8100
 Functional: VWN3                      Factor:  0.1900

 Computed new grid on record 1800.1 in CPU time    0.0
   17984 words reserved for DFT integration

 PROGRAM * RKS-SCF (Restricted closed shell Kohn-Sham)     Authors: W. Meyer, H.-J. Werner, P.J. Knowles, 1993

 NUMBER OF ELECTRONS:       1+    1-    SPACE SYMMETRY=1    SPIN SYMMETRY: Singlet 
 CONVERGENCE THRESHOLDS:    1.00E-07 (Density)    1.00E-07 (Energy)
 MAX. NUMBER OF ITERATIONS:       60
 INTERPOLATION TYPE:            DIIS
 INTERPOLATION STEPS:              2 (START)      1 (STEP)
 LEVEL SHIFTS:                  0.00 (CLOSED)  0.00 (OPEN) 

 Number of closed-shell orbitals:    1 (   1 )


 Use fine grid record 1800.2 for energy threshold 1.0D-06
 Molecular orbitals read from record     2101.2  Type=RKS/CANONICAL (state 1.1)

 Molecular orbital dump at record        2101.1

 ITERATION    DDIFF          GRAD             ENERGY        2-EL.EN.            DIPOLE MOMENTS         DIIS
    1      0.000D+00      0.000D+00        -1.17402623      2.341339   -0.00000   -0.00000    0.00000    0
    2      0.000D+00      0.423D-04        -1.17402630      2.341328    0.00000   -0.00000   -0.00000    1
    3      0.303D-04      0.249D-05        -1.17402630      2.341331   -0.00000   -0.00000    0.00000    2
    4      0.176D-05      0.356D-07        -1.17402630      2.341330    0.00000   -0.00000   -0.00000    3
    5      0.119D-06      0.370D-08        -1.17402630      2.341330    0.00000   -0.00000    0.00000    4
    6      0.128D-07      0.453D-11        -1.17402630      2.341330   -0.00000   -0.00000   -0.00000    0

 Final occupancy:   1

 !RKS STATE 1.1 Energy                 -1.174026301797
 Nuclear energy                         0.69553088
 One-electron energy                   -2.47419605
 Two-electron energy                    1.17066503
 SCF exchange energy                   -0.65036946     Factor=0.2000
 Density functional                    -0.56602617     B88=-0.64685324 DIRAC=-0.55999903 LYP=-0.03802998 VWN3=-0.12993490
 Virial quotient                       -1.08224112
 !RKS STATE 1.1 Dipole moment          -0.00000000    -0.00000000    -0.00000000
 Dipole moment /Debye                  -0.00000000    -0.00000000    -0.00000000

 Orbital energies:

         1.1          2.1          3.1
     -0.427956     0.015093     0.025561


 **********************************************************************************************************************************
 DATASETS  * FILE   NREC   LENGTH (MB)   RECORD NAMES
              1      22        2.98       500      610      700      702      900      950      970     1001      129      960   
                                          VAR    BASINP    GEOM     GEOM    SYMINP    ZMAT    AOBASIS   BASIS     P2S    ABASIS    
                                         1100     1400     1410     1200     1210     1080     1600     1650     1300     1700   
                                           S        T        V       H0       H01     AOSYM     SMH    MOLCAS    ERIS     OPER   
                                         1800     2101   
                                         GRID      RKS  

              2      10        0.73       700     1000     1800     2100      701      702     1001     1800(1)  2101     5500   
                                         GEOM     BASIS    GRID      RKS     GEOM     GEOM     BASIS    GRID      RKS     HINFO   

 PROGRAMS   *        TOTAL        KS        KS        KS       INT      OPTG        KS       INT
 CPU TIMES  *         6.00      0.54      0.54      0.21      0.12      2.75      0.18      0.08
 REAL TIME  *         7.96 SEC
 DISK USED  *         8.60 MB      
 **********************************************************************************************************************************
1PROGRAM * ALASKA (Gradient of the energy)     Author: R. Lindh

 Orbitals from record         2101.1

 Number of closed-shell orbitals:  1 (  1 )
 Number of occupied orbitals:      1 (  1 )

 Number of electrons=  2     Singlet     Space symmetry=1      Wavefunction type: CLOSED          


 DFT GRADIENT, EXFAC=     0.200

 RKS GRADIENT FOR STATE 1.1

 Atom          dE/dx               dE/dy               dE/dz

   1        -0.000000000         0.000000555         0.000003645
   2        -0.000000000        -0.000000555        -0.000003645

 Nuclear force contribution to virial =        -0.000005236
 Starting task   3.  CPU=     3.36 sec, Elapsed=     3.66 sec
 Incrementing variable H1Z1             by  0.010000 BOH   to   -0.708858 BOH


 Recomputing integrals since geometry changed

1PROGRAM * SEWARD (Integral evaluation for generally contracted gaussian basis sets)     Author: Roland Lindh, 1990

 Geometry written to block  1 of record 702


 Point group  C1  



 ATOMIC COORDINATES

 NR  ATOM    CHARGE       X              Y              Z

   1  H1      1.00    0.000000000    0.000000000   -0.708857955
   2  H2      1.00    0.000000000    0.000000000    0.718857955

 Bond lengths in Bohr (Angstrom)

 1-2  1.427715910
     ( 0.755514721)

 NUCLEAR CHARGE:                    2
 NUMBER OF PRIMITIVE AOS:          22
 NUMBER OF SYMMETRY AOS:           22
 NUMBER OF CONTRACTIONS:           18   (  18A   )
 NUMBER OF CORE ORBITALS:           0   (   0A   )
 NUMBER OF VALENCE ORBITALS:        2   (   2A   )


 NUCLEAR REPULSION ENERGY    0.70041946

 EXTRA SYMMETRY OF AOS IN SYMMETRY 1:   1 1 1 2 3 1 2 3 1 1   1 1 2 3 1 2 3 1

 Eigenvalues of metric

         1 0.297E-03 0.198E-01 0.211E-01 0.781E-01 0.110E+00 0.110E+00 0.172E+00 0.453E+00


 Contracted 2-electron integrals neglected if value below      1.0D-11
 AO integral compression algorithm  1   Integral accuracy      1.0D-11

     0.262 MB (compressed) written to integral file ( 56.4%)


 NUMBER OF SORTED TWO-ELECTRON INTEGRALS:      14706.     BUFFER LENGTH:  32768
 NUMBER OF SEGMENTS:   1  SEGMENT LENGTH:      14706      RECORD LENGTH: 524288

 Memory used in sort:       0.57 MW

 SORT1 READ       26487. AND WROTE        4350. INTEGRALS IN      1 RECORDS. CPU TIME:     0.00 SEC, REAL TIME:     0.00 SEC
 SORT2 READ        4350. AND WROTE       14706. INTEGRALS IN      1 RECORDS. CPU TIME:     0.03 SEC, REAL TIME:     0.03 SEC

 FILE SIZES:   FILE 1:     3.0 MBYTE,  FILE 4:     4.2 MBYTE,   TOTAL:      7.2 MBYTE

 OPERATOR DM      FOR CENTER  0  COORDINATES:    0.000000    0.000000    0.000000
 Density functional group B3LYP3=B88+DIRAC+LYP+VWN3
 Functional: B88(Automatically generated B88)                                  Gradient terms: 1
 Functional: DIRAC(Automatically generated DIRAC)                              Gradient terms: 0
 Functional: LYP(Lee-Yang-Parr gradient-corrected correlation energy (1988))   Gradient terms: 1
 Functional: VWN3(Automatically generated VWN3)                                Gradient terms: 0
 Use grid at  1800.2


 Exact exchange will be calculated, factor:  0.2000

 Functional: B88                       Factor:  0.7200
 Functional: DIRAC                     Factor:  0.0800
 Functional: LYP                       Factor:  0.8100
 Functional: VWN3                      Factor:  0.1900

 Computed new grid on record 1800.1 in CPU time    0.0
   17984 words reserved for DFT integration

 PROGRAM * RKS-SCF (Restricted closed shell Kohn-Sham)     Authors: W. Meyer, H.-J. Werner, P.J. Knowles, 1993

 NUMBER OF ELECTRONS:       1+    1-    SPACE SYMMETRY=1    SPIN SYMMETRY: Singlet 
 CONVERGENCE THRESHOLDS:    1.00E-07 (Density)    1.00E-07 (Energy)
 MAX. NUMBER OF ITERATIONS:       60
 INTERPOLATION TYPE:            DIIS
 INTERPOLATION STEPS:              2 (START)      1 (STEP)
 LEVEL SHIFTS:                  0.00 (CLOSED)  0.00 (OPEN) 

 Number of closed-shell orbitals:    1 (   1 )


 Use fine grid record 1800.2 for energy threshold 1.0D-06
 Molecular orbitals read from record     2101.2  Type=RKS/CANONICAL (state 1.1)

 Molecular orbital dump at record        2101.1

 ITERATION    DDIFF          GRAD             ENERGY        2-EL.EN.            DIPOLE MOMENTS         DIIS
    1      0.000D+00      0.000D+00        -1.17400454      2.344595   -0.00000   -0.00000    0.00000    0
    2      0.000D+00      0.205D-03        -1.17400772      2.348216    0.00000   -0.00000   -0.00000    1
    3      0.854D-03      0.392D-04        -1.17400784      2.347586    0.00000   -0.00000    0.00000    2
    4      0.117D-03      0.125D-05        -1.17400784      2.347594    0.00000    0.00000   -0.00000    3
    5      0.498D-05      0.146D-07        -1.17400784      2.347594   -0.00000   -0.00000   -0.00000    4
    6      0.309D-07      0.261D-09        -1.17400784      2.347594   -0.00000   -0.00000   -0.00000    0

 Final occupancy:   1

 !RKS STATE 1.1 Energy                 -1.174007841026
 Nuclear energy                         0.70041946
 One-electron energy                   -2.48090544
 Two-electron energy                    1.17379725
 SCF exchange energy                   -0.65210958     Factor=0.2000
 Density functional                    -0.56731910     B88=-0.64841745 DIRAC=-0.56140310 LYP=-0.03807041 VWN3=-0.13004874
 Virial quotient                       -1.07792307
 !RKS STATE 1.1 Dipole moment          -0.00000000    -0.00000000    -0.00000000
 Dipole moment /Debye                  -0.00000000    -0.00000000    -0.00000000

 Orbital energies:

         1.1          2.1          3.1
     -0.429014     0.015534     0.025535


 **********************************************************************************************************************************
 DATASETS  * FILE   NREC   LENGTH (MB)   RECORD NAMES
              1      22        2.97       500      610      700      702      900      950      970     1001      129      960   
                                          VAR    BASINP    GEOM     GEOM    SYMINP    ZMAT    AOBASIS   BASIS     P2S    ABASIS    
                                         1100     1400     1410     1200     1210     1080     1600     1650     1300     1700   
                                           S        T        V       H0       H01     AOSYM     SMH    MOLCAS    ERIS     OPER   
                                         1800     2101   
                                         GRID      RKS  

              2      10        0.73       700     1000     1800     2100      701      702     1001     1800(1)  2101     5500   
                                         GEOM     BASIS    GRID      RKS     GEOM     GEOM     BASIS    GRID      RKS     HINFO   

 PROGRAMS   *        TOTAL        KS        KS        KS        KS       INT      OPTG        KS       INT
 CPU TIMES  *         7.64      0.54      0.54      0.54      0.21      0.12      2.75      0.18      0.08
 REAL TIME  *         9.76 SEC
 DISK USED  *         8.60 MB      
 **********************************************************************************************************************************
1PROGRAM * ALASKA (Gradient of the energy)     Author: R. Lindh

 Orbitals from record         2101.1

 Number of closed-shell orbitals:  1 (  1 )
 Number of occupied orbitals:      1 (  1 )

 Number of electrons=  2     Singlet     Space symmetry=1      Wavefunction type: CLOSED          


 DFT GRADIENT, EXFAC=     0.200

 RKS GRADIENT FOR STATE 1.1

 Atom          dE/dx               dE/dy               dE/dz

   1        -0.000000000        -0.000000000         0.003696669
   2        -0.000000000        -0.000000000        -0.003696669

 Nuclear force contribution to virial =        -0.005277793
 Starting task   4.  CPU=     5.04 sec, Elapsed=     5.46 sec
 Incrementing variable H1Z1             by -0.010000 BOH   to   -0.728858 BOH


 Recomputing integrals since geometry changed

1PROGRAM * SEWARD (Integral evaluation for generally contracted gaussian basis sets)     Author: Roland Lindh, 1990

 Geometry written to block  1 of record 702


 Point group  C1  



 ATOMIC COORDINATES

 NR  ATOM    CHARGE       X              Y              Z

   1  H1      1.00    0.000000000    0.000000000   -0.728857955
   2  H2      1.00    0.000000000    0.000000000    0.718857955

 Bond lengths in Bohr (Angstrom)

 1-2  1.447715910
     ( 0.766098265)

 NUCLEAR CHARGE:                    2
 NUMBER OF PRIMITIVE AOS:          22
 NUMBER OF SYMMETRY AOS:           22
 NUMBER OF CONTRACTIONS:           18   (  18A   )
 NUMBER OF CORE ORBITALS:           0   (   0A   )
 NUMBER OF VALENCE ORBITALS:        2   (   2A   )


 NUCLEAR REPULSION ENERGY    0.69074325

 EXTRA SYMMETRY OF AOS IN SYMMETRY 1:   1 1 1 2 3 1 2 3 1 1   1 1 2 3 1 2 3 1

 Eigenvalues of metric

         1 0.308E-03 0.203E-01 0.225E-01 0.780E-01 0.112E+00 0.112E+00 0.176E+00 0.445E+00


 Contracted 2-electron integrals neglected if value below      1.0D-11
 AO integral compression algorithm  1   Integral accuracy      1.0D-11

     0.262 MB (compressed) written to integral file ( 56.4%)


 NUMBER OF SORTED TWO-ELECTRON INTEGRALS:      14706.     BUFFER LENGTH:  32768
 NUMBER OF SEGMENTS:   1  SEGMENT LENGTH:      14706      RECORD LENGTH: 524288

 Memory used in sort:       0.57 MW

 SORT1 READ       26487. AND WROTE        4350. INTEGRALS IN      1 RECORDS. CPU TIME:     0.00 SEC, REAL TIME:     0.01 SEC
 SORT2 READ        4350. AND WROTE       14706. INTEGRALS IN      1 RECORDS. CPU TIME:     0.03 SEC, REAL TIME:     0.03 SEC

 FILE SIZES:   FILE 1:     3.0 MBYTE,  FILE 4:     4.2 MBYTE,   TOTAL:      7.2 MBYTE

 OPERATOR DM      FOR CENTER  0  COORDINATES:    0.000000    0.000000    0.000000
 Density functional group B3LYP3=B88+DIRAC+LYP+VWN3
 Functional: B88(Automatically generated B88)                                  Gradient terms: 1
 Functional: DIRAC(Automatically generated DIRAC)                              Gradient terms: 0
 Functional: LYP(Lee-Yang-Parr gradient-corrected correlation energy (1988))   Gradient terms: 1
 Functional: VWN3(Automatically generated VWN3)                                Gradient terms: 0
 Use grid at  1800.2


 Exact exchange will be calculated, factor:  0.2000

 Functional: B88                       Factor:  0.7200
 Functional: DIRAC                     Factor:  0.0800
 Functional: LYP                       Factor:  0.8100
 Functional: VWN3                      Factor:  0.1900

 Computed new grid on record 1800.1 in CPU time    0.0
   17984 words reserved for DFT integration

 PROGRAM * RKS-SCF (Restricted closed shell Kohn-Sham)     Authors: W. Meyer, H.-J. Werner, P.J. Knowles, 1993

 NUMBER OF ELECTRONS:       1+    1-    SPACE SYMMETRY=1    SPIN SYMMETRY: Singlet 
 CONVERGENCE THRESHOLDS:    1.00E-07 (Density)    1.00E-07 (Energy)
 MAX. NUMBER OF ITERATIONS:       60
 INTERPOLATION TYPE:            DIIS
 INTERPOLATION STEPS:              2 (START)      1 (STEP)
 LEVEL SHIFTS:                  0.00 (CLOSED)  0.00 (OPEN) 

 Number of closed-shell orbitals:    1 (   1 )


 Use fine grid record 1800.2 for energy threshold 1.0D-06
 Molecular orbitals read from record     2101.2  Type=RKS/CANONICAL (state 1.1)

 Molecular orbital dump at record        2101.1

 ITERATION    DDIFF          GRAD             ENERGY        2-EL.EN.            DIPOLE MOMENTS         DIIS
    1      0.000D+00      0.000D+00        -1.17400533      2.338103   -0.00000   -0.00000    0.00000    0
    2      0.000D+00      0.203D-03        -1.17400844      2.334532   -0.00000    0.00000   -0.00000    1
    3      0.849D-03      0.386D-04        -1.17400856      2.335153   -0.00000   -0.00000    0.00000    2
    4      0.115D-03      0.126D-05        -1.17400856      2.335144   -0.00000    0.00000   -0.00000    3
    5      0.500D-05      0.154D-07        -1.17400856      2.335143    0.00000   -0.00000    0.00000    4
    6      0.325D-07      0.230D-09        -1.17400856      2.335143    0.00000   -0.00000    0.00000    0

 Final occupancy:   1

 !RKS STATE 1.1 Energy                 -1.174008564175
 Nuclear energy                         0.69074325
 One-electron energy                   -2.46757310
 Two-electron energy                    1.16757173
 SCF exchange energy                   -0.64865096     Factor=0.2000
 Density functional                    -0.56475044     B88=-0.64531024 DIRAC=-0.55861351 LYP=-0.03798980 VWN3=-0.12982235
 Virial quotient                       -1.08648332
 !RKS STATE 1.1 Dipole moment           0.00000000    -0.00000000     0.00000000
 Dipole moment /Debye                   0.00000000    -0.00000000     0.00000000

 Orbital energies:

         1.1          2.1          3.1
     -0.426914     0.014648     0.025586


 **********************************************************************************************************************************
 DATASETS  * FILE   NREC   LENGTH (MB)   RECORD NAMES
              1      22        2.97       500      610      700      702      900      950      970     1001      129      960   
                                          VAR    BASINP    GEOM     GEOM    SYMINP    ZMAT    AOBASIS   BASIS     P2S    ABASIS    
                                         1100     1400     1410     1200     1210     1080     1600     1650     1300     1700   
                                           S        T        V       H0       H01     AOSYM     SMH    MOLCAS    ERIS     OPER   
                                         1800     2101   
                                         GRID      RKS  

              2      10        0.73       700     1000     1800     2100      701      702     1001     1800(1)  2101     5500   
                                         GEOM     BASIS    GRID      RKS     GEOM     GEOM     BASIS    GRID      RKS     HINFO   

 PROGRAMS   *        TOTAL        KS        KS        KS        KS        KS       INT      OPTG        KS       INT
 CPU TIMES  *         9.26      0.52      0.54      0.54      0.54      0.21      0.12      2.75      0.18      0.08
 REAL TIME  *        11.54 SEC
 DISK USED  *         8.60 MB      
 **********************************************************************************************************************************
1PROGRAM * ALASKA (Gradient of the energy)     Author: R. Lindh

 Orbitals from record         2101.1

 Number of closed-shell orbitals:  1 (  1 )
 Number of occupied orbitals:      1 (  1 )

 Number of electrons=  2     Singlet     Space symmetry=1      Wavefunction type: CLOSED          


 DFT GRADIENT, EXFAC=     0.200

 RKS GRADIENT FOR STATE 1.1

 Atom          dE/dx               dE/dy               dE/dz

   1        -0.000000000        -0.000000000        -0.003544690
   2        -0.000000000        -0.000000000         0.003544690

 Nuclear force contribution to virial =         0.005131704

 Numerical KS-SCF000 hessian completed. CPU-time:     6.69 sec, Elapsed:     7.21 sec

 Reset grid_freeze to  0.0

 Recomputing wavefunction at initial geometry


 Recomputing integrals since geometry changed

1PROGRAM * SEWARD (Integral evaluation for generally contracted gaussian basis sets)     Author: Roland Lindh, 1990

 Geometry written to block  1 of record 703

 Orientation using atomic masses  
 Molecule type: Linear
 Rotational constants:    1732.4634486   1732.4634486      0.0000000 GHz  (calculated with average atomic masses)

 Point group  C1  



 ATOMIC COORDINATES

 NR  ATOM    CHARGE       X              Y              Z

   1  H1      1.00    0.000000000    0.000000000   -0.718857955
   2  H2      1.00    0.000000000    0.000000000    0.718857955

 Bond lengths in Bohr (Angstrom)

 1-2  1.437715910
     ( 0.760806493)

 NUCLEAR CHARGE:                    2
 NUMBER OF PRIMITIVE AOS:          22
 NUMBER OF SYMMETRY AOS:           22
 NUMBER OF CONTRACTIONS:           18   (  18A   )
 NUMBER OF CORE ORBITALS:           0   (   0A   )
 NUMBER OF VALENCE ORBITALS:        2   (   2A   )

 SYMMETRY CHANGED: INITIALIZING OCCUPATION


 NUCLEAR REPULSION ENERGY    0.69554770

 EXTRA SYMMETRY OF AOS IN SYMMETRY 1:   1 1 1 2 3 1 2 3 1 1   1 1 2 3 1 2 3 1

 Eigenvalues of metric

         1 0.302E-03 0.201E-01 0.218E-01 0.781E-01 0.111E+00 0.111E+00 0.174E+00 0.449E+00


 Contracted 2-electron integrals neglected if value below      1.0D-11
 AO integral compression algorithm  1   Integral accuracy      1.0D-11

     0.262 MB (compressed) written to integral file ( 56.4%)


 NUMBER OF SORTED TWO-ELECTRON INTEGRALS:      14706.     BUFFER LENGTH:  32768
 NUMBER OF SEGMENTS:   1  SEGMENT LENGTH:      14706      RECORD LENGTH: 524288

 Memory used in sort:       0.57 MW

 SORT1 READ       26487. AND WROTE        4350. INTEGRALS IN      1 RECORDS. CPU TIME:     0.00 SEC, REAL TIME:     0.00 SEC
 SORT2 READ        4350. AND WROTE       14706. INTEGRALS IN      1 RECORDS. CPU TIME:     0.03 SEC, REAL TIME:     0.03 SEC

 FILE SIZES:   FILE 1:     3.2 MBYTE,  FILE 4:     4.2 MBYTE,   TOTAL:      7.4 MBYTE

 OPERATOR DM      FOR CENTER  0  COORDINATES:    0.000000    0.000000    0.000000
 Density functional group B3LYP3=B88+DIRAC+LYP+VWN3
 Functional: B88(Automatically generated B88)                                  Gradient terms: 1
 Functional: DIRAC(Automatically generated DIRAC)                              Gradient terms: 0
 Functional: LYP(Lee-Yang-Parr gradient-corrected correlation energy (1988))   Gradient terms: 1
 Functional: VWN3(Automatically generated VWN3)                                Gradient terms: 0
 Use grid at  1800.2


 Exact exchange will be calculated, factor:  0.2000

 Functional: B88                       Factor:  0.7200
 Functional: DIRAC                     Factor:  0.0800
 Functional: LYP                       Factor:  0.8100
 Functional: VWN3                      Factor:  0.1900

 Warning: extending grid record  1800.2 from   129 to   181 words
 Generated new metagrid on record  1800.2 with target accuracy 1.0D-06 and 4244 points in CPU time    0.1
 Computed new grid on record 1800.1 in CPU time    0.1
   17984 words reserved for DFT integration

 PROGRAM * RKS-SCF (Restricted closed shell Kohn-Sham)     Authors: W. Meyer, H.-J. Werner, P.J. Knowles, 1993

 NUMBER OF ELECTRONS:       1+    1-    SPACE SYMMETRY=1    SPIN SYMMETRY: Singlet 
 CONVERGENCE THRESHOLDS:    1.00E-05 (Density)    1.00E-07 (Energy)
 MAX. NUMBER OF ITERATIONS:       60
 INTERPOLATION TYPE:            DIIS
 INTERPOLATION STEPS:              2 (START)      1 (STEP)
 LEVEL SHIFTS:                  0.00 (CLOSED)  0.00 (OPEN) 



 Use fine grid record 1800.2 for energy threshold 1.0D-06
 Molecular orbitals read from record     2100.2  Type=RKS/CANONICAL (state 1.1)

 Present basis size:      18
 Previous basis size:      5   2   2   0   5   2   2
 Previous occupation:      1   0   0   0   0   0   0
 Previous closed-shells:   1   0   0   0   0   0   0
 Present occupation:       1
 Present closed-shells:    1
 Wavefunction symmetry:    1   Singlet 

 Orbital overlap <old|new>:  < 1.1| 1.1> = 1.000000

 Molecular orbital dump at record        2101.2

 ITERATION    DDIFF          GRAD             ENERGY        2-EL.EN.            DIPOLE MOMENTS         DIIS
    1      0.000D+00      0.000D+00        -1.17402630      2.341352    0.00000    0.00000   -0.00000    0
    2      0.000D+00      0.744D-09        -1.17402630      2.341352   -0.00000   -0.00000    0.00000    0

 Final occupancy:   1

 !RKS STATE 1.1 Energy                 -1.174026304358
 Nuclear energy                         0.69554770
 One-electron energy                   -2.47421923
 Two-electron energy                    1.17067585
 SCF exchange energy                   -0.65037547     Factor=0.2000
 Density functional                    -0.56603063     B88=-0.64685864 DIRAC=-0.56000388 LYP=-0.03803012 VWN3=-0.12993530
 Virial quotient                       -1.08222624
 !RKS STATE 1.1 Dipole moment          -0.00000000    -0.00000000     0.00000000
 Dipole moment /Debye                  -0.00000000    -0.00000000     0.00000000

 Orbital energies:

         1.1          2.1          3.1
     -0.427960     0.015095     0.025561


 **********************************************************************************************************************************
 DATASETS  * FILE   NREC   LENGTH (MB)   RECORD NAMES
              1      22        3.11       500      610      700      702      900      703      950      970     1001      129   
                                          VAR    BASINP    GEOM     GEOM    SYMINP    GEOM     ZMAT    AOBASIS   BASIS     P2S  
                                          960     1100     1400     1410     1200     1210     1080     1600     1650     1300   
                                        ABASIS      S        T        V       H0       H01     AOSYM     SMH    MOLCAS    ERIS   
                                         1700     1800   
                                         OPER     GRID   

              2      13        0.73       700     1000     1800     2100      701      702     1001     1800(1)  2101     5300   
                                         GEOM     BASIS    GRID      RKS     GEOM     GEOM     BASIS    GRID      RKS     HESS   
                                         5400     5450      703   
                                         FREQ     NMOD     GEOM   

 PROGRAMS   *        TOTAL        KS        KS        KS        KS        KS        KS       INT      OPTG        KS       INT
 CPU TIMES  *        10.64      0.31      0.52      0.54      0.54      0.54      0.21      0.12      2.75      0.18      0.08
 REAL TIME  *        13.04 SEC
 DISK USED  *         8.79 MB      
 **********************************************************************************************************************************
