
 Running default procedure: KS-SCF000
1PROGRAM * ALASKA (Gradient of the energy)     Author: R. Lindh

 Orbitals from record         2100.2

 Number of closed-shell orbitals:  1 (  1  0  0  0  0 )
 Number of occupied orbitals:      1 (  1  0  0  0  0 )

 Number of electrons=  2     Singlet     Space symmetry=1      Wavefunction type: CLOSED          


 DFT GRADIENT, EXFAC=     0.200

 RKS GRADIENT FOR STATE 1.1

 Atom          dE/dx               dE/dy               dE/dz

   1         0.000000000         0.000000000        -0.010541347
   2        -0.000000000        -0.000000000         0.010541347

 Nuclear force contribution to virial =         0.014740991
 Reading points  1 to  1 from record 700.2,  wavefunction type=KS-SCF000       

 Making model hessian for Z-matrix coordinates
 No hessian update for point  1

 Quadratic Steepest Descent - Minimum Search

 Optimization point 1

 Variable                      Last           Current        Next           Gradient       Hessian

 E(KS-SCF000) / Hartree      0.00000000    -1.16542066     0.00000000
 D / ANG                     0.00000000     0.74000000     0.72584035     0.01992026     1.40683292
 Convergence:                0.00000000  (line search)     0.02675786     0.01054135  (total)

 Geometry written to block  2 of record 700


 Recomputing integrals since geometry changed

1PROGRAM * SEWARD (Integral evaluation for generally contracted gaussian basis sets)     Author: Roland Lindh, 1990

 Geometry written to block  2 of record 700

 Orientation using atomic masses  
 Molecule type: Linear
 Symmetry elements: X,Y,Z
 Rotational constants:    1903.4009594   1903.4009594      0.0000000 GHz  (calculated with average atomic masses)

 Point group  D2h 



 ATOMIC COORDINATES

 NR  ATOM    CHARGE       X              Y              Z

   1  H1      1.00    0.000000000    0.000000000   -0.685819741
   2  H2      1.00    0.000000000    0.000000000    0.685819741

 Bond lengths in Bohr (Angstrom)

 1-2  1.371639481
     ( 0.725840352)

 NUCLEAR CHARGE:                    2
 NUMBER OF PRIMITIVE AOS:           6
 NUMBER OF SYMMETRY AOS:            6
 NUMBER OF CONTRACTIONS:            2   (   1Ag  +   0B3u +   0B2u +   0B1g +   1B1u +   0B2g +   0B3g +   0Au  )
 NUMBER OF CORE ORBITALS:           0   (   0Ag  +   0B3u +   0B2u +   0B1g +   0B1u +   0B2g +   0B3g +   0Au  )
 NUMBER OF VALENCE ORBITALS:        2   (   1Ag  +   0B3u +   0B2u +   0B1g +   1B1u +   0B2g +   0B3g +   0Au  )


 NUCLEAR REPULSION ENERGY    0.72905455


 Eigenvalues of metric

         1 0.167E+01
         5 0.331E+00


 Contracted 2-electron integrals neglected if value below      1.0D-11
 AO integral compression algorithm  1   Integral accuracy      1.0D-11

     0.262 MB (compressed) written to integral file (100.0%)


 NUMBER OF SORTED TWO-ELECTRON INTEGRALS:          5.     BUFFER LENGTH:  32768
 NUMBER OF SEGMENTS:   1  SEGMENT LENGTH:          5      RECORD LENGTH: 524288

 Memory used in sort:       0.56 MW

 SORT1 READ           8. AND WROTE           5. INTEGRALS IN      1 RECORDS. CPU TIME:     0.00 SEC, REAL TIME:     0.00 SEC
 SORT2 READ           5. AND WROTE           5. INTEGRALS IN      1 RECORDS. CPU TIME:     0.00 SEC, REAL TIME:     0.00 SEC

 FILE SIZES:   FILE 1:     2.8 MBYTE,  FILE 4:     4.2 MBYTE,   TOTAL:      7.0 MBYTE

 OPERATOR DM      FOR CENTER  0  COORDINATES:    0.000000    0.000000    0.000000
 Density functional group B3LYP3=B88+DIRAC+LYP+VWN3
 Functional: B88(Automatically generated B88)                                  Gradient terms: 1
 Functional: DIRAC(Automatically generated DIRAC)                              Gradient terms: 0
 Functional: LYP(Lee-Yang-Parr gradient-corrected correlation energy (1988))   Gradient terms: 1
 Functional: VWN3(Automatically generated VWN3)                                Gradient terms: 0
 Use grid at  1800.2


 Exact exchange will be calculated, factor:  0.2000

 Functional: B88                       Factor:  0.7200
 Functional: DIRAC                     Factor:  0.0800
 Functional: LYP                       Factor:  0.8100
 Functional: VWN3                      Factor:  0.1900

 Generated new metagrid on record  1800.2 with target accuracy 1.0D-06 and 669 points in CPU time    0.0
 Computed new grid on record 1800.1 in CPU time    0.0
    5358 words reserved for DFT integration

 PROGRAM * RKS-SCF (Restricted closed shell Kohn-Sham)     Authors: W. Meyer, H.-J. Werner, P.J. Knowles, 1993

 NUMBER OF ELECTRONS:       1+    1-
 CONVERGENCE THRESHOLDS:    1.00E-05 (Density)    1.00E-07 (Energy)
 MAX. NUMBER OF ITERATIONS:       60
 INTERPOLATION TYPE:            DIIS
 INTERPOLATION STEPS:              2 (START)      1 (STEP)
 LEVEL SHIFTS:                  0.00 (CLOSED)  0.00 (OPEN) 

 Number of closed-shell orbitals:    1 (   1   0   0   0   0 )


 Use fine grid record 1800.2 for energy threshold 1.0D-06
 Molecular orbitals read from record     2100.2  Type=RKS/CANONICAL (state 1.1)

 Molecular orbital dump at record        2100.2

 ITERATION    DDIFF          GRAD             ENERGY        2-EL.EN.            DIPOLE MOMENTS         DIIS
    1      0.000D+00      0.000D+00        -1.16553198      2.438850    0.00000    0.00000    0.00000    0
    2      0.000D+00      0.000D+00        -1.16553198      2.438850    0.00000    0.00000    0.00000    0

 Final occupancy:   1   0   0   0   0

 !RKS STATE 1.1 Energy                 -1.165531980816
 Nuclear energy                         0.72905455
 One-electron energy                   -2.52383446
 Two-electron energy                    1.21942519
 SCF exchange energy                   -0.67745844     Factor=0.2000
 Density functional                    -0.59017726     B88=-0.67663904 DIRAC=-0.58493155 LYP=-0.03839214 VWN3=-0.13213155
 Virial quotient                       -0.96737408
 !RKS STATE 1.1 Dipole moment           0.00000000     0.00000000     0.00000000
 Dipole moment /Debye                   0.00000000     0.00000000     0.00000000

 Orbital energies:

         1.1
     -0.419394

         1.5
      0.441231


 **********************************************************************************************************************************
 DATASETS  * FILE   NREC   LENGTH (MB)   RECORD NAMES
              1      20        2.55       500      610      700      900      950      970     1000      129      960     1100   
                                          VAR    BASINP    GEOM    SYMINP    ZMAT    AOBASIS   BASIS     P2S    ABASIS      S 
                                         1400     1410     1200     1210     1080     1600     1650     1300     1700     1800   
                                           T        V       H0       H01     AOSYM     SMH    MOLCAS    ERIS     OPER     GRID   

              2       4        0.26       700     1000     1800     2100   
                                         GEOM     BASIS    GRID      RKS  

 PROGRAMS   *        TOTAL        KS        KS       INT
 CPU TIMES  *         2.02      0.13      0.11      0.13
 REAL TIME  *         2.88 SEC
 DISK USED  *         7.50 MB      
 **********************************************************************************************************************************

 PROGRESS OF GEOMETRY OPTIMIZATION.    TOTAL CPU:         1.3 SEC

 ITER.   ENERGY(OLD)    ENERGY(NEW)      DE          GRADMAX     GRADNORM    GRADRMS     STEPMAX     STEPLEN     STEPRMS
   1    -1.16542066    -1.16553198    -0.00011132  0.01054135  0.01054135  0.01054135  0.02675786  0.02675786  0.02675786

 **********************************************************************************************************************************

 Current geometry (xyz format, in Angstrom)

    2
 KS-SCF000/STO-3G  ENERGY=-1.16553198
 H          0.0000000000        0.0000000000       -0.3629201762
 H          0.0000000000        0.0000000000        0.3629201762

 **********************************************************************************************************************************
1PROGRAM * ALASKA (Gradient of the energy)     Author: R. Lindh

 Orbitals from record         2100.2

 Number of closed-shell orbitals:  1 (  1  0  0  0  0 )
 Number of occupied orbitals:      1 (  1  0  0  0  0 )

 Number of electrons=  2     Singlet     Space symmetry=1      Wavefunction type: CLOSED          


 DFT GRADIENT, EXFAC=     0.200

 RKS GRADIENT FOR STATE 1.1

 Atom          dE/dx               dE/dy               dE/dz

   1         0.000000000         0.000000000         0.002412704
   2        -0.000000000        -0.000000000        -0.002412704

 Nuclear force contribution to virial =        -0.003309359
 Reading points  1 to  2 from record 700.2,  wavefunction type=KS-SCF000       

 Making model hessian for Z-matrix coordinates
 BFGS update of hessian using  1 points

 Quadratic Steepest Descent - Minimum Search

 Optimization point 2

 Variable                      Last           Current        Next           Gradient       Hessian

 E(KS-SCF000) / Hartree     -1.16542066    -1.16553198     0.00000000
 D / ANG                     0.74000000     0.72584035     0.72847760    -0.00455935     1.72882885
 Convergence:                0.00000000  (line search)     0.00498367     0.00241270  (total)

 Geometry written to block  3 of record 700


 Recomputing integrals since geometry changed

1PROGRAM * SEWARD (Integral evaluation for generally contracted gaussian basis sets)     Author: Roland Lindh, 1990

 Geometry written to block  3 of record 700

 Orientation using atomic masses  
 Molecule type: Linear
 Symmetry elements: X,Y,Z
 Rotational constants:    1889.6444554   1889.6444554      0.0000000 GHz  (calculated with average atomic masses)

 Point group  D2h 



 ATOMIC COORDINATES

 NR  ATOM    CHARGE       X              Y              Z

   1  H1      1.00    0.000000000    0.000000000   -0.688311578
   2  H2      1.00    0.000000000    0.000000000    0.688311578

 Bond lengths in Bohr (Angstrom)

 1-2  1.376623156
     ( 0.728477599)

 NUCLEAR CHARGE:                    2
 NUMBER OF PRIMITIVE AOS:           6
 NUMBER OF SYMMETRY AOS:            6
 NUMBER OF CONTRACTIONS:            2   (   1Ag  +   0B3u +   0B2u +   0B1g +   1B1u +   0B2g +   0B3g +   0Au  )
 NUMBER OF CORE ORBITALS:           0   (   0Ag  +   0B3u +   0B2u +   0B1g +   0B1u +   0B2g +   0B3g +   0Au  )
 NUMBER OF VALENCE ORBITALS:        2   (   1Ag  +   0B3u +   0B2u +   0B1g +   1B1u +   0B2g +   0B3g +   0Au  )


 NUCLEAR REPULSION ENERGY    0.72641521


 Eigenvalues of metric

         1 0.167E+01
         5 0.333E+00


 Contracted 2-electron integrals neglected if value below      1.0D-11
 AO integral compression algorithm  1   Integral accuracy      1.0D-11

     0.262 MB (compressed) written to integral file (100.0%)


 NUMBER OF SORTED TWO-ELECTRON INTEGRALS:          5.     BUFFER LENGTH:  32768
 NUMBER OF SEGMENTS:   1  SEGMENT LENGTH:          5      RECORD LENGTH: 524288

 Memory used in sort:       0.56 MW

 SORT1 READ           8. AND WROTE           5. INTEGRALS IN      1 RECORDS. CPU TIME:     0.00 SEC, REAL TIME:     0.01 SEC
 SORT2 READ           5. AND WROTE           5. INTEGRALS IN      1 RECORDS. CPU TIME:     0.00 SEC, REAL TIME:     0.00 SEC

 FILE SIZES:   FILE 1:     2.8 MBYTE,  FILE 4:     4.2 MBYTE,   TOTAL:      7.0 MBYTE

 OPERATOR DM      FOR CENTER  0  COORDINATES:    0.000000    0.000000    0.000000
 Density functional group B3LYP3=B88+DIRAC+LYP+VWN3
 Functional: B88(Automatically generated B88)                                  Gradient terms: 1
 Functional: DIRAC(Automatically generated DIRAC)                              Gradient terms: 0
 Functional: LYP(Lee-Yang-Parr gradient-corrected correlation energy (1988))   Gradient terms: 1
 Functional: VWN3(Automatically generated VWN3)                                Gradient terms: 0
 Use grid at  1800.2


 Exact exchange will be calculated, factor:  0.2000

 Functional: B88                       Factor:  0.7200
 Functional: DIRAC                     Factor:  0.0800
 Functional: LYP                       Factor:  0.8100
 Functional: VWN3                      Factor:  0.1900

 Generated new metagrid on record  1800.2 with target accuracy 1.0D-06 and 669 points in CPU time    0.0
 Computed new grid on record 1800.1 in CPU time    0.1
    5358 words reserved for DFT integration

 PROGRAM * RKS-SCF (Restricted closed shell Kohn-Sham)     Authors: W. Meyer, H.-J. Werner, P.J. Knowles, 1993

 NUMBER OF ELECTRONS:       1+    1-
 CONVERGENCE THRESHOLDS:    1.00E-05 (Density)    1.00E-07 (Energy)
 MAX. NUMBER OF ITERATIONS:       60
 INTERPOLATION TYPE:            DIIS
 INTERPOLATION STEPS:              2 (START)      1 (STEP)
 LEVEL SHIFTS:                  0.00 (CLOSED)  0.00 (OPEN) 

 Number of closed-shell orbitals:    1 (   1   0   0   0   0 )


 Use fine grid record 1800.2 for energy threshold 1.0D-06
 Molecular orbitals read from record     2100.2  Type=RKS/CANONICAL (state 1.1)

 Molecular orbital dump at record        2100.2

 ITERATION    DDIFF          GRAD             ENERGY        2-EL.EN.            DIPOLE MOMENTS         DIIS
    1      0.000D+00      0.000D+00        -1.16553776      2.437038    0.00000    0.00000    0.00000    0
    2      0.000D+00      0.000D+00        -1.16553776      2.437038    0.00000    0.00000    0.00000    0

 Final occupancy:   1   0   0   0   0

 !RKS STATE 1.1 Energy                 -1.165537756309
 Nuclear energy                         0.72641521
 One-electron energy                   -2.52061472
 Two-electron energy                    1.21851910
 SCF exchange energy                   -0.67695506     Factor=0.2000
 Density functional                    -0.58985735     B88=-0.67626118 DIRAC=-0.58457208 LYP=-0.03837464 VWN3=-0.13210567
 Virial quotient                       -0.96792059
 !RKS STATE 1.1 Dipole moment           0.00000000     0.00000000     0.00000000
 Dipole moment /Debye                   0.00000000     0.00000000     0.00000000

 Orbital energies:

         1.1
     -0.418483

         1.5
      0.438659


 **********************************************************************************************************************************
 DATASETS  * FILE   NREC   LENGTH (MB)   RECORD NAMES
              1      20        2.55       500      610      700      900      950      970     1000      129      960     1100   
                                          VAR    BASINP    GEOM    SYMINP    ZMAT    AOBASIS   BASIS     P2S    ABASIS      S 
                                         1400     1410     1200     1210     1080     1600     1650     1300     1700     1800   
                                           T        V       H0       H01     AOSYM     SMH    MOLCAS    ERIS     OPER     GRID   

              2       4        0.26       700     1000     1800     2100   
                                         GEOM     BASIS    GRID      RKS  

 PROGRAMS   *        TOTAL        KS        KS       INT
 CPU TIMES  *         3.24      0.15      0.11      0.13
 REAL TIME  *         4.33 SEC
 DISK USED  *         7.50 MB      
 **********************************************************************************************************************************

 PROGRESS OF GEOMETRY OPTIMIZATION.    TOTAL CPU:         2.5 SEC

 ITER.   ENERGY(OLD)    ENERGY(NEW)      DE          GRADMAX     GRADNORM    GRADRMS     STEPMAX     STEPLEN     STEPRMS
   1    -1.16542066    -1.16553198    -0.00011132  0.01054135  0.01054135  0.01054135  0.02675786  0.02675786  0.02675786
   2    -1.16553198    -1.16553776    -0.00000578  0.00241270  0.00241270  0.00241270  0.00498367  0.00498367  0.00498367

 **********************************************************************************************************************************

 Current geometry (xyz format, in Angstrom)

    2
 KS-SCF000/STO-3G  ENERGY=-1.16553776
 H          0.0000000000        0.0000000000       -0.3642387997
 H          0.0000000000        0.0000000000        0.3642387997

 **********************************************************************************************************************************
1PROGRAM * ALASKA (Gradient of the energy)     Author: R. Lindh

 Orbitals from record         2100.2

 Number of closed-shell orbitals:  1 (  1  0  0  0  0 )
 Number of occupied orbitals:      1 (  1  0  0  0  0 )

 Number of electrons=  2     Singlet     Space symmetry=1      Wavefunction type: CLOSED          


 DFT GRADIENT, EXFAC=     0.200

 RKS GRADIENT FOR STATE 1.1

 Atom          dE/dx               dE/dy               dE/dz

   1         0.000000000         0.000000000        -0.000088046
   2        -0.000000000        -0.000000000         0.000088046

 Nuclear force contribution to virial =         0.000121206
 Reading points  1 to  3 from record 700.2,  wavefunction type=KS-SCF000       

 Making model hessian for Z-matrix coordinates
 BFGS update of hessian using  2 points

 Quadratic Steepest Descent - Minimum Search

 Optimization point 3

 Variable                      Last           Current        Next           Gradient       Hessian

 E(KS-SCF000) / Hartree     -1.16553198    -1.16553776     0.00000000
 D / ANG                     0.72584035     0.72847760     0.72838475     0.00016638     1.79191848
 Convergence:                0.00000000  (line search)     0.00017546     0.00008805  (total)

 Geometry written to block  4 of record 700


 Recomputing integrals since geometry changed

1PROGRAM * SEWARD (Integral evaluation for generally contracted gaussian basis sets)     Author: Roland Lindh, 1990

 Geometry written to block  4 of record 700

 Orientation using atomic masses  
 Molecule type: Linear
 Symmetry elements: X,Y,Z
 Rotational constants:    1890.1262561   1890.1262561      0.0000000 GHz  (calculated with average atomic masses)

 Point group  D2h 



 ATOMIC COORDINATES

 NR  ATOM    CHARGE       X              Y              Z

   1  H1      1.00    0.000000000    0.000000000   -0.688223846
   2  H2      1.00    0.000000000    0.000000000    0.688223846

 Bond lengths in Bohr (Angstrom)

 1-2  1.376447691
     ( 0.728384748)

 NUCLEAR CHARGE:                    2
 NUMBER OF PRIMITIVE AOS:           6
 NUMBER OF SYMMETRY AOS:            6
 NUMBER OF CONTRACTIONS:            2   (   1Ag  +   0B3u +   0B2u +   0B1g +   1B1u +   0B2g +   0B3g +   0Au  )
 NUMBER OF CORE ORBITALS:           0   (   0Ag  +   0B3u +   0B2u +   0B1g +   0B1u +   0B2g +   0B3g +   0Au  )
 NUMBER OF VALENCE ORBITALS:        2   (   1Ag  +   0B3u +   0B2u +   0B1g +   1B1u +   0B2g +   0B3g +   0Au  )


 NUCLEAR REPULSION ENERGY    0.72650781


 Eigenvalues of metric

         1 0.167E+01
         5 0.333E+00


 Contracted 2-electron integrals neglected if value below      1.0D-11
 AO integral compression algorithm  1   Integral accuracy      1.0D-11

     0.262 MB (compressed) written to integral file (100.0%)


 NUMBER OF SORTED TWO-ELECTRON INTEGRALS:          5.     BUFFER LENGTH:  32768
 NUMBER OF SEGMENTS:   1  SEGMENT LENGTH:          5      RECORD LENGTH: 524288

 Memory used in sort:       0.56 MW

 SORT1 READ           8. AND WROTE           5. INTEGRALS IN      1 RECORDS. CPU TIME:     0.00 SEC, REAL TIME:     0.01 SEC
 SORT2 READ           5. AND WROTE           5. INTEGRALS IN      1 RECORDS. CPU TIME:     0.00 SEC, REAL TIME:     0.00 SEC

 FILE SIZES:   FILE 1:     2.8 MBYTE,  FILE 4:     4.2 MBYTE,   TOTAL:      7.0 MBYTE

 OPERATOR DM      FOR CENTER  0  COORDINATES:    0.000000    0.000000    0.000000
 Density functional group B3LYP3=B88+DIRAC+LYP+VWN3
 Functional: B88(Automatically generated B88)                                  Gradient terms: 1
 Functional: DIRAC(Automatically generated DIRAC)                              Gradient terms: 0
 Functional: LYP(Lee-Yang-Parr gradient-corrected correlation energy (1988))   Gradient terms: 1
 Functional: VWN3(Automatically generated VWN3)                                Gradient terms: 0
 Use grid at  1800.2


 Exact exchange will be calculated, factor:  0.2000

 Functional: B88                       Factor:  0.7200
 Functional: DIRAC                     Factor:  0.0800
 Functional: LYP                       Factor:  0.8100
 Functional: VWN3                      Factor:  0.1900

 Computed new grid on record 1800.1 in CPU time    0.0
    5358 words reserved for DFT integration

 PROGRAM * RKS-SCF (Restricted closed shell Kohn-Sham)     Authors: W. Meyer, H.-J. Werner, P.J. Knowles, 1993

 NUMBER OF ELECTRONS:       1+    1-
 CONVERGENCE THRESHOLDS:    1.00E-05 (Density)    1.00E-07 (Energy)
 MAX. NUMBER OF ITERATIONS:       60
 INTERPOLATION TYPE:            DIIS
 INTERPOLATION STEPS:              2 (START)      1 (STEP)
 LEVEL SHIFTS:                  0.00 (CLOSED)  0.00 (OPEN) 

 Number of closed-shell orbitals:    1 (   1   0   0   0   0 )


 Use fine grid record 1800.2 for energy threshold 1.0D-06
 Molecular orbitals read from record     2100.2  Type=RKS/CANONICAL (state 1.1)

 Molecular orbital dump at record        2100.2

 ITERATION    DDIFF          GRAD             ENERGY        2-EL.EN.            DIPOLE MOMENTS         DIIS
    1      0.000D+00      0.000D+00        -1.16553776      2.437102    0.00000    0.00000    0.00000    0
    2      0.000D+00      0.000D+00        -1.16553776      2.437102    0.00000    0.00000    0.00000    0

 Final occupancy:   1   0   0   0   0

 !RKS STATE 1.1 Energy                 -1.165537764096
 Nuclear energy                         0.72650781
 One-electron energy                   -2.52072798
 Two-electron energy                    1.21855100
 SCF exchange energy                   -0.67697278     Factor=0.2000
 Density functional                    -0.58986860     B88=-0.67627447 DIRAC=-0.58458473 LYP=-0.03837525 VWN3=-0.13210659
 Virial quotient                       -0.96790159
 !RKS STATE 1.1 Dipole moment           0.00000000     0.00000000     0.00000000
 Dipole moment /Debye                   0.00000000     0.00000000     0.00000000

 Orbital energies:

         1.1
     -0.418515

         1.5
      0.438749


 **********************************************************************************************************************************
 DATASETS  * FILE   NREC   LENGTH (MB)   RECORD NAMES
              1      20        2.55       500      610      700      900      950      970     1000      129      960     1100   
                                          VAR    BASINP    GEOM    SYMINP    ZMAT    AOBASIS   BASIS     P2S    ABASIS      S 
                                         1400     1410     1200     1210     1080     1600     1650     1300     1700     1800   
                                           T        V       H0       H01     AOSYM     SMH    MOLCAS    ERIS     OPER     GRID   

              2       4        0.26       700     1000     1800     2100   
                                         GEOM     BASIS    GRID      RKS  

 PROGRAMS   *        TOTAL        KS        KS       INT
 CPU TIMES  *         4.42      0.11      0.11      0.13
 REAL TIME  *         5.62 SEC
 DISK USED  *         7.50 MB      
 **********************************************************************************************************************************

 PROGRESS OF GEOMETRY OPTIMIZATION.    TOTAL CPU:         3.7 SEC

 ITER.   ENERGY(OLD)    ENERGY(NEW)      DE          GRADMAX     GRADNORM    GRADRMS     STEPMAX     STEPLEN     STEPRMS
   1    -1.16542066    -1.16553198    -0.00011132  0.01054135  0.01054135  0.01054135  0.02675786  0.02675786  0.02675786
   2    -1.16553198    -1.16553776    -0.00000578  0.00241270  0.00241270  0.00241270  0.00498367  0.00498367  0.00498367
   3    -1.16553776    -1.16553776    -0.00000001  0.00008805  0.00008805  0.00008805  0.00017546  0.00017546  0.00017546

 **********************************************************************************************************************************

 Current geometry (xyz format, in Angstrom)

    2
 KS-SCF000/STO-3G  ENERGY=-1.16553776
 H          0.0000000000        0.0000000000       -0.3641923738
 H          0.0000000000        0.0000000000        0.3641923738

 **********************************************************************************************************************************
 Cartesian Coordinates are in [bohr]
 Creating new Variables:
 H1X1              0.00000000
 H1Y1              0.00000000
 H1Z1             -0.68822385
 H2X2              0.00000000
 H2Y2              0.00000000
 H2Z2              0.68822385


 Recomputing integrals since symmetry changed


 Using spherical harmonics

 Library entry H      S STO-3G               selected for orbital group  1

1PROGRAM * SEWARD (Integral evaluation for generally contracted gaussian basis sets)     Author: Roland Lindh, 1990

 Geometry written to block  1 of record 702


 Point group  C1  



 ATOMIC COORDINATES

 NR  ATOM    CHARGE       X              Y              Z

   1  H1      1.00    0.000000000    0.000000000   -0.688223846
   2  H2      1.00    0.000000000    0.000000000    0.688223846

 Bond lengths in Bohr (Angstrom)

 1-2  1.376447691
     ( 0.728384748)

 NUCLEAR CHARGE:                    2
 NUMBER OF PRIMITIVE AOS:           6
 NUMBER OF SYMMETRY AOS:            6
 NUMBER OF CONTRACTIONS:            2   (   2A   )
 NUMBER OF CORE ORBITALS:           0   (   0A   )
 NUMBER OF VALENCE ORBITALS:        2   (   2A   )

 SYMMETRY CHANGED: INITIALIZING OCCUPATION


 NUCLEAR REPULSION ENERGY    0.72650781


 Eigenvalues of metric

         1 0.333E+00 0.167E+01


 Contracted 2-electron integrals neglected if value below      1.0D-11
 AO integral compression algorithm  1   Integral accuracy      1.0D-11

     0.262 MB (compressed) written to integral file (100.0%)


 NUMBER OF SORTED TWO-ELECTRON INTEGRALS:          6.     BUFFER LENGTH:  32768
 NUMBER OF SEGMENTS:   1  SEGMENT LENGTH:          6      RECORD LENGTH: 524288

 Memory used in sort:       0.56 MW

 SORT1 READ           7. AND WROTE           6. INTEGRALS IN      1 RECORDS. CPU TIME:     0.00 SEC, REAL TIME:     0.01 SEC
 SORT2 READ           6. AND WROTE           6. INTEGRALS IN      1 RECORDS. CPU TIME:     0.01 SEC, REAL TIME:     0.00 SEC

 FILE SIZES:   FILE 1:     3.0 MBYTE,  FILE 4:     4.2 MBYTE,   TOTAL:      7.2 MBYTE

 OPERATOR DM      FOR CENTER  0  COORDINATES:    0.000000    0.000000    0.000000


 **********************************************************************************************************************************
 DATASETS  * FILE   NREC   LENGTH (MB)   RECORD NAMES
              1      20        2.73       500      610      700      702      900      950      970     1001      129      960   
                                          VAR    BASINP    GEOM     GEOM    SYMINP    ZMAT    AOBASIS   BASIS     P2S    ABASIS    
                                         1100     1400     1410     1200     1210     1080     1600     1650     1300     1700   
                                           S        T        V       H0       H01     AOSYM     SMH    MOLCAS    ERIS     OPER   

              2       7        0.67       700     1000     1800     2100      701      702     1001   
                                         GEOM     BASIS    GRID      RKS     GEOM     GEOM     BASIS   

 PROGRAMS   *        TOTAL       INT      OPTG        KS       INT
 CPU TIMES  *         4.60      0.16      3.71      0.11      0.13
 REAL TIME  *         5.87 SEC
 DISK USED  *         8.51 MB      
 **********************************************************************************************************************************

 Density functional group B3LYP3=B88+DIRAC+LYP+VWN3
 Functional: B88(Automatically generated B88)                                  Gradient terms: 1
 Functional: DIRAC(Automatically generated DIRAC)                              Gradient terms: 0
 Functional: LYP(Lee-Yang-Parr gradient-corrected correlation energy (1988))   Gradient terms: 1
 Functional: VWN3(Automatically generated VWN3)                                Gradient terms: 0
 Use grid at  1800.2


 Exact exchange will be calculated, factor:  0.2000

 Functional: B88                       Factor:  0.7200
 Functional: DIRAC                     Factor:  0.0800
 Functional: LYP                       Factor:  0.8100
 Functional: VWN3                      Factor:  0.1900

 Warning: extending grid record  1800.2 from   129 to   181 words
 Generated new metagrid on record  1800.2 with target accuracy 1.0D-06 and 4184 points in CPU time    0.1
 Computed new grid on record 1800.1 in CPU time    0.1
    5342 words reserved for DFT integration

 PROGRAM * RKS-SCF (Restricted closed shell Kohn-Sham)     Authors: W. Meyer, H.-J. Werner, P.J. Knowles, 1993

 NUMBER OF ELECTRONS:       1+    1-    SPACE SYMMETRY=1    SPIN SYMMETRY: Singlet 
 CONVERGENCE THRESHOLDS:    1.00E-05 (Density)    1.00E-06 (Energy)
 MAX. NUMBER OF ITERATIONS:       60
 INTERPOLATION TYPE:            DIIS
 INTERPOLATION STEPS:              2 (START)      1 (STEP)
 LEVEL SHIFTS:                  0.00 (CLOSED)  0.00 (OPEN) 



 Use fine grid record 1800.2 for energy threshold 1.0D-06
 Molecular orbitals read from record     2100.2  Type=RKS/CANONICAL (state 1.1)

 Present basis size:       2
 Previous basis size:      1   0   0   0   1
 Previous occupation:      1   0   0   0   0
 Previous closed-shells:   1   0   0   0   0
 Present occupation:       1
 Present closed-shells:    1
 Wavefunction symmetry:    1   Singlet 

 Orbital overlap <old|new>:  < 1.1| 1.1> = 1.000000

 Molecular orbital dump at record        2101.2

 ITERATION    DDIFF          GRAD             ENERGY        2-EL.EN.            DIPOLE MOMENTS         DIIS
    1      0.000D+00      0.000D+00        -1.16553776      2.437102    0.00000    0.00000    0.00000    0
    2      0.000D+00      0.222D-15        -1.16553776      2.437102    0.00000    0.00000   -0.00000    0

 Final occupancy:   1

 !RKS STATE 1.1 Energy                 -1.165537764096
 Nuclear energy                         0.72650781
 One-electron energy                   -2.52072798
 Two-electron energy                    1.21855100
 SCF exchange energy                   -0.67697278     Factor=0.2000
 Density functional                    -0.58986860     B88=-0.67627447 DIRAC=-0.58458473 LYP=-0.03837525 VWN3=-0.13210659
 Virial quotient                       -0.96790159
 !RKS STATE 1.1 Dipole moment           0.00000000     0.00000000    -0.00000000
 Dipole moment /Debye                   0.00000000     0.00000000    -0.00000000

 Orbital energies:

         1.1          2.1
     -0.418515     0.438749


 **********************************************************************************************************************************
 DATASETS  * FILE   NREC   LENGTH (MB)   RECORD NAMES
              1      21        2.87       500      610      700      702      900      950      970     1001      129      960   
                                          VAR    BASINP    GEOM     GEOM    SYMINP    ZMAT    AOBASIS   BASIS     P2S    ABASIS    
                                         1100     1400     1410     1200     1210     1080     1600     1650     1300     1700   
                                           S        T        V       H0       H01     AOSYM     SMH    MOLCAS    ERIS     OPER   
                                         1800   
                                         GRID   

              2       9        0.70       700     1000     1800     2100      701      702     1001     1800(1)  2101   
                                         GEOM     BASIS    GRID      RKS     GEOM     GEOM     BASIS    GRID      RKS  

 PROGRAMS   *        TOTAL        KS       INT      OPTG        KS       INT
 CPU TIMES  *         4.77      0.16      0.16      3.71      0.11      0.13
 REAL TIME  *         6.15 SEC
 DISK USED  *         8.51 MB      
 **********************************************************************************************************************************

 Freezing grid
 Task   1   Incrementing variable H1X1  by   0.010 BOH (Skipping negative increment due to symmetry).
 Task   2   Incrementing variable H1Y1  by   0.010 BOH (Skipping negative increment due to symmetry).
 Task   3   Incrementing variable H1Z1  by   0.010 BOH
 Task   4   Incrementing variable H1Z1  by  -0.010 BOH
 Starting task   1.  CPU=     0.00 sec, Elapsed=     0.00 sec
 Incrementing variable H1X1             by  0.010000 BOH   to    0.010000 BOH


 Recomputing integrals since geometry changed

1PROGRAM * SEWARD (Integral evaluation for generally contracted gaussian basis sets)     Author: Roland Lindh, 1990

 Geometry written to block  1 of record 702


 Point group  C1  



 ATOMIC COORDINATES

 NR  ATOM    CHARGE       X              Y              Z

   1  H1      1.00    0.010000000    0.000000000   -0.688223846
   2  H2      1.00    0.000000000    0.000000000    0.688223846

 Bond lengths in Bohr (Angstrom)

 1-2  1.376484016
     ( 0.728403970)

 NUCLEAR CHARGE:                    2
 NUMBER OF PRIMITIVE AOS:           6
 NUMBER OF SYMMETRY AOS:            6
 NUMBER OF CONTRACTIONS:            2   (   2A   )
 NUMBER OF CORE ORBITALS:           0   (   0A   )
 NUMBER OF VALENCE ORBITALS:        2   (   2A   )


 NUCLEAR REPULSION ENERGY    0.72648864


 Eigenvalues of metric

         1 0.333E+00 0.167E+01


 Contracted 2-electron integrals neglected if value below      1.0D-11
 AO integral compression algorithm  1   Integral accuracy      1.0D-11

     0.262 MB (compressed) written to integral file (100.0%)


 NUMBER OF SORTED TWO-ELECTRON INTEGRALS:          6.     BUFFER LENGTH:  32768
 NUMBER OF SEGMENTS:   1  SEGMENT LENGTH:          6      RECORD LENGTH: 524288

 Memory used in sort:       0.56 MW

 SORT1 READ           7. AND WROTE           6. INTEGRALS IN      1 RECORDS. CPU TIME:     0.00 SEC, REAL TIME:     0.01 SEC
 SORT2 READ           6. AND WROTE           6. INTEGRALS IN      1 RECORDS. CPU TIME:     0.01 SEC, REAL TIME:     0.01 SEC

 FILE SIZES:   FILE 1:     3.0 MBYTE,  FILE 4:     4.2 MBYTE,   TOTAL:      7.2 MBYTE

 OPERATOR DM      FOR CENTER  0  COORDINATES:    0.000000    0.000000    0.000000
 Density functional group B3LYP3=B88+DIRAC+LYP+VWN3
 Functional: B88(Automatically generated B88)                                  Gradient terms: 1
 Functional: DIRAC(Automatically generated DIRAC)                              Gradient terms: 0
 Functional: LYP(Lee-Yang-Parr gradient-corrected correlation energy (1988))   Gradient terms: 1
 Functional: VWN3(Automatically generated VWN3)                                Gradient terms: 0
 Use grid at  1800.2


 Exact exchange will be calculated, factor:  0.2000

 Functional: B88                       Factor:  0.7200
 Functional: DIRAC                     Factor:  0.0800
 Functional: LYP                       Factor:  0.8100
 Functional: VWN3                      Factor:  0.1900

 Computed new grid on record 1800.1 in CPU time    0.0
    5342 words reserved for DFT integration

 PROGRAM * RKS-SCF (Restricted closed shell Kohn-Sham)     Authors: W. Meyer, H.-J. Werner, P.J. Knowles, 1993

 NUMBER OF ELECTRONS:       1+    1-    SPACE SYMMETRY=1    SPIN SYMMETRY: Singlet 
 CONVERGENCE THRESHOLDS:    1.00E-07 (Density)    1.00E-07 (Energy)
 MAX. NUMBER OF ITERATIONS:       60
 INTERPOLATION TYPE:            DIIS
 INTERPOLATION STEPS:              2 (START)      1 (STEP)
 LEVEL SHIFTS:                  0.00 (CLOSED)  0.00 (OPEN) 

 Number of closed-shell orbitals:    1 (   1 )


 Use fine grid record 1800.2 for energy threshold 1.0D-06
 Molecular orbitals read from record     2101.2  Type=RKS/CANONICAL (state 1.1)

 Molecular orbital dump at record        2101.1

 ITERATION    DDIFF          GRAD             ENERGY        2-EL.EN.            DIPOLE MOMENTS         DIIS
    1      0.000D+00      0.000D+00        -1.16553776      2.437089   -0.00000    0.00000   -0.00000    0
    2      0.000D+00      0.278D-15        -1.16553776      2.437089   -0.00000    0.00000    0.00000    0

 Final occupancy:   1

 !RKS STATE 1.1 Energy                 -1.165537755000
 Nuclear energy                         0.72648864
 One-electron energy                   -2.52070453
 Two-electron energy                    1.21854440
 SCF exchange energy                   -0.67696911     Factor=0.2000
 Density functional                    -0.58986627     B88=-0.67627171 DIRAC=-0.58458210 LYP=-0.03837512 VWN3=-0.13210640
 Virial quotient                       -0.96790552
 !RKS STATE 1.1 Dipole moment          -0.00000000     0.00000000     0.00000000
 Dipole moment /Debye                  -0.00000000     0.00000000     0.00000000

 Orbital energies:

         1.1          2.1
     -0.418508     0.438730


 **********************************************************************************************************************************
 DATASETS  * FILE   NREC   LENGTH (MB)   RECORD NAMES
              1      22        2.90       500      610      700      702      900      950      970     1001      129      960   
                                          VAR    BASINP    GEOM     GEOM    SYMINP    ZMAT    AOBASIS   BASIS     P2S    ABASIS    
                                         1100     1400     1410     1200     1210     1080     1600     1650     1300     1700   
                                           S        T        V       H0       H01     AOSYM     SMH    MOLCAS    ERIS     OPER   
                                         1800     2101   
                                         GRID      RKS  

              2      10        0.71       700     1000     1800     2100      701      702     1001     1800(1)  2101     5500   
                                         GEOM     BASIS    GRID      RKS     GEOM     GEOM     BASIS    GRID      RKS     HINFO   

 PROGRAMS   *        TOTAL        KS        KS       INT      OPTG        KS       INT
 CPU TIMES  *         4.94      0.16      0.16      0.16      3.71      0.11      0.13
 REAL TIME  *         6.46 SEC
 DISK USED  *         8.56 MB      
 **********************************************************************************************************************************
1PROGRAM * ALASKA (Gradient of the energy)     Author: R. Lindh

 Orbitals from record         2101.1

 Number of closed-shell orbitals:  1 (  1 )
 Number of occupied orbitals:      1 (  1 )

 Number of electrons=  2     Singlet     Space symmetry=1      Wavefunction type: CLOSED          


 DFT GRADIENT, EXFAC=     0.200

 RKS GRADIENT FOR STATE 1.1

 Atom          dE/dx               dE/dy               dE/dz

   1         0.000001897        -0.000000000        -0.000022778
   2        -0.000001897        -0.000000000         0.000022778

 Nuclear force contribution to virial =         0.000031372
 Starting task   2.  CPU=     1.27 sec, Elapsed=     1.50 sec
 Incrementing variable H1Y1             by  0.010000 BOH   to    0.010000 BOH


 Recomputing integrals since geometry changed

1PROGRAM * SEWARD (Integral evaluation for generally contracted gaussian basis sets)     Author: Roland Lindh, 1990

 Geometry written to block  1 of record 702


 Point group  C1  



 ATOMIC COORDINATES

 NR  ATOM    CHARGE       X              Y              Z

   1  H1      1.00    0.000000000    0.010000000   -0.688223846
   2  H2      1.00    0.000000000    0.000000000    0.688223846

 Bond lengths in Bohr (Angstrom)

 1-2  1.376484016
     ( 0.728403970)

 NUCLEAR CHARGE:                    2
 NUMBER OF PRIMITIVE AOS:           6
 NUMBER OF SYMMETRY AOS:            6
 NUMBER OF CONTRACTIONS:            2   (   2A   )
 NUMBER OF CORE ORBITALS:           0   (   0A   )
 NUMBER OF VALENCE ORBITALS:        2   (   2A   )


 NUCLEAR REPULSION ENERGY    0.72648864


 Eigenvalues of metric

         1 0.333E+00 0.167E+01


 Contracted 2-electron integrals neglected if value below      1.0D-11
 AO integral compression algorithm  1   Integral accuracy      1.0D-11

     0.262 MB (compressed) written to integral file (100.0%)


 NUMBER OF SORTED TWO-ELECTRON INTEGRALS:          6.     BUFFER LENGTH:  32768
 NUMBER OF SEGMENTS:   1  SEGMENT LENGTH:          6      RECORD LENGTH: 524288

 Memory used in sort:       0.56 MW

 SORT1 READ           7. AND WROTE           6. INTEGRALS IN      1 RECORDS. CPU TIME:     0.00 SEC, REAL TIME:     0.04 SEC
 SORT2 READ           6. AND WROTE           6. INTEGRALS IN      1 RECORDS. CPU TIME:     0.00 SEC, REAL TIME:     0.00 SEC

 FILE SIZES:   FILE 1:     3.0 MBYTE,  FILE 4:     4.2 MBYTE,   TOTAL:      7.2 MBYTE

 OPERATOR DM      FOR CENTER  0  COORDINATES:    0.000000    0.000000    0.000000
 Density functional group B3LYP3=B88+DIRAC+LYP+VWN3
 Functional: B88(Automatically generated B88)                                  Gradient terms: 1
 Functional: DIRAC(Automatically generated DIRAC)                              Gradient terms: 0
 Functional: LYP(Lee-Yang-Parr gradient-corrected correlation energy (1988))   Gradient terms: 1
 Functional: VWN3(Automatically generated VWN3)                                Gradient terms: 0
 Use grid at  1800.2


 Exact exchange will be calculated, factor:  0.2000

 Functional: B88                       Factor:  0.7200
 Functional: DIRAC                     Factor:  0.0800
 Functional: LYP                       Factor:  0.8100
 Functional: VWN3                      Factor:  0.1900

 Computed new grid on record 1800.1 in CPU time    0.0
    5342 words reserved for DFT integration

 PROGRAM * RKS-SCF (Restricted closed shell Kohn-Sham)     Authors: W. Meyer, H.-J. Werner, P.J. Knowles, 1993

 NUMBER OF ELECTRONS:       1+    1-    SPACE SYMMETRY=1    SPIN SYMMETRY: Singlet 
 CONVERGENCE THRESHOLDS:    1.00E-07 (Density)    1.00E-07 (Energy)
 MAX. NUMBER OF ITERATIONS:       60
 INTERPOLATION TYPE:            DIIS
 INTERPOLATION STEPS:              2 (START)      1 (STEP)
 LEVEL SHIFTS:                  0.00 (CLOSED)  0.00 (OPEN) 

 Number of closed-shell orbitals:    1 (   1 )


 Use fine grid record 1800.2 for energy threshold 1.0D-06
 Molecular orbitals read from record     2101.2  Type=RKS/CANONICAL (state 1.1)

 Molecular orbital dump at record        2101.1

 ITERATION    DDIFF          GRAD             ENERGY        2-EL.EN.            DIPOLE MOMENTS         DIIS
    1      0.000D+00      0.000D+00        -1.16553776      2.437089    0.00000   -0.00000   -0.00000    0
    2      0.000D+00      0.111D-15        -1.16553776      2.437089    0.00000   -0.00000   -0.00000    0

 Final occupancy:   1

 !RKS STATE 1.1 Energy                 -1.165537755000
 Nuclear energy                         0.72648864
 One-electron energy                   -2.52070453
 Two-electron energy                    1.21854440
 SCF exchange energy                   -0.67696911     Factor=0.2000
 Density functional                    -0.58986627     B88=-0.67627171 DIRAC=-0.58458210 LYP=-0.03837512 VWN3=-0.13210640
 Virial quotient                       -0.96790552
 !RKS STATE 1.1 Dipole moment           0.00000000    -0.00000000    -0.00000000
 Dipole moment /Debye                   0.00000000    -0.00000000    -0.00000000

 Orbital energies:

         1.1          2.1
     -0.418508     0.438730


 **********************************************************************************************************************************
 DATASETS  * FILE   NREC   LENGTH (MB)   RECORD NAMES
              1      22        2.90       500      610      700      702      900      950      970     1001      129      960   
                                          VAR    BASINP    GEOM     GEOM    SYMINP    ZMAT    AOBASIS   BASIS     P2S    ABASIS    
                                         1100     1400     1410     1200     1210     1080     1600     1650     1300     1700   
                                           S        T        V       H0       H01     AOSYM     SMH    MOLCAS    ERIS     OPER   
                                         1800     2101   
                                         GRID      RKS  

              2      10        0.71       700     1000     1800     2100      701      702     1001     1800(1)  2101     5500   
                                         GEOM     BASIS    GRID      RKS     GEOM     GEOM     BASIS    GRID      RKS     HINFO   

 PROGRAMS   *        TOTAL        KS        KS        KS       INT      OPTG        KS       INT
 CPU TIMES  *         6.20      0.17      0.16      0.16      0.16      3.71      0.11      0.13
 REAL TIME  *         7.97 SEC
 DISK USED  *         8.56 MB      
 **********************************************************************************************************************************
1PROGRAM * ALASKA (Gradient of the energy)     Author: R. Lindh

 Orbitals from record         2101.1

 Number of closed-shell orbitals:  1 (  1 )
 Number of occupied orbitals:      1 (  1 )

 Number of electrons=  2     Singlet     Space symmetry=1      Wavefunction type: CLOSED          


 DFT GRADIENT, EXFAC=     0.200

 RKS GRADIENT FOR STATE 1.1

 Atom          dE/dx               dE/dy               dE/dz

   1        -0.000000000         0.000001850        -0.000023623
   2        -0.000000000        -0.000001850         0.000023623

 Nuclear force contribution to virial =         0.000032534
 Starting task   3.  CPU=     2.58 sec, Elapsed=     3.06 sec
 Incrementing variable H1Z1             by  0.010000 BOH   to   -0.678224 BOH


 Recomputing integrals since geometry changed

1PROGRAM * SEWARD (Integral evaluation for generally contracted gaussian basis sets)     Author: Roland Lindh, 1990

 Geometry written to block  1 of record 702


 Point group  C1  



 ATOMIC COORDINATES

 NR  ATOM    CHARGE       X              Y              Z

   1  H1      1.00    0.000000000    0.000000000   -0.678223846
   2  H2      1.00    0.000000000    0.000000000    0.688223846

 Bond lengths in Bohr (Angstrom)

 1-2  1.366447691
     ( 0.723092976)

 NUCLEAR CHARGE:                    2
 NUMBER OF PRIMITIVE AOS:           6
 NUMBER OF SYMMETRY AOS:            6
 NUMBER OF CONTRACTIONS:            2   (   2A   )
 NUMBER OF CORE ORBITALS:           0   (   0A   )
 NUMBER OF VALENCE ORBITALS:        2   (   2A   )


 NUCLEAR REPULSION ENERGY    0.73182457


 Eigenvalues of metric

         1 0.329E+00 0.167E+01


 Contracted 2-electron integrals neglected if value below      1.0D-11
 AO integral compression algorithm  1   Integral accuracy      1.0D-11

     0.262 MB (compressed) written to integral file (100.0%)


 NUMBER OF SORTED TWO-ELECTRON INTEGRALS:          6.     BUFFER LENGTH:  32768
 NUMBER OF SEGMENTS:   1  SEGMENT LENGTH:          6      RECORD LENGTH: 524288

 Memory used in sort:       0.56 MW

 SORT1 READ           7. AND WROTE           6. INTEGRALS IN      1 RECORDS. CPU TIME:     0.00 SEC, REAL TIME:     0.01 SEC
 SORT2 READ           6. AND WROTE           6. INTEGRALS IN      1 RECORDS. CPU TIME:     0.00 SEC, REAL TIME:     0.00 SEC

 FILE SIZES:   FILE 1:     3.0 MBYTE,  FILE 4:     4.2 MBYTE,   TOTAL:      7.2 MBYTE

 OPERATOR DM      FOR CENTER  0  COORDINATES:    0.000000    0.000000    0.000000
 Density functional group B3LYP3=B88+DIRAC+LYP+VWN3
 Functional: B88(Automatically generated B88)                                  Gradient terms: 1
 Functional: DIRAC(Automatically generated DIRAC)                              Gradient terms: 0
 Functional: LYP(Lee-Yang-Parr gradient-corrected correlation energy (1988))   Gradient terms: 1
 Functional: VWN3(Automatically generated VWN3)                                Gradient terms: 0
 Use grid at  1800.2


 Exact exchange will be calculated, factor:  0.2000

 Functional: B88                       Factor:  0.7200
 Functional: DIRAC                     Factor:  0.0800
 Functional: LYP                       Factor:  0.8100
 Functional: VWN3                      Factor:  0.1900

 Computed new grid on record 1800.1 in CPU time    0.0
    5342 words reserved for DFT integration

 PROGRAM * RKS-SCF (Restricted closed shell Kohn-Sham)     Authors: W. Meyer, H.-J. Werner, P.J. Knowles, 1993

 NUMBER OF ELECTRONS:       1+    1-    SPACE SYMMETRY=1    SPIN SYMMETRY: Singlet 
 CONVERGENCE THRESHOLDS:    1.00E-07 (Density)    1.00E-07 (Energy)
 MAX. NUMBER OF ITERATIONS:       60
 INTERPOLATION TYPE:            DIIS
 INTERPOLATION STEPS:              2 (START)      1 (STEP)
 LEVEL SHIFTS:                  0.00 (CLOSED)  0.00 (OPEN) 

 Number of closed-shell orbitals:    1 (   1 )


 Use fine grid record 1800.2 for energy threshold 1.0D-06
 Molecular orbitals read from record     2101.2  Type=RKS/CANONICAL (state 1.1)

 Molecular orbital dump at record        2101.1

 ITERATION    DDIFF          GRAD             ENERGY        2-EL.EN.            DIPOLE MOMENTS         DIIS
    1      0.000D+00      0.000D+00        -1.16551260      2.440738    0.00000    0.00000   -0.00000    0
    2      0.000D+00      0.611D-15        -1.16551260      2.440738    0.00000    0.00000    0.00000    0

 Final occupancy:   1

 !RKS STATE 1.1 Energy                 -1.165512596451
 Nuclear energy                         0.73182457
 One-electron energy                   -2.52719518
 Two-electron energy                    1.22036911
 SCF exchange energy                   -0.67798284     Factor=0.2000
 Density functional                    -0.59051110     B88=-0.67703347 DIRAC=-0.58530655 LYP=-0.03841032 VWN3=-0.13215851
 Virial quotient                       -0.96678944
 !RKS STATE 1.1 Dipole moment           0.00000000     0.00000000     0.00000000
 Dipole moment /Debye                   0.00000000     0.00000000     0.00000000

 Orbital energies:

         1.1          2.1
     -0.420347     0.443927


 **********************************************************************************************************************************
 DATASETS  * FILE   NREC   LENGTH (MB)   RECORD NAMES
              1      22        2.90       500      610      700      702      900      950      970     1001      129      960   
                                          VAR    BASINP    GEOM     GEOM    SYMINP    ZMAT    AOBASIS   BASIS     P2S    ABASIS    
                                         1100     1400     1410     1200     1210     1080     1600     1650     1300     1700   
                                           S        T        V       H0       H01     AOSYM     SMH    MOLCAS    ERIS     OPER   
                                         1800     2101   
                                         GRID      RKS  

              2      10        0.71       700     1000     1800     2100      701      702     1001     1800(1)  2101     5500   
                                         GEOM     BASIS    GRID      RKS     GEOM     GEOM     BASIS    GRID      RKS     HINFO   

 PROGRAMS   *        TOTAL        KS        KS        KS        KS       INT      OPTG        KS       INT
 CPU TIMES  *         7.46      0.15      0.17      0.16      0.16      0.16      3.71      0.11      0.13
 REAL TIME  *         9.51 SEC
 DISK USED  *         8.56 MB      
 **********************************************************************************************************************************
1PROGRAM * ALASKA (Gradient of the energy)     Author: R. Lindh

 Orbitals from record         2101.1

 Number of closed-shell orbitals:  1 (  1 )
 Number of occupied orbitals:      1 (  1 )

 Number of electrons=  2     Singlet     Space symmetry=1      Wavefunction type: CLOSED          


 DFT GRADIENT, EXFAC=     0.200

 RKS GRADIENT FOR STATE 1.1

 Atom          dE/dx               dE/dy               dE/dz

   1        -0.000000000        -0.000000000         0.005058849
   2        -0.000000000        -0.000000000        -0.005058849

 Nuclear force contribution to virial =        -0.006912652
 Starting task   4.  CPU=     3.85 sec, Elapsed=     4.51 sec
 Incrementing variable H1Z1             by -0.010000 BOH   to   -0.698224 BOH


 Recomputing integrals since geometry changed

1PROGRAM * SEWARD (Integral evaluation for generally contracted gaussian basis sets)     Author: Roland Lindh, 1990

 Geometry written to block  1 of record 702


 Point group  C1  



 ATOMIC COORDINATES

 NR  ATOM    CHARGE       X              Y              Z

   1  H1      1.00    0.000000000    0.000000000   -0.698223846
   2  H2      1.00    0.000000000    0.000000000    0.688223846

 Bond lengths in Bohr (Angstrom)

 1-2  1.386447691
     ( 0.733676520)

 NUCLEAR CHARGE:                    2
 NUMBER OF PRIMITIVE AOS:           6
 NUMBER OF SYMMETRY AOS:            6
 NUMBER OF CONTRACTIONS:            2   (   2A   )
 NUMBER OF CORE ORBITALS:           0   (   0A   )
 NUMBER OF VALENCE ORBITALS:        2   (   2A   )


 NUCLEAR REPULSION ENERGY    0.72126775


 Eigenvalues of metric

         1 0.336E+00 0.166E+01


 Contracted 2-electron integrals neglected if value below      1.0D-11
 AO integral compression algorithm  1   Integral accuracy      1.0D-11

     0.262 MB (compressed) written to integral file (100.0%)


 NUMBER OF SORTED TWO-ELECTRON INTEGRALS:          6.     BUFFER LENGTH:  32768
 NUMBER OF SEGMENTS:   1  SEGMENT LENGTH:          6      RECORD LENGTH: 524288

 Memory used in sort:       0.56 MW

 SORT1 READ           7. AND WROTE           6. INTEGRALS IN      1 RECORDS. CPU TIME:     0.00 SEC, REAL TIME:     0.01 SEC
 SORT2 READ           6. AND WROTE           6. INTEGRALS IN      1 RECORDS. CPU TIME:     0.00 SEC, REAL TIME:     0.01 SEC

 FILE SIZES:   FILE 1:     3.0 MBYTE,  FILE 4:     4.2 MBYTE,   TOTAL:      7.2 MBYTE

 OPERATOR DM      FOR CENTER  0  COORDINATES:    0.000000    0.000000    0.000000
 Density functional group B3LYP3=B88+DIRAC+LYP+VWN3
 Functional: B88(Automatically generated B88)                                  Gradient terms: 1
 Functional: DIRAC(Automatically generated DIRAC)                              Gradient terms: 0
 Functional: LYP(Lee-Yang-Parr gradient-corrected correlation energy (1988))   Gradient terms: 1
 Functional: VWN3(Automatically generated VWN3)                                Gradient terms: 0
 Use grid at  1800.2


 Exact exchange will be calculated, factor:  0.2000

 Functional: B88                       Factor:  0.7200
 Functional: DIRAC                     Factor:  0.0800
 Functional: LYP                       Factor:  0.8100
 Functional: VWN3                      Factor:  0.1900

 Computed new grid on record 1800.1 in CPU time    0.0
    5342 words reserved for DFT integration

 PROGRAM * RKS-SCF (Restricted closed shell Kohn-Sham)     Authors: W. Meyer, H.-J. Werner, P.J. Knowles, 1993

 NUMBER OF ELECTRONS:       1+    1-    SPACE SYMMETRY=1    SPIN SYMMETRY: Singlet 
 CONVERGENCE THRESHOLDS:    1.00E-07 (Density)    1.00E-07 (Energy)
 MAX. NUMBER OF ITERATIONS:       60
 INTERPOLATION TYPE:            DIIS
 INTERPOLATION STEPS:              2 (START)      1 (STEP)
 LEVEL SHIFTS:                  0.00 (CLOSED)  0.00 (OPEN) 

 Number of closed-shell orbitals:    1 (   1 )


 Use fine grid record 1800.2 for energy threshold 1.0D-06
 Molecular orbitals read from record     2101.2  Type=RKS/CANONICAL (state 1.1)

 Molecular orbital dump at record        2101.1

 ITERATION    DDIFF          GRAD             ENERGY        2-EL.EN.            DIPOLE MOMENTS         DIIS
    1      0.000D+00      0.000D+00        -1.16551313      2.433466    0.00000    0.00000   -0.00000    0
    2      0.000D+00      0.167D-15        -1.16551313      2.433466    0.00000    0.00000    0.00000    0

 Final occupancy:   1

 !RKS STATE 1.1 Energy                 -1.165513133281
 Nuclear energy                         0.72126775
 One-electron energy                   -2.51428553
 Two-electron energy                    1.21673295
 SCF exchange energy                   -0.67596275     Factor=0.2000
 Density functional                    -0.58922830     B88=-0.67551848 DIRAC=-0.58386486 LYP=-0.03834001 VWN3=-0.13205469
 Virial quotient                       -0.96895639
 !RKS STATE 1.1 Dipole moment           0.00000000     0.00000000     0.00000000
 Dipole moment /Debye                   0.00000000     0.00000000     0.00000000

 Orbital energies:

         1.1          2.1
     -0.416696     0.433630


 **********************************************************************************************************************************
 DATASETS  * FILE   NREC   LENGTH (MB)   RECORD NAMES
              1      22        2.90       500      610      700      702      900      950      970     1001      129      960   
                                          VAR    BASINP    GEOM     GEOM    SYMINP    ZMAT    AOBASIS   BASIS     P2S    ABASIS    
                                         1100     1400     1410     1200     1210     1080     1600     1650     1300     1700   
                                           S        T        V       H0       H01     AOSYM     SMH    MOLCAS    ERIS     OPER   
                                         1800     2101   
                                         GRID      RKS  

              2      10        0.71       700     1000     1800     2100      701      702     1001     1800(1)  2101     5500   
                                         GEOM     BASIS    GRID      RKS     GEOM     GEOM     BASIS    GRID      RKS     HINFO   

 PROGRAMS   *        TOTAL        KS        KS        KS        KS        KS       INT      OPTG        KS       INT
 CPU TIMES  *         8.71      0.16      0.15      0.17      0.16      0.16      0.16      3.71      0.11      0.13
 REAL TIME  *        10.94 SEC
 DISK USED  *         8.56 MB      
 **********************************************************************************************************************************
1PROGRAM * ALASKA (Gradient of the energy)     Author: R. Lindh

 Orbitals from record         2101.1

 Number of closed-shell orbitals:  1 (  1 )
 Number of occupied orbitals:      1 (  1 )

 Number of electrons=  2     Singlet     Space symmetry=1      Wavefunction type: CLOSED          


 DFT GRADIENT, EXFAC=     0.200

 RKS GRADIENT FOR STATE 1.1

 Atom          dE/dx               dE/dy               dE/dz

   1        -0.000000000        -0.000000000        -0.004902601
   2        -0.000000000        -0.000000000         0.004902601

 Nuclear force contribution to virial =         0.006797200

 Numerical KS-SCF000 hessian completed. CPU-time:     5.10 sec, Elapsed:     5.96 sec

 Reset grid_freeze to  0.0

 Recomputing wavefunction at initial geometry


 Recomputing integrals since geometry changed

1PROGRAM * SEWARD (Integral evaluation for generally contracted gaussian basis sets)     Author: Roland Lindh, 1990

 Geometry written to block  1 of record 703

 Orientation using atomic masses  
 Molecule type: Linear
 Rotational constants:    1890.1262561   1890.1262561      0.0000000 GHz  (calculated with average atomic masses)

 Point group  C1  



 ATOMIC COORDINATES

 NR  ATOM    CHARGE       X              Y              Z

   1  H1      1.00    0.000000000    0.000000000   -0.688223846
   2  H2      1.00    0.000000000    0.000000000    0.688223846

 Bond lengths in Bohr (Angstrom)

 1-2  1.376447691
     ( 0.728384748)

 NUCLEAR CHARGE:                    2
 NUMBER OF PRIMITIVE AOS:           6
 NUMBER OF SYMMETRY AOS:            6
 NUMBER OF CONTRACTIONS:            2   (   2A   )
 NUMBER OF CORE ORBITALS:           0   (   0A   )
 NUMBER OF VALENCE ORBITALS:        2   (   2A   )

 SYMMETRY CHANGED: INITIALIZING OCCUPATION


 NUCLEAR REPULSION ENERGY    0.72650781


 Eigenvalues of metric

         1 0.333E+00 0.167E+01


 Contracted 2-electron integrals neglected if value below      1.0D-11
 AO integral compression algorithm  1   Integral accuracy      1.0D-11

     0.262 MB (compressed) written to integral file (100.0%)


 NUMBER OF SORTED TWO-ELECTRON INTEGRALS:          6.     BUFFER LENGTH:  32768
 NUMBER OF SEGMENTS:   1  SEGMENT LENGTH:          6      RECORD LENGTH: 524288

 Memory used in sort:       0.56 MW

 SORT1 READ           7. AND WROTE           6. INTEGRALS IN      1 RECORDS. CPU TIME:     0.00 SEC, REAL TIME:     0.01 SEC
 SORT2 READ           6. AND WROTE           6. INTEGRALS IN      1 RECORDS. CPU TIME:     0.00 SEC, REAL TIME:     0.00 SEC

 FILE SIZES:   FILE 1:     3.2 MBYTE,  FILE 4:     4.2 MBYTE,   TOTAL:      7.4 MBYTE

 OPERATOR DM      FOR CENTER  0  COORDINATES:    0.000000    0.000000    0.000000
 Density functional group B3LYP3=B88+DIRAC+LYP+VWN3
 Functional: B88(Automatically generated B88)                                  Gradient terms: 1
 Functional: DIRAC(Automatically generated DIRAC)                              Gradient terms: 0
 Functional: LYP(Lee-Yang-Parr gradient-corrected correlation energy (1988))   Gradient terms: 1
 Functional: VWN3(Automatically generated VWN3)                                Gradient terms: 0
 Use grid at  1800.2


 Exact exchange will be calculated, factor:  0.2000

 Functional: B88                       Factor:  0.7200
 Functional: DIRAC                     Factor:  0.0800
 Functional: LYP                       Factor:  0.8100
 Functional: VWN3                      Factor:  0.1900

 Warning: extending grid record  1800.2 from   129 to   181 words
 Generated new metagrid on record  1800.2 with target accuracy 1.0D-06 and 4184 points in CPU time    0.0
 Computed new grid on record 1800.1 in CPU time    0.0
    5342 words reserved for DFT integration

 PROGRAM * RKS-SCF (Restricted closed shell Kohn-Sham)     Authors: W. Meyer, H.-J. Werner, P.J. Knowles, 1993

 NUMBER OF ELECTRONS:       1+    1-    SPACE SYMMETRY=1    SPIN SYMMETRY: Singlet 
 CONVERGENCE THRESHOLDS:    1.00E-05 (Density)    1.00E-07 (Energy)
 MAX. NUMBER OF ITERATIONS:       60
 INTERPOLATION TYPE:            DIIS
 INTERPOLATION STEPS:              2 (START)      1 (STEP)
 LEVEL SHIFTS:                  0.00 (CLOSED)  0.00 (OPEN) 



 Use fine grid record 1800.2 for energy threshold 1.0D-06
 Molecular orbitals read from record     2100.2  Type=RKS/CANONICAL (state 1.1)

 Present basis size:       2
 Previous basis size:      1   0   0   0   1
 Previous occupation:      1   0   0   0   0
 Previous closed-shells:   1   0   0   0   0
 Present occupation:       1
 Present closed-shells:    1
 Wavefunction symmetry:    1   Singlet 

 Orbital overlap <old|new>:  < 1.1| 1.1> = 1.000000

 Molecular orbital dump at record        2101.2

 ITERATION    DDIFF          GRAD             ENERGY        2-EL.EN.            DIPOLE MOMENTS         DIIS
    1      0.000D+00      0.000D+00        -1.16553776      2.437102    0.00000    0.00000    0.00000    0
    2      0.000D+00      0.222D-15        -1.16553776      2.437102    0.00000    0.00000   -0.00000    0

 Final occupancy:   1

 !RKS STATE 1.1 Energy                 -1.165537764096
 Nuclear energy                         0.72650781
 One-electron energy                   -2.52072798
 Two-electron energy                    1.21855100
 SCF exchange energy                   -0.67697278     Factor=0.2000
 Density functional                    -0.58986860     B88=-0.67627447 DIRAC=-0.58458473 LYP=-0.03837525 VWN3=-0.13210659
 Virial quotient                       -0.96790159
 !RKS STATE 1.1 Dipole moment           0.00000000     0.00000000    -0.00000000
 Dipole moment /Debye                   0.00000000     0.00000000    -0.00000000

 Orbital energies:

         1.1          2.1
     -0.418515     0.438749


 **********************************************************************************************************************************
 DATASETS  * FILE   NREC   LENGTH (MB)   RECORD NAMES
              1      22        3.05       500      610      700      702      900      703      950      970     1001      129   
                                          VAR    BASINP    GEOM     GEOM    SYMINP    GEOM     ZMAT    AOBASIS   BASIS     P2S  
                                          960     1100     1400     1410     1200     1210     1080     1600     1650     1300   
                                        ABASIS      S        T        V       H0       H01     AOSYM     SMH    MOLCAS    ERIS   
                                         1700     1800   
                                         OPER     GRID   

              2      13        0.72       700     1000     1800     2100      701      702     1001     1800(1)  2101     5300   
                                         GEOM     BASIS    GRID      RKS     GEOM     GEOM     BASIS    GRID      RKS     HESS   
                                         5400     5450      703   
                                         FREQ     NMOD     GEOM   

 PROGRAMS   *        TOTAL        KS        KS        KS        KS        KS        KS       INT      OPTG        KS       INT
 CPU TIMES  *        10.02      0.23      0.16      0.15      0.17      0.16      0.16      0.16      3.71      0.11      0.13
 REAL TIME  *        12.52 SEC
 DISK USED  *         8.76 MB      
 **********************************************************************************************************************************
