
 Running default procedure: HF-SCF000
1PROGRAM * ALASKA (Gradient of the energy)     Author: R. Lindh

 Orbitals from record         2100.2

 Number of closed-shell orbitals:  9 (  9 )
 Number of occupied orbitals:      9 (  9 )

 Number of electrons= 18     Singlet     Space symmetry=1      Wavefunction type: CLOSED          


 SCF GRADIENT FOR STATE 1.1

 Atom          dE/dx               dE/dy               dE/dz

   1         0.006722438        -0.042595739        -0.000000000
   2        -0.006722438         0.042595739        -0.000000000
   3         0.010256372        -0.009726692         0.000000000
   4        -0.004336447         0.025030201         0.015570370
   5        -0.004336447         0.025030201        -0.015570370
   6        -0.010256372         0.009726692         0.000000000
   7         0.004336447        -0.025030201         0.015570370
   8         0.004336447        -0.025030201        -0.015570370

 Nuclear force contribution to virial =         0.043437064
 Reading points  1 to  1 from record 700.2,  wavefunction type=HF-SCF000       

 Making model hessian for Z-matrix coordinates
 No hessian update for point  1

 Quadratic Steepest Descent - Minimum Search

 Optimization point 1

 Variable                      Last           Current        Next           Gradient       Hessian

 E(HF-SCF000) / Hartree      0.00000000   -79.21412353     0.00000000
 D1 / ANG                    0.00000000     1.54000000     1.53018581     0.01587433     1.56012238
 D2 / ANG                    0.00000000     1.09000000     1.09507477    -0.00907931     1.72600268
 A1 / DEGREE                 0.00000000   111.00000000   107.15191413     0.00047791     0.00005128
 D3 / ANG                    0.00000000     1.09000000     1.08499052     0.00889530     1.72481383
 A2 / DEGREE                 0.00000000   111.00000000   112.11703808    -0.00027568     0.00006254
 T1 / DEGREE                 0.00000000   108.00000000   120.41621262    -0.00095331     0.00004759
 D4 / ANG                    0.00000000     1.09000000     1.08499052     0.00889530     1.72481383
 A3 / DEGREE                 0.00000000   111.00000000   112.11703808    -0.00027568     0.00006254
 T2 / DEGREE                 0.00000000  -108.00000000  -120.41621262     0.00095331     0.00004759
 D5 / ANG                    0.00000000     1.09000000     1.09507477    -0.00907931     1.72600268
 A4 / DEGREE                 0.00000000   111.00000000   107.15191413     0.00047791     0.00005128
 T3 / DEGREE                 0.00000000   180.00000000   180.00000000     0.00000000     0.00000000
 D6 / ANG                    0.00000000     1.09000000     1.08499052     0.00889530     1.72481383
 A5 / DEGREE                 0.00000000   111.00000000   112.11703808    -0.00027568     0.00006254
 T4 / DEGREE                 0.00000000   108.00000000   120.41621262    -0.00095331     0.00004759
 D7 / ANG                    0.00000000     1.09000000     1.08499052     0.00889530     1.72481383
 A6 / DEGREE                 0.00000000   111.00000000   112.11703808    -0.00027568     0.00006254
 T5 / DEGREE                 0.00000000  -108.00000000  -120.41621262     0.00095331     0.00004759
 Convergence:                0.00000000  (line search)     0.44639698     0.12098173  (total)

 Geometry written to block  2 of record 700


 Recomputing integrals since geometry changed

1PROGRAM * SEWARD (Integral evaluation for generally contracted gaussian basis sets)     Author: Roland Lindh, 1990

 Geometry written to block  2 of record 700

 Orientation using atomic masses  
 Molecule type: Asymmetric top
 Rotational constants:      80.4753763     20.1899921     20.0130932 GHz  (calculated with average atomic masses)

 Point group  C1  



 ATOMIC COORDINATES

 NR  ATOM    CHARGE       X              Y              Z

   1  C1      6.00    1.445789895    0.008697994   -0.000000000
   2  C2      6.00   -1.445789895   -0.008697994   -0.000000000
   3  H3      1.00    2.044159516    1.989691322   -0.000000000
   4  H4      1.00    2.223511857   -0.948297305    1.638042086
   5  H5      1.00    2.223511857   -0.948297305   -1.638042086
   6  H6      1.00   -2.044159516   -1.989691322   -0.000000000
   7  H7      1.00   -2.223511857    0.948297305    1.638042086
   8  H8      1.00   -2.223511857    0.948297305   -1.638042086

 Bond lengths in Bohr (Angstrom)

 1-2  2.891632118  1-3  2.069391400  1-4  2.050334931  1-5  2.050334931  2-6  2.069391400
     ( 1.530185813)     ( 1.095074766)     ( 1.084990516)     ( 1.084990516)     ( 1.095074766)

 2-7  2.050334931  2-8  2.050334931
     ( 1.084990516)     ( 1.084990516)

 Bond angles

  1-2-6  107.15191413   1-2-7  112.11703808   1-2-8  112.11703808   2-1-3  107.15191413

  2-1-4  112.11703808   2-1-5  112.11703808   3-1-4  109.70228500   3-1-5  109.70228500

  4-1-5  106.05311835   6-2-7  109.70228500   6-2-8  109.70228500   7-2-8  106.05311835


 BASIS DATA

   Nr Sym  Nuc  Type         Exponents   Contraction coefficients

   1.1 A     1  1s         3047.524900     0.001835
                            457.369520     0.014037
                            103.948680     0.068843
                             29.210155     0.232184
                              9.286663     0.467941
                              3.163927     0.362312
   2.1 A     1  1s            7.868272    -0.119332
                              1.881288    -0.160854
                              0.544249     1.143456
   3.1 A     1  1s            0.168714     1.000000
   4.1 A     1  2px           7.868272     0.068999
                              1.881288     0.316424
                              0.544249     0.744308
   5.1 A     1  2py           7.868272     0.068999
                              1.881288     0.316424
                              0.544249     0.744308
   6.1 A     1  2pz           7.868272     0.068999
                              1.881288     0.316424
                              0.544249     0.744308
   7.1 A     1  2px           0.168714     1.000000
   8.1 A     1  2py           0.168714     1.000000
   9.1 A     1  2pz           0.168714     1.000000
  10.1 A     1  3d0           0.800000     1.000000
  11.1 A     1  3d2-          0.800000     1.000000
  12.1 A     1  3d1+          0.800000     1.000000
  13.1 A     1  3d2+          0.800000     1.000000
  14.1 A     1  3d1-          0.800000     1.000000
  15.1 A     2  1s         3047.524900     0.001835
                            457.369520     0.014037
                            103.948680     0.068843
                             29.210155     0.232184
                              9.286663     0.467941
                              3.163927     0.362312
  16.1 A     2  1s            7.868272    -0.119332
                              1.881288    -0.160854
                              0.544249     1.143456
  17.1 A     2  1s            0.168714     1.000000
  18.1 A     2  2px           7.868272     0.068999
                              1.881288     0.316424
                              0.544249     0.744308
  19.1 A     2  2py           7.868272     0.068999
                              1.881288     0.316424
                              0.544249     0.744308
  20.1 A     2  2pz           7.868272     0.068999
                              1.881288     0.316424
                              0.544249     0.744308
  21.1 A     2  2px           0.168714     1.000000
  22.1 A     2  2py           0.168714     1.000000
  23.1 A     2  2pz           0.168714     1.000000
  24.1 A     2  3d0           0.800000     1.000000
  25.1 A     2  3d2-          0.800000     1.000000
  26.1 A     2  3d1+          0.800000     1.000000
  27.1 A     2  3d2+          0.800000     1.000000
  28.1 A     2  3d1-          0.800000     1.000000
  29.1 A     3  1s           18.731137     0.033495
                              2.825394     0.234727
                              0.640122     0.813757
  30.1 A     3  1s            0.161278     1.000000
  31.1 A     3  2px           1.100000     1.000000
  32.1 A     3  2py           1.100000     1.000000
  33.1 A     3  2pz           1.100000     1.000000
  34.1 A     4  1s           18.731137     0.033495
                              2.825394     0.234727
                              0.640122     0.813757
  35.1 A     4  1s            0.161278     1.000000
  36.1 A     4  2px           1.100000     1.000000
  37.1 A     4  2py           1.100000     1.000000
  38.1 A     4  2pz           1.100000     1.000000
  39.1 A     5  1s           18.731137     0.033495
                              2.825394     0.234727
                              0.640122     0.813757
  40.1 A     5  1s            0.161278     1.000000
  41.1 A     5  2px           1.100000     1.000000
  42.1 A     5  2py           1.100000     1.000000
  43.1 A     5  2pz           1.100000     1.000000
  44.1 A     6  1s           18.731137     0.033495
                              2.825394     0.234727
                              0.640122     0.813757
  45.1 A     6  1s            0.161278     1.000000
  46.1 A     6  2px           1.100000     1.000000
  47.1 A     6  2py           1.100000     1.000000
  48.1 A     6  2pz           1.100000     1.000000
  49.1 A     7  1s           18.731137     0.033495
                              2.825394     0.234727
                              0.640122     0.813757
  50.1 A     7  1s            0.161278     1.000000
  51.1 A     7  2px           1.100000     1.000000
  52.1 A     7  2py           1.100000     1.000000
  53.1 A     7  2pz           1.100000     1.000000
  54.1 A     8  1s           18.731137     0.033495
                              2.825394     0.234727
                              0.640122     0.813757
  55.1 A     8  1s            0.161278     1.000000
  56.1 A     8  2px           1.100000     1.000000
  57.1 A     8  2py           1.100000     1.000000
  58.1 A     8  2pz           1.100000     1.000000

 NUCLEAR CHARGE:                   18
 NUMBER OF PRIMITIVE AOS:          98
 NUMBER OF SYMMETRY AOS:           96
 NUMBER OF CONTRACTIONS:           58   (  58A   )
 NUMBER OF CORE ORBITALS:           2   (   2A   )
 NUMBER OF VALENCE ORBITALS:       14   (  14A   )


 NUCLEAR REPULSION ENERGY   42.33611566


 Eigenvalues of metric

         1 0.883E-02 0.250E-01 0.445E-01 0.464E-01 0.476E-01 0.596E-01 0.629E-01 0.167E+00


 Contracted 2-electron integrals neglected if value below      1.0D-11
 AO integral compression algorithm  1   Integral accuracy      1.0D-11

     6.816 MB (compressed) written to integral file ( 50.1%)


 NUMBER OF SORTED TWO-ELECTRON INTEGRALS:    1464616.     BUFFER LENGTH:  32768
 NUMBER OF SEGMENTS:   1  SEGMENT LENGTH:    1464616      RECORD LENGTH: 524288

 Memory used in sort:       2.02 MW

 SORT1 READ     1693965. AND WROTE     1312839. INTEGRALS IN      4 RECORDS. CPU TIME:     0.08 SEC, REAL TIME:     0.10 SEC
 SORT2 READ     1312839. AND WROTE     1464616. INTEGRALS IN     26 RECORDS. CPU TIME:     0.33 SEC, REAL TIME:     0.39 SEC

 FILE SIZES:   FILE 1:     9.6 MBYTE,  FILE 4:    16.8 MBYTE,   TOTAL:     26.4 MBYTE

 OPERATOR DM      FOR CENTER  0  COORDINATES:    0.000000    0.000000    0.000000
1PROGRAM * RHF-SCF (CLOSED SHELL)       Authors: W. Meyer, H.-J. Werner


 NUMBER OF ELECTRONS:       9+    9-    SPACE SYMMETRY=1    SPIN SYMMETRY: Singlet 
 CONVERGENCE THRESHOLDS:    1.00E-06 (Density)    1.00E-08 (Energy)
 MAX. NUMBER OF ITERATIONS:       60
 INTERPOLATION TYPE:            DIIS
 INTERPOLATION STEPS:              2 (START)      1 (STEP)
 LEVEL SHIFTS:                  0.00 (CLOSED)  0.00 (OPEN) 

 Number of closed-shell orbitals:    9 (   9 )


 Molecular orbitals read from record     2100.2  Type=RHF/CANONICAL (state 1.1)

 Molecular orbital dump at record        2100.2

 ITERATION    DDIFF          GRAD             ENERGY        2-EL.EN.            DIPOLE MOMENTS         DIIS
    1      0.000D+00      0.000D+00       -79.22855340    135.200120   -0.00000   -0.00000    0.00000    0
    2      0.000D+00      0.385D-02       -79.23588116    135.398586   -0.00000    0.00000   -0.00000    1
    3      0.238D-02      0.781D-03       -79.23636437    135.298234   -0.00000    0.00000   -0.00000    2
    4      0.799D-03      0.189D-03       -79.23639080    135.353308   -0.00000    0.00000   -0.00000    3
    5      0.196D-03      0.643D-04       -79.23639404    135.336323   -0.00000    0.00000   -0.00000    4
    6      0.772D-04      0.918D-05       -79.23639413    135.337247   -0.00000    0.00000   -0.00000    5
    7      0.139D-04      0.110D-05       -79.23639413    135.337217   -0.00000    0.00000   -0.00000    6
    8      0.166D-05      0.983D-07       -79.23639413    135.337216   -0.00000    0.00000   -0.00000    6
    9      0.179D-06      0.171D-07       -79.23639413    135.337216   -0.00000    0.00000   -0.00000    0

 Final occupancy:   9

 !RHF STATE 1.1 Energy                -79.236394130779
 Nuclear energy                        42.33611566
 One-electron energy                 -189.24111778
 Two-electron energy                   67.66860799
 Virial quotient                       -1.00010403
 !RHF STATE 1.1 Dipole moment          -0.00000000     0.00000000    -0.00000000
 Dipole moment /Debye                  -0.00000000     0.00000000    -0.00000000

 Orbital energies:

         1.1          2.1          3.1          4.1          5.1          6.1          7.1          8.1          9.1         10.1
    -11.210882   -11.210311    -1.018195    -0.840399    -0.602126    -0.593156    -0.511105    -0.484864    -0.480913     0.241189

        11.1
      0.303088


 **********************************************************************************************************************************
 DATASETS  * FILE   NREC   LENGTH (MB)   RECORD NAMES
              1      19        8.45       500      610      700      900      950      970     1000      129      960     1100   
                                          VAR    BASINP    GEOM    SYMINP    ZMAT    AOBASIS   BASIS     P2S    ABASIS      S 
                                         1400     1410     1200     1210     1080     1600     1650     1300     1700   
                                           T        V       H0       H01     AOSYM     SMH    MOLCAS    ERIS     OPER   

              2       3        0.43       700     1000     2100   
                                         GEOM     BASIS     RHF  

 PROGRAMS   *        TOTAL        HF        HF       INT
 CPU TIMES  *         5.43      1.44      0.56      1.06
 REAL TIME  *         6.95 SEC
 DISK USED  *        27.18 MB      
 **********************************************************************************************************************************

 PROGRESS OF GEOMETRY OPTIMIZATION.    TOTAL CPU:         3.3 SEC

 ITER.   ENERGY(OLD)    ENERGY(NEW)      DE          GRADMAX     GRADNORM    GRADRMS     STEPMAX     STEPLEN     STEPRMS
   1   -79.21412353   -79.23639413    -0.02227060  0.05462077  0.12098173  0.00672121  0.21670379  0.44639698  0.02479983

 **********************************************************************************************************************************

 Current geometry (xyz format, in Angstrom)

    8
 HF-SCF000/6-31G(D,P)  ENERGY=-79.23639413
 C          0.7650790615        0.0046027804       -0.0000000000
 C         -0.7650790615       -0.0046027804       -0.0000000000
 H          1.0817226272        1.0528993006       -0.0000000000
 H          1.1766317987       -0.5018173213        0.8668145393
 H          1.1766317987       -0.5018173213       -0.8668145393
 H         -1.0817226272       -1.0528993006       -0.0000000000
 H         -1.1766317987        0.5018173213        0.8668145393
 H         -1.1766317987        0.5018173213       -0.8668145393

 **********************************************************************************************************************************
1PROGRAM * ALASKA (Gradient of the energy)     Author: R. Lindh

 Orbitals from record         2100.2

 Number of closed-shell orbitals:  9 (  9 )
 Number of occupied orbitals:      9 (  9 )

 Number of electrons= 18     Singlet     Space symmetry=1      Wavefunction type: CLOSED          


 SCF GRADIENT FOR STATE 1.1

 Atom          dE/dx               dE/dy               dE/dz

   1         0.003783187        -0.015381494         0.000000000
   2        -0.003783187         0.015381494         0.000000000
   3        -0.007729872         0.008702663        -0.000000000
   4         0.001630073        -0.003145937        -0.002726056
   5         0.001630073        -0.003145937         0.002726056
   6         0.007729872        -0.008702663        -0.000000000
   7        -0.001630073         0.003145937        -0.002726056
   8        -0.001630073         0.003145937         0.002726056

 Nuclear force contribution to virial =         0.022270357
 Reading points  1 to  2 from record 700.2,  wavefunction type=HF-SCF000       

 Making model hessian for Z-matrix coordinates
 BFGS update of hessian using  1 points

 Quadratic Steepest Descent - Minimum Search

 Optimization point 2

 Variable                      Last           Current        Next           Gradient       Hessian

 E(HF-SCF000) / Hartree    -79.21412353   -79.23639413     0.00000000
 D1 / ANG                    1.54000000     1.53018581     1.52977177    -0.00144481     1.61226290
 D2 / ANG                    1.09000000     1.09507477     1.08916529     0.01151939     1.70652175
 A1 / DEGREE               111.00000000   107.15191413   112.89288403    -0.00035815     0.00006448
 D3 / ANG                    1.09000000     1.08499052     1.08494386    -0.00017236     1.75198549
 A2 / DEGREE               111.00000000   112.11703808   110.62696803     0.00006356     0.00005819
 T1 / DEGREE               108.00000000   120.41621262   120.85872080     0.00013597     0.00005712
 D4 / ANG                    1.09000000     1.08499052     1.08494386    -0.00017236     1.75198549
 A3 / DEGREE               111.00000000   112.11703808   110.62696803     0.00006356     0.00005819
 T2 / DEGREE              -108.00000000  -120.41621262  -120.85872080    -0.00013597     0.00005712
 D5 / ANG                    1.09000000     1.09507477     1.08916529     0.01151939     1.70652175
 A4 / DEGREE               111.00000000   107.15191413   112.89288403    -0.00035815     0.00006448
 T3 / DEGREE               180.00000000   180.00000000   180.00000000     0.00000000     0.00000000
 D6 / ANG                    1.09000000     1.08499052     1.08494386    -0.00017236     1.75198549
 A5 / DEGREE               111.00000000   112.11703808   110.62696803     0.00006356     0.00005819
 T4 / DEGREE               108.00000000   120.41621262   120.85872080     0.00013597     0.00005712
 D7 / ANG                    1.09000000     1.08499052     1.08494386    -0.00017236     1.75198549
 A6 / DEGREE               111.00000000   112.11703808   110.62696803     0.00006356     0.00005819
 T5 / DEGREE              -108.00000000  -120.41621262  -120.85872080    -0.00013597     0.00005712
 Convergence:                0.00000000  (line search)     0.15255701     0.03482703  (total)

 Geometry written to block  3 of record 700


 Recomputing integrals since geometry changed

1PROGRAM * SEWARD (Integral evaluation for generally contracted gaussian basis sets)     Author: Roland Lindh, 1990

 Geometry written to block  3 of record 700

 Orientation using atomic masses  
 Molecule type: Asymmetric top
 Rotational constants:      81.6926841     19.9989687     19.9516584 GHz  (calculated with average atomic masses)

 Point group  C1  



 ATOMIC COORDINATES

 NR  ATOM    CHARGE       X              Y              Z

   1  C1      6.00    1.445424807    0.000344845   -0.000000000
   2  C2      6.00   -1.445424807   -0.000344845   -0.000000000
   3  H3      1.00    2.245641229    1.896641281   -0.000000000
   4  H4      1.00    2.167925027   -0.983686128    1.647175855
   5  H5      1.00    2.167925027   -0.983686128   -1.647175855
   6  H6      1.00   -2.245641229   -1.896641281    0.000000000
   7  H7      1.00   -2.167925027    0.983686128    1.647175855
   8  H8      1.00   -2.167925027    0.983686128   -1.647175855

 Bond lengths in Bohr (Angstrom)

 1-2  2.890849696  1-3  2.058224112  1-4  2.050246771  1-5  2.050246771  2-6  2.058224112
     ( 1.529771774)     ( 1.089165291)     ( 1.084943864)     ( 1.084943864)     ( 1.089165291)

 2-7  2.050246771  2-8  2.050246771
     ( 1.084943864)     ( 1.084943864)

 Bond angles

  1-2-6  112.89288403   1-2-7  110.62696803   1-2-8  110.62696803   2-1-3  112.89288403

  2-1-4  110.62696803   2-1-5  110.62696803   3-1-4  107.76954627   3-1-5  107.76954627

  4-1-5  106.91274554   6-2-7  107.76954627   6-2-8  107.76954627   7-2-8  106.91274554


 BASIS DATA

   Nr Sym  Nuc  Type         Exponents   Contraction coefficients

   1.1 A     1  1s         3047.524900     0.001835
                            457.369520     0.014037
                            103.948680     0.068843
                             29.210155     0.232184
                              9.286663     0.467941
                              3.163927     0.362312
   2.1 A     1  1s            7.868272    -0.119332
                              1.881288    -0.160854
                              0.544249     1.143456
   3.1 A     1  1s            0.168714     1.000000
   4.1 A     1  2px           7.868272     0.068999
                              1.881288     0.316424
                              0.544249     0.744308
   5.1 A     1  2py           7.868272     0.068999
                              1.881288     0.316424
                              0.544249     0.744308
   6.1 A     1  2pz           7.868272     0.068999
                              1.881288     0.316424
                              0.544249     0.744308
   7.1 A     1  2px           0.168714     1.000000
   8.1 A     1  2py           0.168714     1.000000
   9.1 A     1  2pz           0.168714     1.000000
  10.1 A     1  3d0           0.800000     1.000000
  11.1 A     1  3d2-          0.800000     1.000000
  12.1 A     1  3d1+          0.800000     1.000000
  13.1 A     1  3d2+          0.800000     1.000000
  14.1 A     1  3d1-          0.800000     1.000000
  15.1 A     2  1s         3047.524900     0.001835
                            457.369520     0.014037
                            103.948680     0.068843
                             29.210155     0.232184
                              9.286663     0.467941
                              3.163927     0.362312
  16.1 A     2  1s            7.868272    -0.119332
                              1.881288    -0.160854
                              0.544249     1.143456
  17.1 A     2  1s            0.168714     1.000000
  18.1 A     2  2px           7.868272     0.068999
                              1.881288     0.316424
                              0.544249     0.744308
  19.1 A     2  2py           7.868272     0.068999
                              1.881288     0.316424
                              0.544249     0.744308
  20.1 A     2  2pz           7.868272     0.068999
                              1.881288     0.316424
                              0.544249     0.744308
  21.1 A     2  2px           0.168714     1.000000
  22.1 A     2  2py           0.168714     1.000000
  23.1 A     2  2pz           0.168714     1.000000
  24.1 A     2  3d0           0.800000     1.000000
  25.1 A     2  3d2-          0.800000     1.000000
  26.1 A     2  3d1+          0.800000     1.000000
  27.1 A     2  3d2+          0.800000     1.000000
  28.1 A     2  3d1-          0.800000     1.000000
  29.1 A     3  1s           18.731137     0.033495
                              2.825394     0.234727
                              0.640122     0.813757
  30.1 A     3  1s            0.161278     1.000000
  31.1 A     3  2px           1.100000     1.000000
  32.1 A     3  2py           1.100000     1.000000
  33.1 A     3  2pz           1.100000     1.000000
  34.1 A     4  1s           18.731137     0.033495
                              2.825394     0.234727
                              0.640122     0.813757
  35.1 A     4  1s            0.161278     1.000000
  36.1 A     4  2px           1.100000     1.000000
  37.1 A     4  2py           1.100000     1.000000
  38.1 A     4  2pz           1.100000     1.000000
  39.1 A     5  1s           18.731137     0.033495
                              2.825394     0.234727
                              0.640122     0.813757
  40.1 A     5  1s            0.161278     1.000000
  41.1 A     5  2px           1.100000     1.000000
  42.1 A     5  2py           1.100000     1.000000
  43.1 A     5  2pz           1.100000     1.000000
  44.1 A     6  1s           18.731137     0.033495
                              2.825394     0.234727
                              0.640122     0.813757
  45.1 A     6  1s            0.161278     1.000000
  46.1 A     6  2px           1.100000     1.000000
  47.1 A     6  2py           1.100000     1.000000
  48.1 A     6  2pz           1.100000     1.000000
  49.1 A     7  1s           18.731137     0.033495
                              2.825394     0.234727
                              0.640122     0.813757
  50.1 A     7  1s            0.161278     1.000000
  51.1 A     7  2px           1.100000     1.000000
  52.1 A     7  2py           1.100000     1.000000
  53.1 A     7  2pz           1.100000     1.000000
  54.1 A     8  1s           18.731137     0.033495
                              2.825394     0.234727
                              0.640122     0.813757
  55.1 A     8  1s            0.161278     1.000000
  56.1 A     8  2px           1.100000     1.000000
  57.1 A     8  2py           1.100000     1.000000
  58.1 A     8  2pz           1.100000     1.000000

 NUCLEAR CHARGE:                   18
 NUMBER OF PRIMITIVE AOS:          98
 NUMBER OF SYMMETRY AOS:           96
 NUMBER OF CONTRACTIONS:           58   (  58A   )
 NUMBER OF CORE ORBITALS:           2   (   2A   )
 NUMBER OF VALENCE ORBITALS:       14   (  14A   )


 NUCLEAR REPULSION ENERGY   42.32879533


 Eigenvalues of metric

         1 0.895E-02 0.245E-01 0.428E-01 0.462E-01 0.463E-01 0.614E-01 0.626E-01 0.166E+00


 Contracted 2-electron integrals neglected if value below      1.0D-11
 AO integral compression algorithm  1   Integral accuracy      1.0D-11

     6.816 MB (compressed) written to integral file ( 49.7%)


 NUMBER OF SORTED TWO-ELECTRON INTEGRALS:    1464616.     BUFFER LENGTH:  32768
 NUMBER OF SEGMENTS:   1  SEGMENT LENGTH:    1464616      RECORD LENGTH: 524288

 Memory used in sort:       2.02 MW

 SORT1 READ     1693479. AND WROTE     1310405. INTEGRALS IN      4 RECORDS. CPU TIME:     0.08 SEC, REAL TIME:     0.09 SEC
 SORT2 READ     1310405. AND WROTE     1464616. INTEGRALS IN     26 RECORDS. CPU TIME:     0.32 SEC, REAL TIME:     0.38 SEC

 FILE SIZES:   FILE 1:     9.6 MBYTE,  FILE 4:    16.8 MBYTE,   TOTAL:     26.4 MBYTE

 OPERATOR DM      FOR CENTER  0  COORDINATES:    0.000000    0.000000    0.000000
1PROGRAM * RHF-SCF (CLOSED SHELL)       Authors: W. Meyer, H.-J. Werner


 NUMBER OF ELECTRONS:       9+    9-    SPACE SYMMETRY=1    SPIN SYMMETRY: Singlet 
 CONVERGENCE THRESHOLDS:    1.00E-06 (Density)    1.00E-08 (Energy)
 MAX. NUMBER OF ITERATIONS:       60
 INTERPOLATION TYPE:            DIIS
 INTERPOLATION STEPS:              2 (START)      1 (STEP)
 LEVEL SHIFTS:                  0.00 (CLOSED)  0.00 (OPEN) 

 Number of closed-shell orbitals:    9 (   9 )


 Molecular orbitals read from record     2100.2  Type=RHF/CANONICAL (state 1.1)

 Molecular orbital dump at record        2100.2

 ITERATION    DDIFF          GRAD             ENERGY        2-EL.EN.            DIPOLE MOMENTS         DIIS
    1      0.000D+00      0.000D+00       -79.23636294    135.291317   -0.00000   -0.00000   -0.00000    0
    2      0.000D+00      0.160D-02       -79.23775438    135.317179    0.00000    0.00000   -0.00000    1
    3      0.907D-03      0.382D-03       -79.23787291    135.309893    0.00000    0.00000   -0.00000    2
    4      0.357D-03      0.554D-04       -79.23787636    135.315341    0.00000    0.00000   -0.00000    3
    5      0.985D-04      0.102D-04       -79.23787646    135.312234    0.00000    0.00000   -0.00000    4
    6      0.188D-04      0.315D-05       -79.23787647    135.313103    0.00000    0.00000   -0.00000    5
    7      0.543D-05      0.596D-06       -79.23787647    135.313018    0.00000    0.00000   -0.00000    6
    8      0.144D-05      0.766D-07       -79.23787647    135.313020    0.00000    0.00000   -0.00000    6
    9      0.177D-06      0.169D-07       -79.23787647    135.313020    0.00000    0.00000   -0.00000    0

 Final occupancy:   9

 !RHF STATE 1.1 Energy                -79.237876466121
 Nuclear energy                        42.32879533
 One-electron energy                 -189.22318177
 Two-electron energy                   67.65650997
 Virial quotient                       -0.99997414
 !RHF STATE 1.1 Dipole moment           0.00000000     0.00000000    -0.00000000
 Dipole moment /Debye                   0.00000000     0.00000000    -0.00000000

 Orbital energies:

         1.1          2.1          3.1          4.1          5.1          6.1          7.1          8.1          9.1         10.1
    -11.210539   -11.209970    -1.017643    -0.843908    -0.595943    -0.595486    -0.509496    -0.487244    -0.484852     0.243124

        11.1
      0.301483


 **********************************************************************************************************************************
 DATASETS  * FILE   NREC   LENGTH (MB)   RECORD NAMES
              1      19        8.42       500      610      700      900      950      970     1000      129      960     1100   
                                          VAR    BASINP    GEOM    SYMINP    ZMAT    AOBASIS   BASIS     P2S    ABASIS      S 
                                         1400     1410     1200     1210     1080     1600     1650     1300     1700   
                                           T        V       H0       H01     AOSYM     SMH    MOLCAS    ERIS     OPER   

              2       3        0.43       700     1000     2100   
                                         GEOM     BASIS     RHF  

 PROGRAMS   *        TOTAL        HF        HF       INT
 CPU TIMES  *         8.67      1.38      0.56      1.06
 REAL TIME  *        10.62 SEC
 DISK USED  *        27.18 MB      
 **********************************************************************************************************************************

 PROGRESS OF GEOMETRY OPTIMIZATION.    TOTAL CPU:         6.5 SEC

 ITER.   ENERGY(OLD)    ENERGY(NEW)      DE          GRADMAX     GRADNORM    GRADRMS     STEPMAX     STEPLEN     STEPRMS
   1   -79.21412353   -79.23639413    -0.02227060  0.05462077  0.12098173  0.00672121  0.21670379  0.44639698  0.02479983
   2   -79.23639413   -79.23787647    -0.00148234  0.02052023  0.03482703  0.00193484  0.10019883  0.15255701  0.00847539

 **********************************************************************************************************************************

 Current geometry (xyz format, in Angstrom)

    8
 HF-SCF000/6-31G(D,P)  ENERGY=-79.23787647
 C          0.7648858652        0.0001824843       -0.0000000000
 C         -0.7648858652       -0.0001824843       -0.0000000000
 H          1.1883421578        1.0036593395       -0.0000000000
 H          1.1472165153       -0.5205442799        0.8716479219
 H          1.1472165153       -0.5205442799       -0.8716479219
 H         -1.1883421578       -1.0036593395        0.0000000000
 H         -1.1472165153        0.5205442799        0.8716479219
 H         -1.1472165153        0.5205442799       -0.8716479219

 **********************************************************************************************************************************
1PROGRAM * ALASKA (Gradient of the energy)     Author: R. Lindh

 Orbitals from record         2100.2

 Number of closed-shell orbitals:  9 (  9 )
 Number of occupied orbitals:      9 (  9 )

 Number of electrons= 18     Singlet     Space symmetry=1      Wavefunction type: CLOSED          


 SCF GRADIENT FOR STATE 1.1

 Atom          dE/dx               dE/dy               dE/dz

   1         0.000425035         0.005655533        -0.000000000
   2        -0.000425035        -0.005655533         0.000000000
   3         0.003887096         0.001630780        -0.000000000
   4        -0.000959199        -0.000594362        -0.001161393
   5        -0.000959199        -0.000594362         0.001161393
   6        -0.003887096        -0.001630780         0.000000000
   7         0.000959199         0.000594362        -0.001161393
   8         0.000959199         0.000594362         0.001161393

 Nuclear force contribution to virial =         0.011245374
 Reading points  1 to  3 from record 700.2,  wavefunction type=HF-SCF000       

 Making model hessian for Z-matrix coordinates
 BFGS update of hessian using  2 points

 Quadratic Steepest Descent - Minimum Search

 Optimization point 3

 Variable                      Last           Current        Next           Gradient       Hessian

 E(HF-SCF000) / Hartree    -79.23639413   -79.23787647     0.00000000
 D1 / ANG                    1.53018581     1.52977177     1.52794413     0.00452625     1.61750609
 D2 / ANG                    1.09507477     1.08916529     1.08636735     0.00569515     1.70832981
 A1 / DEGREE               107.15191413   112.89288403   111.17247584     0.00010587     0.00007348
 D3 / ANG                    1.08499052     1.08494386     1.08580480    -0.00186293     1.75365923
 A2 / DEGREE               112.11703808   110.62696803   111.33586381    -0.00002340     0.00006255
 T1 / DEGREE               120.41621262   120.85872080   119.65723617     0.00003703     0.00005475
 D4 / ANG                    1.08499052     1.08494386     1.08580480    -0.00186293     1.75365923
 A3 / DEGREE               112.11703808   110.62696803   111.33586381    -0.00002340     0.00006255
 T2 / DEGREE              -120.41621262  -120.85872080  -119.65723617    -0.00003703     0.00005475
 D5 / ANG                    1.09507477     1.08916529     1.08636735     0.00569515     1.70832981
 A4 / DEGREE               107.15191413   112.89288403   111.17247584     0.00010587     0.00007348
 T3 / DEGREE               180.00000000   180.00000000   180.00000000     0.00000000     0.00000000
 D6 / ANG                    1.08499052     1.08494386     1.08580480    -0.00186293     1.75365923
 A5 / DEGREE               112.11703808   110.62696803   111.33586381    -0.00002340     0.00006255
 T4 / DEGREE               120.41621262   120.85872080   119.65723617     0.00003703     0.00005475
 D7 / ANG                    1.08499052     1.08494386     1.08580480    -0.00186293     1.75365923
 A6 / DEGREE               112.11703808   110.62696803   111.33586381    -0.00002340     0.00006255
 T5 / DEGREE              -120.41621262  -120.85872080  -119.65723617    -0.00003703     0.00005475
 Convergence:                0.00000000  (line search)     0.06521431     0.01125088  (total)

 Geometry written to block  4 of record 700


 Recomputing integrals since geometry changed

1PROGRAM * SEWARD (Integral evaluation for generally contracted gaussian basis sets)     Author: Roland Lindh, 1990

 Geometry written to block  4 of record 700

 Orientation using atomic masses  
 Molecule type: Asymmetric top
 Rotational constants:      81.6067736     20.0178381     20.0463361 GHz  (calculated with average atomic masses)

 Point group  C1  



 ATOMIC COORDINATES

 NR  ATOM    CHARGE       X              Y              Z

   1  C1      6.00    1.443696933   -0.001734961    0.000000000
   2  C2      6.00   -1.443696933    0.001734961   -0.000000000
   3  H3      1.00    2.187469804    1.911730821   -0.000000001
   4  H4      1.00    2.189102019   -0.948335377    1.660874655
   5  H5      1.00    2.189102019   -0.948335379   -1.660874654
   6  H6      1.00   -2.187469804   -1.911730821    0.000000001
   7  H7      1.00   -2.189102019    0.948335379    1.660874654
   8  H8      1.00   -2.189102019    0.948335377   -1.660874655

 Bond lengths in Bohr (Angstrom)

 1-2  2.887395952  1-3  2.052936770  1-4  2.051873707  1-5  2.051873707  2-6  2.052936770
     ( 1.527944131)     ( 1.086367350)     ( 1.085804802)     ( 1.085804802)     ( 1.086367350)

 2-7  2.051873707  2-8  2.051873707
     ( 1.085804802)     ( 1.085804802)

 Bond angles

  1-2-6  111.17247584   1-2-7  111.33586381   1-2-8  111.33586381   2-1-3  111.17247584

  2-1-4  111.33586381   2-1-5  111.33586381   3-1-4  107.36017659   3-1-5  107.36017659

  4-1-5  108.08307863   6-2-7  107.36017659   6-2-8  107.36017659   7-2-8  108.08307863


 BASIS DATA

   Nr Sym  Nuc  Type         Exponents   Contraction coefficients

   1.1 A     1  1s         3047.524900     0.001835
                            457.369520     0.014037
                            103.948680     0.068843
                             29.210155     0.232184
                              9.286663     0.467941
                              3.163927     0.362312
   2.1 A     1  1s            7.868272    -0.119332
                              1.881288    -0.160854
                              0.544249     1.143456
   3.1 A     1  1s            0.168714     1.000000
   4.1 A     1  2px           7.868272     0.068999
                              1.881288     0.316424
                              0.544249     0.744308
   5.1 A     1  2py           7.868272     0.068999
                              1.881288     0.316424
                              0.544249     0.744308
   6.1 A     1  2pz           7.868272     0.068999
                              1.881288     0.316424
                              0.544249     0.744308
   7.1 A     1  2px           0.168714     1.000000
   8.1 A     1  2py           0.168714     1.000000
   9.1 A     1  2pz           0.168714     1.000000
  10.1 A     1  3d0           0.800000     1.000000
  11.1 A     1  3d2-          0.800000     1.000000
  12.1 A     1  3d1+          0.800000     1.000000
  13.1 A     1  3d2+          0.800000     1.000000
  14.1 A     1  3d1-          0.800000     1.000000
  15.1 A     2  1s         3047.524900     0.001835
                            457.369520     0.014037
                            103.948680     0.068843
                             29.210155     0.232184
                              9.286663     0.467941
                              3.163927     0.362312
  16.1 A     2  1s            7.868272    -0.119332
                              1.881288    -0.160854
                              0.544249     1.143456
  17.1 A     2  1s            0.168714     1.000000
  18.1 A     2  2px           7.868272     0.068999
                              1.881288     0.316424
                              0.544249     0.744308
  19.1 A     2  2py           7.868272     0.068999
                              1.881288     0.316424
                              0.544249     0.744308
  20.1 A     2  2pz           7.868272     0.068999
                              1.881288     0.316424
                              0.544249     0.744308
  21.1 A     2  2px           0.168714     1.000000
  22.1 A     2  2py           0.168714     1.000000
  23.1 A     2  2pz           0.168714     1.000000
  24.1 A     2  3d0           0.800000     1.000000
  25.1 A     2  3d2-          0.800000     1.000000
  26.1 A     2  3d1+          0.800000     1.000000
  27.1 A     2  3d2+          0.800000     1.000000
  28.1 A     2  3d1-          0.800000     1.000000
  29.1 A     3  1s           18.731137     0.033495
                              2.825394     0.234727
                              0.640122     0.813757
  30.1 A     3  1s            0.161278     1.000000
  31.1 A     3  2px           1.100000     1.000000
  32.1 A     3  2py           1.100000     1.000000
  33.1 A     3  2pz           1.100000     1.000000
  34.1 A     4  1s           18.731137     0.033495
                              2.825394     0.234727
                              0.640122     0.813757
  35.1 A     4  1s            0.161278     1.000000
  36.1 A     4  2px           1.100000     1.000000
  37.1 A     4  2py           1.100000     1.000000
  38.1 A     4  2pz           1.100000     1.000000
  39.1 A     5  1s           18.731137     0.033495
                              2.825394     0.234727
                              0.640122     0.813757
  40.1 A     5  1s            0.161278     1.000000
  41.1 A     5  2px           1.100000     1.000000
  42.1 A     5  2py           1.100000     1.000000
  43.1 A     5  2pz           1.100000     1.000000
  44.1 A     6  1s           18.731137     0.033495
                              2.825394     0.234727
                              0.640122     0.813757
  45.1 A     6  1s            0.161278     1.000000
  46.1 A     6  2px           1.100000     1.000000
  47.1 A     6  2py           1.100000     1.000000
  48.1 A     6  2pz           1.100000     1.000000
  49.1 A     7  1s           18.731137     0.033495
                              2.825394     0.234727
                              0.640122     0.813757
  50.1 A     7  1s            0.161278     1.000000
  51.1 A     7  2px           1.100000     1.000000
  52.1 A     7  2py           1.100000     1.000000
  53.1 A     7  2pz           1.100000     1.000000
  54.1 A     8  1s           18.731137     0.033495
                              2.825394     0.234727
                              0.640122     0.813757
  55.1 A     8  1s            0.161278     1.000000
  56.1 A     8  2px           1.100000     1.000000
  57.1 A     8  2py           1.100000     1.000000
  58.1 A     8  2pz           1.100000     1.000000

 NUCLEAR CHARGE:                   18
 NUMBER OF PRIMITIVE AOS:          98
 NUMBER OF SYMMETRY AOS:           96
 NUMBER OF CONTRACTIONS:           58   (  58A   )
 NUMBER OF CORE ORBITALS:           2   (   2A   )
 NUMBER OF VALENCE ORBITALS:       14   (  14A   )


 NUCLEAR REPULSION ENERGY   42.36370345


 Eigenvalues of metric

         1 0.889E-02 0.245E-01 0.439E-01 0.450E-01 0.464E-01 0.616E-01 0.619E-01 0.168E+00


 Contracted 2-electron integrals neglected if value below      1.0D-11
 AO integral compression algorithm  1   Integral accuracy      1.0D-11

     6.816 MB (compressed) written to integral file ( 50.3%)


 NUMBER OF SORTED TWO-ELECTRON INTEGRALS:    1464616.     BUFFER LENGTH:  32768
 NUMBER OF SEGMENTS:   1  SEGMENT LENGTH:    1464616      RECORD LENGTH: 524288

 Memory used in sort:       2.02 MW

 SORT1 READ     1693479. AND WROTE     1323183. INTEGRALS IN      4 RECORDS. CPU TIME:     0.09 SEC, REAL TIME:     0.12 SEC
 SORT2 READ     1323183. AND WROTE     1464616. INTEGRALS IN     26 RECORDS. CPU TIME:     0.33 SEC, REAL TIME:     0.43 SEC

 FILE SIZES:   FILE 1:     9.6 MBYTE,  FILE 4:    16.8 MBYTE,   TOTAL:     26.4 MBYTE

 OPERATOR DM      FOR CENTER  0  COORDINATES:    0.000000    0.000000    0.000000
1PROGRAM * RHF-SCF (CLOSED SHELL)       Authors: W. Meyer, H.-J. Werner


 NUMBER OF ELECTRONS:       9+    9-    SPACE SYMMETRY=1    SPIN SYMMETRY: Singlet 
 CONVERGENCE THRESHOLDS:    1.00E-06 (Density)    1.00E-08 (Energy)
 MAX. NUMBER OF ITERATIONS:       60
 INTERPOLATION TYPE:            DIIS
 INTERPOLATION STEPS:              2 (START)      1 (STEP)
 LEVEL SHIFTS:                  0.00 (CLOSED)  0.00 (OPEN) 

 Number of closed-shell orbitals:    9 (   9 )


 Molecular orbitals read from record     2100.2  Type=RHF/CANONICAL (state 1.1)

 Molecular orbital dump at record        2100.2

 ITERATION    DDIFF          GRAD             ENERGY        2-EL.EN.            DIPOLE MOMENTS         DIIS
    1      0.000D+00      0.000D+00       -79.23795051    135.373814    0.00000    0.00000   -0.00000    0
    2      0.000D+00      0.621D-03       -79.23814051    135.384126   -0.00000    0.00000   -0.00000    1
    3      0.340D-03      0.134D-03       -79.23815387    135.378329   -0.00000    0.00000   -0.00000    2
    4      0.117D-03      0.216D-04       -79.23815432    135.382254   -0.00000    0.00000   -0.00000    3
    5      0.319D-04      0.575D-05       -79.23815435    135.380415   -0.00000    0.00000   -0.00000    4
    6      0.783D-05      0.136D-05       -79.23815435    135.380737   -0.00000    0.00000   -0.00000    5
    7      0.270D-05      0.212D-06       -79.23815435    135.380725   -0.00000    0.00000   -0.00000    6
    8      0.591D-06      0.226D-07       -79.23815435    135.380726   -0.00000    0.00000   -0.00000    0

 Final occupancy:   9

 !RHF STATE 1.1 Energy                -79.238154348119
 Nuclear energy                        42.36370345
 One-electron energy                 -189.29222076
 Two-electron energy                   67.69036296
 Virial quotient                       -0.99989068
 !RHF STATE 1.1 Dipole moment          -0.00000000     0.00000000    -0.00000000
 Dipole moment /Debye                  -0.00000000     0.00000000    -0.00000000

 Orbital energies:

         1.1          2.1          3.1          4.1          5.1          6.1          7.1          8.1          9.1         10.1
    -11.210181   -11.209607    -1.018231    -0.843569    -0.597274    -0.595323    -0.508633    -0.487597    -0.485332     0.243004

        11.1
      0.302450


 **********************************************************************************************************************************
 DATASETS  * FILE   NREC   LENGTH (MB)   RECORD NAMES
              1      19        8.45       500      610      700      900      950      970     1000      129      960     1100   
                                          VAR    BASINP    GEOM    SYMINP    ZMAT    AOBASIS   BASIS     P2S    ABASIS      S 
                                         1400     1410     1200     1210     1080     1600     1650     1300     1700   
                                           T        V       H0       H01     AOSYM     SMH    MOLCAS    ERIS     OPER   

              2       3        0.43       700     1000     2100   
                                         GEOM     BASIS     RHF  

 PROGRAMS   *        TOTAL        HF        HF       INT
 CPU TIMES  *        11.92      1.41      0.56      1.06
 REAL TIME  *        14.50 SEC
 DISK USED  *        27.18 MB      
 **********************************************************************************************************************************

 PROGRESS OF GEOMETRY OPTIMIZATION.    TOTAL CPU:         9.8 SEC

 ITER.   ENERGY(OLD)    ENERGY(NEW)      DE          GRADMAX     GRADNORM    GRADRMS     STEPMAX     STEPLEN     STEPRMS
   1   -79.21412353   -79.23639413    -0.02227060  0.05462077  0.12098173  0.00672121  0.21670379  0.44639698  0.02479983
   2   -79.23639413   -79.23787647    -0.00148234  0.02052023  0.03482703  0.00193484  0.10019883  0.15255701  0.00847539
   3   -79.23787647   -79.23815435    -0.00027788  0.00606611  0.01125088  0.00062505  0.03002679  0.06521431  0.00362302

 **********************************************************************************************************************************

 Current geometry (xyz format, in Angstrom)

    8
 HF-SCF000/6-31G(D,P)  ENERGY=-79.23815435
 C          0.7639715138       -0.0009181020        0.0000000000
 C         -0.7639715138        0.0009181020       -0.0000000000
 H          1.1575591655        1.0116443803       -0.0000000007
 H          1.1584228969       -0.5018374680        0.8788970146
 H          1.1584228968       -0.5018374691       -0.8788970139
 H         -1.1575591655       -1.0116443803        0.0000000007
 H         -1.1584228968        0.5018374691        0.8788970139
 H         -1.1584228969        0.5018374680       -0.8788970146

 **********************************************************************************************************************************
1PROGRAM * ALASKA (Gradient of the energy)     Author: R. Lindh

 Orbitals from record         2100.2

 Number of closed-shell orbitals:  9 (  9 )
 Number of occupied orbitals:      9 (  9 )

 Number of electrons= 18     Singlet     Space symmetry=1      Wavefunction type: CLOSED          


 SCF GRADIENT FOR STATE 1.1

 Atom          dE/dx               dE/dy               dE/dz

   1         0.000248875        -0.001866196        -0.000000000
   2        -0.000248875         0.001866196         0.000000000
   3         0.000389772         0.000029214         0.000000000
   4         0.000183618         0.000691315         0.000435136
   5         0.000183618         0.000691315        -0.000435136
   6        -0.000389772        -0.000029214        -0.000000000
   7        -0.000183618        -0.000691315         0.000435136
   8        -0.000183618        -0.000691315        -0.000435136

 Nuclear force contribution to virial =         0.004418267
 Reading points  1 to  4 from record 700.2,  wavefunction type=HF-SCF000       

 Making model hessian for Z-matrix coordinates
 BFGS update of hessian using  3 points

 Quadratic Steepest Descent - Minimum Search

 Optimization point 4

 Variable                      Last           Current        Next           Gradient       Hessian

 E(HF-SCF000) / Hartree    -79.23787647   -79.23815435     0.00000000
 D1 / ANG                    1.52977177     1.52794413     1.52689420     0.00190187     1.60393874
 D2 / ANG                    1.08916529     1.08636735     1.08610683     0.00031831     1.71173393
 A1 / DEGREE               112.89288403   111.17247584   111.14846308     0.00001264     0.00006831
 D3 / ANG                    1.08494386     1.08580480     1.08574723     0.00018896     1.74901191
 A2 / DEGREE               110.62696803   111.33586381   111.19240190     0.00000563     0.00006266
 T1 / DEGREE               120.85872080   119.65723617   120.01372854    -0.00002723     0.00005817
 D4 / ANG                    1.08494386     1.08580480     1.08574723     0.00018896     1.74901191
 A3 / DEGREE               110.62696803   111.33586381   111.19240190     0.00000563     0.00006266
 T2 / DEGREE              -120.85872080  -119.65723617  -120.01372866     0.00002723     0.00005817
 D5 / ANG                    1.08916529     1.08636735     1.08610683     0.00031831     1.71173393
 A4 / DEGREE               112.89288403   111.17247584   111.14846308     0.00001264     0.00006831
 T3 / DEGREE               180.00000000   180.00000000   180.00000000     0.00000000     0.00000000
 D6 / ANG                    1.08494386     1.08580480     1.08574723     0.00018896     1.74901191
 A5 / DEGREE               110.62696803   111.33586381   111.19240190     0.00000563     0.00006266
 T4 / DEGREE               120.85872080   119.65723617   120.01372866    -0.00002723     0.00005817
 D7 / ANG                    1.08494386     1.08580480     1.08574723     0.00018896     1.74901191
 A6 / DEGREE               110.62696803   111.33586381   111.19240190     0.00000563     0.00006266
 T5 / DEGREE              -120.85872080  -119.65723617  -120.01372854     0.00002723     0.00005817
 Convergence:                0.00000000  (line search)     0.01359225     0.00350849  (total)

 Geometry written to block  5 of record 700


 Recomputing integrals since geometry changed

1PROGRAM * SEWARD (Integral evaluation for generally contracted gaussian basis sets)     Author: Roland Lindh, 1990

 Geometry written to block  5 of record 700

 Orientation using atomic masses  
 Molecule type: Asymmetric top
 Rotational constants:      81.5105161     20.0729677     20.0695306 GHz  (calculated with average atomic masses)

 Point group  C1  



 ATOMIC COORDINATES

 NR  ATOM    CHARGE       X              Y              Z

   1  C1      6.00    1.442705929    0.000062132   -0.000000000
   2  C2      6.00   -1.442705929   -0.000062132    0.000000000
   3  H3      1.00    2.183116328    1.914303686   -0.000001020
   4  H4      1.00    2.184462062   -0.956805797    1.656484490
   5  H5      1.00    2.184462062   -0.956807565   -1.656483469
   6  H6      1.00   -2.183116328   -1.914303686    0.000001020
   7  H7      1.00   -2.184462062    0.956807565    1.656483469
   8  H8      1.00   -2.184462062    0.956805797   -1.656484490

 Bond lengths in Bohr (Angstrom)

 1-2  2.885411861  1-3  2.052444466  1-4  2.051764914  1-5  2.051764914  2-6  2.052444466
     ( 1.526894195)     ( 1.086106834)     ( 1.085747231)     ( 1.085747231)     ( 1.086106834)

 2-7  2.051764914  2-8  2.051764914
     ( 1.085747231)     ( 1.085747231)

 Bond angles

  1-2-6  111.14846308   1-2-7  111.19240190   1-2-8  111.19240190   2-1-3  111.14846308

  2-1-4  111.19240190   2-1-5  111.19240190   3-1-4  107.73071243   3-1-5  107.73071252

  4-1-5  107.67484557   6-2-7  107.73071252   6-2-8  107.73071243   7-2-8  107.67484557


 BASIS DATA

   Nr Sym  Nuc  Type         Exponents   Contraction coefficients

   1.1 A     1  1s         3047.524900     0.001835
                            457.369520     0.014037
                            103.948680     0.068843
                             29.210155     0.232184
                              9.286663     0.467941
                              3.163927     0.362312
   2.1 A     1  1s            7.868272    -0.119332
                              1.881288    -0.160854
                              0.544249     1.143456
   3.1 A     1  1s            0.168714     1.000000
   4.1 A     1  2px           7.868272     0.068999
                              1.881288     0.316424
                              0.544249     0.744308
   5.1 A     1  2py           7.868272     0.068999
                              1.881288     0.316424
                              0.544249     0.744308
   6.1 A     1  2pz           7.868272     0.068999
                              1.881288     0.316424
                              0.544249     0.744308
   7.1 A     1  2px           0.168714     1.000000
   8.1 A     1  2py           0.168714     1.000000
   9.1 A     1  2pz           0.168714     1.000000
  10.1 A     1  3d0           0.800000     1.000000
  11.1 A     1  3d2-          0.800000     1.000000
  12.1 A     1  3d1+          0.800000     1.000000
  13.1 A     1  3d2+          0.800000     1.000000
  14.1 A     1  3d1-          0.800000     1.000000
  15.1 A     2  1s         3047.524900     0.001835
                            457.369520     0.014037
                            103.948680     0.068843
                             29.210155     0.232184
                              9.286663     0.467941
                              3.163927     0.362312
  16.1 A     2  1s            7.868272    -0.119332
                              1.881288    -0.160854
                              0.544249     1.143456
  17.1 A     2  1s            0.168714     1.000000
  18.1 A     2  2px           7.868272     0.068999
                              1.881288     0.316424
                              0.544249     0.744308
  19.1 A     2  2py           7.868272     0.068999
                              1.881288     0.316424
                              0.544249     0.744308
  20.1 A     2  2pz           7.868272     0.068999
                              1.881288     0.316424
                              0.544249     0.744308
  21.1 A     2  2px           0.168714     1.000000
  22.1 A     2  2py           0.168714     1.000000
  23.1 A     2  2pz           0.168714     1.000000
  24.1 A     2  3d0           0.800000     1.000000
  25.1 A     2  3d2-          0.800000     1.000000
  26.1 A     2  3d1+          0.800000     1.000000
  27.1 A     2  3d2+          0.800000     1.000000
  28.1 A     2  3d1-          0.800000     1.000000
  29.1 A     3  1s           18.731137     0.033495
                              2.825394     0.234727
                              0.640122     0.813757
  30.1 A     3  1s            0.161278     1.000000
  31.1 A     3  2px           1.100000     1.000000
  32.1 A     3  2py           1.100000     1.000000
  33.1 A     3  2pz           1.100000     1.000000
  34.1 A     4  1s           18.731137     0.033495
                              2.825394     0.234727
                              0.640122     0.813757
  35.1 A     4  1s            0.161278     1.000000
  36.1 A     4  2px           1.100000     1.000000
  37.1 A     4  2py           1.100000     1.000000
  38.1 A     4  2pz           1.100000     1.000000
  39.1 A     5  1s           18.731137     0.033495
                              2.825394     0.234727
                              0.640122     0.813757
  40.1 A     5  1s            0.161278     1.000000
  41.1 A     5  2px           1.100000     1.000000
  42.1 A     5  2py           1.100000     1.000000
  43.1 A     5  2pz           1.100000     1.000000
  44.1 A     6  1s           18.731137     0.033495
                              2.825394     0.234727
                              0.640122     0.813757
  45.1 A     6  1s            0.161278     1.000000
  46.1 A     6  2px           1.100000     1.000000
  47.1 A     6  2py           1.100000     1.000000
  48.1 A     6  2pz           1.100000     1.000000
  49.1 A     7  1s           18.731137     0.033495
                              2.825394     0.234727
                              0.640122     0.813757
  50.1 A     7  1s            0.161278     1.000000
  51.1 A     7  2px           1.100000     1.000000
  52.1 A     7  2py           1.100000     1.000000
  53.1 A     7  2pz           1.100000     1.000000
  54.1 A     8  1s           18.731137     0.033495
                              2.825394     0.234727
                              0.640122     0.813757
  55.1 A     8  1s            0.161278     1.000000
  56.1 A     8  2px           1.100000     1.000000
  57.1 A     8  2py           1.100000     1.000000
  58.1 A     8  2pz           1.100000     1.000000

 NUCLEAR CHARGE:                   18
 NUMBER OF PRIMITIVE AOS:          98
 NUMBER OF SYMMETRY AOS:           96
 NUMBER OF CONTRACTIONS:           58   (  58A   )
 NUMBER OF CORE ORBITALS:           2   (   2A   )
 NUMBER OF VALENCE ORBITALS:       14   (  14A   )


 NUCLEAR REPULSION ENERGY   42.38509982


 Eigenvalues of metric

         1 0.885E-02 0.246E-01 0.445E-01 0.445E-01 0.465E-01 0.616E-01 0.616E-01 0.167E+00


 Contracted 2-electron integrals neglected if value below      1.0D-11
 AO integral compression algorithm  1   Integral accuracy      1.0D-11

     7.078 MB (compressed) written to integral file ( 50.6%)


 NUMBER OF SORTED TWO-ELECTRON INTEGRALS:    1464616.     BUFFER LENGTH:  32768
 NUMBER OF SEGMENTS:   1  SEGMENT LENGTH:    1464616      RECORD LENGTH: 524288

 Memory used in sort:       2.02 MW

 SORT1 READ     1693479. AND WROTE     1392305. INTEGRALS IN      4 RECORDS. CPU TIME:     0.08 SEC, REAL TIME:     0.09 SEC
 SORT2 READ     1392305. AND WROTE     1464616. INTEGRALS IN     27 RECORDS. CPU TIME:     0.33 SEC, REAL TIME:     0.38 SEC

 FILE SIZES:   FILE 1:     9.9 MBYTE,  FILE 4:    16.8 MBYTE,   TOTAL:     26.7 MBYTE

 OPERATOR DM      FOR CENTER  0  COORDINATES:    0.000000    0.000000    0.000000
1PROGRAM * RHF-SCF (CLOSED SHELL)       Authors: W. Meyer, H.-J. Werner


 NUMBER OF ELECTRONS:       9+    9-    SPACE SYMMETRY=1    SPIN SYMMETRY: Singlet 
 CONVERGENCE THRESHOLDS:    1.00E-06 (Density)    1.00E-08 (Energy)
 MAX. NUMBER OF ITERATIONS:       60
 INTERPOLATION TYPE:            DIIS
 INTERPOLATION STEPS:              2 (START)      1 (STEP)
 LEVEL SHIFTS:                  0.00 (CLOSED)  0.00 (OPEN) 

 Number of closed-shell orbitals:    9 (   9 )


 Molecular orbitals read from record     2100.2  Type=RHF/CANONICAL (state 1.1)

 Molecular orbital dump at record        2100.2

 ITERATION    DDIFF          GRAD             ENERGY        2-EL.EN.            DIPOLE MOMENTS         DIIS
    1      0.000D+00      0.000D+00       -79.23816803    135.419713   -0.00000    0.00000   -0.00000    0
    2      0.000D+00      0.112D-03       -79.23817402    135.424590   -0.00000    0.00000    0.00000    1
    3      0.704D-04      0.224D-04       -79.23817440    135.421604   -0.00000    0.00000    0.00000    2
    4      0.229D-04      0.544D-05       -79.23817442    135.423212   -0.00000    0.00000    0.00000    3
    5      0.592D-05      0.182D-05       -79.23817442    135.422745   -0.00000    0.00000    0.00000    4
    6      0.243D-05      0.300D-06       -79.23817442    135.422787   -0.00000    0.00000    0.00000    5
    7      0.539D-06      0.403D-07       -79.23817442    135.422784   -0.00000    0.00000    0.00000    0

 Final occupancy:   9

 !RHF STATE 1.1 Energy                -79.238174421374
 Nuclear energy                        42.38509982
 One-electron energy                 -189.33466604
 Two-electron energy                   67.71139180
 Virial quotient                       -0.99984516
 !RHF STATE 1.1 Dipole moment          -0.00000000     0.00000000     0.00000000
 Dipole moment /Debye                  -0.00000000     0.00000000     0.00000000

 Orbital energies:

         1.1          2.1          3.1          4.1          5.1          6.1          7.1          8.1          9.1         10.1
    -11.209980   -11.209403    -1.018623    -0.843196    -0.596780    -0.596695    -0.508260    -0.486524    -0.486481     0.242872

        11.1
      0.302847


 **********************************************************************************************************************************
 DATASETS  * FILE   NREC   LENGTH (MB)   RECORD NAMES
              1      19        8.55       500      610      700      900      950      970     1000      129      960     1100   
                                          VAR    BASINP    GEOM    SYMINP    ZMAT    AOBASIS   BASIS     P2S    ABASIS      S 
                                         1400     1410     1200     1210     1080     1600     1650     1300     1700   
                                           T        V       H0       H01     AOSYM     SMH    MOLCAS    ERIS     OPER   

              2       3        0.43       700     1000     2100   
                                         GEOM     BASIS     RHF  

 PROGRAMS   *        TOTAL        HF        HF       INT
 CPU TIMES  *        15.19      1.31      0.56      1.06
 REAL TIME  *        18.32 SEC
 DISK USED  *        27.44 MB      
 **********************************************************************************************************************************

 PROGRESS OF GEOMETRY OPTIMIZATION.    TOTAL CPU:        13.0 SEC

 ITER.   ENERGY(OLD)    ENERGY(NEW)      DE          GRADMAX     GRADNORM    GRADRMS     STEPMAX     STEPLEN     STEPRMS
   1   -79.21412353   -79.23639413    -0.02227060  0.05462077  0.12098173  0.00672121  0.21670379  0.44639698  0.02479983
   2   -79.23639413   -79.23787647    -0.00148234  0.02052023  0.03482703  0.00193484  0.10019883  0.15255701  0.00847539
   3   -79.23787647   -79.23815435    -0.00027788  0.00606611  0.01125088  0.00062505  0.03002679  0.06521431  0.00362302
   4   -79.23815435   -79.23817442    -0.00002007  0.00156006  0.00350849  0.00019492  0.00622197  0.01359225  0.00075512

 **********************************************************************************************************************************

 Current geometry (xyz format, in Angstrom)

    8
 HF-SCF000/6-31G(D,P)  ENERGY=-79.23817442
 C          0.7634470969        0.0000328787       -0.0000000001
 C         -0.7634470969       -0.0000328787        0.0000000001
 H          1.1552554052        1.0130058815       -0.0000005398
 H          1.1559675373       -0.5063198212        0.8765738392
 H          1.1559675371       -0.5063207570       -0.8765732990
 H         -1.1552554052       -1.0130058815        0.0000005398
 H         -1.1559675371        0.5063207570        0.8765732990
 H         -1.1559675373        0.5063198212       -0.8765738392

 **********************************************************************************************************************************
1PROGRAM * ALASKA (Gradient of the energy)     Author: R. Lindh

 Orbitals from record         2100.2

 Number of closed-shell orbitals:  9 (  9 )
 Number of occupied orbitals:      9 (  9 )

 Number of electrons= 18     Singlet     Space symmetry=1      Wavefunction type: CLOSED          


 SCF GRADIENT FOR STATE 1.1

 Atom          dE/dx               dE/dy               dE/dz

   1         0.000243844        -0.000261657         0.000000000
   2        -0.000243844         0.000261657        -0.000000000
   3        -0.000092704         0.000278302        -0.000000000
   4        -0.000075040        -0.000060411        -0.000031012
   5        -0.000075040        -0.000060411         0.000031012
   6         0.000092704        -0.000278302         0.000000000
   7         0.000075040         0.000060411        -0.000031012
   8         0.000075040         0.000060411         0.000031012

 Nuclear force contribution to virial =         0.000734331
 Reading points  1 to  5 from record 700.2,  wavefunction type=HF-SCF000       

 Making model hessian for Z-matrix coordinates
 BFGS update of hessian using  4 points

 Quadratic Steepest Descent - Minimum Search

 Optimization point 5

 Variable                      Last           Current        Next           Gradient       Hessian

 E(HF-SCF000) / Hartree    -79.23815435   -79.23817442     0.00000000
 D1 / ANG                    1.52794413     1.52689420     1.52683253     0.00000199     1.60105381
 D2 / ANG                    1.08636735     1.08610683     1.08586377     0.00042730     1.71103780
 A1 / DEGREE               111.17247584   111.14846308   111.21925290    -0.00000669     0.00007238
 D3 / ANG                    1.08580480     1.08574723     1.08577152    -0.00004534     1.74976521
 A2 / DEGREE               111.33586381   111.19240190   111.21825597    -0.00000255     0.00006333
 T1 / DEGREE               119.65723617   120.01372854   120.00306770     0.00000226     0.00005932
 D4 / ANG                    1.08580480     1.08574723     1.08577152    -0.00004534     1.74976521
 A3 / DEGREE               111.33586381   111.19240190   111.21825582    -0.00000255     0.00006333
 T2 / DEGREE              -119.65723617  -120.01372866  -120.00306768    -0.00000226     0.00005932
 D5 / ANG                    1.08636735     1.08610683     1.08586377     0.00042730     1.71103780
 A4 / DEGREE               111.17247584   111.14846308   111.21925290    -0.00000669     0.00007238
 T3 / DEGREE               180.00000000   180.00000000   180.00000000     0.00000000     0.00000000
 D6 / ANG                    1.08580480     1.08574723     1.08577152    -0.00004534     1.74976521
 A5 / DEGREE               111.33586381   111.19240190   111.21825582    -0.00000255     0.00006333
 T4 / DEGREE               119.65723617   120.01372866   120.00306768     0.00000226     0.00005932
 D7 / ANG                    1.08580480     1.08574723     1.08577152    -0.00004534     1.74976521
 A6 / DEGREE               111.33586381   111.19240190   111.21825597    -0.00000255     0.00006333
 T5 / DEGREE              -119.65723617  -120.01372854  -120.00306770    -0.00000226     0.00005932
 Convergence:                0.00000000  (line search)     0.00210948     0.00074255  (total)

 Geometry written to block  6 of record 700


 Recomputing integrals since geometry changed

1PROGRAM * SEWARD (Integral evaluation for generally contracted gaussian basis sets)     Author: Roland Lindh, 1990

 Geometry written to block  6 of record 700

 Orientation using atomic masses  
 Molecule type: Asymmetric top
 Rotational constants:      81.5653254     20.0666562     20.0660937 GHz  (calculated with average atomic masses)

 Point group  C1  



 ATOMIC COORDINATES

 NR  ATOM    CHARGE       X              Y              Z

   1  C1      6.00    1.442647667   -0.000005303   -0.000000000
   2  C2      6.00   -1.442647667    0.000005303    0.000000000
   3  H3      1.00    2.185345762    1.912857106   -0.000003770
   4  H4      1.00    2.185238834   -0.956451229    1.656410929
   5  H5      1.00    2.185238829   -0.956457758   -1.656407162
   6  H6      1.00   -2.185345762   -1.912857106    0.000003770
   7  H7      1.00   -2.185238829    0.956457758    1.656407162
   8  H8      1.00   -2.185238834    0.956451229   -1.656410929

 Bond lengths in Bohr (Angstrom)

 1-2  2.885295333  1-3  2.051985151  1-4  2.051810814  1-5  2.051810814  2-6  2.051985151
     ( 1.526832532)     ( 1.085863775)     ( 1.085771520)     ( 1.085771520)     ( 1.085863775)

 2-7  2.051810814  2-8  2.051810814
     ( 1.085771520)     ( 1.085771520)

 Bond angles

  1-2-6  111.21925290   1-2-7  111.21825582   1-2-8  111.21825597   2-1-3  111.21925290

  2-1-4  111.21825597   2-1-5  111.21825582   3-1-4  107.67098606   3-1-5  107.67098612

  4-1-5  107.66424658   6-2-7  107.67098612   6-2-8  107.67098606   7-2-8  107.66424658


 BASIS DATA

   Nr Sym  Nuc  Type         Exponents   Contraction coefficients

   1.1 A     1  1s         3047.524900     0.001835
                            457.369520     0.014037
                            103.948680     0.068843
                             29.210155     0.232184
                              9.286663     0.467941
                              3.163927     0.362312
   2.1 A     1  1s            7.868272    -0.119332
                              1.881288    -0.160854
                              0.544249     1.143456
   3.1 A     1  1s            0.168714     1.000000
   4.1 A     1  2px           7.868272     0.068999
                              1.881288     0.316424
                              0.544249     0.744308
   5.1 A     1  2py           7.868272     0.068999
                              1.881288     0.316424
                              0.544249     0.744308
   6.1 A     1  2pz           7.868272     0.068999
                              1.881288     0.316424
                              0.544249     0.744308
   7.1 A     1  2px           0.168714     1.000000
   8.1 A     1  2py           0.168714     1.000000
   9.1 A     1  2pz           0.168714     1.000000
  10.1 A     1  3d0           0.800000     1.000000
  11.1 A     1  3d2-          0.800000     1.000000
  12.1 A     1  3d1+          0.800000     1.000000
  13.1 A     1  3d2+          0.800000     1.000000
  14.1 A     1  3d1-          0.800000     1.000000
  15.1 A     2  1s         3047.524900     0.001835
                            457.369520     0.014037
                            103.948680     0.068843
                             29.210155     0.232184
                              9.286663     0.467941
                              3.163927     0.362312
  16.1 A     2  1s            7.868272    -0.119332
                              1.881288    -0.160854
                              0.544249     1.143456
  17.1 A     2  1s            0.168714     1.000000
  18.1 A     2  2px           7.868272     0.068999
                              1.881288     0.316424
                              0.544249     0.744308
  19.1 A     2  2py           7.868272     0.068999
                              1.881288     0.316424
                              0.544249     0.744308
  20.1 A     2  2pz           7.868272     0.068999
                              1.881288     0.316424
                              0.544249     0.744308
  21.1 A     2  2px           0.168714     1.000000
  22.1 A     2  2py           0.168714     1.000000
  23.1 A     2  2pz           0.168714     1.000000
  24.1 A     2  3d0           0.800000     1.000000
  25.1 A     2  3d2-          0.800000     1.000000
  26.1 A     2  3d1+          0.800000     1.000000
  27.1 A     2  3d2+          0.800000     1.000000
  28.1 A     2  3d1-          0.800000     1.000000
  29.1 A     3  1s           18.731137     0.033495
                              2.825394     0.234727
                              0.640122     0.813757
  30.1 A     3  1s            0.161278     1.000000
  31.1 A     3  2px           1.100000     1.000000
  32.1 A     3  2py           1.100000     1.000000
  33.1 A     3  2pz           1.100000     1.000000
  34.1 A     4  1s           18.731137     0.033495
                              2.825394     0.234727
                              0.640122     0.813757
  35.1 A     4  1s            0.161278     1.000000
  36.1 A     4  2px           1.100000     1.000000
  37.1 A     4  2py           1.100000     1.000000
  38.1 A     4  2pz           1.100000     1.000000
  39.1 A     5  1s           18.731137     0.033495
                              2.825394     0.234727
                              0.640122     0.813757
  40.1 A     5  1s            0.161278     1.000000
  41.1 A     5  2px           1.100000     1.000000
  42.1 A     5  2py           1.100000     1.000000
  43.1 A     5  2pz           1.100000     1.000000
  44.1 A     6  1s           18.731137     0.033495
                              2.825394     0.234727
                              0.640122     0.813757
  45.1 A     6  1s            0.161278     1.000000
  46.1 A     6  2px           1.100000     1.000000
  47.1 A     6  2py           1.100000     1.000000
  48.1 A     6  2pz           1.100000     1.000000
  49.1 A     7  1s           18.731137     0.033495
                              2.825394     0.234727
                              0.640122     0.813757
  50.1 A     7  1s            0.161278     1.000000
  51.1 A     7  2px           1.100000     1.000000
  52.1 A     7  2py           1.100000     1.000000
  53.1 A     7  2pz           1.100000     1.000000
  54.1 A     8  1s           18.731137     0.033495
                              2.825394     0.234727
                              0.640122     0.813757
  55.1 A     8  1s            0.161278     1.000000
  56.1 A     8  2px           1.100000     1.000000
  57.1 A     8  2py           1.100000     1.000000
  58.1 A     8  2pz           1.100000     1.000000

 NUCLEAR CHARGE:                   18
 NUMBER OF PRIMITIVE AOS:          98
 NUMBER OF SYMMETRY AOS:           96
 NUMBER OF CONTRACTIONS:           58   (  58A   )
 NUMBER OF CORE ORBITALS:           2   (   2A   )
 NUMBER OF VALENCE ORBITALS:       14   (  14A   )


 NUCLEAR REPULSION ENERGY   42.38498945


 Eigenvalues of metric

         1 0.886E-02 0.245E-01 0.445E-01 0.445E-01 0.465E-01 0.616E-01 0.616E-01 0.167E+00


 Contracted 2-electron integrals neglected if value below      1.0D-11
 AO integral compression algorithm  1   Integral accuracy      1.0D-11

     6.816 MB (compressed) written to integral file ( 52.1%)


 NUMBER OF SORTED TWO-ELECTRON INTEGRALS:    1464616.     BUFFER LENGTH:  32768
 NUMBER OF SEGMENTS:   1  SEGMENT LENGTH:    1464616      RECORD LENGTH: 524288

 Memory used in sort:       2.02 MW

 SORT1 READ     1693479. AND WROTE     1394513. INTEGRALS IN      4 RECORDS. CPU TIME:     0.08 SEC, REAL TIME:     0.09 SEC
 SORT2 READ     1394513. AND WROTE     1464616. INTEGRALS IN     26 RECORDS. CPU TIME:     0.33 SEC, REAL TIME:     0.38 SEC

 FILE SIZES:   FILE 1:     9.6 MBYTE,  FILE 4:    16.8 MBYTE,   TOTAL:     26.4 MBYTE

 OPERATOR DM      FOR CENTER  0  COORDINATES:    0.000000    0.000000    0.000000
1PROGRAM * RHF-SCF (CLOSED SHELL)       Authors: W. Meyer, H.-J. Werner


 NUMBER OF ELECTRONS:       9+    9-    SPACE SYMMETRY=1    SPIN SYMMETRY: Singlet 
 CONVERGENCE THRESHOLDS:    3.16E-07 (Density)    1.00E-08 (Energy)
 MAX. NUMBER OF ITERATIONS:       60
 INTERPOLATION TYPE:            DIIS
 INTERPOLATION STEPS:              2 (START)      1 (STEP)
 LEVEL SHIFTS:                  0.00 (CLOSED)  0.00 (OPEN) 

 Number of closed-shell orbitals:    9 (   9 )


 Molecular orbitals read from record     2100.2  Type=RHF/CANONICAL (state 1.1)

 Molecular orbital dump at record        2100.2

 ITERATION    DDIFF          GRAD             ENERGY        2-EL.EN.            DIPOLE MOMENTS         DIIS
    1      0.000D+00      0.000D+00       -79.23817498    135.421462   -0.00000    0.00000    0.00000    0
    2      0.000D+00      0.200D-04       -79.23817517    135.422171   -0.00000    0.00000   -0.00000    1
    3      0.122D-04      0.397D-05       -79.23817518    135.421967   -0.00000    0.00000   -0.00000    2
    4      0.349D-05      0.772D-06       -79.23817518    135.422067   -0.00000    0.00000   -0.00000    3
    5      0.108D-05      0.189D-06       -79.23817518    135.422013   -0.00000    0.00000   -0.00000    4
    6      0.317D-06      0.576D-07       -79.23817518    135.422029   -0.00000    0.00000   -0.00000    5
    7      0.805D-07      0.924D-08       -79.23817518    135.422028   -0.00000    0.00000   -0.00000    0

 Final occupancy:   9

 !RHF STATE 1.1 Energy                -79.238175179740
 Nuclear energy                        42.38498945
 One-electron energy                 -189.33417853
 Two-electron energy                   67.71101390
 Virial quotient                       -0.99983980
 !RHF STATE 1.1 Dipole moment          -0.00000000     0.00000000    -0.00000000
 Dipole moment /Debye                  -0.00000000     0.00000000    -0.00000000

 Orbital energies:

         1.1          2.1          3.1          4.1          5.1          6.1          7.1          8.1          9.1         10.1
    -11.209974   -11.209397    -1.018611    -0.843346    -0.596650    -0.596647    -0.508512    -0.486470    -0.486469     0.242937

        11.1
      0.302752


 **********************************************************************************************************************************
 DATASETS  * FILE   NREC   LENGTH (MB)   RECORD NAMES
              1      19        8.55       500      610      700      900      950      970     1000      129      960     1100   
                                          VAR    BASINP    GEOM    SYMINP    ZMAT    AOBASIS   BASIS     P2S    ABASIS      S 
                                         1400     1410     1200     1210     1080     1600     1650     1300     1700   
                                           T        V       H0       H01     AOSYM     SMH    MOLCAS    ERIS     OPER   

              2       3        0.43       700     1000     2100   
                                         GEOM     BASIS     RHF  

 PROGRAMS   *        TOTAL        HF        HF       INT
 CPU TIMES  *        18.33      1.30      0.56      1.06
 REAL TIME  *        21.79 SEC
 DISK USED  *        27.44 MB      
 **********************************************************************************************************************************

 PROGRESS OF GEOMETRY OPTIMIZATION.    TOTAL CPU:        16.2 SEC

 ITER.   ENERGY(OLD)    ENERGY(NEW)      DE          GRADMAX     GRADNORM    GRADRMS     STEPMAX     STEPLEN     STEPRMS
   1   -79.21412353   -79.23639413    -0.02227060  0.05462077  0.12098173  0.00672121  0.21670379  0.44639698  0.02479983
   2   -79.23639413   -79.23787647    -0.00148234  0.02052023  0.03482703  0.00193484  0.10019883  0.15255701  0.00847539
   3   -79.23787647   -79.23815435    -0.00027788  0.00606611  0.01125088  0.00062505  0.03002679  0.06521431  0.00362302
   4   -79.23815435   -79.23817442    -0.00002007  0.00156006  0.00350849  0.00019492  0.00622197  0.01359225  0.00075512
   5   -79.23817442   -79.23817518    -0.00000076  0.00038352  0.00074255  0.00004125  0.00123552  0.00210948  0.00011719

 **********************************************************************************************************************************

 Current geometry (xyz format, in Angstrom)

    8
 HF-SCF000/6-31G(D,P)  ENERGY=-79.23817518
 C          0.7634162658       -0.0000028064       -0.0000000001
 C         -0.7634162658        0.0000028064        0.0000000001
 H          1.1564351710        1.0122403846       -0.0000019949
 H          1.1563785874       -0.5061321919        0.8765349123
 H          1.1563785845       -0.5061356467       -0.8765329187
 H         -1.1564351710       -1.0122403846        0.0000019949
 H         -1.1563785845        0.5061356467        0.8765329188
 H         -1.1563785874        0.5061321919       -0.8765349123

 **********************************************************************************************************************************
1PROGRAM * ALASKA (Gradient of the energy)     Author: R. Lindh

 Orbitals from record         2100.2

 Number of closed-shell orbitals:  9 (  9 )
 Number of occupied orbitals:      9 (  9 )

 Number of electrons= 18     Singlet     Space symmetry=1      Wavefunction type: CLOSED          


 SCF GRADIENT FOR STATE 1.1

 Atom          dE/dx               dE/dy               dE/dz

   1         0.000079614        -0.000040849         0.000000000
   2        -0.000079614         0.000040849        -0.000000000
   3         0.000022639         0.000037641         0.000000000
   4         0.000000452         0.000004372        -0.000025857
   5         0.000000452         0.000004372         0.000025857
   6        -0.000022639        -0.000037641        -0.000000000
   7        -0.000000452        -0.000004372        -0.000025857
   8        -0.000000452        -0.000004372         0.000025857

 Nuclear force contribution to virial =         0.000288563
 Reading points  1 to  6 from record 700.2,  wavefunction type=HF-SCF000       

 Making model hessian for Z-matrix coordinates
 BFGS update of hessian using  5 points

 Quadratic Steepest Descent - Minimum Search

 Optimization point 6

 Variable                      Last           Current        Next           Gradient       Hessian

 E(HF-SCF000) / Hartree    -79.23817442   -79.23817518     0.00000000
 D1 / ANG                    1.52689420     1.52683253     1.52670841     0.00019494     1.62565381
 D2 / ANG                    1.08610683     1.08586377     1.08580723     0.00008179     1.67032201
 A1 / DEGREE               111.14846308   111.21925290   111.21747887     0.00000027     0.00007475
 D3 / ANG                    1.08574723     1.08577152     1.08579741    -0.00004299     1.74827881
 A2 / DEGREE               111.19240190   111.21825597   111.21597769     0.00000033     0.00006456
 T1 / DEGREE               120.01372854   120.00306770   119.99896644     0.00000031     0.00005844
 D4 / ANG                    1.08574723     1.08577152     1.08579741    -0.00004299     1.74827881
 A3 / DEGREE               111.19240190   111.21825582   111.21597760     0.00000033     0.00006456
 T2 / DEGREE              -120.01372866  -120.00306768  -119.99896635    -0.00000031     0.00005844
 D5 / ANG                    1.08610683     1.08586377     1.08580723     0.00008179     1.67032201
 A4 / DEGREE               111.14846308   111.21925290   111.21747887     0.00000027     0.00007475
 T3 / DEGREE               180.00000000   180.00000000   180.00000000     0.00000000     0.00000000
 D6 / ANG                    1.08574723     1.08577152     1.08579741    -0.00004299     1.74827881
 A5 / DEGREE               111.19240190   111.21825582   111.21597760     0.00000033     0.00006456
 T4 / DEGREE               120.01372866   120.00306768   119.99896635     0.00000031     0.00005844
 D7 / ANG                    1.08574723     1.08577152     1.08579741    -0.00004299     1.74827881
 A6 / DEGREE               111.19240190   111.21825597   111.21597769     0.00000033     0.00006456
 T5 / DEGREE              -120.01372854  -120.00306770  -119.99896644    -0.00000031     0.00005844
 Convergence:                0.00000000  (line search)     0.00034083     0.00014005  (total)

 Geometry written to block  7 of record 700


 Recomputing integrals since geometry changed

1PROGRAM * SEWARD (Integral evaluation for generally contracted gaussian basis sets)     Author: Roland Lindh, 1990

 Geometry written to block  7 of record 700

 Orientation using atomic masses  
 Molecule type: Asymmetric top
 Rotational constants:      81.5632320     20.0691856     20.0692922 GHz  (calculated with average atomic masses)

 Point group  C1  



 ATOMIC COORDINATES

 NR  ATOM    CHARGE       X              Y              Z

   1  C1      6.00    1.442530392   -0.000010061    0.000000000
   2  C2      6.00   -1.442530392    0.000010061   -0.000000000
   3  H3      1.00    2.185136894    1.912773274   -0.000006712
   4  H4      1.00    2.185060053   -0.956374884    1.656545926
   5  H5      1.00    2.185060050   -0.956386507   -1.656539217
   6  H6      1.00   -2.185136894   -1.912773274    0.000006712
   7  H7      1.00   -2.185060050    0.956386507    1.656539217
   8  H8      1.00   -2.185060053    0.956374884   -1.656545926

 Bond lengths in Bohr (Angstrom)

 1-2  2.885060784  1-3  2.051878287  1-4  2.051859736  1-5  2.051859736  2-6  2.051878287
     ( 1.526708414)     ( 1.085807225)     ( 1.085797408)     ( 1.085797408)     ( 1.085807225)

 2-7  2.051859736  2-8  2.051859736
     ( 1.085797408)     ( 1.085797408)

 Bond angles

  1-2-6  111.21747887   1-2-7  111.21597760   1-2-8  111.21597769   2-1-3  111.21747887

  2-1-4  111.21597769   2-1-5  111.21597760   3-1-4  107.66989900   3-1-5  107.66989898

  4-1-5  107.67314555   6-2-7  107.66989898   6-2-8  107.66989900   7-2-8  107.67314555


 BASIS DATA

   Nr Sym  Nuc  Type         Exponents   Contraction coefficients

   1.1 A     1  1s         3047.524900     0.001835
                            457.369520     0.014037
                            103.948680     0.068843
                             29.210155     0.232184
                              9.286663     0.467941
                              3.163927     0.362312
   2.1 A     1  1s            7.868272    -0.119332
                              1.881288    -0.160854
                              0.544249     1.143456
   3.1 A     1  1s            0.168714     1.000000
   4.1 A     1  2px           7.868272     0.068999
                              1.881288     0.316424
                              0.544249     0.744308
   5.1 A     1  2py           7.868272     0.068999
                              1.881288     0.316424
                              0.544249     0.744308
   6.1 A     1  2pz           7.868272     0.068999
                              1.881288     0.316424
                              0.544249     0.744308
   7.1 A     1  2px           0.168714     1.000000
   8.1 A     1  2py           0.168714     1.000000
   9.1 A     1  2pz           0.168714     1.000000
  10.1 A     1  3d0           0.800000     1.000000
  11.1 A     1  3d2-          0.800000     1.000000
  12.1 A     1  3d1+          0.800000     1.000000
  13.1 A     1  3d2+          0.800000     1.000000
  14.1 A     1  3d1-          0.800000     1.000000
  15.1 A     2  1s         3047.524900     0.001835
                            457.369520     0.014037
                            103.948680     0.068843
                             29.210155     0.232184
                              9.286663     0.467941
                              3.163927     0.362312
  16.1 A     2  1s            7.868272    -0.119332
                              1.881288    -0.160854
                              0.544249     1.143456
  17.1 A     2  1s            0.168714     1.000000
  18.1 A     2  2px           7.868272     0.068999
                              1.881288     0.316424
                              0.544249     0.744308
  19.1 A     2  2py           7.868272     0.068999
                              1.881288     0.316424
                              0.544249     0.744308
  20.1 A     2  2pz           7.868272     0.068999
                              1.881288     0.316424
                              0.544249     0.744308
  21.1 A     2  2px           0.168714     1.000000
  22.1 A     2  2py           0.168714     1.000000
  23.1 A     2  2pz           0.168714     1.000000
  24.1 A     2  3d0           0.800000     1.000000
  25.1 A     2  3d2-          0.800000     1.000000
  26.1 A     2  3d1+          0.800000     1.000000
  27.1 A     2  3d2+          0.800000     1.000000
  28.1 A     2  3d1-          0.800000     1.000000
  29.1 A     3  1s           18.731137     0.033495
                              2.825394     0.234727
                              0.640122     0.813757
  30.1 A     3  1s            0.161278     1.000000
  31.1 A     3  2px           1.100000     1.000000
  32.1 A     3  2py           1.100000     1.000000
  33.1 A     3  2pz           1.100000     1.000000
  34.1 A     4  1s           18.731137     0.033495
                              2.825394     0.234727
                              0.640122     0.813757
  35.1 A     4  1s            0.161278     1.000000
  36.1 A     4  2px           1.100000     1.000000
  37.1 A     4  2py           1.100000     1.000000
  38.1 A     4  2pz           1.100000     1.000000
  39.1 A     5  1s           18.731137     0.033495
                              2.825394     0.234727
                              0.640122     0.813757
  40.1 A     5  1s            0.161278     1.000000
  41.1 A     5  2px           1.100000     1.000000
  42.1 A     5  2py           1.100000     1.000000
  43.1 A     5  2pz           1.100000     1.000000
  44.1 A     6  1s           18.731137     0.033495
                              2.825394     0.234727
                              0.640122     0.813757
  45.1 A     6  1s            0.161278     1.000000
  46.1 A     6  2px           1.100000     1.000000
  47.1 A     6  2py           1.100000     1.000000
  48.1 A     6  2pz           1.100000     1.000000
  49.1 A     7  1s           18.731137     0.033495
                              2.825394     0.234727
                              0.640122     0.813757
  50.1 A     7  1s            0.161278     1.000000
  51.1 A     7  2px           1.100000     1.000000
  52.1 A     7  2py           1.100000     1.000000
  53.1 A     7  2pz           1.100000     1.000000
  54.1 A     8  1s           18.731137     0.033495
                              2.825394     0.234727
                              0.640122     0.813757
  55.1 A     8  1s            0.161278     1.000000
  56.1 A     8  2px           1.100000     1.000000
  57.1 A     8  2py           1.100000     1.000000
  58.1 A     8  2pz           1.100000     1.000000

 NUCLEAR CHARGE:                   18
 NUMBER OF PRIMITIVE AOS:          98
 NUMBER OF SYMMETRY AOS:           96
 NUMBER OF CONTRACTIONS:           58   (  58A   )
 NUMBER OF CORE ORBITALS:           2   (   2A   )
 NUMBER OF VALENCE ORBITALS:       14   (  14A   )


 NUCLEAR REPULSION ENERGY   42.38667225


 Eigenvalues of metric

         1 0.885E-02 0.245E-01 0.445E-01 0.445E-01 0.465E-01 0.616E-01 0.616E-01 0.167E+00


 Contracted 2-electron integrals neglected if value below      1.0D-11
 AO integral compression algorithm  1   Integral accuracy      1.0D-11

     6.816 MB (compressed) written to integral file ( 52.2%)


 NUMBER OF SORTED TWO-ELECTRON INTEGRALS:    1464616.     BUFFER LENGTH:  32768
 NUMBER OF SEGMENTS:   1  SEGMENT LENGTH:    1464616      RECORD LENGTH: 524288

 Memory used in sort:       2.02 MW

 SORT1 READ     1693479. AND WROTE     1394291. INTEGRALS IN      4 RECORDS. CPU TIME:     0.08 SEC, REAL TIME:     0.10 SEC
 SORT2 READ     1394291. AND WROTE     1464616. INTEGRALS IN     26 RECORDS. CPU TIME:     0.35 SEC, REAL TIME:     0.39 SEC

 FILE SIZES:   FILE 1:     9.6 MBYTE,  FILE 4:    16.8 MBYTE,   TOTAL:     26.4 MBYTE

 OPERATOR DM      FOR CENTER  0  COORDINATES:    0.000000    0.000000    0.000000
1PROGRAM * RHF-SCF (CLOSED SHELL)       Authors: W. Meyer, H.-J. Werner


 NUMBER OF ELECTRONS:       9+    9-    SPACE SYMMETRY=1    SPIN SYMMETRY: Singlet 
 CONVERGENCE THRESHOLDS:    1.00E-07 (Density)    1.00E-08 (Energy)
 MAX. NUMBER OF ITERATIONS:       60
 INTERPOLATION TYPE:            DIIS
 INTERPOLATION STEPS:              2 (START)      1 (STEP)
 LEVEL SHIFTS:                  0.00 (CLOSED)  0.00 (OPEN) 

 Number of closed-shell orbitals:    9 (   9 )


 Molecular orbitals read from record     2100.2  Type=RHF/CANONICAL (state 1.1)

 Molecular orbital dump at record        2100.2

 ITERATION    DDIFF          GRAD             ENERGY        2-EL.EN.            DIPOLE MOMENTS         DIIS
    1      0.000D+00      0.000D+00       -79.23817520    135.425115   -0.00000    0.00000   -0.00000    0
    2      0.000D+00      0.312D-05       -79.23817520    135.425421   -0.00000    0.00000   -0.00000    1
    3      0.230D-05      0.717D-06       -79.23817520    135.425223   -0.00000    0.00000   -0.00000    2
    4      0.663D-06      0.241D-06       -79.23817520    135.425295   -0.00000    0.00000   -0.00000    3
    5      0.239D-06      0.549D-07       -79.23817520    135.425282   -0.00000    0.00000   -0.00000    4
    6      0.924D-07      0.104D-07       -79.23817520    135.425283   -0.00000    0.00000   -0.00000    0

 Final occupancy:   9

 !RHF STATE 1.1 Energy                -79.238175204995
 Nuclear energy                        42.38667225
 One-electron energy                 -189.33748888
 Two-electron energy                   67.71264143
 Virial quotient                       -0.99983661
 !RHF STATE 1.1 Dipole moment          -0.00000000     0.00000000    -0.00000000
 Dipole moment /Debye                  -0.00000000     0.00000000    -0.00000000

 Orbital energies:

         1.1          2.1          3.1          4.1          5.1          6.1          7.1          8.1          9.1         10.1
    -11.209962   -11.209385    -1.018644    -0.843329    -0.596675    -0.596664    -0.508527    -0.486464    -0.486454     0.242933

        11.1
      0.302768


 **********************************************************************************************************************************
 DATASETS  * FILE   NREC   LENGTH (MB)   RECORD NAMES
              1      19        8.56       500      610      700      900      950      970     1000      129      960     1100   
                                          VAR    BASINP    GEOM    SYMINP    ZMAT    AOBASIS   BASIS     P2S    ABASIS      S 
                                         1400     1410     1200     1210     1080     1600     1650     1300     1700   
                                           T        V       H0       H01     AOSYM     SMH    MOLCAS    ERIS     OPER   

              2       3        0.43       700     1000     2100   
                                         GEOM     BASIS     RHF  

 PROGRAMS   *        TOTAL        HF        HF       INT
 CPU TIMES  *        21.44      1.27      0.56      1.06
 REAL TIME  *        25.17 SEC
 DISK USED  *        27.44 MB      
 **********************************************************************************************************************************

 PROGRESS OF GEOMETRY OPTIMIZATION.    TOTAL CPU:        19.3 SEC

 ITER.   ENERGY(OLD)    ENERGY(NEW)      DE          GRADMAX     GRADNORM    GRADRMS     STEPMAX     STEPLEN     STEPRMS
   1   -79.21412353   -79.23639413    -0.02227060  0.05462077  0.12098173  0.00672121  0.21670379  0.44639698  0.02479983
   2   -79.23639413   -79.23787647    -0.00148234  0.02052023  0.03482703  0.00193484  0.10019883  0.15255701  0.00847539
   3   -79.23787647   -79.23815435    -0.00027788  0.00606611  0.01125088  0.00062505  0.03002679  0.06521431  0.00362302
   4   -79.23815435   -79.23817442    -0.00002007  0.00156006  0.00350849  0.00019492  0.00622197  0.01359225  0.00075512
   5   -79.23817442   -79.23817518    -0.00000076  0.00038352  0.00074255  0.00004125  0.00123552  0.00210948  0.00011719
   6   -79.23817518   -79.23817520    -0.00000003  0.00010316  0.00014005  0.00000778  0.00023455  0.00034083  0.00001893

 **********************************************************************************************************************************

 Current geometry (xyz format, in Angstrom)

    8
 HF-SCF000/6-31G(D,P)  ENERGY=-79.23817520
 C          0.7633542068       -0.0000053241        0.0000000000
 C         -0.7633542068        0.0000053241       -0.0000000000
 H          1.1563246426        1.0121960227       -0.0000035516
 H          1.1562839802       -0.5060917917        0.8766063499
 H          1.1562839786       -0.5060979424       -0.8766027996
 H         -1.1563246427       -1.0121960227        0.0000035516
 H         -1.1562839786        0.5060979425        0.8766027996
 H         -1.1562839802        0.5060917917       -0.8766063499

 **********************************************************************************************************************************
 Cartesian Coordinates are in [bohr]
 Creating new Variables:
 C1X1              1.44253039
 C1Y1             -0.00001006
 C1Z1              0.00000000
 C2X2             -1.44253039
 C2Y2              0.00001006
 C2Z2             -0.00000000
 H3X3              2.18513689
 H3Y3              1.91277327
 H3Z3             -0.00000671
 H4X4              2.18506005
 H4Y4             -0.95637488
 H4Z4              1.65654593
 H5X5              2.18506005
 H5Y5             -0.95638651
 H5Z5             -1.65653922
 H6X6             -2.18513689
 H6Y6             -1.91277327
 H6Z6              0.00000671
 H7X7             -2.18506005
 H7Y7              0.95638651
 H7Z7              1.65653922
 H8X8             -2.18506005
 H8Y8              0.95637488
 H8Z8             -1.65654593
