
 Running default procedure: HF-SCF000  MP2
1PROGRAM * ALASKA (Gradient of the energy)     Author: R. Lindh


 MP2 Gradient info restored from record    5200.1

 Number of closed-shell orbitals:   1 (   1   0   0   0   0 )
 Number of external orbitals:       5 (   2   0   0   0   3 )

 Integral thresholds in T2TRAN:            1.0D-10 (PROD)

 Available memory for Transformation:  97987919 words
 Memory needed for incore algorithm:       1084 words
 Minimum memory needed:                    1102 words

 Memory used for transformation:           0.00 MW
 Available memory for gradients:          99.99 MW

 CPU for transformation:                   0.00 sec
 CPU for integrals and gradient:           0.50 sec
 Total CPU:                                0.50 sec

 Prescreening statistics:
 ========================

 Total number of shell quadruplets:        1.00D+00
 Number of shell quadruplets processed:    1.00D+00 (100.00%)

 MP2 GRADIENT FOR STATE 1.1

 Atom          dE/dx               dE/dy               dE/dz

   1         0.000000000         0.000000000        -0.001556862
   2         0.000000000         0.000000000         0.001556862

 Nuclear force contribution to virial =         0.002177112
 Reading points  1 to  1 from record 700.2,  wavefunction type=MP2             

 Making model hessian for Z-matrix coordinates
 No hessian update for point  1

 Quadratic Steepest Descent - Minimum Search

 Optimization point 1

 Variable                      Last           Current        Next           Gradient       Hessian

 E(MP2) / Hartree            0.00000000    -1.14432450     0.00000000
 D / ANG                     0.00000000     0.74000000     0.73790875     0.00294204     1.40683292
 Convergence:                0.00000000  (line search)     0.00395190     0.00155686  (total)

 Geometry written to block  2 of record 700


 Recomputing integrals since geometry changed

1PROGRAM * SEWARD (Integral evaluation for generally contracted gaussian basis sets)     Author: Roland Lindh, 1990

 Geometry written to block  2 of record 700

 Orientation using atomic masses  
 Molecule type: Linear
 Symmetry elements: X,Y,Z
 Rotational constants:    1841.6503687   1841.6503687      0.0000000 GHz  (calculated with average atomic masses)

 Point group  D2h 



 ATOMIC COORDINATES

 NR  ATOM    CHARGE       X              Y              Z

   1  H1      1.00    0.000000000    0.000000000   -0.697222721
   2  H2      1.00    0.000000000    0.000000000    0.697222721

 Bond lengths in Bohr (Angstrom)

 1-2  1.394445442
     ( 0.737908747)

 NUCLEAR CHARGE:                    2
 NUMBER OF PRIMITIVE AOS:          10
 NUMBER OF SYMMETRY AOS:           10
 NUMBER OF CONTRACTIONS:            6   (   3Ag  +   0B3u +   0B2u +   0B1g +   3B1u +   0B2g +   0B3g +   0Au  )
 NUMBER OF CORE ORBITALS:           0   (   0Ag  +   0B3u +   0B2u +   0B1g +   0B1u +   0B2g +   0B3g +   0Au  )
 NUMBER OF VALENCE ORBITALS:        2   (   1Ag  +   0B3u +   0B2u +   0B1g +   1B1u +   0B2g +   0B3g +   0Au  )


 NUCLEAR REPULSION ENERGY    0.71713096


 Eigenvalues of metric

         1 0.266E+00 0.117E+01 0.384E+01
         5 0.207E-01 0.108E+00 0.594E+00


 Contracted 2-electron integrals neglected if value below      1.0D-11
 AO integral compression algorithm  1   Integral accuracy      1.0D-11

     0.262 MB (compressed) written to integral file (100.0%)


 NUMBER OF SORTED TWO-ELECTRON INTEGRALS:        150.     BUFFER LENGTH:  32768
 NUMBER OF SEGMENTS:   1  SEGMENT LENGTH:        150      RECORD LENGTH: 524288

 Memory used in sort:       0.56 MW

 SORT1 READ         648. AND WROTE         150. INTEGRALS IN      1 RECORDS. CPU TIME:     0.00 SEC, REAL TIME:     0.00 SEC
 SORT2 READ         150. AND WROTE         150. INTEGRALS IN      1 RECORDS. CPU TIME:     0.00 SEC, REAL TIME:     0.01 SEC

 FILE SIZES:   FILE 1:     2.8 MBYTE,  FILE 4:     4.2 MBYTE,   TOTAL:      7.0 MBYTE

 OPERATOR DM      FOR CENTER  0  COORDINATES:    0.000000    0.000000    0.000000
1PROGRAM * RHF-SCF (CLOSED SHELL)       Authors: W. Meyer, H.-J. Werner


 NUMBER OF ELECTRONS:       1+    1-
 CONVERGENCE THRESHOLDS:    3.16E-07 (Density)    1.00E-08 (Energy)
 MAX. NUMBER OF ITERATIONS:       60
 INTERPOLATION TYPE:            DIIS
 INTERPOLATION STEPS:              2 (START)      1 (STEP)
 LEVEL SHIFTS:                  0.00 (CLOSED)  0.00 (OPEN) 

 Number of closed-shell orbitals:    1 (   1   0   0   0   0 )


 Molecular orbitals read from record     2100.2  Type=RHF/CANONICAL (state 1.1)

 Molecular orbital dump at record        2100.2

 ITERATION    DDIFF          GRAD             ENERGY        2-EL.EN.            DIPOLE MOMENTS         DIIS
    1      0.000D+00      0.000D+00        -1.12688077      1.297916    0.00000    0.00000    0.00000    0
    2      0.000D+00      0.421D-03        -1.12688162      1.298620    0.00000    0.00000    0.00000    1
    3      0.368D-03      0.610D-04        -1.12688164      1.298749    0.00000    0.00000    0.00000    2
    4      0.586D-04      0.229D-05        -1.12688164      1.298753    0.00000    0.00000    0.00000    3
    5      0.354D-05      0.714D-09        -1.12688164      1.298753    0.00000    0.00000    0.00000    3
    6      0.653D-09      0.897D-14        -1.12688164      1.298753    0.00000    0.00000    0.00000    0

 Final occupancy:   1   0   0   0   0

 !RHF STATE 1.1 Energy                 -1.126881635891
 Nuclear energy                         0.71713096
 One-electron energy                   -2.49338889
 Two-electron energy                    0.64937629
 Virial quotient                       -1.00176656
 !RHF STATE 1.1 Dipole moment           0.00000000     0.00000000     0.00000000
 Dipole moment /Debye                   0.00000000     0.00000000     0.00000000

 Orbital energies:

         1.1          2.1          3.1
     -0.597318     0.088670     0.944930

         1.5          2.5
      0.075340     0.304392


 **********************************************************************************************************************************
 DATASETS  * FILE   NREC   LENGTH (MB)   RECORD NAMES
              1      19        2.54       500      610      700      900      950      970     1000      129      960     1100   
                                          VAR    BASINP    GEOM    SYMINP    ZMAT    AOBASIS   BASIS     P2S    ABASIS      S 
                                         1400     1410     1200     1210     1080     1600     1650     1300     1700   
                                           T        V       H0       H01     AOSYM     SMH    MOLCAS    ERIS     OPER   

              2       6        0.26       700     1000     2100     4100     4101     9001   
                                         GEOM     BASIS     RHF     CPHF     CPHF    DEN_MP2    

 PROGRAMS   *        TOTAL        HF       MP2        HF       INT
 CPU TIMES  *         2.02      0.07      0.19      0.03      0.09
 REAL TIME  *         2.89 SEC
 DISK USED  *         7.51 MB      
 **********************************************************************************************************************************


1PROGRAM * MP2 (Closed-shell)     Authors: C. Hampel, H.-J. Werner, 1991, M. Deegan, P.J. Knowles, 1992


 Convergence thresholds:  THRVAR = 1.00D-12  THRDEN = 1.00D-08

 Number of closed-shell orbitals:   1 (   1   0   0   0   0 )
 Number of external orbitals:       5 (   2   0   0   0   3 )

 Molecular orbitals read from record     2100.2  Type=RHF/CANONICAL (state 1.1)

 Number of N-1 electron functions:               1
 Number of N-2 electron functions:               1
 Number of singly external CSFs:                 2
 Number of doubly external CSFs:                 9
 Total number of CSFs:                          12

 Length of J-op  integral file:               0.00 MB
 Length of K-op  integral file:               0.03 MB

 Integral transformation finished. Total CPU:   0.00 sec, npass=  1  Memory used:   0.07 MW

 Memory needed for MP2:                      0.00 MW

 SCS-MP2 correlation energy:           -0.020935202441   (PS=  1.200000  PT=  0.333333)
 SCS-MP2 total energy:                 -1.147816838332


  Reference energy                     -1.126881635891
  MP2 singlet pair energy              -0.017446002035
  MP2 triplet pair energy               0.000000000000
  MP2 correlation energy               -0.017446002035

 !MP2 total energy                     -1.144327637926

 KEXT needed  1 integral passes. Memory used:   0.03 MW  CPU time:      0.00 sec


 CPHF trial vector read from record  4101.2

 Starting Coupled-perturbed Hartree-Fock, convergence threshold= 1.0D-06

 ITER  FOCK  DIIS      VAR         VARC       CPU
   2     1     1    0.95D-04    0.00D+00     0.00
   3     1     2    0.79D-05    0.00D+00     0.00

 DIIS MATRIX SINGULAR,   0.358D-14 DIIS RESTARTED
   4     1     1    0.28D-05    0.00D+00     0.00
   5     1     2    0.25D-07    0.00D+00     0.00

 CPHF convergence reached in  4 macroiterations and    0 microiterations.   Accuracy: 2.4985D-08

 CPHF solution written to record  4101.2

 Dipole moments (unrelaxed):            0.00000000     0.00000000     0.00000000
 Orbital relaxation contribution:      -0.00000000    -0.00000000    -0.00000000
 !MP2 dipole moments:                   0.00000000     0.00000000     0.00000000

 CPU-time for density and lagrangian:                  0.00 sec
 CPU-time for coupled-perturbed hartree-fock:          0.00 sec

 MP2 Gradient info saved on record         5200.1


 **********************************************************************************************************************************
 DATASETS  * FILE   NREC   LENGTH (MB)   RECORD NAMES
              1      21        2.54       500      610      700      900      950      970     1000      129      960     1100   
                                          VAR    BASINP    GEOM    SYMINP    ZMAT    AOBASIS   BASIS     P2S    ABASIS      S 
                                         1400     1410     1200     1210     1080     1600     1650     1300     1700     1380   
                                           T        V       H0       H01     AOSYM     SMH    MOLCAS    ERIS     OPER     JKOP   
                                         5200   
                                          MP2  

              2       6        0.26       700     1000     2100     4100     4101     9001   
                                         GEOM     BASIS     RHF     CPHF     CPHF    DEN_MP2    

 PROGRAMS   *        TOTAL       MP2       MP2        HF       INT
 CPU TIMES  *         2.22      0.20      0.19      0.03      0.09
 REAL TIME  *         3.21 SEC
 DISK USED  *         7.51 MB      
 **********************************************************************************************************************************

 PROGRESS OF GEOMETRY OPTIMIZATION.    TOTAL CPU:         1.4 SEC

 ITER.   ENERGY(OLD)    ENERGY(NEW)      DE          GRADMAX     GRADNORM    GRADRMS     STEPMAX     STEPLEN     STEPRMS
   1    -1.14432450    -1.14432764    -0.00000313  0.00155686  0.00155686  0.00155686  0.00395190  0.00395190  0.00395190

 **********************************************************************************************************************************

 Current geometry (xyz format, in Angstrom)

    2
 MP2/6-31++G  ENERGY=-1.14432764
 H          0.0000000000        0.0000000000       -0.3689543736
 H          0.0000000000        0.0000000000        0.3689543736

 **********************************************************************************************************************************
1PROGRAM * ALASKA (Gradient of the energy)     Author: R. Lindh


 MP2 Gradient info restored from record    5200.1

 Number of closed-shell orbitals:   1 (   1   0   0   0   0 )
 Number of external orbitals:       5 (   2   0   0   0   3 )

 Integral thresholds in T2TRAN:            1.0D-10 (PROD)

 Available memory for Transformation:  97987919 words
 Memory needed for incore algorithm:       1084 words
 Minimum memory needed:                    1102 words

 Memory used for transformation:           0.00 MW
 Available memory for gradients:          99.99 MW

 CPU for transformation:                   0.00 sec
 CPU for integrals and gradient:           0.50 sec
 Total CPU:                                0.50 sec

 Prescreening statistics:
 ========================

 Total number of shell quadruplets:        1.00D+00
 Number of shell quadruplets processed:    1.00D+00 (100.00%)

 MP2 GRADIENT FOR STATE 1.1

 Atom          dE/dx               dE/dy               dE/dz

   1         0.000000000         0.000000000        -0.000026312
   2         0.000000000         0.000000000         0.000026312

 Nuclear force contribution to virial =         0.000036691
 Reading points  1 to  2 from record 700.2,  wavefunction type=MP2             

 Making model hessian for Z-matrix coordinates
 BFGS update of hessian using  1 points

 Quadratic Steepest Descent - Minimum Search

 Optimization point 2

 Variable                      Last           Current        Next           Gradient       Hessian

 E(MP2) / Hartree           -1.14432450    -1.14432764     0.00000000
 D / ANG                     0.74000000     0.73790875     0.73787280     0.00004972     1.38305621
 Convergence:                0.00000000  (line search)     0.00006794     0.00002631  (total)

 Geometry written to block  3 of record 700


 Recomputing integrals since geometry changed

1PROGRAM * SEWARD (Integral evaluation for generally contracted gaussian basis sets)     Author: Roland Lindh, 1990

 Geometry written to block  3 of record 700

 Orientation using atomic masses  
 Molecule type: Linear
 Symmetry elements: X,Y,Z
 Rotational constants:    1841.8298357   1841.8298357      0.0000000 GHz  (calculated with average atomic masses)

 Point group  D2h 



 ATOMIC COORDINATES

 NR  ATOM    CHARGE       X              Y              Z

   1  H1      1.00    0.000000000    0.000000000   -0.697188752
   2  H2      1.00    0.000000000    0.000000000    0.697188752

 Bond lengths in Bohr (Angstrom)

 1-2  1.394377503
     ( 0.737872795)

 NUCLEAR CHARGE:                    2
 NUMBER OF PRIMITIVE AOS:          10
 NUMBER OF SYMMETRY AOS:           10
 NUMBER OF CONTRACTIONS:            6   (   3Ag  +   0B3u +   0B2u +   0B1g +   3B1u +   0B2g +   0B3g +   0Au  )
 NUMBER OF CORE ORBITALS:           0   (   0Ag  +   0B3u +   0B2u +   0B1g +   0B1u +   0B2g +   0B3g +   0Au  )
 NUMBER OF VALENCE ORBITALS:        2   (   1Ag  +   0B3u +   0B2u +   0B1g +   1B1u +   0B2g +   0B3g +   0Au  )


 NUCLEAR REPULSION ENERGY    0.71716590


 Eigenvalues of metric

         1 0.266E+00 0.117E+01 0.384E+01
         5 0.207E-01 0.108E+00 0.594E+00


 Contracted 2-electron integrals neglected if value below      1.0D-11
 AO integral compression algorithm  1   Integral accuracy      1.0D-11

     0.262 MB (compressed) written to integral file (100.0%)


 NUMBER OF SORTED TWO-ELECTRON INTEGRALS:        150.     BUFFER LENGTH:  32768
 NUMBER OF SEGMENTS:   1  SEGMENT LENGTH:        150      RECORD LENGTH: 524288

 Memory used in sort:       0.56 MW

 SORT1 READ         648. AND WROTE         150. INTEGRALS IN      1 RECORDS. CPU TIME:     0.00 SEC, REAL TIME:     0.01 SEC
 SORT2 READ         150. AND WROTE         150. INTEGRALS IN      1 RECORDS. CPU TIME:     0.00 SEC, REAL TIME:     0.01 SEC

 FILE SIZES:   FILE 1:     2.8 MBYTE,  FILE 4:     4.2 MBYTE,   TOTAL:      7.0 MBYTE

 OPERATOR DM      FOR CENTER  0  COORDINATES:    0.000000    0.000000    0.000000
1PROGRAM * RHF-SCF (CLOSED SHELL)       Authors: W. Meyer, H.-J. Werner


 NUMBER OF ELECTRONS:       1+    1-
 CONVERGENCE THRESHOLDS:    1.00E-07 (Density)    1.00E-08 (Energy)
 MAX. NUMBER OF ITERATIONS:       60
 INTERPOLATION TYPE:            DIIS
 INTERPOLATION STEPS:              2 (START)      1 (STEP)
 LEVEL SHIFTS:                  0.00 (CLOSED)  0.00 (OPEN) 

 Number of closed-shell orbitals:    1 (   1   0   0   0   0 )


 Molecular orbitals read from record     2100.2  Type=RHF/CANONICAL (state 1.1)

 Molecular orbital dump at record        2100.2

 ITERATION    DDIFF          GRAD             ENERGY        2-EL.EN.            DIPOLE MOMENTS         DIIS
    1      0.000D+00      0.000D+00        -1.12688203      1.298766    0.00000    0.00000    0.00000    0
    2      0.000D+00      0.725D-05        -1.12688203      1.298778    0.00000    0.00000    0.00000    1
    3      0.633D-05      0.105D-05        -1.12688203      1.298780    0.00000    0.00000    0.00000    2
    4      0.101D-05      0.394D-07        -1.12688203      1.298780    0.00000    0.00000    0.00000    3
    5      0.609D-07      0.259D-12        -1.12688203      1.298780    0.00000    0.00000    0.00000    0

 Final occupancy:   1   0   0   0   0

 !RHF STATE 1.1 Energy                 -1.126882028030
 Nuclear energy                         0.71716590
 One-electron energy                   -2.49343788
 Two-electron energy                    0.64938995
 Virial quotient                       -1.00173463
 !RHF STATE 1.1 Dipole moment           0.00000000     0.00000000     0.00000000
 Dipole moment /Debye                   0.00000000     0.00000000     0.00000000

 Orbital energies:

         1.1          2.1          3.1
     -0.597329     0.088669     0.944911

         1.5          2.5
      0.075341     0.304402


 **********************************************************************************************************************************
 DATASETS  * FILE   NREC   LENGTH (MB)   RECORD NAMES
              1      19        2.54       500      610      700      900      950      970     1000      129      960     1100   
                                          VAR    BASINP    GEOM    SYMINP    ZMAT    AOBASIS   BASIS     P2S    ABASIS      S 
                                         1400     1410     1200     1210     1080     1600     1650     1300     1700   
                                           T        V       H0       H01     AOSYM     SMH    MOLCAS    ERIS     OPER   

              2       6        0.26       700     1000     2100     4100     4101     9001   
                                         GEOM     BASIS     RHF     CPHF     CPHF    DEN_MP2    

 PROGRAMS   *        TOTAL        HF       MP2        HF       INT
 CPU TIMES  *         3.33      0.07      0.19      0.03      0.09
 REAL TIME  *         4.48 SEC
 DISK USED  *         7.51 MB      
 **********************************************************************************************************************************


1PROGRAM * MP2 (Closed-shell)     Authors: C. Hampel, H.-J. Werner, 1991, M. Deegan, P.J. Knowles, 1992


 Convergence thresholds:  THRVAR = 1.00D-12  THRDEN = 1.00D-08

 Number of closed-shell orbitals:   1 (   1   0   0   0   0 )
 Number of external orbitals:       5 (   2   0   0   0   3 )

 Molecular orbitals read from record     2100.2  Type=RHF/CANONICAL (state 1.1)

 Number of N-1 electron functions:               1
 Number of N-2 electron functions:               1
 Number of singly external CSFs:                 2
 Number of doubly external CSFs:                 9
 Total number of CSFs:                          12

 Length of J-op  integral file:               0.00 MB
 Length of K-op  integral file:               0.03 MB

 Integral transformation finished. Total CPU:   0.00 sec, npass=  1  Memory used:   0.07 MW

 Memory needed for MP2:                      0.00 MW

 SCS-MP2 correlation energy:           -0.020934732937   (PS=  1.200000  PT=  0.333333)
 SCS-MP2 total energy:                 -1.147816760967


  Reference energy                     -1.126882028030
  MP2 singlet pair energy              -0.017445610781
  MP2 triplet pair energy               0.000000000000
  MP2 correlation energy               -0.017445610781

 !MP2 total energy                     -1.144327638811

 KEXT needed  1 integral passes. Memory used:   0.03 MW  CPU time:      0.00 sec


 CPHF trial vector read from record  4101.2

 Starting Coupled-perturbed Hartree-Fock, convergence threshold= 1.0D-06

 ITER  FOCK  DIIS      VAR         VARC       CPU
   2     1     1    0.16D-05    0.00D+00     0.00
   3     1     2    0.14D-06    0.00D+00     0.00

 CPHF convergence reached in  2 macroiterations and    0 microiterations.   Accuracy: 1.3602D-07

 CPHF solution written to record  4101.2

 Dipole moments (unrelaxed):            0.00000000     0.00000000     0.00000000
 Orbital relaxation contribution:      -0.00000000    -0.00000000    -0.00000000
 !MP2 dipole moments:                   0.00000000     0.00000000     0.00000000

 CPU-time for density and lagrangian:                  0.01 sec
 CPU-time for coupled-perturbed hartree-fock:          0.00 sec

 MP2 Gradient info saved on record         5200.1


 **********************************************************************************************************************************
 DATASETS  * FILE   NREC   LENGTH (MB)   RECORD NAMES
              1      21        2.54       500      610      700      900      950      970     1000      129      960     1100   
                                          VAR    BASINP    GEOM    SYMINP    ZMAT    AOBASIS   BASIS     P2S    ABASIS      S 
                                         1400     1410     1200     1210     1080     1600     1650     1300     1700     1380   
                                           T        V       H0       H01     AOSYM     SMH    MOLCAS    ERIS     OPER     JKOP   
                                         5200   
                                          MP2  

              2       6        0.26       700     1000     2100     4100     4101     9001   
                                         GEOM     BASIS     RHF     CPHF     CPHF    DEN_MP2    

 PROGRAMS   *        TOTAL       MP2       MP2        HF       INT
 CPU TIMES  *         3.54      0.20      0.19      0.03      0.09
 REAL TIME  *         4.79 SEC
 DISK USED  *         7.51 MB      
 **********************************************************************************************************************************

 PROGRESS OF GEOMETRY OPTIMIZATION.    TOTAL CPU:         2.7 SEC

 ITER.   ENERGY(OLD)    ENERGY(NEW)      DE          GRADMAX     GRADNORM    GRADRMS     STEPMAX     STEPLEN     STEPRMS
   1    -1.14432450    -1.14432764    -0.00000313  0.00155686  0.00155686  0.00155686  0.00395190  0.00395190  0.00395190
   2    -1.14432764    -1.14432764    -0.00000000  0.00002631  0.00002631  0.00002631  0.00006794  0.00006794  0.00006794

 **********************************************************************************************************************************

 Current geometry (xyz format, in Angstrom)

    2
 MP2/6-31++G  ENERGY=-1.14432764
 H          0.0000000000        0.0000000000       -0.3689363977
 H          0.0000000000        0.0000000000        0.3689363977

 **********************************************************************************************************************************
 Cartesian Coordinates are in [bohr]
 Creating new Variables:
 H1X1              0.00000000
 H1Y1              0.00000000
 H1Z1             -0.69718875
 H2X2              0.00000000
 H2Y2              0.00000000
 H2Z2              0.69718875
 Task   1   Incrementing variable H1X1  by   0.010 BOH (Skipping negative increment due to symmetry).
 Task   2   Incrementing variable H1Y1  by   0.010 BOH (Skipping negative increment due to symmetry).
 Task   3   Incrementing variable H1Z1  by   0.010 BOH
 Task   4   Incrementing variable H1Z1  by  -0.010 BOH
 Starting task   1.  CPU=     0.00 sec, Elapsed=     0.00 sec
 Incrementing variable H1X1             by  0.010000 BOH   to    0.010000 BOH


 Recomputing integrals since geometry and symmetry changed


 Using spherical harmonics

 Library entry H      S 6-31G                selected for orbital group  1
 Library entry H      S 6-31++G              selected for orbital group  1

1PROGRAM * SEWARD (Integral evaluation for generally contracted gaussian basis sets)     Author: Roland Lindh, 1990

 Geometry written to block  1 of record 702


 Point group  C1  



 ATOMIC COORDINATES

 NR  ATOM    CHARGE       X              Y              Z

   1  H1      1.00    0.010000000    0.000000000   -0.697188752
   2  H2      1.00    0.000000000    0.000000000    0.697188752

 Bond lengths in Bohr (Angstrom)

 1-2  1.394413361
     ( 0.737891771)

 NUCLEAR CHARGE:                    2
 NUMBER OF PRIMITIVE AOS:          10
 NUMBER OF SYMMETRY AOS:           10
 NUMBER OF CONTRACTIONS:            6   (   6A   )
 NUMBER OF CORE ORBITALS:           0   (   0A   )
 NUMBER OF VALENCE ORBITALS:        2   (   2A   )

 SYMMETRY CHANGED: INITIALIZING OCCUPATION


 NUCLEAR REPULSION ENERGY    0.71714746


 Eigenvalues of metric

         1 0.207E-01 0.108E+00 0.266E+00 0.594E+00 0.117E+01 0.384E+01


 Contracted 2-electron integrals neglected if value below      1.0D-11
 AO integral compression algorithm  1   Integral accuracy      1.0D-11

     0.262 MB (compressed) written to integral file (100.0%)


 NUMBER OF SORTED TWO-ELECTRON INTEGRALS:        231.     BUFFER LENGTH:  32768
 NUMBER OF SEGMENTS:   1  SEGMENT LENGTH:        231      RECORD LENGTH: 524288

 Memory used in sort:       0.56 MW

 SORT1 READ         567. AND WROTE         231. INTEGRALS IN      1 RECORDS. CPU TIME:     0.00 SEC, REAL TIME:     0.00 SEC
 SORT2 READ         231. AND WROTE         231. INTEGRALS IN      1 RECORDS. CPU TIME:     0.00 SEC, REAL TIME:     0.01 SEC

 FILE SIZES:   FILE 1:     3.0 MBYTE,  FILE 4:     4.2 MBYTE,   TOTAL:      7.2 MBYTE

 OPERATOR DM      FOR CENTER  0  COORDINATES:    0.000000    0.000000    0.000000
1PROGRAM * RHF-SCF (CLOSED SHELL)       Authors: W. Meyer, H.-J. Werner


 NUMBER OF ELECTRONS:       1+    1-    SPACE SYMMETRY=1    SPIN SYMMETRY: Singlet 
 CONVERGENCE THRESHOLDS:    1.00E-07 (Density)    1.00E-08 (Energy)
 MAX. NUMBER OF ITERATIONS:       60
 INTERPOLATION TYPE:            DIIS
 INTERPOLATION STEPS:              2 (START)      1 (STEP)
 LEVEL SHIFTS:                  0.00 (CLOSED)  0.00 (OPEN) 



 Molecular orbitals read from record     2100.2  Type=RHF/CANONICAL (state 1.1)

 Present basis size:       6
 Previous basis size:      3   0   0   0   3
 Previous occupation:      1   0   0   0   0
 Previous closed-shells:   1   0   0   0   0
 Present occupation:       1
 Present closed-shells:    1
 Wavefunction symmetry:    1   Singlet 

 Orbital overlap <old|new>:  < 1.1| 1.1> = 0.999993

 Molecular orbital dump at record        2100.1

 ITERATION    DDIFF          GRAD             ENERGY        2-EL.EN.            DIPOLE MOMENTS         DIIS
    1      0.000D+00      0.000D+00        -1.12688182      1.298763    0.00000    0.00000   -0.00009    0
    2      0.000D+00      0.144D-04        -1.12688182      1.298765    0.00000    0.00000   -0.00001    1
    3      0.942D-05      0.125D-05        -1.12688182      1.298766    0.00000    0.00000   -0.00000    2
    4      0.125D-05      0.945D-07        -1.12688182      1.298765    0.00000    0.00000   -0.00000    3
    5      0.247D-06      0.404D-08        -1.12688182      1.298765    0.00000    0.00000   -0.00000    4
    6      0.210D-07      0.207D-09        -1.12688182      1.298765    0.00000    0.00000   -0.00000    0

 Final occupancy:   1

 !RHF STATE 1.1 Energy                 -1.126881821285
 Nuclear energy                         0.71714746
 One-electron energy                   -2.49341202
 Two-electron energy                    0.64938274
 Virial quotient                       -1.00175148
 !RHF STATE 1.1 Dipole moment           0.00000000     0.00000000    -0.00000000
 Dipole moment /Debye                   0.00000000     0.00000000    -0.00000000

 Orbital energies:

         1.1          2.1          3.1
     -0.597323     0.075340     0.088670


 **********************************************************************************************************************************
 DATASETS  * FILE   NREC   LENGTH (MB)   RECORD NAMES
              1      21        2.77       500      610      700      702      900      950      970     1001      129      960   
                                          VAR    BASINP    GEOM     GEOM    SYMINP    ZMAT    AOBASIS   BASIS     P2S    ABASIS    
                                         1100     1400     1410     1200     1210     1080     1600     1650     1300     1700   
                                           S        T        V       H0       H01     AOSYM     SMH    MOLCAS    ERIS     OPER   
                                         2100   
                                          RHF  

              2      10        0.67       700     1000     2100     4100     4101     9001      701     5500      702     1001   
                                         GEOM     BASIS     RHF     CPHF     CPHF    DEN_MP2   GEOM     HINFO    GEOM     BASIS   

 PROGRAMS   *        TOTAL        HF      OPTG       MP2        HF       INT
 CPU TIMES  *         3.66      0.09      2.70      0.19      0.03      0.09
 REAL TIME  *         4.99 SEC
 DISK USED  *         8.53 MB      
 **********************************************************************************************************************************


1PROGRAM * MP2 (Closed-shell)     Authors: C. Hampel, H.-J. Werner, 1991, M. Deegan, P.J. Knowles, 1992


 Convergence thresholds:  THRVAR = 1.00D-12  THRDEN = 1.00D-08

 Number of closed-shell orbitals:   1 (   1 )
 Number of external orbitals:       5 (   5 )

 Molecular orbitals read from record     2100.1  Type=RHF/CANONICAL (state 1.1)

 Number of N-1 electron functions:               1
 Number of N-2 electron functions:               1
 Number of singly external CSFs:                 5
 Number of doubly external CSFs:                15
 Total number of CSFs:                          21

 Length of J-op  integral file:               0.00 MB
 Length of K-op  integral file:               0.03 MB

 Integral transformation finished. Total CPU:   0.00 sec, npass=  1  Memory used:   0.07 MW

 Memory needed for MP2:                      0.00 MW

 SCS-MP2 correlation energy:           -0.020934980742   (PS=  1.200000  PT=  0.333333)
 SCS-MP2 total energy:                 -1.147816802027


  Reference energy                     -1.126881821285
  MP2 singlet pair energy              -0.017445817285
  MP2 triplet pair energy               0.000000000000
  MP2 correlation energy               -0.017445817285

 !MP2 total energy                     -1.144327638570

 KEXT needed  1 integral passes. Memory used:   0.03 MW  CPU time:      0.00 sec


 Starting Coupled-perturbed Hartree-Fock, convergence threshold= 1.0D-06

 ITER  FOCK  DIIS      VAR         VARC       CPU
   1     0     1    0.11D-01    0.00D+00     0.00
   2     1     1    0.22D-02    0.00D+00     0.00
   3     1     2    0.14D-03    0.00D+00     0.00

 DIIS MATRIX SINGULAR,   0.325D-13 DIIS RESTARTED
   4     1     1    0.51D-04    0.00D+00     0.00
   5     1     2    0.66D-06    0.00D+00     0.00

 CPHF convergence reached in  4 macroiterations and    0 microiterations.   Accuracy: 6.6111D-07

 CPHF solution written to record  4102.2

 Dipole moments (unrelaxed):            0.00000000     0.00000000    -0.00000000
 Orbital relaxation contribution:       0.00000000    -0.00000000    -0.00000000
 !MP2 dipole moments:                   0.00000000     0.00000000    -0.00000000

 CPU-time for density and lagrangian:                  0.00 sec
 CPU-time for coupled-perturbed hartree-fock:          0.00 sec

 MP2 Gradient info saved on record         5200.1


 **********************************************************************************************************************************
 DATASETS  * FILE   NREC   LENGTH (MB)   RECORD NAMES
              1      23        2.78       500      610      700      702      900      950      970     1001      129      960   
                                          VAR    BASINP    GEOM     GEOM    SYMINP    ZMAT    AOBASIS   BASIS     P2S    ABASIS    
                                         1100     1400     1410     1200     1210     1080     1600     1650     1300     1700   
                                           S        T        V       H0       H01     AOSYM     SMH    MOLCAS    ERIS     OPER   
                                         2100     1380     5200   
                                          RHF     JKOP      MP2  

              2      11        0.67       700     1000     2100     4100     4101     9001      701     5500      702     1001   
                                         GEOM     BASIS     RHF     CPHF     CPHF    DEN_MP2   GEOM     HINFO    GEOM     BASIS   
                                         4102   
                                         CPHF   

 PROGRAMS   *        TOTAL       MP2      OPTG       MP2        HF       INT
 CPU TIMES  *         3.86      0.19      2.70      0.19      0.03      0.09
 REAL TIME  *         5.24 SEC
 DISK USED  *         8.53 MB      
 **********************************************************************************************************************************
1PROGRAM * ALASKA (Gradient of the energy)     Author: R. Lindh


 MP2 Gradient info restored from record    5200.1

 Number of closed-shell orbitals:   1 (   1 )
 Number of external orbitals:       5 (   5 )

 Integral thresholds in T2TRAN:            1.0D-10 (PROD)

 Available memory for Transformation:  97989627 words
 Memory needed for incore algorithm:        239 words
 Minimum memory needed:                     203 words

 Memory used for transformation:           0.00 MW
 Available memory for gradients:          99.99 MW

 CPU for transformation:                   0.00 sec
 CPU for integrals and gradient:           0.55 sec
 Total CPU:                                0.55 sec

 Prescreening statistics:
 ========================

 Total number of shell quadruplets:        6.00D+00
 Number of shell quadruplets processed:    6.00D+00 (100.00%)

 MP2 GRADIENT FOR STATE 1.1

 Atom          dE/dx               dE/dy               dE/dz

   1         0.000000101         0.000000000        -0.000014140
   2        -0.000000101         0.000000000         0.000014140

 Nuclear force contribution to virial =         0.000019718
 Starting task   2.  CPU=     1.38 sec, Elapsed=     1.53 sec
 Incrementing variable H1Y1             by  0.010000 BOH   to    0.010000 BOH


 Recomputing integrals since geometry changed

1PROGRAM * SEWARD (Integral evaluation for generally contracted gaussian basis sets)     Author: Roland Lindh, 1990

 Geometry written to block  1 of record 702


 Point group  C1  



 ATOMIC COORDINATES

 NR  ATOM    CHARGE       X              Y              Z

   1  H1      1.00    0.000000000    0.010000000   -0.697188752
   2  H2      1.00    0.000000000    0.000000000    0.697188752

 Bond lengths in Bohr (Angstrom)

 1-2  1.394413361
     ( 0.737891771)

 NUCLEAR CHARGE:                    2
 NUMBER OF PRIMITIVE AOS:          10
 NUMBER OF SYMMETRY AOS:           10
 NUMBER OF CONTRACTIONS:            6   (   6A   )
 NUMBER OF CORE ORBITALS:           0   (   0A   )
 NUMBER OF VALENCE ORBITALS:        2   (   2A   )


 NUCLEAR REPULSION ENERGY    0.71714746


 Eigenvalues of metric

         1 0.207E-01 0.108E+00 0.266E+00 0.594E+00 0.117E+01 0.384E+01


 Contracted 2-electron integrals neglected if value below      1.0D-11
 AO integral compression algorithm  1   Integral accuracy      1.0D-11

     0.262 MB (compressed) written to integral file (100.0%)


 NUMBER OF SORTED TWO-ELECTRON INTEGRALS:        231.     BUFFER LENGTH:  32768
 NUMBER OF SEGMENTS:   1  SEGMENT LENGTH:        231      RECORD LENGTH: 524288

 Memory used in sort:       0.56 MW

 SORT1 READ         567. AND WROTE         231. INTEGRALS IN      1 RECORDS. CPU TIME:     0.00 SEC, REAL TIME:     0.00 SEC
 SORT2 READ         231. AND WROTE         231. INTEGRALS IN      1 RECORDS. CPU TIME:     0.00 SEC, REAL TIME:     0.01 SEC

 FILE SIZES:   FILE 1:     3.0 MBYTE,  FILE 4:     4.2 MBYTE,   TOTAL:      7.2 MBYTE

 OPERATOR DM      FOR CENTER  0  COORDINATES:    0.000000    0.000000    0.000000
1PROGRAM * RHF-SCF (CLOSED SHELL)       Authors: W. Meyer, H.-J. Werner


 NUMBER OF ELECTRONS:       1+    1-    SPACE SYMMETRY=1    SPIN SYMMETRY: Singlet 
 CONVERGENCE THRESHOLDS:    1.00E-07 (Density)    1.00E-08 (Energy)
 MAX. NUMBER OF ITERATIONS:       60
 INTERPOLATION TYPE:            DIIS
 INTERPOLATION STEPS:              2 (START)      1 (STEP)
 LEVEL SHIFTS:                  0.00 (CLOSED)  0.00 (OPEN) 

 Number of closed-shell orbitals:    1 (   1 )


 Molecular orbitals read from record     2100.2  Type=RHF/CANONICAL (state 1.1)

 Present basis size:       6
 Previous basis size:      3   0   0   0   3
 Previous occupation:      1   0   0   0   0
 Previous closed-shells:   1   0   0   0   0
 Present occupation:       1
 Present closed-shells:    1
 Wavefunction symmetry:    1   Singlet 

 Orbital overlap <old|new>:  < 1.1| 1.1> = 0.999993

 Molecular orbital dump at record        2100.1

 ITERATION    DDIFF          GRAD             ENERGY        2-EL.EN.            DIPOLE MOMENTS         DIIS
    1      0.000D+00      0.000D+00        -1.12688182      1.298763    0.00000    0.00000   -0.00009    0
    2      0.000D+00      0.144D-04        -1.12688182      1.298765    0.00000    0.00000   -0.00001    1
    3      0.942D-05      0.125D-05        -1.12688182      1.298766    0.00000    0.00000   -0.00000    2
    4      0.125D-05      0.945D-07        -1.12688182      1.298765    0.00000    0.00000   -0.00000    3
    5      0.247D-06      0.404D-08        -1.12688182      1.298765    0.00000    0.00000   -0.00000    4
    6      0.210D-07      0.207D-09        -1.12688182      1.298765    0.00000    0.00000   -0.00000    0

 Final occupancy:   1

 !RHF STATE 1.1 Energy                 -1.126881821285
 Nuclear energy                         0.71714746
 One-electron energy                   -2.49341202
 Two-electron energy                    0.64938274
 Virial quotient                       -1.00175148
 !RHF STATE 1.1 Dipole moment           0.00000000     0.00000000    -0.00000000
 Dipole moment /Debye                   0.00000000     0.00000000    -0.00000000

 Orbital energies:

         1.1          2.1          3.1
     -0.597323     0.075340     0.088670


 **********************************************************************************************************************************
 DATASETS  * FILE   NREC   LENGTH (MB)   RECORD NAMES
              1      21        2.77       500      610      700      702      900      950      970     1001      129      960   
                                          VAR    BASINP    GEOM     GEOM    SYMINP    ZMAT    AOBASIS   BASIS     P2S    ABASIS    
                                         1100     1400     1410     1200     1210     1080     1600     1650     1300     1700   
                                           S        T        V       H0       H01     AOSYM     SMH    MOLCAS    ERIS     OPER   
                                         2100   
                                          RHF  

              2      12        0.67       700     1000     2100     4100     4101     9001      701     5500      702     1001   
                                         GEOM     BASIS     RHF     CPHF     CPHF    DEN_MP2   GEOM     HINFO    GEOM     BASIS   
                                         4102     9001(1)
                                         CPHF    DEN_MP2    

 PROGRAMS   *        TOTAL        HF      OPTG       MP2        HF       INT
 CPU TIMES  *         5.00      0.06      2.70      0.19      0.03      0.09
 REAL TIME  *         6.45 SEC
 DISK USED  *         8.53 MB      
 **********************************************************************************************************************************


1PROGRAM * MP2 (Closed-shell)     Authors: C. Hampel, H.-J. Werner, 1991, M. Deegan, P.J. Knowles, 1992


 Convergence thresholds:  THRVAR = 1.00D-12  THRDEN = 1.00D-08

 Number of closed-shell orbitals:   1 (   1 )
 Number of external orbitals:       5 (   5 )

 Molecular orbitals read from record     2100.1  Type=RHF/CANONICAL (state 1.1)

 Number of N-1 electron functions:               1
 Number of N-2 electron functions:               1
 Number of singly external CSFs:                 5
 Number of doubly external CSFs:                15
 Total number of CSFs:                          21

 Length of J-op  integral file:               0.00 MB
 Length of K-op  integral file:               0.03 MB

 Integral transformation finished. Total CPU:   0.00 sec, npass=  1  Memory used:   0.07 MW

 Memory needed for MP2:                      0.00 MW

 SCS-MP2 correlation energy:           -0.020934980742   (PS=  1.200000  PT=  0.333333)
 SCS-MP2 total energy:                 -1.147816802027


  Reference energy                     -1.126881821285
  MP2 singlet pair energy              -0.017445817285
  MP2 triplet pair energy               0.000000000000
  MP2 correlation energy               -0.017445817285

 !MP2 total energy                     -1.144327638570

 KEXT needed  1 integral passes. Memory used:   0.03 MW  CPU time:      0.00 sec


 CPHF trial vector read from record  4102.2

 Starting Coupled-perturbed Hartree-Fock, convergence threshold= 1.0D-06

 ITER  FOCK  DIIS      VAR         VARC       CPU
   2     1     1    0.13D-06    0.00D+00     0.00

 CPHF convergence reached in  1 macroiterations and    0 microiterations.   Accuracy: 1.3174D-07

 Dipole moments (unrelaxed):            0.00000000     0.00000000    -0.00000000
 Orbital relaxation contribution:      -0.00000000     0.00000000    -0.00000000
 !MP2 dipole moments:                   0.00000000     0.00000000    -0.00000000

 CPU-time for density and lagrangian:                  0.01 sec
 CPU-time for coupled-perturbed hartree-fock:          0.00 sec

 MP2 Gradient info saved on record         5200.1


 **********************************************************************************************************************************
 DATASETS  * FILE   NREC   LENGTH (MB)   RECORD NAMES
              1      23        2.78       500      610      700      702      900      950      970     1001      129      960   
                                          VAR    BASINP    GEOM     GEOM    SYMINP    ZMAT    AOBASIS   BASIS     P2S    ABASIS    
                                         1100     1400     1410     1200     1210     1080     1600     1650     1300     1700   
                                           S        T        V       H0       H01     AOSYM     SMH    MOLCAS    ERIS     OPER   
                                         2100     1380     5200   
                                          RHF     JKOP      MP2  

              2      12        0.67       700     1000     2100     4100     4101     9001      701     5500      702     1001   
                                         GEOM     BASIS     RHF     CPHF     CPHF    DEN_MP2   GEOM     HINFO    GEOM     BASIS   
                                         4102     9001(1)
                                         CPHF    DEN_MP2    

 PROGRAMS   *        TOTAL       MP2      OPTG       MP2        HF       INT
 CPU TIMES  *         5.22      0.21      2.70      0.19      0.03      0.09
 REAL TIME  *         6.79 SEC
 DISK USED  *         8.53 MB      
 **********************************************************************************************************************************
1PROGRAM * ALASKA (Gradient of the energy)     Author: R. Lindh


 MP2 Gradient info restored from record    5200.1

 Number of closed-shell orbitals:   1 (   1 )
 Number of external orbitals:       5 (   5 )

 Integral thresholds in T2TRAN:            1.0D-10 (PROD)

 Available memory for Transformation:  97989627 words
 Memory needed for incore algorithm:        239 words
 Minimum memory needed:                     203 words

 Memory used for transformation:           0.00 MW
 Available memory for gradients:          99.99 MW

 CPU for transformation:                   0.00 sec
 CPU for integrals and gradient:           0.51 sec
 Total CPU:                                0.51 sec

 Prescreening statistics:
 ========================

 Total number of shell quadruplets:        6.00D+00
 Number of shell quadruplets processed:    6.00D+00 (100.00%)

 MP2 GRADIENT FOR STATE 1.1

 Atom          dE/dx               dE/dy               dE/dz

   1         0.000000000         0.000000099        -0.000013775
   2         0.000000000        -0.000000099         0.000013775

 Nuclear force contribution to virial =         0.000019208
 Starting task   3.  CPU=     2.73 sec, Elapsed=     3.15 sec
 Incrementing variable H1Z1             by  0.010000 BOH   to   -0.687189 BOH


 Recomputing integrals since geometry changed

1PROGRAM * SEWARD (Integral evaluation for generally contracted gaussian basis sets)     Author: Roland Lindh, 1990

 Geometry written to block  1 of record 702


 Point group  C1  



 ATOMIC COORDINATES

 NR  ATOM    CHARGE       X              Y              Z

   1  H1      1.00    0.000000000    0.000000000   -0.687188752
   2  H2      1.00    0.000000000    0.000000000    0.697188752

 Bond lengths in Bohr (Angstrom)

 1-2  1.384377503
     ( 0.732581023)

 NUCLEAR CHARGE:                    2
 NUMBER OF PRIMITIVE AOS:          10
 NUMBER OF SYMMETRY AOS:           10
 NUMBER OF CONTRACTIONS:            6   (   6A   )
 NUMBER OF CORE ORBITALS:           0   (   0A   )
 NUMBER OF VALENCE ORBITALS:        2   (   2A   )


 NUCLEAR REPULSION ENERGY    0.72234632


 Eigenvalues of metric

         1 0.204E-01 0.107E+00 0.267E+00 0.588E+00 0.117E+01 0.384E+01


 Contracted 2-electron integrals neglected if value below      1.0D-11
 AO integral compression algorithm  1   Integral accuracy      1.0D-11

     0.262 MB (compressed) written to integral file (100.0%)


 NUMBER OF SORTED TWO-ELECTRON INTEGRALS:        231.     BUFFER LENGTH:  32768
 NUMBER OF SEGMENTS:   1  SEGMENT LENGTH:        231      RECORD LENGTH: 524288

 Memory used in sort:       0.56 MW

 SORT1 READ         567. AND WROTE         231. INTEGRALS IN      1 RECORDS. CPU TIME:     0.00 SEC, REAL TIME:     0.00 SEC
 SORT2 READ         231. AND WROTE         231. INTEGRALS IN      1 RECORDS. CPU TIME:     0.01 SEC, REAL TIME:     0.00 SEC

 FILE SIZES:   FILE 1:     3.0 MBYTE,  FILE 4:     4.2 MBYTE,   TOTAL:      7.2 MBYTE

 OPERATOR DM      FOR CENTER  0  COORDINATES:    0.000000    0.000000    0.000000
1PROGRAM * RHF-SCF (CLOSED SHELL)       Authors: W. Meyer, H.-J. Werner


 NUMBER OF ELECTRONS:       1+    1-    SPACE SYMMETRY=1    SPIN SYMMETRY: Singlet 
 CONVERGENCE THRESHOLDS:    1.00E-07 (Density)    1.00E-08 (Energy)
 MAX. NUMBER OF ITERATIONS:       60
 INTERPOLATION TYPE:            DIIS
 INTERPOLATION STEPS:              2 (START)      1 (STEP)
 LEVEL SHIFTS:                  0.00 (CLOSED)  0.00 (OPEN) 

 Number of closed-shell orbitals:    1 (   1 )


 Molecular orbitals read from record     2100.2  Type=RHF/CANONICAL (state 1.1)

 Present basis size:       6
 Previous basis size:      3   0   0   0   3
 Previous occupation:      1   0   0   0   0
 Previous closed-shells:   1   0   0   0   0
 Present occupation:       1
 Present closed-shells:    1
 Wavefunction symmetry:    1   Singlet 

 Orbital overlap <old|new>:  < 1.1| 1.1> = 0.999996

 Molecular orbital dump at record        2100.1

 ITERATION    DDIFF          GRAD             ENERGY        2-EL.EN.            DIPOLE MOMENTS         DIIS
    1      0.000D+00      0.000D+00        -1.12689783      1.299585    0.00000    0.00000    0.00959    0
    2      0.000D+00      0.156D-02        -1.12691935      1.302306    0.00000    0.00000    0.00173    1
    3      0.144D-02      0.215D-03        -1.12691987      1.302788    0.00000    0.00000    0.00021    2
    4      0.308D-03      0.221D-04        -1.12691988      1.302814    0.00000    0.00000    0.00002    3
    5      0.509D-04      0.171D-05        -1.12691988      1.302813    0.00000    0.00000    0.00000    4
    6      0.642D-05      0.723D-07        -1.12691988      1.302813    0.00000    0.00000    0.00000    4
    7      0.374D-06      0.153D-07        -1.12691988      1.302813    0.00000    0.00000    0.00000    4
    8      0.879D-07      0.650D-09        -1.12691988      1.302813    0.00000    0.00000    0.00000    0

 Final occupancy:   1

 !RHF STATE 1.1 Energy                 -1.126919875878
 Nuclear energy                         0.72234632
 One-electron energy                   -2.50067284
 Two-electron energy                    0.65140664
 Virial quotient                       -0.99701437
 !RHF STATE 1.1 Dipole moment           0.00000000     0.00000000     0.00000000
 Dipole moment /Debye                   0.00000000     0.00000000     0.00000000

 Orbital energies:

         1.1          2.1          3.1
     -0.598930     0.075517     0.088564


 **********************************************************************************************************************************
 DATASETS  * FILE   NREC   LENGTH (MB)   RECORD NAMES
              1      21        2.77       500      610      700      702      900      950      970     1001      129      960   
                                          VAR    BASINP    GEOM     GEOM    SYMINP    ZMAT    AOBASIS   BASIS     P2S    ABASIS    
                                         1100     1400     1410     1200     1210     1080     1600     1650     1300     1700   
                                           S        T        V       H0       H01     AOSYM     SMH    MOLCAS    ERIS     OPER   
                                         2100   
                                          RHF  

              2      12        0.67       700     1000     2100     4100     4101     9001      701     5500      702     1001   
                                         GEOM     BASIS     RHF     CPHF     CPHF    DEN_MP2   GEOM     HINFO    GEOM     BASIS   
                                         4102     9001(1)
                                         CPHF    DEN_MP2    

 PROGRAMS   *        TOTAL        HF      OPTG       MP2        HF       INT
 CPU TIMES  *         6.33      0.07      2.70      0.19      0.03      0.09
 REAL TIME  *         8.07 SEC
 DISK USED  *         8.53 MB      
 **********************************************************************************************************************************


1PROGRAM * MP2 (Closed-shell)     Authors: C. Hampel, H.-J. Werner, 1991, M. Deegan, P.J. Knowles, 1992


 Convergence thresholds:  THRVAR = 1.00D-12  THRDEN = 1.00D-08

 Number of closed-shell orbitals:   1 (   1 )
 Number of external orbitals:       5 (   5 )

 Molecular orbitals read from record     2100.1  Type=RHF/CANONICAL (state 1.1)

 Number of N-1 electron functions:               1
 Number of N-2 electron functions:               1
 Number of singly external CSFs:                 5
 Number of doubly external CSFs:                15
 Total number of CSFs:                          21

 Length of J-op  integral file:               0.00 MB
 Length of K-op  integral file:               0.03 MB

 Integral transformation finished. Total CPU:   0.00 sec, npass=  1  Memory used:   0.07 MW

 Memory needed for MP2:                      0.00 MW

 SCS-MP2 correlation energy:           -0.020865641632   (PS=  1.200000  PT=  0.333333)
 SCS-MP2 total energy:                 -1.147785517510


  Reference energy                     -1.126919875878
  MP2 singlet pair energy              -0.017388034693
  MP2 triplet pair energy               0.000000000000
  MP2 correlation energy               -0.017388034693

 !MP2 total energy                     -1.144307910571

 KEXT needed  1 integral passes. Memory used:   0.03 MW  CPU time:      0.00 sec


 CPHF trial vector read from record  4102.2

 Starting Coupled-perturbed Hartree-Fock, convergence threshold= 1.0D-06

 ITER  FOCK  DIIS      VAR         VARC       CPU
   2     1     1    0.24D-03    0.00D+00     0.00
   3     1     2    0.20D-04    0.00D+00     0.00

 DIIS MATRIX SINGULAR,   0.114D-13 DIIS RESTARTED
   4     1     1    0.71D-05    0.00D+00     0.00
   5     1     2    0.62D-07    0.00D+00     0.00

 CPHF convergence reached in  4 macroiterations and    0 microiterations.   Accuracy: 6.2394D-08

 Dipole moments (unrelaxed):            0.00000000     0.00000000     0.00000000
 Orbital relaxation contribution:      -0.00000000    -0.00000000    -0.00000000
 !MP2 dipole moments:                   0.00000000     0.00000000     0.00000000

 CPU-time for density and lagrangian:                  0.00 sec
 CPU-time for coupled-perturbed hartree-fock:          0.00 sec

 MP2 Gradient info saved on record         5200.1


 **********************************************************************************************************************************
 DATASETS  * FILE   NREC   LENGTH (MB)   RECORD NAMES
              1      23        2.78       500      610      700      702      900      950      970     1001      129      960   
                                          VAR    BASINP    GEOM     GEOM    SYMINP    ZMAT    AOBASIS   BASIS     P2S    ABASIS    
                                         1100     1400     1410     1200     1210     1080     1600     1650     1300     1700   
                                           S        T        V       H0       H01     AOSYM     SMH    MOLCAS    ERIS     OPER   
                                         2100     1380     5200   
                                          RHF     JKOP      MP2  

              2      12        0.67       700     1000     2100     4100     4101     9001      701     5500      702     1001   
                                         GEOM     BASIS     RHF     CPHF     CPHF    DEN_MP2   GEOM     HINFO    GEOM     BASIS   
                                         4102     9001(1)
                                         CPHF    DEN_MP2    

 PROGRAMS   *        TOTAL       MP2      OPTG       MP2        HF       INT
 CPU TIMES  *         6.54      0.20      2.70      0.19      0.03      0.09
 REAL TIME  *         8.39 SEC
 DISK USED  *         8.53 MB      
 **********************************************************************************************************************************
1PROGRAM * ALASKA (Gradient of the energy)     Author: R. Lindh


 MP2 Gradient info restored from record    5200.1

 Number of closed-shell orbitals:   1 (   1 )
 Number of external orbitals:       5 (   5 )

 Integral thresholds in T2TRAN:            1.0D-10 (PROD)

 Available memory for Transformation:  97989627 words
 Memory needed for incore algorithm:        239 words
 Minimum memory needed:                     203 words

 Memory used for transformation:           0.00 MW
 Available memory for gradients:          99.99 MW

 CPU for transformation:                   0.00 sec
 CPU for integrals and gradient:           0.50 sec
 Total CPU:                                0.50 sec

 Prescreening statistics:
 ========================

 Total number of shell quadruplets:        6.00D+00
 Number of shell quadruplets processed:    6.00D+00 (100.00%)

 MP2 GRADIENT FOR STATE 1.1

 Atom          dE/dx               dE/dy               dE/dz

   1         0.000000000         0.000000000         0.003968369
   2         0.000000000         0.000000000        -0.003968369

 Nuclear force contribution to virial =        -0.005493720
 Starting task   4.  CPU=     4.07 sec, Elapsed=     4.67 sec
 Incrementing variable H1Z1             by -0.010000 BOH   to   -0.707189 BOH


 Recomputing integrals since geometry changed

1PROGRAM * SEWARD (Integral evaluation for generally contracted gaussian basis sets)     Author: Roland Lindh, 1990

 Geometry written to block  1 of record 702


 Point group  C1  



 ATOMIC COORDINATES

 NR  ATOM    CHARGE       X              Y              Z

   1  H1      1.00    0.000000000    0.000000000   -0.707188752
   2  H2      1.00    0.000000000    0.000000000    0.697188752

 Bond lengths in Bohr (Angstrom)

 1-2  1.404377503
     ( 0.743164568)

 NUCLEAR CHARGE:                    2
 NUMBER OF PRIMITIVE AOS:          10
 NUMBER OF SYMMETRY AOS:           10
 NUMBER OF CONTRACTIONS:            6   (   6A   )
 NUMBER OF CORE ORBITALS:           0   (   0A   )
 NUMBER OF VALENCE ORBITALS:        2   (   2A   )


 NUCLEAR REPULSION ENERGY    0.71205926


 Eigenvalues of metric

         1 0.210E-01 0.109E+00 0.265E+00 0.599E+00 0.117E+01 0.384E+01


 Contracted 2-electron integrals neglected if value below      1.0D-11
 AO integral compression algorithm  1   Integral accuracy      1.0D-11

     0.262 MB (compressed) written to integral file (100.0%)


 NUMBER OF SORTED TWO-ELECTRON INTEGRALS:        231.     BUFFER LENGTH:  32768
 NUMBER OF SEGMENTS:   1  SEGMENT LENGTH:        231      RECORD LENGTH: 524288

 Memory used in sort:       0.56 MW

 SORT1 READ         567. AND WROTE         231. INTEGRALS IN      1 RECORDS. CPU TIME:     0.00 SEC, REAL TIME:     0.00 SEC
 SORT2 READ         231. AND WROTE         231. INTEGRALS IN      1 RECORDS. CPU TIME:     0.00 SEC, REAL TIME:     0.01 SEC

 FILE SIZES:   FILE 1:     3.0 MBYTE,  FILE 4:     4.2 MBYTE,   TOTAL:      7.2 MBYTE

 OPERATOR DM      FOR CENTER  0  COORDINATES:    0.000000    0.000000    0.000000
1PROGRAM * RHF-SCF (CLOSED SHELL)       Authors: W. Meyer, H.-J. Werner


 NUMBER OF ELECTRONS:       1+    1-    SPACE SYMMETRY=1    SPIN SYMMETRY: Singlet 
 CONVERGENCE THRESHOLDS:    1.00E-07 (Density)    1.00E-08 (Energy)
 MAX. NUMBER OF ITERATIONS:       60
 INTERPOLATION TYPE:            DIIS
 INTERPOLATION STEPS:              2 (START)      1 (STEP)
 LEVEL SHIFTS:                  0.00 (CLOSED)  0.00 (OPEN) 

 Number of closed-shell orbitals:    1 (   1 )


 Molecular orbitals read from record     2100.2  Type=RHF/CANONICAL (state 1.1)

 Present basis size:       6
 Previous basis size:      3   0   0   0   3
 Previous occupation:      1   0   0   0   0
 Previous closed-shells:   1   0   0   0   0
 Present occupation:       1
 Present closed-shells:    1
 Wavefunction symmetry:    1   Singlet 

 Orbital overlap <old|new>:  < 1.1| 1.1> = 0.999996

 Molecular orbital dump at record        2100.1

 ITERATION    DDIFF          GRAD             ENERGY        2-EL.EN.            DIPOLE MOMENTS         DIIS
    1      0.000D+00      0.000D+00        -1.12678345      1.297948    0.00000    0.00000   -0.00964    0
    2      0.000D+00      0.154D-02        -1.12680464      1.295273    0.00000    0.00000   -0.00172    1
    3      0.142D-02      0.212D-03        -1.12680514      1.294799    0.00000    0.00000   -0.00021    2
    4      0.302D-03      0.219D-04        -1.12680515      1.294773    0.00000    0.00000   -0.00002    3
    5      0.498D-04      0.174D-05        -1.12680515      1.294774    0.00000    0.00000   -0.00000    4
    6      0.647D-05      0.721D-07        -1.12680515      1.294774    0.00000    0.00000   -0.00000    4
    7      0.372D-06      0.154D-07        -1.12680515      1.294774    0.00000    0.00000   -0.00000    4
    8      0.883D-07      0.660D-09        -1.12680515      1.294774    0.00000    0.00000   -0.00000    0

 Final occupancy:   1

 !RHF STATE 1.1 Energy                 -1.126805150707
 Nuclear energy                         0.71205926
 One-electron energy                   -2.48625121
 Two-electron energy                    0.64738681
 Virial quotient                       -1.00641606
 !RHF STATE 1.1 Dipole moment           0.00000000     0.00000000    -0.00000000
 Dipole moment /Debye                   0.00000000     0.00000000    -0.00000000

 Orbital energies:

         1.1          2.1          3.1
     -0.595739     0.075163     0.088774


 **********************************************************************************************************************************
 DATASETS  * FILE   NREC   LENGTH (MB)   RECORD NAMES
              1      21        2.77       500      610      700      702      900      950      970     1001      129      960   
                                          VAR    BASINP    GEOM     GEOM    SYMINP    ZMAT    AOBASIS   BASIS     P2S    ABASIS    
                                         1100     1400     1410     1200     1210     1080     1600     1650     1300     1700   
                                           S        T        V       H0       H01     AOSYM     SMH    MOLCAS    ERIS     OPER   
                                         2100   
                                          RHF  

              2      12        0.67       700     1000     2100     4100     4101     9001      701     5500      702     1001   
                                         GEOM     BASIS     RHF     CPHF     CPHF    DEN_MP2   GEOM     HINFO    GEOM     BASIS   
                                         4102     9001(1)
                                         CPHF    DEN_MP2    

 PROGRAMS   *        TOTAL        HF      OPTG       MP2        HF       INT
 CPU TIMES  *         7.64      0.07      2.70      0.19      0.03      0.09
 REAL TIME  *         9.59 SEC
 DISK USED  *         8.53 MB      
 **********************************************************************************************************************************


1PROGRAM * MP2 (Closed-shell)     Authors: C. Hampel, H.-J. Werner, 1991, M. Deegan, P.J. Knowles, 1992


 Convergence thresholds:  THRVAR = 1.00D-12  THRDEN = 1.00D-08

 Number of closed-shell orbitals:   1 (   1 )
 Number of external orbitals:       5 (   5 )

 Molecular orbitals read from record     2100.1  Type=RHF/CANONICAL (state 1.1)

 Number of N-1 electron functions:               1
 Number of N-2 electron functions:               1
 Number of singly external CSFs:                 5
 Number of doubly external CSFs:                15
 Total number of CSFs:                          21

 Length of J-op  integral file:               0.00 MB
 Length of K-op  integral file:               0.03 MB

 Integral transformation finished. Total CPU:   0.00 sec, npass=  1  Memory used:   0.07 MW

 Memory needed for MP2:                      0.00 MW

 SCS-MP2 correlation energy:           -0.021003858796   (PS=  1.200000  PT=  0.333333)
 SCS-MP2 total energy:                 -1.147809009503


  Reference energy                     -1.126805150707
  MP2 singlet pair energy              -0.017503215664
  MP2 triplet pair energy               0.000000000000
  MP2 correlation energy               -0.017503215664

 !MP2 total energy                     -1.144308366371

 KEXT needed  1 integral passes. Memory used:   0.03 MW  CPU time:      0.00 sec


 CPHF trial vector read from record  4102.2

 Starting Coupled-perturbed Hartree-Fock, convergence threshold= 1.0D-06

 ITER  FOCK  DIIS      VAR         VARC       CPU
   2     1     1    0.24D-03    0.00D+00     0.00
   3     1     2    0.20D-04    0.00D+00     0.00

 DIIS MATRIX SINGULAR,  -0.568D-14 DIIS RESTARTED
   4     1     1    0.71D-05    0.00D+00     0.00
   5     1     2    0.63D-07    0.00D+00     0.00

 CPHF convergence reached in  4 macroiterations and    0 microiterations.   Accuracy: 6.2560D-08

 Dipole moments (unrelaxed):            0.00000000     0.00000000    -0.00000000
 Orbital relaxation contribution:      -0.00000000    -0.00000000     0.00000000
 !MP2 dipole moments:                   0.00000000     0.00000000    -0.00000000

 CPU-time for density and lagrangian:                  0.00 sec
 CPU-time for coupled-perturbed hartree-fock:          0.00 sec

 MP2 Gradient info saved on record         5200.1


 **********************************************************************************************************************************
 DATASETS  * FILE   NREC   LENGTH (MB)   RECORD NAMES
              1      23        2.78       500      610      700      702      900      950      970     1001      129      960   
                                          VAR    BASINP    GEOM     GEOM    SYMINP    ZMAT    AOBASIS   BASIS     P2S    ABASIS    
                                         1100     1400     1410     1200     1210     1080     1600     1650     1300     1700   
                                           S        T        V       H0       H01     AOSYM     SMH    MOLCAS    ERIS     OPER   
                                         2100     1380     5200   
                                          RHF     JKOP      MP2  

              2      12        0.67       700     1000     2100     4100     4101     9001      701     5500      702     1001   
                                         GEOM     BASIS     RHF     CPHF     CPHF    DEN_MP2   GEOM     HINFO    GEOM     BASIS   
                                         4102     9001(1)
                                         CPHF    DEN_MP2    

 PROGRAMS   *        TOTAL       MP2      OPTG       MP2        HF       INT
 CPU TIMES  *         7.85      0.19      2.70      0.19      0.03      0.09
 REAL TIME  *         9.89 SEC
 DISK USED  *         8.53 MB      
 **********************************************************************************************************************************
1PROGRAM * ALASKA (Gradient of the energy)     Author: R. Lindh


 MP2 Gradient info restored from record    5200.1

 Number of closed-shell orbitals:   1 (   1 )
 Number of external orbitals:       5 (   5 )

 Integral thresholds in T2TRAN:            1.0D-10 (PROD)

 Available memory for Transformation:  97989627 words
 Memory needed for incore algorithm:        239 words
 Minimum memory needed:                     203 words

 Memory used for transformation:           0.00 MW
 Available memory for gradients:          99.99 MW

 CPU for transformation:                   0.00 sec
 CPU for integrals and gradient:           0.50 sec
 Total CPU:                                0.50 sec

 Prescreening statistics:
 ========================

 Total number of shell quadruplets:        6.00D+00
 Number of shell quadruplets processed:    6.00D+00 (100.00%)

 MP2 GRADIENT FOR STATE 1.1

 Atom          dE/dx               dE/dy               dE/dz

   1         0.000000000         0.000000000        -0.003832419
   2         0.000000000         0.000000000         0.003832419

 Nuclear force contribution to virial =         0.005382163

 Numerical MP2 hessian completed. CPU-time:     5.41 sec, Elapsed:     6.17 sec

 Recomputing wavefunction at initial geometry


 Recomputing integrals since geometry and symmetry changed


 Using spherical harmonics

 Library entry H      S 6-31G                selected for orbital group  1
 Library entry H      S 6-31++G              selected for orbital group  1

1PROGRAM * SEWARD (Integral evaluation for generally contracted gaussian basis sets)     Author: Roland Lindh, 1990

 Geometry written to block  1 of record 700

 Orientation using atomic masses  
 Molecule type: Linear
 Symmetry elements: X,Y,Z
 Rotational constants:    1841.8298357   1841.8298357      0.0000000 GHz  (calculated with average atomic masses)

 Point group  D2h 



 ATOMIC COORDINATES

 NR  ATOM    CHARGE       X              Y              Z

   1  H1      1.00    0.000000000    0.000000000   -0.697188752
   2  H2      1.00    0.000000000    0.000000000    0.697188752

 Bond lengths in Bohr (Angstrom)

 1-2  1.394377503
     ( 0.737872795)

 NUCLEAR CHARGE:                    2
 NUMBER OF PRIMITIVE AOS:          10
 NUMBER OF SYMMETRY AOS:           10
 NUMBER OF CONTRACTIONS:            6   (   3Ag  +   0B3u +   0B2u +   0B1g +   3B1u +   0B2g +   0B3g +   0Au  )
 NUMBER OF CORE ORBITALS:           0   (   0Ag  +   0B3u +   0B2u +   0B1g +   0B1u +   0B2g +   0B3g +   0Au  )
 NUMBER OF VALENCE ORBITALS:        2   (   1Ag  +   0B3u +   0B2u +   0B1g +   1B1u +   0B2g +   0B3g +   0Au  )

 SYMMETRY CHANGED: INITIALIZING OCCUPATION


 NUCLEAR REPULSION ENERGY    0.71716590


 Eigenvalues of metric

         1 0.266E+00 0.117E+01 0.384E+01
         5 0.207E-01 0.108E+00 0.594E+00


 Contracted 2-electron integrals neglected if value below      1.0D-11
 AO integral compression algorithm  1   Integral accuracy      1.0D-11

     0.262 MB (compressed) written to integral file (100.0%)


 NUMBER OF SORTED TWO-ELECTRON INTEGRALS:        150.     BUFFER LENGTH:  32768
 NUMBER OF SEGMENTS:   1  SEGMENT LENGTH:        150      RECORD LENGTH: 524288

 Memory used in sort:       0.56 MW

 SORT1 READ         648. AND WROTE         150. INTEGRALS IN      1 RECORDS. CPU TIME:     0.00 SEC, REAL TIME:     0.01 SEC
 SORT2 READ         150. AND WROTE         150. INTEGRALS IN      1 RECORDS. CPU TIME:     0.00 SEC, REAL TIME:     0.00 SEC

 FILE SIZES:   FILE 1:     2.8 MBYTE,  FILE 4:     4.2 MBYTE,   TOTAL:      7.0 MBYTE

 OPERATOR DM      FOR CENTER  0  COORDINATES:    0.000000    0.000000    0.000000
1PROGRAM * RHF-SCF (CLOSED SHELL)       Authors: W. Meyer, H.-J. Werner


 NUMBER OF ELECTRONS:       1+    1-
 CONVERGENCE THRESHOLDS:    1.00E-07 (Density)    1.00E-08 (Energy)
 MAX. NUMBER OF ITERATIONS:       60
 INTERPOLATION TYPE:            DIIS
 INTERPOLATION STEPS:              2 (START)      1 (STEP)
 LEVEL SHIFTS:                  0.00 (CLOSED)  0.00 (OPEN) 



 Molecular orbitals read from record     2100.2  Type=RHF/CANONICAL (state 1.1)

 Molecular orbital dump at record        2100.2

 ITERATION    DDIFF          GRAD             ENERGY        2-EL.EN.            DIPOLE MOMENTS         DIIS
    1      0.000D+00      0.000D+00        -1.12688203      1.298780    0.00000    0.00000    0.00000    0
    2      0.000D+00      0.604D-13        -1.12688203      1.298780    0.00000    0.00000    0.00000    0

 Final occupancy:   1   0   0   0   0

 !RHF STATE 1.1 Energy                 -1.126882028030
 Nuclear energy                         0.71716590
 One-electron energy                   -2.49343788
 Two-electron energy                    0.64938995
 Virial quotient                       -1.00173463
 !RHF STATE 1.1 Dipole moment           0.00000000     0.00000000     0.00000000
 Dipole moment /Debye                   0.00000000     0.00000000     0.00000000

 Orbital energies:

         1.1          2.1          3.1
     -0.597329     0.088669     0.944911

         1.5          2.5
      0.075341     0.304402


 **********************************************************************************************************************************
 DATASETS  * FILE   NREC   LENGTH (MB)   RECORD NAMES
              1      19        2.54       500      610      700      900      950      970     1000      129      960     1100   
                                          VAR    BASINP    GEOM    SYMINP    ZMAT    AOBASIS   BASIS     P2S    ABASIS      S 
                                         1400     1410     1200     1210     1080     1600     1650     1300     1700   
                                           T        V       H0       H01     AOSYM     SMH    MOLCAS    ERIS     OPER   

              2       9        0.27       700     1000     2100     4100     4101     9001     5300     5400     5450   
                                         GEOM     BASIS     RHF     CPHF     CPHF    DEN_MP2   HESS     FREQ     NMOD   

 PROGRAMS   *        TOTAL        HF      OPTG       MP2        HF       INT
 CPU TIMES  *         8.96      0.07      2.70      0.19      0.03      0.09
 REAL TIME  *        11.12 SEC
 DISK USED  *         8.53 MB      
 **********************************************************************************************************************************


1PROGRAM * MP2 (Closed-shell)     Authors: C. Hampel, H.-J. Werner, 1991, M. Deegan, P.J. Knowles, 1992


 Convergence thresholds:  THRVAR = 1.00D-12  THRDEN = 1.00D-08

 Number of closed-shell orbitals:   1 (   1   0   0   0   0 )
 Number of external orbitals:       5 (   2   0   0   0   3 )

 Molecular orbitals read from record     2100.2  Type=RHF/CANONICAL (state 1.1)

 Number of N-1 electron functions:               1
 Number of N-2 electron functions:               1
 Number of singly external CSFs:                 2
 Number of doubly external CSFs:                 9
 Total number of CSFs:                          12

 Length of J-op  integral file:               0.00 MB
 Length of K-op  integral file:               0.03 MB

 Integral transformation finished. Total CPU:   0.00 sec, npass=  1  Memory used:   0.07 MW

 Memory needed for MP2:                      0.00 MW

 SCS-MP2 correlation energy:           -0.020934732937   (PS=  1.200000  PT=  0.333333)
 SCS-MP2 total energy:                 -1.147816760967


  Reference energy                     -1.126882028030
  MP2 singlet pair energy              -0.017445610781
  MP2 triplet pair energy               0.000000000000
  MP2 correlation energy               -0.017445610781

 !MP2 total energy                     -1.144327638811

 KEXT needed  1 integral passes. Memory used:   0.03 MW  CPU time:      0.00 sec


 CPHF trial vector read from record  4101.2

 Starting Coupled-perturbed Hartree-Fock, convergence threshold= 1.0D-06

 ITER  FOCK  DIIS      VAR         VARC       CPU
   2     1     1    0.48D-07    0.00D+00     0.00

 CPHF convergence reached in  1 macroiterations and    0 microiterations.   Accuracy: 4.8312D-08

 CPHF solution written to record  4101.2

 Dipole moments (unrelaxed):            0.00000000     0.00000000     0.00000000
 Orbital relaxation contribution:      -0.00000000    -0.00000000    -0.00000000
 !MP2 dipole moments:                   0.00000000     0.00000000     0.00000000

 CPU-time for density and lagrangian:                  0.00 sec
 CPU-time for coupled-perturbed hartree-fock:          0.00 sec

 MP2 Gradient info saved on record         5200.1


 **********************************************************************************************************************************
 DATASETS  * FILE   NREC   LENGTH (MB)   RECORD NAMES
              1      21        2.54       500      610      700      900      950      970     1000      129      960     1100   
                                          VAR    BASINP    GEOM    SYMINP    ZMAT    AOBASIS   BASIS     P2S    ABASIS      S 
                                         1400     1410     1200     1210     1080     1600     1650     1300     1700     1380   
                                           T        V       H0       H01     AOSYM     SMH    MOLCAS    ERIS     OPER     JKOP   
                                         5200   
                                          MP2  

              2       9        0.27       700     1000     2100     4100     4101     9001     5300     5400     5450   
                                         GEOM     BASIS     RHF     CPHF     CPHF    DEN_MP2   HESS     FREQ     NMOD   

 PROGRAMS   *        TOTAL       MP2      OPTG       MP2        HF       INT
 CPU TIMES  *         9.15      0.18      2.70      0.19      0.03      0.09
 REAL TIME  *        11.38 SEC
 DISK USED  *         8.53 MB      
 **********************************************************************************************************************************
