
 Running default procedure: HF-SCF000  MP2
1PROGRAM * ALASKA (Gradient of the energy)     Author: R. Lindh


 MP2 Gradient info restored from record    5200.1

 Number of closed-shell orbitals:   1 (   1   0   0   0   0 )
 Number of external orbitals:       3 (   1   0   0   0   2 )

 Integral thresholds in T2TRAN:            1.0D-10 (PROD)

 Available memory for Transformation:  97989149 words
 Memory needed for incore algorithm:        478 words
 Minimum memory needed:                     486 words

 Memory used for transformation:           0.00 MW
 Available memory for gradients:          99.99 MW

 CPU for transformation:                   0.00 sec
 CPU for integrals and gradient:           0.52 sec
 Total CPU:                                0.52 sec

 Prescreening statistics:
 ========================

 Total number of shell quadruplets:        1.00D+00
 Number of shell quadruplets processed:    1.00D+00 (100.00%)

 MP2 GRADIENT FOR STATE 1.1

 Atom          dE/dx               dE/dy               dE/dz

   1         0.000000000         0.000000000        -0.001821095
   2         0.000000000         0.000000000         0.001821095

 Nuclear force contribution to virial =         0.002546614
 Reading points  1 to  1 from record 700.2,  wavefunction type=MP2             

 Making model hessian for Z-matrix coordinates
 No hessian update for point  1

 Quadratic Steepest Descent - Minimum Search

 Optimization point 1

 Variable                      Last           Current        Next           Gradient       Hessian

 E(MP2) / Hartree            0.00000000    -1.14413657     0.00000000
 D / ANG                     0.00000000     0.74000000     0.73755382     0.00344137     1.40683292
 Convergence:                0.00000000  (line search)     0.00462262     0.00182109  (total)

 Geometry written to block  2 of record 700


 Recomputing integrals since geometry changed

1PROGRAM * SEWARD (Integral evaluation for generally contracted gaussian basis sets)     Author: Roland Lindh, 1990

 Geometry written to block  2 of record 700

 Orientation using atomic masses  
 Molecule type: Linear
 Symmetry elements: X,Y,Z
 Rotational constants:    1843.4232949   1843.4232949      0.0000000 GHz  (calculated with average atomic masses)

 Point group  D2h 



 ATOMIC COORDINATES

 NR  ATOM    CHARGE       X              Y              Z

   1  H1      1.00    0.000000000    0.000000000   -0.696887361
   2  H2      1.00    0.000000000    0.000000000    0.696887361

 Bond lengths in Bohr (Angstrom)

 1-2  1.393774722
     ( 0.737553817)

 NUCLEAR CHARGE:                    2
 NUMBER OF PRIMITIVE AOS:           8
 NUMBER OF SYMMETRY AOS:            8
 NUMBER OF CONTRACTIONS:            4   (   2Ag  +   0B3u +   0B2u +   0B1g +   2B1u +   0B2g +   0B3g +   0Au  )
 NUMBER OF CORE ORBITALS:           0   (   0Ag  +   0B3u +   0B2u +   0B1g +   0B1u +   0B2g +   0B3g +   0Au  )
 NUMBER OF VALENCE ORBITALS:        2   (   1Ag  +   0B3u +   0B2u +   0B1g +   1B1u +   0B2g +   0B3g +   0Au  )


 NUCLEAR REPULSION ENERGY    0.71747606


 Eigenvalues of metric

         1 0.471E+00 0.284E+01
         5 0.957E-01 0.592E+00


 Contracted 2-electron integrals neglected if value below      1.0D-11
 AO integral compression algorithm  1   Integral accuracy      1.0D-11

     0.262 MB (compressed) written to integral file (100.0%)


 NUMBER OF SORTED TWO-ELECTRON INTEGRALS:         39.     BUFFER LENGTH:  32768
 NUMBER OF SEGMENTS:   1  SEGMENT LENGTH:         39      RECORD LENGTH: 524288

 Memory used in sort:       0.56 MW

 SORT1 READ         128. AND WROTE          39. INTEGRALS IN      1 RECORDS. CPU TIME:     0.00 SEC, REAL TIME:     0.00 SEC
 SORT2 READ          39. AND WROTE          39. INTEGRALS IN      1 RECORDS. CPU TIME:     0.01 SEC, REAL TIME:     0.00 SEC

 FILE SIZES:   FILE 1:     2.8 MBYTE,  FILE 4:     4.2 MBYTE,   TOTAL:      7.0 MBYTE

 OPERATOR DM      FOR CENTER  0  COORDINATES:    0.000000    0.000000    0.000000
1PROGRAM * RHF-SCF (CLOSED SHELL)       Authors: W. Meyer, H.-J. Werner


 NUMBER OF ELECTRONS:       1+    1-
 CONVERGENCE THRESHOLDS:    3.16E-07 (Density)    1.00E-08 (Energy)
 MAX. NUMBER OF ITERATIONS:       60
 INTERPOLATION TYPE:            DIIS
 INTERPOLATION STEPS:              2 (START)      1 (STEP)
 LEVEL SHIFTS:                  0.00 (CLOSED)  0.00 (OPEN) 

 Number of closed-shell orbitals:    1 (   1   0   0   0   0 )


 Molecular orbitals read from record     2100.2  Type=RHF/CANONICAL (state 1.1)

 Molecular orbital dump at record        2100.2

 ITERATION    DDIFF          GRAD             ENERGY        2-EL.EN.            DIPOLE MOMENTS         DIIS
    1      0.000D+00      0.000D+00        -1.12678494      1.301324    0.00000    0.00000    0.00000    0
    2      0.000D+00      0.679D-03        -1.12678610      1.302138    0.00000    0.00000    0.00000    1
    3      0.619D-03      0.101D-03        -1.12678612      1.302280    0.00000    0.00000    0.00000    2
    4      0.108D-03      0.382D-08        -1.12678612      1.302280    0.00000    0.00000    0.00000    2
    5      0.409D-08      0.266D-13        -1.12678612      1.302280    0.00000    0.00000    0.00000    0

 Final occupancy:   1   0   0   0   0

 !RHF STATE 1.1 Energy                 -1.126786124309
 Nuclear energy                         0.71747606
 One-electron energy                   -2.49540223
 Two-electron energy                    0.65114005
 Virial quotient                       -0.99921291
 !RHF STATE 1.1 Dipole moment           0.00000000     0.00000000     0.00000000
 Dipole moment /Debye                   0.00000000     0.00000000     0.00000000

 Orbital energies:

         1.1          2.1
     -0.596561     0.773544

         1.5          2.5
      0.239127     1.407655


 **********************************************************************************************************************************
 DATASETS  * FILE   NREC   LENGTH (MB)   RECORD NAMES
              1      19        2.53       500      610      700      900      950      970     1000      129      960     1100   
                                          VAR    BASINP    GEOM    SYMINP    ZMAT    AOBASIS   BASIS     P2S    ABASIS      S 
                                         1400     1410     1200     1210     1080     1600     1650     1300     1700   
                                           T        V       H0       H01     AOSYM     SMH    MOLCAS    ERIS     OPER   

              2       6        0.26       700     1000     2100     4100     4101     9001   
                                         GEOM     BASIS     RHF     CPHF     CPHF    DEN_MP2    

 PROGRAMS   *        TOTAL        HF       MP2        HF       INT
 CPU TIMES  *         2.01      0.06      0.19      0.04      0.08
 REAL TIME  *         2.88 SEC
 DISK USED  *         7.51 MB      
 **********************************************************************************************************************************


1PROGRAM * MP2 (Closed-shell)     Authors: C. Hampel, H.-J. Werner, 1991, M. Deegan, P.J. Knowles, 1992


 Convergence thresholds:  THRVAR = 1.00D-12  THRDEN = 1.00D-08

 Number of closed-shell orbitals:   1 (   1   0   0   0   0 )
 Number of external orbitals:       3 (   1   0   0   0   2 )

 Molecular orbitals read from record     2100.2  Type=RHF/CANONICAL (state 1.1)

 Number of N-1 electron functions:               1
 Number of N-2 electron functions:               1
 Number of singly external CSFs:                 1
 Number of doubly external CSFs:                 4
 Total number of CSFs:                           6

 Length of J-op  integral file:               0.00 MB
 Length of K-op  integral file:               0.03 MB

 Integral transformation finished. Total CPU:   0.00 sec, npass=  1  Memory used:   0.07 MW

 Memory needed for MP2:                      0.00 MW

 SCS-MP2 correlation energy:           -0.020825667985   (PS=  1.200000  PT=  0.333333)
 SCS-MP2 total energy:                 -1.147611792294


  Reference energy                     -1.126786124309
  MP2 singlet pair energy              -0.017354723321
  MP2 triplet pair energy               0.000000000000
  MP2 correlation energy               -0.017354723321

 !MP2 total energy                     -1.144140847630

 KEXT needed  1 integral passes. Memory used:   0.03 MW  CPU time:      0.00 sec


 CPHF trial vector read from record  4101.2

 Starting Coupled-perturbed Hartree-Fock, convergence threshold= 1.0D-06

 ITER  FOCK  DIIS      VAR         VARC       CPU
   2     1     1    0.11D-03    0.00D+00     0.01

 DIIS MATRIX SINGULAR,  -0.111D-15 DIIS RESTARTED
   3     1     1    0.23D-04    0.00D+00     0.01

 DIIS MATRIX SINGULAR,  -0.222D-15 DIIS RESTARTED
   4     1     1    0.48D-05    0.00D+00     0.01

 DIIS MATRIX SINGULAR,  -0.111D-15 DIIS RESTARTED
   5     1     1    0.98D-06    0.00D+00     0.01

 CPHF convergence reached in  4 macroiterations and    0 microiterations.   Accuracy: 9.8394D-07

 CPHF solution written to record  4101.2

 Dipole moments (unrelaxed):            0.00000000     0.00000000     0.00000000
 Orbital relaxation contribution:      -0.00000000    -0.00000000    -0.00000000
 !MP2 dipole moments:                   0.00000000     0.00000000     0.00000000

 CPU-time for density and lagrangian:                  0.00 sec
 CPU-time for coupled-perturbed hartree-fock:          0.01 sec

 MP2 Gradient info saved on record         5200.1


 **********************************************************************************************************************************
 DATASETS  * FILE   NREC   LENGTH (MB)   RECORD NAMES
              1      21        2.54       500      610      700      900      950      970     1000      129      960     1100   
                                          VAR    BASINP    GEOM    SYMINP    ZMAT    AOBASIS   BASIS     P2S    ABASIS      S 
                                         1400     1410     1200     1210     1080     1600     1650     1300     1700     1380   
                                           T        V       H0       H01     AOSYM     SMH    MOLCAS    ERIS     OPER     JKOP   
                                         5200   
                                          MP2  

              2       6        0.26       700     1000     2100     4100     4101     9001   
                                         GEOM     BASIS     RHF     CPHF     CPHF    DEN_MP2    

 PROGRAMS   *        TOTAL       MP2       MP2        HF       INT
 CPU TIMES  *         2.21      0.19      0.19      0.04      0.08
 REAL TIME  *         3.21 SEC
 DISK USED  *         7.51 MB      
 **********************************************************************************************************************************

 PROGRESS OF GEOMETRY OPTIMIZATION.    TOTAL CPU:         1.4 SEC

 ITER.   ENERGY(OLD)    ENERGY(NEW)      DE          GRADMAX     GRADNORM    GRADRMS     STEPMAX     STEPLEN     STEPRMS
   1    -1.14413657    -1.14414085    -0.00000428  0.00182109  0.00182109  0.00182109  0.00462262  0.00462262  0.00462262

 **********************************************************************************************************************************

 Current geometry (xyz format, in Angstrom)

    2
 MP2/6-31+G  ENERGY=-1.14414085
 H          0.0000000000        0.0000000000       -0.3687769086
 H          0.0000000000        0.0000000000        0.3687769086

 **********************************************************************************************************************************
1PROGRAM * ALASKA (Gradient of the energy)     Author: R. Lindh


 MP2 Gradient info restored from record    5200.1

 Number of closed-shell orbitals:   1 (   1   0   0   0   0 )
 Number of external orbitals:       3 (   1   0   0   0   2 )

 Integral thresholds in T2TRAN:            1.0D-10 (PROD)

 Available memory for Transformation:  97989149 words
 Memory needed for incore algorithm:        478 words
 Minimum memory needed:                     486 words

 Memory used for transformation:           0.00 MW
 Available memory for gradients:          99.99 MW

 CPU for transformation:                   0.00 sec
 CPU for integrals and gradient:           0.51 sec
 Total CPU:                                0.51 sec

 Prescreening statistics:
 ========================

 Total number of shell quadruplets:        1.00D+00
 Number of shell quadruplets processed:    1.00D+00 (100.00%)

 MP2 GRADIENT FOR STATE 1.1

 Atom          dE/dx               dE/dy               dE/dz

   1         0.000000000         0.000000000        -0.000024237
   2         0.000000000         0.000000000         0.000024237

 Nuclear force contribution to virial =         0.000033781
 Reading points  1 to  2 from record 700.2,  wavefunction type=MP2             

 Making model hessian for Z-matrix coordinates
 BFGS update of hessian using  1 points

 Quadratic Steepest Descent - Minimum Search

 Optimization point 2

 Variable                      Last           Current        Next           Gradient       Hessian

 E(MP2) / Hartree           -1.14413657    -1.14414085     0.00000000
 D / ANG                     0.74000000     0.73755382     0.73752082     0.00004580     1.38810924
 Convergence:                0.00000000  (line search)     0.00006235     0.00002424  (total)

 Geometry written to block  3 of record 700


 Recomputing integrals since geometry changed

1PROGRAM * SEWARD (Integral evaluation for generally contracted gaussian basis sets)     Author: Roland Lindh, 1990

 Geometry written to block  3 of record 700

 Orientation using atomic masses  
 Molecule type: Linear
 Symmetry elements: X,Y,Z
 Rotational constants:    1843.5882429   1843.5882429      0.0000000 GHz  (calculated with average atomic masses)

 Point group  D2h 



 ATOMIC COORDINATES

 NR  ATOM    CHARGE       X              Y              Z

   1  H1      1.00    0.000000000    0.000000000   -0.696856184
   2  H2      1.00    0.000000000    0.000000000    0.696856184

 Bond lengths in Bohr (Angstrom)

 1-2  1.393712369
     ( 0.737520821)

 NUCLEAR CHARGE:                    2
 NUMBER OF PRIMITIVE AOS:           8
 NUMBER OF SYMMETRY AOS:            8
 NUMBER OF CONTRACTIONS:            4   (   2Ag  +   0B3u +   0B2u +   0B1g +   2B1u +   0B2g +   0B3g +   0Au  )
 NUMBER OF CORE ORBITALS:           0   (   0Ag  +   0B3u +   0B2u +   0B1g +   0B1u +   0B2g +   0B3g +   0Au  )
 NUMBER OF VALENCE ORBITALS:        2   (   1Ag  +   0B3u +   0B2u +   0B1g +   1B1u +   0B2g +   0B3g +   0Au  )


 NUCLEAR REPULSION ENERGY    0.71750816


 Eigenvalues of metric

         1 0.471E+00 0.284E+01
         5 0.957E-01 0.592E+00


 Contracted 2-electron integrals neglected if value below      1.0D-11
 AO integral compression algorithm  1   Integral accuracy      1.0D-11

     0.262 MB (compressed) written to integral file (100.0%)


 NUMBER OF SORTED TWO-ELECTRON INTEGRALS:         39.     BUFFER LENGTH:  32768
 NUMBER OF SEGMENTS:   1  SEGMENT LENGTH:         39      RECORD LENGTH: 524288

 Memory used in sort:       0.56 MW

 SORT1 READ         128. AND WROTE          39. INTEGRALS IN      1 RECORDS. CPU TIME:     0.00 SEC, REAL TIME:     0.01 SEC
 SORT2 READ          39. AND WROTE          39. INTEGRALS IN      1 RECORDS. CPU TIME:     0.01 SEC, REAL TIME:     0.00 SEC

 FILE SIZES:   FILE 1:     2.8 MBYTE,  FILE 4:     4.2 MBYTE,   TOTAL:      7.0 MBYTE

 OPERATOR DM      FOR CENTER  0  COORDINATES:    0.000000    0.000000    0.000000
1PROGRAM * RHF-SCF (CLOSED SHELL)       Authors: W. Meyer, H.-J. Werner


 NUMBER OF ELECTRONS:       1+    1-
 CONVERGENCE THRESHOLDS:    1.00E-07 (Density)    1.00E-08 (Energy)
 MAX. NUMBER OF ITERATIONS:       60
 INTERPOLATION TYPE:            DIIS
 INTERPOLATION STEPS:              2 (START)      1 (STEP)
 LEVEL SHIFTS:                  0.00 (CLOSED)  0.00 (OPEN) 

 Number of closed-shell orbitals:    1 (   1   0   0   0   0 )


 Molecular orbitals read from record     2100.2  Type=RHF/CANONICAL (state 1.1)

 Molecular orbital dump at record        2100.2

 ITERATION    DDIFF          GRAD             ENERGY        2-EL.EN.            DIPOLE MOMENTS         DIIS
    1      0.000D+00      0.000D+00        -1.12678648      1.302292    0.00000    0.00000    0.00000    0
    2      0.000D+00      0.917D-05        -1.12678648      1.302303    0.00000    0.00000    0.00000    1
    3      0.836D-05      0.136D-05        -1.12678648      1.302305    0.00000    0.00000    0.00000    2
    4      0.146D-05      0.698D-12        -1.12678648      1.302305    0.00000    0.00000    0.00000    2
    5      0.747D-12      0.111D-15        -1.12678648      1.302305    0.00000    0.00000    0.00000    0

 Final occupancy:   1   0   0   0   0

 !RHF STATE 1.1 Energy                 -1.126786482969
 Nuclear energy                         0.71750816
 One-electron energy                   -2.49544705
 Two-electron energy                    0.65115241
 Virial quotient                       -0.99918401
 !RHF STATE 1.1 Dipole moment           0.00000000     0.00000000     0.00000000
 Dipole moment /Debye                   0.00000000     0.00000000     0.00000000

 Orbital energies:

         1.1          2.1
     -0.596571     0.773528

         1.5          2.5
      0.239135     1.407699


 **********************************************************************************************************************************
 DATASETS  * FILE   NREC   LENGTH (MB)   RECORD NAMES
              1      19        2.53       500      610      700      900      950      970     1000      129      960     1100   
                                          VAR    BASINP    GEOM    SYMINP    ZMAT    AOBASIS   BASIS     P2S    ABASIS      S 
                                         1400     1410     1200     1210     1080     1600     1650     1300     1700   
                                           T        V       H0       H01     AOSYM     SMH    MOLCAS    ERIS     OPER   

              2       6        0.26       700     1000     2100     4100     4101     9001   
                                         GEOM     BASIS     RHF     CPHF     CPHF    DEN_MP2    

 PROGRAMS   *        TOTAL        HF       MP2        HF       INT
 CPU TIMES  *         3.37      0.08      0.19      0.04      0.08
 REAL TIME  *         4.51 SEC
 DISK USED  *         7.51 MB      
 **********************************************************************************************************************************


1PROGRAM * MP2 (Closed-shell)     Authors: C. Hampel, H.-J. Werner, 1991, M. Deegan, P.J. Knowles, 1992


 Convergence thresholds:  THRVAR = 1.00D-12  THRDEN = 1.00D-08

 Number of closed-shell orbitals:   1 (   1   0   0   0   0 )
 Number of external orbitals:       3 (   1   0   0   0   2 )

 Molecular orbitals read from record     2100.2  Type=RHF/CANONICAL (state 1.1)

 Number of N-1 electron functions:               1
 Number of N-2 electron functions:               1
 Number of singly external CSFs:                 1
 Number of doubly external CSFs:                 4
 Total number of CSFs:                           6

 Length of J-op  integral file:               0.00 MB
 Length of K-op  integral file:               0.03 MB

 Integral transformation finished. Total CPU:   0.00 sec, npass=  1  Memory used:   0.07 MW

 Memory needed for MP2:                      0.00 MW

 SCS-MP2 correlation energy:           -0.020825238486   (PS=  1.200000  PT=  0.333333)
 SCS-MP2 total energy:                 -1.147611721455


  Reference energy                     -1.126786482969
  MP2 singlet pair energy              -0.017354365405
  MP2 triplet pair energy               0.000000000000
  MP2 correlation energy               -0.017354365405

 !MP2 total energy                     -1.144140848374

 KEXT needed  1 integral passes. Memory used:   0.03 MW  CPU time:      0.00 sec


 CPHF trial vector read from record  4101.2

 Starting Coupled-perturbed Hartree-Fock, convergence threshold= 1.0D-06

 ITER  FOCK  DIIS      VAR         VARC       CPU
   2     1     1    0.17D-05    0.00D+00     0.00

 DIIS MATRIX SINGULAR,  -0.222D-15 DIIS RESTARTED
   3     1     1    0.35D-06    0.00D+00     0.00

 CPHF convergence reached in  2 macroiterations and    0 microiterations.   Accuracy: 3.5375D-07

 CPHF solution written to record  4101.2

 Dipole moments (unrelaxed):            0.00000000     0.00000000     0.00000000
 Orbital relaxation contribution:      -0.00000000    -0.00000000    -0.00000000
 !MP2 dipole moments:                   0.00000000     0.00000000     0.00000000

 CPU-time for density and lagrangian:                  0.00 sec
 CPU-time for coupled-perturbed hartree-fock:          0.00 sec

 MP2 Gradient info saved on record         5200.1


 **********************************************************************************************************************************
 DATASETS  * FILE   NREC   LENGTH (MB)   RECORD NAMES
              1      21        2.54       500      610      700      900      950      970     1000      129      960     1100   
                                          VAR    BASINP    GEOM    SYMINP    ZMAT    AOBASIS   BASIS     P2S    ABASIS      S 
                                         1400     1410     1200     1210     1080     1600     1650     1300     1700     1380   
                                           T        V       H0       H01     AOSYM     SMH    MOLCAS    ERIS     OPER     JKOP   
                                         5200   
                                          MP2  

              2       6        0.26       700     1000     2100     4100     4101     9001   
                                         GEOM     BASIS     RHF     CPHF     CPHF    DEN_MP2    

 PROGRAMS   *        TOTAL       MP2       MP2        HF       INT
 CPU TIMES  *         3.57      0.19      0.19      0.04      0.08
 REAL TIME  *         4.82 SEC
 DISK USED  *         7.51 MB      
 **********************************************************************************************************************************

 PROGRESS OF GEOMETRY OPTIMIZATION.    TOTAL CPU:         2.8 SEC

 ITER.   ENERGY(OLD)    ENERGY(NEW)      DE          GRADMAX     GRADNORM    GRADRMS     STEPMAX     STEPLEN     STEPRMS
   1    -1.14413657    -1.14414085    -0.00000428  0.00182109  0.00182109  0.00182109  0.00462262  0.00462262  0.00462262
   2    -1.14414085    -1.14414085    -0.00000000  0.00002424  0.00002424  0.00002424  0.00006235  0.00006235  0.00006235

 **********************************************************************************************************************************

 Current geometry (xyz format, in Angstrom)

    2
 MP2/6-31+G  ENERGY=-1.14414085
 H          0.0000000000        0.0000000000       -0.3687604107
 H          0.0000000000        0.0000000000        0.3687604107

 **********************************************************************************************************************************
 Cartesian Coordinates are in [bohr]
 Creating new Variables:
 H1X1              0.00000000
 H1Y1              0.00000000
 H1Z1             -0.69685618
 H2X2              0.00000000
 H2Y2              0.00000000
 H2Z2              0.69685618
 Task   1   Incrementing variable H1X1  by   0.010 BOH (Skipping negative increment due to symmetry).
 Task   2   Incrementing variable H1Y1  by   0.010 BOH (Skipping negative increment due to symmetry).
 Task   3   Incrementing variable H1Z1  by   0.010 BOH
 Task   4   Incrementing variable H1Z1  by  -0.010 BOH
 Starting task   1.  CPU=     0.00 sec, Elapsed=     0.00 sec
 Incrementing variable H1X1             by  0.010000 BOH   to    0.010000 BOH


 Recomputing integrals since geometry and symmetry changed


 Using spherical harmonics

 Library entry H      S 6-31G                selected for orbital group  1

1PROGRAM * SEWARD (Integral evaluation for generally contracted gaussian basis sets)     Author: Roland Lindh, 1990

 Geometry written to block  1 of record 702


 Point group  C1  



 ATOMIC COORDINATES

 NR  ATOM    CHARGE       X              Y              Z

   1  H1      1.00    0.010000000    0.000000000   -0.696856184
   2  H2      1.00    0.000000000    0.000000000    0.696856184

 Bond lengths in Bohr (Angstrom)

 1-2  1.393748244
     ( 0.737539806)

 NUCLEAR CHARGE:                    2
 NUMBER OF PRIMITIVE AOS:           8
 NUMBER OF SYMMETRY AOS:            8
 NUMBER OF CONTRACTIONS:            4   (   4A   )
 NUMBER OF CORE ORBITALS:           0   (   0A   )
 NUMBER OF VALENCE ORBITALS:        2   (   2A   )

 SYMMETRY CHANGED: INITIALIZING OCCUPATION


 NUCLEAR REPULSION ENERGY    0.71748969


 Eigenvalues of metric

         1 0.957E-01 0.471E+00 0.592E+00 0.284E+01


 Contracted 2-electron integrals neglected if value below      1.0D-11
 AO integral compression algorithm  1   Integral accuracy      1.0D-11

     0.262 MB (compressed) written to integral file (100.0%)


 NUMBER OF SORTED TWO-ELECTRON INTEGRALS:         55.     BUFFER LENGTH:  32768
 NUMBER OF SEGMENTS:   1  SEGMENT LENGTH:         55      RECORD LENGTH: 524288

 Memory used in sort:       0.56 MW

 SORT1 READ         112. AND WROTE          55. INTEGRALS IN      1 RECORDS. CPU TIME:     0.00 SEC, REAL TIME:     0.00 SEC
 SORT2 READ          55. AND WROTE          55. INTEGRALS IN      1 RECORDS. CPU TIME:     0.00 SEC, REAL TIME:     0.00 SEC

 FILE SIZES:   FILE 1:     3.0 MBYTE,  FILE 4:     4.2 MBYTE,   TOTAL:      7.2 MBYTE

 OPERATOR DM      FOR CENTER  0  COORDINATES:    0.000000    0.000000    0.000000
1PROGRAM * RHF-SCF (CLOSED SHELL)       Authors: W. Meyer, H.-J. Werner


 NUMBER OF ELECTRONS:       1+    1-    SPACE SYMMETRY=1    SPIN SYMMETRY: Singlet 
 CONVERGENCE THRESHOLDS:    1.00E-07 (Density)    1.00E-08 (Energy)
 MAX. NUMBER OF ITERATIONS:       60
 INTERPOLATION TYPE:            DIIS
 INTERPOLATION STEPS:              2 (START)      1 (STEP)
 LEVEL SHIFTS:                  0.00 (CLOSED)  0.00 (OPEN) 



 Molecular orbitals read from record     2100.2  Type=RHF/CANONICAL (state 1.1)

 Present basis size:       4
 Previous basis size:      2   0   0   0   2
 Previous occupation:      1   0   0   0   0
 Previous closed-shells:   1   0   0   0   0
 Present occupation:       1
 Present closed-shells:    1
 Wavefunction symmetry:    1   Singlet 

 Orbital overlap <old|new>:  < 1.1| 1.1> = 0.999993

 Molecular orbital dump at record        2100.1

 ITERATION    DDIFF          GRAD             ENERGY        2-EL.EN.            DIPOLE MOMENTS         DIIS
    1      0.000D+00      0.000D+00        -1.12678628      1.302288    0.00000    0.00000   -0.00009    0
    2      0.000D+00      0.205D-04        -1.12678628      1.302290    0.00000    0.00000   -0.00001    1
    3      0.136D-04      0.177D-05        -1.12678628      1.302291    0.00000    0.00000   -0.00000    2
    4      0.185D-05      0.133D-06        -1.12678628      1.302291    0.00000    0.00000   -0.00000    3
    5      0.381D-06      0.196D-08        -1.12678628      1.302291    0.00000    0.00000   -0.00000    3
    6      0.238D-08      0.262D-09        -1.12678628      1.302291    0.00000    0.00000   -0.00000    0

 Final occupancy:   1

 !RHF STATE 1.1 Energy                 -1.126786276798
 Nuclear energy                         0.71748969
 One-electron energy                   -2.49542127
 Two-electron energy                    0.65114530
 Virial quotient                       -0.99920064
 !RHF STATE 1.1 Dipole moment           0.00000000     0.00000000    -0.00000000
 Dipole moment /Debye                   0.00000000     0.00000000    -0.00000000

 Orbital energies:

         1.1          2.1          3.1
     -0.596565     0.239130     0.773537


 **********************************************************************************************************************************
 DATASETS  * FILE   NREC   LENGTH (MB)   RECORD NAMES
              1      21        2.77       500      610      700      702      900      950      970     1001      129      960   
                                          VAR    BASINP    GEOM     GEOM    SYMINP    ZMAT    AOBASIS   BASIS     P2S    ABASIS    
                                         1100     1400     1410     1200     1210     1080     1600     1650     1300     1700   
                                           S        T        V       H0       H01     AOSYM     SMH    MOLCAS    ERIS     OPER   
                                         2100   
                                          RHF  

              2      10        0.67       700     1000     2100     4100     4101     9001      701     5500      702     1001   
                                         GEOM     BASIS     RHF     CPHF     CPHF    DEN_MP2   GEOM     HINFO    GEOM     BASIS   

 PROGRAMS   *        TOTAL        HF      OPTG       MP2        HF       INT
 CPU TIMES  *         3.69      0.08      2.76      0.19      0.04      0.08
 REAL TIME  *         5.02 SEC
 DISK USED  *         8.52 MB      
 **********************************************************************************************************************************


1PROGRAM * MP2 (Closed-shell)     Authors: C. Hampel, H.-J. Werner, 1991, M. Deegan, P.J. Knowles, 1992


 Convergence thresholds:  THRVAR = 1.00D-12  THRDEN = 1.00D-08

 Number of closed-shell orbitals:   1 (   1 )
 Number of external orbitals:       3 (   3 )

 Molecular orbitals read from record     2100.1  Type=RHF/CANONICAL (state 1.1)

 Number of N-1 electron functions:               1
 Number of N-2 electron functions:               1
 Number of singly external CSFs:                 3
 Number of doubly external CSFs:                 6
 Total number of CSFs:                          10

 Length of J-op  integral file:               0.00 MB
 Length of K-op  integral file:               0.03 MB

 Integral transformation finished. Total CPU:   0.00 sec, npass=  1  Memory used:   0.07 MW

 Memory needed for MP2:                      0.00 MW

 SCS-MP2 correlation energy:           -0.020825485605   (PS=  1.200000  PT=  0.333333)
 SCS-MP2 total energy:                 -1.147611762403


  Reference energy                     -1.126786276798
  MP2 singlet pair energy              -0.017354571337
  MP2 triplet pair energy               0.000000000000
  MP2 correlation energy               -0.017354571337

 !MP2 total energy                     -1.144140848136

 KEXT needed  1 integral passes. Memory used:   0.03 MW  CPU time:      0.00 sec


 Starting Coupled-perturbed Hartree-Fock, convergence threshold= 1.0D-06

 ITER  FOCK  DIIS      VAR         VARC       CPU
   1     0     1    0.11D-01    0.00D+00     0.00
   2     1     1    0.22D-02    0.00D+00     0.00

 DIIS MATRIX SINGULAR,   0.222D-15 DIIS RESTARTED
   3     1     1    0.45D-03    0.00D+00     0.00

 DIIS MATRIX SINGULAR,   0.000D+00 DIIS RESTARTED
   4     1     1    0.93D-04    0.00D+00     0.01

 DIIS MATRIX SINGULAR,   0.000D+00 DIIS RESTARTED
   5     1     1    0.19D-04    0.00D+00     0.01

 DIIS MATRIX SINGULAR,   0.000D+00 DIIS RESTARTED
   6     1     1    0.40D-05    0.00D+00     0.01

 DIIS MATRIX SINGULAR,  -0.222D-15 DIIS RESTARTED
   7     1     1    0.82D-06    0.00D+00     0.01

 CPHF convergence reached in  6 macroiterations and    0 microiterations.   Accuracy: 8.1880D-07

 CPHF solution written to record  4102.2

 Dipole moments (unrelaxed):            0.00000000     0.00000000    -0.00000000
 Orbital relaxation contribution:      -0.00000000    -0.00000000     0.00000000
 !MP2 dipole moments:                   0.00000000     0.00000000    -0.00000000

 CPU-time for density and lagrangian:                  0.00 sec
 CPU-time for coupled-perturbed hartree-fock:          0.01 sec

 MP2 Gradient info saved on record         5200.1


 **********************************************************************************************************************************
 DATASETS  * FILE   NREC   LENGTH (MB)   RECORD NAMES
              1      23        2.78       500      610      700      702      900      950      970     1001      129      960   
                                          VAR    BASINP    GEOM     GEOM    SYMINP    ZMAT    AOBASIS   BASIS     P2S    ABASIS    
                                         1100     1400     1410     1200     1210     1080     1600     1650     1300     1700   
                                           S        T        V       H0       H01     AOSYM     SMH    MOLCAS    ERIS     OPER   
                                         2100     1380     5200   
                                          RHF     JKOP      MP2  

              2      11        0.67       700     1000     2100     4100     4101     9001      701     5500      702     1001   
                                         GEOM     BASIS     RHF     CPHF     CPHF    DEN_MP2   GEOM     HINFO    GEOM     BASIS   
                                         4102   
                                         CPHF   

 PROGRAMS   *        TOTAL       MP2      OPTG       MP2        HF       INT
 CPU TIMES  *         3.88      0.18      2.76      0.19      0.04      0.08
 REAL TIME  *         5.28 SEC
 DISK USED  *         8.52 MB      
 **********************************************************************************************************************************
1PROGRAM * ALASKA (Gradient of the energy)     Author: R. Lindh


 MP2 Gradient info restored from record    5200.1

 Number of closed-shell orbitals:   1 (   1 )
 Number of external orbitals:       3 (   3 )

 Integral thresholds in T2TRAN:            1.0D-10 (PROD)

 Available memory for Transformation:  97990399 words
 Memory needed for incore algorithm:        127 words
 Minimum memory needed:                     111 words

 Memory used for transformation:           0.00 MW
 Available memory for gradients:          99.99 MW

 CPU for transformation:                   0.00 sec
 CPU for integrals and gradient:           0.51 sec
 Total CPU:                                0.51 sec

 Prescreening statistics:
 ========================

 Total number of shell quadruplets:        6.00D+00
 Number of shell quadruplets processed:    6.00D+00 (100.00%)

 MP2 GRADIENT FOR STATE 1.1

 Atom          dE/dx               dE/dy               dE/dz

   1         0.000000098         0.000000000        -0.000013717
   2        -0.000000098         0.000000000         0.000013717

 Nuclear force contribution to virial =         0.000019118
 Starting task   2.  CPU=     1.37 sec, Elapsed=     1.55 sec
 Incrementing variable H1Y1             by  0.010000 BOH   to    0.010000 BOH


 Recomputing integrals since geometry changed

1PROGRAM * SEWARD (Integral evaluation for generally contracted gaussian basis sets)     Author: Roland Lindh, 1990

 Geometry written to block  1 of record 702


 Point group  C1  



 ATOMIC COORDINATES

 NR  ATOM    CHARGE       X              Y              Z

   1  H1      1.00    0.000000000    0.010000000   -0.696856184
   2  H2      1.00    0.000000000    0.000000000    0.696856184

 Bond lengths in Bohr (Angstrom)

 1-2  1.393748244
     ( 0.737539806)

 NUCLEAR CHARGE:                    2
 NUMBER OF PRIMITIVE AOS:           8
 NUMBER OF SYMMETRY AOS:            8
 NUMBER OF CONTRACTIONS:            4   (   4A   )
 NUMBER OF CORE ORBITALS:           0   (   0A   )
 NUMBER OF VALENCE ORBITALS:        2   (   2A   )


 NUCLEAR REPULSION ENERGY    0.71748969


 Eigenvalues of metric

         1 0.957E-01 0.471E+00 0.592E+00 0.284E+01


 Contracted 2-electron integrals neglected if value below      1.0D-11
 AO integral compression algorithm  1   Integral accuracy      1.0D-11

     0.262 MB (compressed) written to integral file (100.0%)


 NUMBER OF SORTED TWO-ELECTRON INTEGRALS:         55.     BUFFER LENGTH:  32768
 NUMBER OF SEGMENTS:   1  SEGMENT LENGTH:         55      RECORD LENGTH: 524288

 Memory used in sort:       0.56 MW

 SORT1 READ         112. AND WROTE          55. INTEGRALS IN      1 RECORDS. CPU TIME:     0.00 SEC, REAL TIME:     0.00 SEC
 SORT2 READ          55. AND WROTE          55. INTEGRALS IN      1 RECORDS. CPU TIME:     0.00 SEC, REAL TIME:     0.00 SEC

 FILE SIZES:   FILE 1:     3.0 MBYTE,  FILE 4:     4.2 MBYTE,   TOTAL:      7.2 MBYTE

 OPERATOR DM      FOR CENTER  0  COORDINATES:    0.000000    0.000000    0.000000
1PROGRAM * RHF-SCF (CLOSED SHELL)       Authors: W. Meyer, H.-J. Werner


 NUMBER OF ELECTRONS:       1+    1-    SPACE SYMMETRY=1    SPIN SYMMETRY: Singlet 
 CONVERGENCE THRESHOLDS:    1.00E-07 (Density)    1.00E-08 (Energy)
 MAX. NUMBER OF ITERATIONS:       60
 INTERPOLATION TYPE:            DIIS
 INTERPOLATION STEPS:              2 (START)      1 (STEP)
 LEVEL SHIFTS:                  0.00 (CLOSED)  0.00 (OPEN) 

 Number of closed-shell orbitals:    1 (   1 )


 Molecular orbitals read from record     2100.2  Type=RHF/CANONICAL (state 1.1)

 Present basis size:       4
 Previous basis size:      2   0   0   0   2
 Previous occupation:      1   0   0   0   0
 Previous closed-shells:   1   0   0   0   0
 Present occupation:       1
 Present closed-shells:    1
 Wavefunction symmetry:    1   Singlet 

 Orbital overlap <old|new>:  < 1.1| 1.1> = 0.999993

 Molecular orbital dump at record        2100.1

 ITERATION    DDIFF          GRAD             ENERGY        2-EL.EN.            DIPOLE MOMENTS         DIIS
    1      0.000D+00      0.000D+00        -1.12678628      1.302288    0.00000    0.00000   -0.00009    0
    2      0.000D+00      0.205D-04        -1.12678628      1.302290    0.00000    0.00000   -0.00001    1
    3      0.136D-04      0.177D-05        -1.12678628      1.302291    0.00000    0.00000   -0.00000    2
    4      0.185D-05      0.133D-06        -1.12678628      1.302291    0.00000    0.00000   -0.00000    3
    5      0.381D-06      0.196D-08        -1.12678628      1.302291    0.00000    0.00000   -0.00000    3
    6      0.238D-08      0.262D-09        -1.12678628      1.302291    0.00000    0.00000   -0.00000    0

 Final occupancy:   1

 !RHF STATE 1.1 Energy                 -1.126786276798
 Nuclear energy                         0.71748969
 One-electron energy                   -2.49542127
 Two-electron energy                    0.65114530
 Virial quotient                       -0.99920064
 !RHF STATE 1.1 Dipole moment           0.00000000     0.00000000    -0.00000000
 Dipole moment /Debye                   0.00000000     0.00000000    -0.00000000

 Orbital energies:

         1.1          2.1          3.1
     -0.596565     0.239130     0.773537


 **********************************************************************************************************************************
 DATASETS  * FILE   NREC   LENGTH (MB)   RECORD NAMES
              1      21        2.77       500      610      700      702      900      950      970     1001      129      960   
                                          VAR    BASINP    GEOM     GEOM    SYMINP    ZMAT    AOBASIS   BASIS     P2S    ABASIS    
                                         1100     1400     1410     1200     1210     1080     1600     1650     1300     1700   
                                           S        T        V       H0       H01     AOSYM     SMH    MOLCAS    ERIS     OPER   
                                         2100   
                                          RHF  

              2      12        0.67       700     1000     2100     4100     4101     9001      701     5500      702     1001   
                                         GEOM     BASIS     RHF     CPHF     CPHF    DEN_MP2   GEOM     HINFO    GEOM     BASIS   
                                         4102     9001(1)
                                         CPHF    DEN_MP2    

 PROGRAMS   *        TOTAL        HF      OPTG       MP2        HF       INT
 CPU TIMES  *         5.02      0.07      2.76      0.19      0.04      0.08
 REAL TIME  *         6.51 SEC
 DISK USED  *         8.52 MB      
 **********************************************************************************************************************************


1PROGRAM * MP2 (Closed-shell)     Authors: C. Hampel, H.-J. Werner, 1991, M. Deegan, P.J. Knowles, 1992


 Convergence thresholds:  THRVAR = 1.00D-12  THRDEN = 1.00D-08

 Number of closed-shell orbitals:   1 (   1 )
 Number of external orbitals:       3 (   3 )

 Molecular orbitals read from record     2100.1  Type=RHF/CANONICAL (state 1.1)

 Number of N-1 electron functions:               1
 Number of N-2 electron functions:               1
 Number of singly external CSFs:                 3
 Number of doubly external CSFs:                 6
 Total number of CSFs:                          10

 Length of J-op  integral file:               0.00 MB
 Length of K-op  integral file:               0.03 MB

 Integral transformation finished. Total CPU:   0.00 sec, npass=  1  Memory used:   0.07 MW

 Memory needed for MP2:                      0.00 MW

 SCS-MP2 correlation energy:           -0.020825485605   (PS=  1.200000  PT=  0.333333)
 SCS-MP2 total energy:                 -1.147611762403


  Reference energy                     -1.126786276798
  MP2 singlet pair energy              -0.017354571337
  MP2 triplet pair energy               0.000000000000
  MP2 correlation energy               -0.017354571337

 !MP2 total energy                     -1.144140848136

 KEXT needed  1 integral passes. Memory used:   0.03 MW  CPU time:      0.00 sec


 CPHF trial vector read from record  4102.2

 Starting Coupled-perturbed Hartree-Fock, convergence threshold= 1.0D-06

 ITER  FOCK  DIIS      VAR         VARC       CPU
   2     1     1    0.17D-06    0.00D+00     0.00

 CPHF convergence reached in  1 macroiterations and    0 microiterations.   Accuracy: 1.6917D-07

 Dipole moments (unrelaxed):            0.00000000     0.00000000    -0.00000000
 Orbital relaxation contribution:      -0.00000000    -0.00000000     0.00000000
 !MP2 dipole moments:                   0.00000000     0.00000000    -0.00000000

 CPU-time for density and lagrangian:                  0.00 sec
 CPU-time for coupled-perturbed hartree-fock:          0.00 sec

 MP2 Gradient info saved on record         5200.1


 **********************************************************************************************************************************
 DATASETS  * FILE   NREC   LENGTH (MB)   RECORD NAMES
              1      23        2.78       500      610      700      702      900      950      970     1001      129      960   
                                          VAR    BASINP    GEOM     GEOM    SYMINP    ZMAT    AOBASIS   BASIS     P2S    ABASIS    
                                         1100     1400     1410     1200     1210     1080     1600     1650     1300     1700   
                                           S        T        V       H0       H01     AOSYM     SMH    MOLCAS    ERIS     OPER   
                                         2100     1380     5200   
                                          RHF     JKOP      MP2  

              2      12        0.67       700     1000     2100     4100     4101     9001      701     5500      702     1001   
                                         GEOM     BASIS     RHF     CPHF     CPHF    DEN_MP2   GEOM     HINFO    GEOM     BASIS   
                                         4102     9001(1)
                                         CPHF    DEN_MP2    

 PROGRAMS   *        TOTAL       MP2      OPTG       MP2        HF       INT
 CPU TIMES  *         5.23      0.20      2.76      0.19      0.04      0.08
 REAL TIME  *         6.85 SEC
 DISK USED  *         8.52 MB      
 **********************************************************************************************************************************
1PROGRAM * ALASKA (Gradient of the energy)     Author: R. Lindh


 MP2 Gradient info restored from record    5200.1

 Number of closed-shell orbitals:   1 (   1 )
 Number of external orbitals:       3 (   3 )

 Integral thresholds in T2TRAN:            1.0D-10 (PROD)

 Available memory for Transformation:  97990399 words
 Memory needed for incore algorithm:        127 words
 Minimum memory needed:                     111 words

 Memory used for transformation:           0.00 MW
 Available memory for gradients:          99.99 MW

 CPU for transformation:                   0.00 sec
 CPU for integrals and gradient:           0.53 sec
 Total CPU:                                0.53 sec

 Prescreening statistics:
 ========================

 Total number of shell quadruplets:        6.00D+00
 Number of shell quadruplets processed:    6.00D+00 (100.00%)

 MP2 GRADIENT FOR STATE 1.1

 Atom          dE/dx               dE/dy               dE/dz

   1         0.000000000         0.000000099        -0.000013769
   2         0.000000000        -0.000000099         0.000013769

 Nuclear force contribution to virial =         0.000019190
 Starting task   3.  CPU=     2.76 sec, Elapsed=     3.18 sec
 Incrementing variable H1Z1             by  0.010000 BOH   to   -0.686856 BOH


 Recomputing integrals since geometry changed

1PROGRAM * SEWARD (Integral evaluation for generally contracted gaussian basis sets)     Author: Roland Lindh, 1990

 Geometry written to block  1 of record 702


 Point group  C1  



 ATOMIC COORDINATES

 NR  ATOM    CHARGE       X              Y              Z

   1  H1      1.00    0.000000000    0.000000000   -0.686856184
   2  H2      1.00    0.000000000    0.000000000    0.696856184

 Bond lengths in Bohr (Angstrom)

 1-2  1.383712369
     ( 0.732229049)

 NUCLEAR CHARGE:                    2
 NUMBER OF PRIMITIVE AOS:           8
 NUMBER OF SYMMETRY AOS:            8
 NUMBER OF CONTRACTIONS:            4   (   4A   )
 NUMBER OF CORE ORBITALS:           0   (   0A   )
 NUMBER OF VALENCE ORBITALS:        2   (   2A   )


 NUCLEAR REPULSION ENERGY    0.72269355


 Eigenvalues of metric

         1 0.946E-01 0.473E+00 0.586E+00 0.285E+01


 Contracted 2-electron integrals neglected if value below      1.0D-11
 AO integral compression algorithm  1   Integral accuracy      1.0D-11

     0.262 MB (compressed) written to integral file (100.0%)


 NUMBER OF SORTED TWO-ELECTRON INTEGRALS:         55.     BUFFER LENGTH:  32768
 NUMBER OF SEGMENTS:   1  SEGMENT LENGTH:         55      RECORD LENGTH: 524288

 Memory used in sort:       0.56 MW

 SORT1 READ         112. AND WROTE          55. INTEGRALS IN      1 RECORDS. CPU TIME:     0.00 SEC, REAL TIME:     0.00 SEC
 SORT2 READ          55. AND WROTE          55. INTEGRALS IN      1 RECORDS. CPU TIME:     0.00 SEC, REAL TIME:     0.01 SEC

 FILE SIZES:   FILE 1:     3.0 MBYTE,  FILE 4:     4.2 MBYTE,   TOTAL:      7.2 MBYTE

 OPERATOR DM      FOR CENTER  0  COORDINATES:    0.000000    0.000000    0.000000
1PROGRAM * RHF-SCF (CLOSED SHELL)       Authors: W. Meyer, H.-J. Werner


 NUMBER OF ELECTRONS:       1+    1-    SPACE SYMMETRY=1    SPIN SYMMETRY: Singlet 
 CONVERGENCE THRESHOLDS:    1.00E-07 (Density)    1.00E-08 (Energy)
 MAX. NUMBER OF ITERATIONS:       60
 INTERPOLATION TYPE:            DIIS
 INTERPOLATION STEPS:              2 (START)      1 (STEP)
 LEVEL SHIFTS:                  0.00 (CLOSED)  0.00 (OPEN) 

 Number of closed-shell orbitals:    1 (   1 )


 Molecular orbitals read from record     2100.2  Type=RHF/CANONICAL (state 1.1)

 Present basis size:       4
 Previous basis size:      2   0   0   0   2
 Previous occupation:      1   0   0   0   0
 Previous closed-shells:   1   0   0   0   0
 Present occupation:       1
 Present closed-shells:    1
 Wavefunction symmetry:    1   Singlet 

 Orbital overlap <old|new>:  < 1.1| 1.1> = 0.999996

 Molecular orbital dump at record        2100.1

 ITERATION    DDIFF          GRAD             ENERGY        2-EL.EN.            DIPOLE MOMENTS         DIIS
    1      0.000D+00      0.000D+00        -1.12680199      1.303111    0.00000    0.00000    0.00959    0
    2      0.000D+00      0.222D-02        -1.12682354      1.305812    0.00000    0.00000    0.00172    1
    3      0.202D-02      0.312D-03        -1.12682405      1.306272    0.00000    0.00000    0.00020    2
    4      0.461D-03      0.309D-04        -1.12682406      1.306286    0.00000    0.00000    0.00002    3
    5      0.740D-04      0.219D-05        -1.12682406      1.306284    0.00000    0.00000    0.00000    4
    6      0.615D-05      0.187D-08        -1.12682406      1.306284    0.00000    0.00000   -0.00000    4
    7      0.441D-08      0.181D-13        -1.12682406      1.306284    0.00000    0.00000   -0.00000    0

 Final occupancy:   1

 !RHF STATE 1.1 Energy                 -1.126824058736
 Nuclear energy                         0.72269355
 One-electron energy                   -2.50265985
 Two-electron energy                    0.65314224
 Virial quotient                       -0.99452943
 !RHF STATE 1.1 Dipole moment           0.00000000     0.00000000    -0.00000000
 Dipole moment /Debye                   0.00000000     0.00000000    -0.00000000

 Orbital energies:

         1.1          2.1          3.1
     -0.598188     0.240548     0.770983


 **********************************************************************************************************************************
 DATASETS  * FILE   NREC   LENGTH (MB)   RECORD NAMES
              1      21        2.77       500      610      700      702      900      950      970     1001      129      960   
                                          VAR    BASINP    GEOM     GEOM    SYMINP    ZMAT    AOBASIS   BASIS     P2S    ABASIS    
                                         1100     1400     1410     1200     1210     1080     1600     1650     1300     1700   
                                           S        T        V       H0       H01     AOSYM     SMH    MOLCAS    ERIS     OPER   
                                         2100   
                                          RHF  

              2      12        0.67       700     1000     2100     4100     4101     9001      701     5500      702     1001   
                                         GEOM     BASIS     RHF     CPHF     CPHF    DEN_MP2   GEOM     HINFO    GEOM     BASIS   
                                         4102     9001(1)
                                         CPHF    DEN_MP2    

 PROGRAMS   *        TOTAL        HF      OPTG       MP2        HF       INT
 CPU TIMES  *         6.38      0.07      2.76      0.19      0.04      0.08
 REAL TIME  *         8.13 SEC
 DISK USED  *         8.52 MB      
 **********************************************************************************************************************************


1PROGRAM * MP2 (Closed-shell)     Authors: C. Hampel, H.-J. Werner, 1991, M. Deegan, P.J. Knowles, 1992


 Convergence thresholds:  THRVAR = 1.00D-12  THRDEN = 1.00D-08

 Number of closed-shell orbitals:   1 (   1 )
 Number of external orbitals:       3 (   3 )

 Molecular orbitals read from record     2100.1  Type=RHF/CANONICAL (state 1.1)

 Number of N-1 electron functions:               1
 Number of N-2 electron functions:               1
 Number of singly external CSFs:                 3
 Number of doubly external CSFs:                 6
 Total number of CSFs:                          10

 Length of J-op  integral file:               0.00 MB
 Length of K-op  integral file:               0.03 MB

 Integral transformation finished. Total CPU:   0.00 sec, npass=  1  Memory used:   0.07 MW

 Memory needed for MP2:                      0.00 MW

 SCS-MP2 correlation energy:           -0.020756353396   (PS=  1.200000  PT=  0.333333)
 SCS-MP2 total energy:                 -1.147580412132


  Reference energy                     -1.126824058736
  MP2 singlet pair energy              -0.017296961163
  MP2 triplet pair energy               0.000000000000
  MP2 correlation energy               -0.017296961163

 !MP2 total energy                     -1.144121019899

 KEXT needed  1 integral passes. Memory used:   0.03 MW  CPU time:      0.00 sec


 CPHF trial vector read from record  4102.2

 Starting Coupled-perturbed Hartree-Fock, convergence threshold= 1.0D-06

 ITER  FOCK  DIIS      VAR         VARC       CPU
   2     1     1    0.24D-03    0.00D+00     0.00

 DIIS MATRIX SINGULAR,  -0.222D-15 DIIS RESTARTED
   3     1     1    0.50D-04    0.00D+00     0.00

 DIIS MATRIX SINGULAR,   0.000D+00 DIIS RESTARTED
   4     1     1    0.10D-04    0.00D+00     0.00

 DIIS MATRIX SINGULAR,  -0.111D-15 DIIS RESTARTED
   5     1     1    0.21D-05    0.00D+00     0.00

 DIIS MATRIX SINGULAR,  -0.111D-15 DIIS RESTARTED
   6     1     1    0.44D-06    0.00D+00     0.00

 CPHF convergence reached in  5 macroiterations and    0 microiterations.   Accuracy: 4.4170D-07

 Dipole moments (unrelaxed):            0.00000000     0.00000000    -0.00000000
 Orbital relaxation contribution:      -0.00000000    -0.00000000    -0.00000000
 !MP2 dipole moments:                   0.00000000     0.00000000    -0.00000000

 CPU-time for density and lagrangian:                  0.00 sec
 CPU-time for coupled-perturbed hartree-fock:          0.00 sec

 MP2 Gradient info saved on record         5200.1


 **********************************************************************************************************************************
 DATASETS  * FILE   NREC   LENGTH (MB)   RECORD NAMES
              1      23        2.78       500      610      700      702      900      950      970     1001      129      960   
                                          VAR    BASINP    GEOM     GEOM    SYMINP    ZMAT    AOBASIS   BASIS     P2S    ABASIS    
                                         1100     1400     1410     1200     1210     1080     1600     1650     1300     1700   
                                           S        T        V       H0       H01     AOSYM     SMH    MOLCAS    ERIS     OPER   
                                         2100     1380     5200   
                                          RHF     JKOP      MP2  

              2      12        0.67       700     1000     2100     4100     4101     9001      701     5500      702     1001   
                                         GEOM     BASIS     RHF     CPHF     CPHF    DEN_MP2   GEOM     HINFO    GEOM     BASIS   
                                         4102     9001(1)
                                         CPHF    DEN_MP2    

 PROGRAMS   *        TOTAL       MP2      OPTG       MP2        HF       INT
 CPU TIMES  *         6.57      0.18      2.76      0.19      0.04      0.08
 REAL TIME  *         8.44 SEC
 DISK USED  *         8.52 MB      
 **********************************************************************************************************************************
1PROGRAM * ALASKA (Gradient of the energy)     Author: R. Lindh


 MP2 Gradient info restored from record    5200.1

 Number of closed-shell orbitals:   1 (   1 )
 Number of external orbitals:       3 (   3 )

 Integral thresholds in T2TRAN:            1.0D-10 (PROD)

 Available memory for Transformation:  97990399 words
 Memory needed for incore algorithm:        127 words
 Minimum memory needed:                     111 words

 Memory used for transformation:           0.00 MW
 Available memory for gradients:          99.99 MW

 CPU for transformation:                   0.00 sec
 CPU for integrals and gradient:           0.50 sec
 Total CPU:                                0.50 sec

 Prescreening statistics:
 ========================

 Total number of shell quadruplets:        6.00D+00
 Number of shell quadruplets processed:    6.00D+00 (100.00%)

 MP2 GRADIENT FOR STATE 1.1

 Atom          dE/dx               dE/dy               dE/dz

   1         0.000000000         0.000000000         0.003988401
   2         0.000000000         0.000000000        -0.003988401

 Nuclear force contribution to virial =        -0.005518799
 Starting task   4.  CPU=     4.11 sec, Elapsed=     4.70 sec
 Incrementing variable H1Z1             by -0.010000 BOH   to   -0.706856 BOH


 Recomputing integrals since geometry changed

1PROGRAM * SEWARD (Integral evaluation for generally contracted gaussian basis sets)     Author: Roland Lindh, 1990

 Geometry written to block  1 of record 702


 Point group  C1  



 ATOMIC COORDINATES

 NR  ATOM    CHARGE       X              Y              Z

   1  H1      1.00    0.000000000    0.000000000   -0.706856184
   2  H2      1.00    0.000000000    0.000000000    0.696856184

 Bond lengths in Bohr (Angstrom)

 1-2  1.403712369
     ( 0.742812594)

 NUCLEAR CHARGE:                    2
 NUMBER OF PRIMITIVE AOS:           8
 NUMBER OF SYMMETRY AOS:            8
 NUMBER OF CONTRACTIONS:            4   (   4A   )
 NUMBER OF CORE ORBITALS:           0   (   0A   )
 NUMBER OF VALENCE ORBITALS:        2   (   2A   )


 NUCLEAR REPULSION ENERGY    0.71239666


 Eigenvalues of metric

         1 0.968E-01 0.470E+00 0.597E+00 0.284E+01


 Contracted 2-electron integrals neglected if value below      1.0D-11
 AO integral compression algorithm  1   Integral accuracy      1.0D-11

     0.262 MB (compressed) written to integral file (100.0%)


 NUMBER OF SORTED TWO-ELECTRON INTEGRALS:         55.     BUFFER LENGTH:  32768
 NUMBER OF SEGMENTS:   1  SEGMENT LENGTH:         55      RECORD LENGTH: 524288

 Memory used in sort:       0.56 MW

 SORT1 READ         112. AND WROTE          55. INTEGRALS IN      1 RECORDS. CPU TIME:     0.00 SEC, REAL TIME:     0.00 SEC
 SORT2 READ          55. AND WROTE          55. INTEGRALS IN      1 RECORDS. CPU TIME:     0.00 SEC, REAL TIME:     0.01 SEC

 FILE SIZES:   FILE 1:     3.0 MBYTE,  FILE 4:     4.2 MBYTE,   TOTAL:      7.2 MBYTE

 OPERATOR DM      FOR CENTER  0  COORDINATES:    0.000000    0.000000    0.000000
1PROGRAM * RHF-SCF (CLOSED SHELL)       Authors: W. Meyer, H.-J. Werner


 NUMBER OF ELECTRONS:       1+    1-    SPACE SYMMETRY=1    SPIN SYMMETRY: Singlet 
 CONVERGENCE THRESHOLDS:    1.00E-07 (Density)    1.00E-08 (Energy)
 MAX. NUMBER OF ITERATIONS:       60
 INTERPOLATION TYPE:            DIIS
 INTERPOLATION STEPS:              2 (START)      1 (STEP)
 LEVEL SHIFTS:                  0.00 (CLOSED)  0.00 (OPEN) 

 Number of closed-shell orbitals:    1 (   1 )


 Molecular orbitals read from record     2100.2  Type=RHF/CANONICAL (state 1.1)

 Present basis size:       4
 Previous basis size:      2   0   0   0   2
 Previous occupation:      1   0   0   0   0
 Previous closed-shells:   1   0   0   0   0
 Present occupation:       1
 Present closed-shells:    1
 Wavefunction symmetry:    1   Singlet 

 Orbital overlap <old|new>:  < 1.1| 1.1> = 0.999996

 Molecular orbital dump at record        2100.1

 ITERATION    DDIFF          GRAD             ENERGY        2-EL.EN.            DIPOLE MOMENTS         DIIS
    1      0.000D+00      0.000D+00        -1.12668796      1.301472    0.00000    0.00000   -0.00964    0
    2      0.000D+00      0.220D-02        -1.12670920      1.298817    0.00000    0.00000   -0.00171    1
    3      0.200D-02      0.308D-03        -1.12670971      1.298367    0.00000    0.00000   -0.00020    2
    4      0.452D-03      0.306D-04        -1.12670971      1.298352    0.00000    0.00000   -0.00002    3
    5      0.724D-04      0.221D-05        -1.12670971      1.298353    0.00000    0.00000    0.00000    4
    6      0.620D-05      0.181D-08        -1.12670971      1.298353    0.00000    0.00000    0.00000    4
    7      0.404D-08      0.260D-13        -1.12670971      1.298353    0.00000    0.00000    0.00000    0

 Final occupancy:   1

 !RHF STATE 1.1 Energy                 -1.126709710165
 Nuclear energy                         0.71239666
 One-electron energy                   -2.48828304
 Two-electron energy                    0.64917667
 Virial quotient                       -1.00379789
 !RHF STATE 1.1 Dipole moment           0.00000000     0.00000000     0.00000000
 Dipole moment /Debye                   0.00000000     0.00000000     0.00000000

 Orbital energies:

         1.1          2.1          3.1
     -0.594965     0.237720     0.776081


 **********************************************************************************************************************************
 DATASETS  * FILE   NREC   LENGTH (MB)   RECORD NAMES
              1      21        2.77       500      610      700      702      900      950      970     1001      129      960   
                                          VAR    BASINP    GEOM     GEOM    SYMINP    ZMAT    AOBASIS   BASIS     P2S    ABASIS    
                                         1100     1400     1410     1200     1210     1080     1600     1650     1300     1700   
                                           S        T        V       H0       H01     AOSYM     SMH    MOLCAS    ERIS     OPER   
                                         2100   
                                          RHF  

              2      12        0.67       700     1000     2100     4100     4101     9001      701     5500      702     1001   
                                         GEOM     BASIS     RHF     CPHF     CPHF    DEN_MP2   GEOM     HINFO    GEOM     BASIS   
                                         4102     9001(1)
                                         CPHF    DEN_MP2    

 PROGRAMS   *        TOTAL        HF      OPTG       MP2        HF       INT
 CPU TIMES  *         7.71      0.08      2.76      0.19      0.04      0.08
 REAL TIME  *         9.66 SEC
 DISK USED  *         8.52 MB      
 **********************************************************************************************************************************


1PROGRAM * MP2 (Closed-shell)     Authors: C. Hampel, H.-J. Werner, 1991, M. Deegan, P.J. Knowles, 1992


 Convergence thresholds:  THRVAR = 1.00D-12  THRDEN = 1.00D-08

 Number of closed-shell orbitals:   1 (   1 )
 Number of external orbitals:       3 (   3 )

 Molecular orbitals read from record     2100.1  Type=RHF/CANONICAL (state 1.1)

 Number of N-1 electron functions:               1
 Number of N-2 electron functions:               1
 Number of singly external CSFs:                 3
 Number of doubly external CSFs:                 6
 Total number of CSFs:                          10

 Length of J-op  integral file:               0.00 MB
 Length of K-op  integral file:               0.03 MB

 Integral transformation finished. Total CPU:   0.00 sec, npass=  1  Memory used:   0.07 MW

 Memory needed for MP2:                      0.00 MW

 SCS-MP2 correlation energy:           -0.020894121662   (PS=  1.200000  PT=  0.333333)
 SCS-MP2 total energy:                 -1.147603831827


  Reference energy                     -1.126709710165
  MP2 singlet pair energy              -0.017411768052
  MP2 triplet pair energy               0.000000000000
  MP2 correlation energy               -0.017411768052

 !MP2 total energy                     -1.144121478216

 KEXT needed  1 integral passes. Memory used:   0.03 MW  CPU time:      0.00 sec


 CPHF trial vector read from record  4102.2

 Starting Coupled-perturbed Hartree-Fock, convergence threshold= 1.0D-06

 ITER  FOCK  DIIS      VAR         VARC       CPU
   2     1     1    0.24D-03    0.00D+00     0.00

 DIIS MATRIX SINGULAR,   0.111D-15 DIIS RESTARTED
   3     1     1    0.50D-04    0.00D+00     0.00

 DIIS MATRIX SINGULAR,  -0.111D-15 DIIS RESTARTED
   4     1     1    0.10D-04    0.00D+00     0.00

 DIIS MATRIX SINGULAR,   0.111D-15 DIIS RESTARTED
   5     1     1    0.21D-05    0.00D+00     0.00

 DIIS MATRIX SINGULAR,   0.000D+00 DIIS RESTARTED
   6     1     1    0.44D-06    0.00D+00     0.00

 CPHF convergence reached in  5 macroiterations and    0 microiterations.   Accuracy: 4.4026D-07

 Dipole moments (unrelaxed):            0.00000000     0.00000000     0.00000000
 Orbital relaxation contribution:      -0.00000000    -0.00000000    -0.00000000
 !MP2 dipole moments:                   0.00000000     0.00000000     0.00000000

 CPU-time for density and lagrangian:                  0.00 sec
 CPU-time for coupled-perturbed hartree-fock:          0.00 sec

 MP2 Gradient info saved on record         5200.1


 **********************************************************************************************************************************
 DATASETS  * FILE   NREC   LENGTH (MB)   RECORD NAMES
              1      23        2.78       500      610      700      702      900      950      970     1001      129      960   
                                          VAR    BASINP    GEOM     GEOM    SYMINP    ZMAT    AOBASIS   BASIS     P2S    ABASIS    
                                         1100     1400     1410     1200     1210     1080     1600     1650     1300     1700   
                                           S        T        V       H0       H01     AOSYM     SMH    MOLCAS    ERIS     OPER   
                                         2100     1380     5200   
                                          RHF     JKOP      MP2  

              2      12        0.67       700     1000     2100     4100     4101     9001      701     5500      702     1001   
                                         GEOM     BASIS     RHF     CPHF     CPHF    DEN_MP2   GEOM     HINFO    GEOM     BASIS   
                                         4102     9001(1)
                                         CPHF    DEN_MP2    

 PROGRAMS   *        TOTAL       MP2      OPTG       MP2        HF       INT
 CPU TIMES  *         7.91      0.19      2.76      0.19      0.04      0.08
 REAL TIME  *         9.97 SEC
 DISK USED  *         8.52 MB      
 **********************************************************************************************************************************
1PROGRAM * ALASKA (Gradient of the energy)     Author: R. Lindh


 MP2 Gradient info restored from record    5200.1

 Number of closed-shell orbitals:   1 (   1 )
 Number of external orbitals:       3 (   3 )

 Integral thresholds in T2TRAN:            1.0D-10 (PROD)

 Available memory for Transformation:  97990399 words
 Memory needed for incore algorithm:        127 words
 Minimum memory needed:                     111 words

 Memory used for transformation:           0.00 MW
 Available memory for gradients:          99.99 MW

 CPU for transformation:                   0.00 sec
 CPU for integrals and gradient:           0.51 sec
 Total CPU:                                0.51 sec

 Prescreening statistics:
 ========================

 Total number of shell quadruplets:        6.00D+00
 Number of shell quadruplets processed:    6.00D+00 (100.00%)

 MP2 GRADIENT FOR STATE 1.1

 Atom          dE/dx               dE/dy               dE/dz

   1         0.000000000         0.000000000        -0.003852012
   2         0.000000000         0.000000000         0.003852012

 Nuclear force contribution to virial =         0.005407117

 Numerical MP2 hessian completed. CPU-time:     5.46 sec, Elapsed:     6.23 sec

 Recomputing wavefunction at initial geometry


 Recomputing integrals since geometry and symmetry changed


 Using spherical harmonics

 Library entry H      S 6-31G                selected for orbital group  1

1PROGRAM * SEWARD (Integral evaluation for generally contracted gaussian basis sets)     Author: Roland Lindh, 1990

 Geometry written to block  1 of record 700

 Orientation using atomic masses  
 Molecule type: Linear
 Symmetry elements: X,Y,Z
 Rotational constants:    1843.5882429   1843.5882429      0.0000000 GHz  (calculated with average atomic masses)

 Point group  D2h 



 ATOMIC COORDINATES

 NR  ATOM    CHARGE       X              Y              Z

   1  H1      1.00    0.000000000    0.000000000   -0.696856184
   2  H2      1.00    0.000000000    0.000000000    0.696856184

 Bond lengths in Bohr (Angstrom)

 1-2  1.393712369
     ( 0.737520821)

 NUCLEAR CHARGE:                    2
 NUMBER OF PRIMITIVE AOS:           8
 NUMBER OF SYMMETRY AOS:            8
 NUMBER OF CONTRACTIONS:            4   (   2Ag  +   0B3u +   0B2u +   0B1g +   2B1u +   0B2g +   0B3g +   0Au  )
 NUMBER OF CORE ORBITALS:           0   (   0Ag  +   0B3u +   0B2u +   0B1g +   0B1u +   0B2g +   0B3g +   0Au  )
 NUMBER OF VALENCE ORBITALS:        2   (   1Ag  +   0B3u +   0B2u +   0B1g +   1B1u +   0B2g +   0B3g +   0Au  )

 SYMMETRY CHANGED: INITIALIZING OCCUPATION


 NUCLEAR REPULSION ENERGY    0.71750816


 Eigenvalues of metric

         1 0.471E+00 0.284E+01
         5 0.957E-01 0.592E+00


 Contracted 2-electron integrals neglected if value below      1.0D-11
 AO integral compression algorithm  1   Integral accuracy      1.0D-11

     0.262 MB (compressed) written to integral file (100.0%)


 NUMBER OF SORTED TWO-ELECTRON INTEGRALS:         39.     BUFFER LENGTH:  32768
 NUMBER OF SEGMENTS:   1  SEGMENT LENGTH:         39      RECORD LENGTH: 524288

 Memory used in sort:       0.56 MW

 SORT1 READ         128. AND WROTE          39. INTEGRALS IN      1 RECORDS. CPU TIME:     0.00 SEC, REAL TIME:     0.01 SEC
 SORT2 READ          39. AND WROTE          39. INTEGRALS IN      1 RECORDS. CPU TIME:     0.00 SEC, REAL TIME:     0.00 SEC

 FILE SIZES:   FILE 1:     2.8 MBYTE,  FILE 4:     4.2 MBYTE,   TOTAL:      7.0 MBYTE

 OPERATOR DM      FOR CENTER  0  COORDINATES:    0.000000    0.000000    0.000000
1PROGRAM * RHF-SCF (CLOSED SHELL)       Authors: W. Meyer, H.-J. Werner


 NUMBER OF ELECTRONS:       1+    1-
 CONVERGENCE THRESHOLDS:    1.00E-07 (Density)    1.00E-08 (Energy)
 MAX. NUMBER OF ITERATIONS:       60
 INTERPOLATION TYPE:            DIIS
 INTERPOLATION STEPS:              2 (START)      1 (STEP)
 LEVEL SHIFTS:                  0.00 (CLOSED)  0.00 (OPEN) 



 Molecular orbitals read from record     2100.2  Type=RHF/CANONICAL (state 1.1)

 Molecular orbital dump at record        2100.2

 ITERATION    DDIFF          GRAD             ENERGY        2-EL.EN.            DIPOLE MOMENTS         DIIS
    1      0.000D+00      0.000D+00        -1.12678648      1.302305    0.00000    0.00000    0.00000    0
    2      0.000D+00      0.222D-15        -1.12678648      1.302305    0.00000    0.00000    0.00000    0

 Final occupancy:   1   0   0   0   0

 !RHF STATE 1.1 Energy                 -1.126786482969
 Nuclear energy                         0.71750816
 One-electron energy                   -2.49544705
 Two-electron energy                    0.65115241
 Virial quotient                       -0.99918401
 !RHF STATE 1.1 Dipole moment           0.00000000     0.00000000     0.00000000
 Dipole moment /Debye                   0.00000000     0.00000000     0.00000000

 Orbital energies:

         1.1          2.1
     -0.596571     0.773528

         1.5          2.5
      0.239135     1.407699


 **********************************************************************************************************************************
 DATASETS  * FILE   NREC   LENGTH (MB)   RECORD NAMES
              1      19        2.53       500      610      700      900      950      970     1000      129      960     1100   
                                          VAR    BASINP    GEOM    SYMINP    ZMAT    AOBASIS   BASIS     P2S    ABASIS      S 
                                         1400     1410     1200     1210     1080     1600     1650     1300     1700   
                                           T        V       H0       H01     AOSYM     SMH    MOLCAS    ERIS     OPER   

              2       9        0.27       700     1000     2100     4100     4101     9001     5300     5400     5450   
                                         GEOM     BASIS     RHF     CPHF     CPHF    DEN_MP2   HESS     FREQ     NMOD   

 PROGRAMS   *        TOTAL        HF      OPTG       MP2        HF       INT
 CPU TIMES  *         9.04      0.06      2.76      0.19      0.04      0.08
 REAL TIME  *        11.21 SEC
 DISK USED  *         8.52 MB      
 **********************************************************************************************************************************


1PROGRAM * MP2 (Closed-shell)     Authors: C. Hampel, H.-J. Werner, 1991, M. Deegan, P.J. Knowles, 1992


 Convergence thresholds:  THRVAR = 1.00D-12  THRDEN = 1.00D-08

 Number of closed-shell orbitals:   1 (   1   0   0   0   0 )
 Number of external orbitals:       3 (   1   0   0   0   2 )

 Molecular orbitals read from record     2100.2  Type=RHF/CANONICAL (state 1.1)

 Number of N-1 electron functions:               1
 Number of N-2 electron functions:               1
 Number of singly external CSFs:                 1
 Number of doubly external CSFs:                 4
 Total number of CSFs:                           6

 Length of J-op  integral file:               0.00 MB
 Length of K-op  integral file:               0.03 MB

 Integral transformation finished. Total CPU:   0.00 sec, npass=  1  Memory used:   0.07 MW

 Memory needed for MP2:                      0.00 MW

 SCS-MP2 correlation energy:           -0.020825238486   (PS=  1.200000  PT=  0.333333)
 SCS-MP2 total energy:                 -1.147611721455


  Reference energy                     -1.126786482969
  MP2 singlet pair energy              -0.017354365405
  MP2 triplet pair energy               0.000000000000
  MP2 correlation energy               -0.017354365405

 !MP2 total energy                     -1.144140848374

 KEXT needed  1 integral passes. Memory used:   0.03 MW  CPU time:      0.00 sec


 CPHF trial vector read from record  4101.2

 Starting Coupled-perturbed Hartree-Fock, convergence threshold= 1.0D-06

 ITER  FOCK  DIIS      VAR         VARC       CPU
   2     1     1    0.73D-07    0.00D+00     0.01

 CPHF convergence reached in  1 macroiterations and    0 microiterations.   Accuracy: 7.3089D-08

 CPHF solution written to record  4101.2

 Dipole moments (unrelaxed):            0.00000000     0.00000000     0.00000000
 Orbital relaxation contribution:      -0.00000000    -0.00000000    -0.00000000
 !MP2 dipole moments:                   0.00000000     0.00000000     0.00000000

 CPU-time for density and lagrangian:                  0.00 sec
 CPU-time for coupled-perturbed hartree-fock:          0.01 sec

 MP2 Gradient info saved on record         5200.1


 **********************************************************************************************************************************
 DATASETS  * FILE   NREC   LENGTH (MB)   RECORD NAMES
              1      21        2.54       500      610      700      900      950      970     1000      129      960     1100   
                                          VAR    BASINP    GEOM    SYMINP    ZMAT    AOBASIS   BASIS     P2S    ABASIS      S 
                                         1400     1410     1200     1210     1080     1600     1650     1300     1700     1380   
                                           T        V       H0       H01     AOSYM     SMH    MOLCAS    ERIS     OPER     JKOP   
                                         5200   
                                          MP2  

              2       9        0.27       700     1000     2100     4100     4101     9001     5300     5400     5450   
                                         GEOM     BASIS     RHF     CPHF     CPHF    DEN_MP2   HESS     FREQ     NMOD   

 PROGRAMS   *        TOTAL       MP2      OPTG       MP2        HF       INT
 CPU TIMES  *         9.23      0.18      2.76      0.19      0.04      0.08
 REAL TIME  *        11.49 SEC
 DISK USED  *         8.52 MB      
 **********************************************************************************************************************************
