
 Running default procedure: HF-SCF000
1PROGRAM * ALASKA (Gradient of the energy)     Author: R. Lindh

 Orbitals from record         2100.2

 Number of closed-shell orbitals:  1 (  1  0  0  0  0  0  0 )
 Number of occupied orbitals:      1 (  1  0  0  0  0  0  0 )

 Number of electrons=  2     Singlet     Space symmetry=1      Wavefunction type: CLOSED          


 SCF GRADIENT FOR STATE 1.1

 Atom          dE/dx               dE/dy               dE/dz

   1         0.000000000         0.000000000        -0.005617725
   2         0.000000000         0.000000000         0.005617725

 Nuclear force contribution to virial =         0.007855812
 Reading points  1 to  1 from record 700.2,  wavefunction type=HF-SCF000       

 Making model hessian for Z-matrix coordinates
 No hessian update for point  1

 Quadratic Steepest Descent - Minimum Search

 Optimization point 1

 Variable                      Last           Current        Next           Gradient       Hessian

 E(HF-SCF000) / Hartree      0.00000000    -1.13129385     0.00000000
 D / ANGSTROM                0.00000000     0.74000000     0.73245400     0.01061596     1.40683292
 Convergence:                0.00000000  (line search)     0.01425987     0.00561773  (total)

 Geometry written to block  2 of record 700


 Recomputing integrals since geometry changed

1PROGRAM * SEWARD (Integral evaluation for generally contracted gaussian basis sets)     Author: Roland Lindh, 1990

 Geometry written to block  2 of record 700

 Orientation using atomic masses  
 Molecule type: Linear
 Symmetry elements: X,Y,Z
 Rotational constants:    1869.1828674   1869.1828674      0.0000000 GHz  (calculated with average atomic masses)

 Point group  D2h 



 ATOMIC COORDINATES

 NR  ATOM    CHARGE       X              Y              Z

   1  H1      1.00    0.000000000    0.000000000   -0.692068731
   2  H2      1.00    0.000000000    0.000000000    0.692068731

 Bond lengths in Bohr (Angstrom)

 1-2  1.384137463
     ( 0.732453999)

 NUCLEAR CHARGE:                    2
 NUMBER OF PRIMITIVE AOS:          14
 NUMBER OF SYMMETRY AOS:           14
 NUMBER OF CONTRACTIONS:           10   (   3Ag  +   1B3u +   1B2u +   0B1g +   3B1u +   1B2g +   1B3g +   0Au  )
 NUMBER OF CORE ORBITALS:           0   (   0Ag  +   0B3u +   0B2u +   0B1g +   0B1u +   0B2g +   0B3g +   0Au  )
 NUMBER OF VALENCE ORBITALS:        2   (   1Ag  +   0B3u +   0B2u +   0B1g +   1B1u +   0B2g +   0B3g +   0Au  )


 NUCLEAR REPULSION ENERGY    0.72247159


 Eigenvalues of metric

         1 0.398E+00 0.135E+01 0.296E+01
         2 0.135E+01
         3 0.135E+01
         5 0.943E-01 0.101E+00 0.110E+01
         6 0.651E+00
         7 0.651E+00


 Contracted 2-electron integrals neglected if value below      1.0D-11
 AO integral compression algorithm  1   Integral accuracy      1.0D-11

     0.262 MB (compressed) written to integral file (100.0%)


 NUMBER OF SORTED TWO-ELECTRON INTEGRALS:        373.     BUFFER LENGTH:  32768
 NUMBER OF SEGMENTS:   1  SEGMENT LENGTH:        373      RECORD LENGTH: 524288

 Memory used in sort:       0.56 MW

 SORT1 READ         776. AND WROTE         373. INTEGRALS IN      1 RECORDS. CPU TIME:     0.00 SEC, REAL TIME:     0.01 SEC
 SORT2 READ         373. AND WROTE         373. INTEGRALS IN      1 RECORDS. CPU TIME:     0.01 SEC, REAL TIME:     0.02 SEC

 FILE SIZES:   FILE 1:     2.8 MBYTE,  FILE 4:     4.2 MBYTE,   TOTAL:      7.0 MBYTE

 OPERATOR DM      FOR CENTER  0  COORDINATES:    0.000000    0.000000    0.000000
1PROGRAM * RHF-SCF (CLOSED SHELL)       Authors: W. Meyer, H.-J. Werner


 NUMBER OF ELECTRONS:       1+    1-    SPACE SYMMETRY=1    SPIN SYMMETRY: Singlet 
 CONVERGENCE THRESHOLDS:    1.00E-06 (Density)    1.00E-08 (Energy)
 MAX. NUMBER OF ITERATIONS:       60
 INTERPOLATION TYPE:            DIIS
 INTERPOLATION STEPS:              2 (START)      1 (STEP)
 LEVEL SHIFTS:                  0.00 (CLOSED)  0.00 (OPEN) 

 Number of closed-shell orbitals:    1 (   1   0   0   0   0   0   0 )


 Molecular orbitals read from record     2100.2  Type=RHF/CANONICAL (state 1.1)

 Molecular orbital dump at record        2100.2

 ITERATION    DDIFF          GRAD             ENERGY        2-EL.EN.            DIPOLE MOMENTS         DIIS
    1      0.000D+00      0.000D+00        -1.13132400      1.315795    0.00000    0.00000    0.00000    0
    2      0.000D+00      0.119D-02        -1.13133337      1.318181    0.00000    0.00000    0.00000    1
    3      0.106D-02      0.177D-03        -1.13133358      1.318574    0.00000    0.00000    0.00000    2
    4      0.185D-03      0.523D-05        -1.13133358      1.318573    0.00000    0.00000    0.00000    3
    5      0.155D-05      0.283D-08        -1.13133358      1.318573    0.00000    0.00000    0.00000    3
    6      0.294D-08      0.745D-13        -1.13133358      1.318573    0.00000    0.00000    0.00000    0

 Final occupancy:   1   0   0   0   0   0   0

 !RHF STATE 1.1 Energy                 -1.131333577960
 Nuclear energy                         0.72247159
 One-electron energy                   -2.51309173
 Two-electron energy                    0.65928656
 Virial quotient                       -0.99590562
 !RHF STATE 1.1 Dipole moment           0.00000000     0.00000000     0.00000000
 Dipole moment /Debye                   0.00000000     0.00000000     0.00000000

 Orbital energies:

         1.1          2.1          3.1
     -0.597259     0.768014     2.721051

         1.2
      1.958995

         1.3
      1.958995

         1.5          2.5
      0.241479     1.317232

         1.6
      2.939943

         1.7
      2.939943


 **********************************************************************************************************************************
 DATASETS  * FILE   NREC   LENGTH (MB)   RECORD NAMES
              1      19        2.54       500      610      700      900      950      970     1000      129      960     1100   
                                          VAR    BASINP    GEOM    SYMINP    ZMAT    AOBASIS   BASIS     P2S    ABASIS      S 
                                         1400     1410     1200     1210     1080     1600     1650     1300     1700   
                                           T        V       H0       H01     AOSYM     SMH    MOLCAS    ERIS     OPER   

              2       3        0.26       700     1000     2100   
                                         GEOM     BASIS     RHF  

 PROGRAMS   *        TOTAL        HF        HF       INT
 CPU TIMES  *         0.73      0.06      0.04      0.04
 REAL TIME  *         1.18 SEC
 DISK USED  *         7.51 MB      
 **********************************************************************************************************************************

 PROGRESS OF GEOMETRY OPTIMIZATION.    TOTAL CPU:         0.2 SEC

 ITER.   ENERGY(OLD)    ENERGY(NEW)      DE          GRADMAX     GRADNORM    GRADRMS     STEPMAX     STEPLEN     STEPRMS
   1    -1.13129385    -1.13133358    -0.00003973  0.00561773  0.00561773  0.00561773  0.01425987  0.01425987  0.01425987

 **********************************************************************************************************************************

 Current geometry (xyz format, in Angstrom)

    2
 HF-SCF000/6-31G(D,P)  ENERGY=-1.13133358
 H          0.0000000000        0.0000000000       -0.3662269997
 H          0.0000000000        0.0000000000        0.3662269997

 **********************************************************************************************************************************
1PROGRAM * ALASKA (Gradient of the energy)     Author: R. Lindh

 Orbitals from record         2100.2

 Number of closed-shell orbitals:  1 (  1  0  0  0  0  0  0 )
 Number of occupied orbitals:      1 (  1  0  0  0  0  0  0 )

 Number of electrons=  2     Singlet     Space symmetry=1      Wavefunction type: CLOSED          


 SCF GRADIENT FOR STATE 1.1

 Atom          dE/dx               dE/dy               dE/dz

   1         0.000000000         0.000000000         0.000091376
   2         0.000000000         0.000000000        -0.000091376

 Nuclear force contribution to virial =        -0.000126477
 Reading points  1 to  2 from record 700.2,  wavefunction type=HF-SCF000       

 Making model hessian for Z-matrix coordinates
 BFGS update of hessian using  1 points

 Quadratic Steepest Descent - Minimum Search

 Optimization point 2

 Variable                      Last           Current        Next           Gradient       Hessian

 E(HF-SCF000) / Hartree     -1.13129385    -1.13133358     0.00000000
 D / ANGSTROM                0.74000000     0.73245400     0.73257478    -0.00017268     1.42971601
 Convergence:                0.00000000  (line search)     0.00022823     0.00009138  (total)

 Geometry written to block  3 of record 700


 Recomputing integrals since geometry changed

1PROGRAM * SEWARD (Integral evaluation for generally contracted gaussian basis sets)     Author: Roland Lindh, 1990

 Geometry written to block  3 of record 700

 Orientation using atomic masses  
 Molecule type: Linear
 Symmetry elements: X,Y,Z
 Rotational constants:    1868.5665907   1868.5665907      0.0000000 GHz  (calculated with average atomic masses)

 Point group  D2h 



 ATOMIC COORDINATES

 NR  ATOM    CHARGE       X              Y              Z

   1  H1      1.00    0.000000000    0.000000000   -0.692182849
   2  H2      1.00    0.000000000    0.000000000    0.692182849

 Bond lengths in Bohr (Angstrom)

 1-2  1.384365697
     ( 0.732574776)

 NUCLEAR CHARGE:                    2
 NUMBER OF PRIMITIVE AOS:          14
 NUMBER OF SYMMETRY AOS:           14
 NUMBER OF CONTRACTIONS:           10   (   3Ag  +   1B3u +   1B2u +   0B1g +   3B1u +   1B2g +   1B3g +   0Au  )
 NUMBER OF CORE ORBITALS:           0   (   0Ag  +   0B3u +   0B2u +   0B1g +   0B1u +   0B2g +   0B3g +   0Au  )
 NUMBER OF VALENCE ORBITALS:        2   (   1Ag  +   0B3u +   0B2u +   0B1g +   1B1u +   0B2g +   0B3g +   0Au  )


 NUCLEAR REPULSION ENERGY    0.72235248


 Eigenvalues of metric

         1 0.398E+00 0.135E+01 0.296E+01
         2 0.135E+01
         3 0.135E+01
         5 0.944E-01 0.101E+00 0.110E+01
         6 0.651E+00
         7 0.651E+00


 Contracted 2-electron integrals neglected if value below      1.0D-11
 AO integral compression algorithm  1   Integral accuracy      1.0D-11

     0.262 MB (compressed) written to integral file (100.0%)


 NUMBER OF SORTED TWO-ELECTRON INTEGRALS:        373.     BUFFER LENGTH:  32768
 NUMBER OF SEGMENTS:   1  SEGMENT LENGTH:        373      RECORD LENGTH: 524288

 Memory used in sort:       0.56 MW

 SORT1 READ         776. AND WROTE         373. INTEGRALS IN      1 RECORDS. CPU TIME:     0.00 SEC, REAL TIME:     0.01 SEC
 SORT2 READ         373. AND WROTE         373. INTEGRALS IN      1 RECORDS. CPU TIME:     0.01 SEC, REAL TIME:     0.01 SEC

 FILE SIZES:   FILE 1:     2.8 MBYTE,  FILE 4:     4.2 MBYTE,   TOTAL:      7.0 MBYTE

 OPERATOR DM      FOR CENTER  0  COORDINATES:    0.000000    0.000000    0.000000
1PROGRAM * RHF-SCF (CLOSED SHELL)       Authors: W. Meyer, H.-J. Werner


 NUMBER OF ELECTRONS:       1+    1-    SPACE SYMMETRY=1    SPIN SYMMETRY: Singlet 
 CONVERGENCE THRESHOLDS:    1.00E-07 (Density)    1.00E-08 (Energy)
 MAX. NUMBER OF ITERATIONS:       60
 INTERPOLATION TYPE:            DIIS
 INTERPOLATION STEPS:              2 (START)      1 (STEP)
 LEVEL SHIFTS:                  0.00 (CLOSED)  0.00 (OPEN) 

 Number of closed-shell orbitals:    1 (   1   0   0   0   0   0   0 )


 Molecular orbitals read from record     2100.2  Type=RHF/CANONICAL (state 1.1)

 Molecular orbital dump at record        2100.2

 ITERATION    DDIFF          GRAD             ENERGY        2-EL.EN.            DIPOLE MOMENTS         DIIS
    1      0.000D+00      0.000D+00        -1.13133359      1.318530    0.00000    0.00000    0.00000    0
    2      0.000D+00      0.191D-04        -1.13133359      1.318492    0.00000    0.00000    0.00000    1
    3      0.170D-04      0.285D-05        -1.13133359      1.318485    0.00000    0.00000    0.00000    2
    4      0.297D-05      0.841D-07        -1.13133359      1.318485    0.00000    0.00000    0.00000    3
    5      0.248D-07      0.104D-11        -1.13133359      1.318485    0.00000    0.00000    0.00000    0

 Final occupancy:   1   0   0   0   0   0   0

 !RHF STATE 1.1 Energy                 -1.131333588139
 Nuclear energy                         0.72235248
 One-electron energy                   -2.51292870
 Two-electron energy                    0.65924263
 Virial quotient                       -0.99601311
 !RHF STATE 1.1 Dipole moment           0.00000000     0.00000000     0.00000000
 Dipole moment /Debye                   0.00000000     0.00000000     0.00000000

 Orbital energies:

         1.1          2.1          3.1
     -0.597222     0.768065     2.720814

         1.2
      1.958997

         1.3
      1.958997

         1.5          2.5
      0.241448     1.317124

         1.6
      2.939802

         1.7
      2.939802


 **********************************************************************************************************************************
 DATASETS  * FILE   NREC   LENGTH (MB)   RECORD NAMES
              1      19        2.54       500      610      700      900      950      970     1000      129      960     1100   
                                          VAR    BASINP    GEOM    SYMINP    ZMAT    AOBASIS   BASIS     P2S    ABASIS      S 
                                         1400     1410     1200     1210     1080     1600     1650     1300     1700   
                                           T        V       H0       H01     AOSYM     SMH    MOLCAS    ERIS     OPER   

              2       3        0.26       700     1000     2100   
                                         GEOM     BASIS     RHF  

 PROGRAMS   *        TOTAL        HF        HF       INT
 CPU TIMES  *         0.91      0.05      0.04      0.04
 REAL TIME  *         1.48 SEC
 DISK USED  *         7.51 MB      
 **********************************************************************************************************************************

 PROGRESS OF GEOMETRY OPTIMIZATION.    TOTAL CPU:         0.4 SEC

 ITER.   ENERGY(OLD)    ENERGY(NEW)      DE          GRADMAX     GRADNORM    GRADRMS     STEPMAX     STEPLEN     STEPRMS
   1    -1.13129385    -1.13133358    -0.00003973  0.00561773  0.00561773  0.00561773  0.01425987  0.01425987  0.01425987
   2    -1.13133358    -1.13133359    -0.00000001  0.00009138  0.00009138  0.00009138  0.00022823  0.00022823  0.00022823

 **********************************************************************************************************************************

 Current geometry (xyz format, in Angstrom)

    2
 HF-SCF000/6-31G(D,P)  ENERGY=-1.13133359
 H          0.0000000000        0.0000000000       -0.3662873879
 H          0.0000000000        0.0000000000        0.3662873879

 **********************************************************************************************************************************
 Cartesian Coordinates are in [bohr]
 Creating new Variables:
 H1X1              0.00000000
 H1Y1              0.00000000
 H1Z1             -0.69218285
 H2X2              0.00000000
 H2Y2              0.00000000
 H2Z2              0.69218285
